[4.302s] Invoking command in '/home/gavin/AWC_control/src/awc_bringup': CONDA_PROMPT_MODIFIER=(base) PYTHONPATH=/home/gavin/AWC_control/src/build/awc_bringup/prefix_override:/usr/lib/python3/dist-packages/colcon_core/task/python/colcon_distutils_commands:/home/gavin/AWC_control/src/install/awc_bringup/lib/python3.10/site-packages:${PYTHONPATH} /usr/bin/python3 -W ignore:setup.py install is deprecated -W ignore:easy_install command is deprecated setup.py egg_info --egg-base ../build/awc_bringup build --build-base /home/gavin/AWC_control/src/build/awc_bringup/build install --record /home/gavin/AWC_control/src/build/awc_bringup/install.log --single-version-externally-managed install_data
[5.036s] running egg_info
[5.036s] creating ../build/awc_bringup/awc_bringup.egg-info
[5.037s] writing ../build/awc_bringup/awc_bringup.egg-info/PKG-INFO
[5.047s] writing dependency_links to ../build/awc_bringup/awc_bringup.egg-info/dependency_links.txt
[5.047s] writing entry points to ../build/awc_bringup/awc_bringup.egg-info/entry_points.txt
[5.047s] writing requirements to ../build/awc_bringup/awc_bringup.egg-info/requires.txt
[5.047s] writing top-level names to ../build/awc_bringup/awc_bringup.egg-info/top_level.txt
[5.048s] writing manifest file '../build/awc_bringup/awc_bringup.egg-info/SOURCES.txt'
[5.048s] reading manifest file '../build/awc_bringup/awc_bringup.egg-info/SOURCES.txt'
[5.048s] writing manifest file '../build/awc_bringup/awc_bringup.egg-info/SOURCES.txt'
[5.048s] running build
[5.049s] running build_py
[5.049s] creating /home/gavin/AWC_control/src/build/awc_bringup/build
[5.049s] creating /home/gavin/AWC_control/src/build/awc_bringup/build/lib
[5.049s] creating /home/gavin/AWC_control/src/build/awc_bringup/build/lib/awc_bringup
[5.050s] copying awc_bringup/__init__.py -> /home/gavin/AWC_control/src/build/awc_bringup/build/lib/awc_bringup
[5.050s] running install
[5.050s] running install_lib
[5.054s] creating /home/gavin/AWC_control/src/install/awc_bringup/lib/python3.10/site-packages/awc_bringup
[5.054s] copying /home/gavin/AWC_control/src/build/awc_bringup/build/lib/awc_bringup/__init__.py -> /home/gavin/AWC_control/src/install/awc_bringup/lib/python3.10/site-packages/awc_bringup
[5.055s] byte-compiling /home/gavin/AWC_control/src/install/awc_bringup/lib/python3.10/site-packages/awc_bringup/__init__.py to __init__.cpython-310.pyc
[5.055s] running install_data
[5.055s] creating /home/gavin/AWC_control/src/install/awc_bringup/share/ament_index
[5.055s] creating /home/gavin/AWC_control/src/install/awc_bringup/share/ament_index/resource_index
[5.055s] creating /home/gavin/AWC_control/src/install/awc_bringup/share/ament_index/resource_index/packages
[5.055s] copying resource/awc_bringup -> /home/gavin/AWC_control/src/install/awc_bringup/share/ament_index/resource_index/packages
[5.056s] copying package.xml -> /home/gavin/AWC_control/src/install/awc_bringup/share/awc_bringup
[5.056s] creating /home/gavin/AWC_control/src/install/awc_bringup/share/awc_bringup/launch
[5.056s] copying launch/lidar_launcher.py -> /home/gavin/AWC_control/src/install/awc_bringup/share/awc_bringup/launch
[5.056s] running install_egg_info
[5.060s] Copying ../build/awc_bringup/awc_bringup.egg-info to /home/gavin/AWC_control/src/install/awc_bringup/lib/python3.10/site-packages/awc_bringup-0.0.0-py3.10.egg-info
[5.061s] running install_scripts
[5.118s] writing list of installed files to '/home/gavin/AWC_control/src/build/awc_bringup/install.log'
[5.250s] Invoked command in '/home/gavin/AWC_control/src/awc_bringup' returned '0': CONDA_PROMPT_MODIFIER=(base) PYTHONPATH=/home/gavin/AWC_control/src/build/awc_bringup/prefix_override:/usr/lib/python3/dist-packages/colcon_core/task/python/colcon_distutils_commands:/home/gavin/AWC_control/src/install/awc_bringup/lib/python3.10/site-packages:${PYTHONPATH} /usr/bin/python3 -W ignore:setup.py install is deprecated -W ignore:easy_install command is deprecated setup.py egg_info --egg-base ../build/awc_bringup build --build-base /home/gavin/AWC_control/src/build/awc_bringup/build install --record /home/gavin/AWC_control/src/build/awc_bringup/install.log --single-version-externally-managed install_data
