[1.346s] Invoking command in '/home/gavin/AWC_control/src/build/unitree_lidar_sdk': CONDA_PROMPT_MODIFIER=(base) /usr/bin/cmake /home/gavin/AWC_control/src/unitree_lidar_sdk -DCMAKE_INSTALL_PREFIX=/home/gavin/AWC_control/src/install/unitree_lidar_sdk
[1.572s] -- The C compiler identification is GNU 11.4.0
[1.791s] -- The CXX compiler identification is GNU 11.4.0
[1.838s] -- Detecting C compiler ABI info
[2.172s] -- Detecting C compiler ABI info - done
[2.208s] -- Check for working C compiler: /usr/bin/cc - skipped
[2.208s] -- Detecting C compile features
[2.208s] -- Detecting C compile features - done
[2.221s] -- Detecting CXX compiler ABI info
[2.651s] -- Detecting CXX compiler ABI info - done
[2.697s] -- Check for working CXX compiler: /usr/bin/c++ - skipped
[2.697s] -- Detecting CXX compile features
[2.699s] -- Detecting CXX compile features - done
[2.704s] -- Configuring done
[2.722s] -- Generating done
[2.728s] -- Build files have been written to: /home/gavin/AWC_control/src/build/unitree_lidar_sdk
[2.760s] Invoked command in '/home/gavin/AWC_control/src/build/unitree_lidar_sdk' returned '0': CONDA_PROMPT_MODIFIER=(base) /usr/bin/cmake /home/gavin/AWC_control/src/unitree_lidar_sdk -DCMAKE_INSTALL_PREFIX=/home/gavin/AWC_control/src/install/unitree_lidar_sdk
[2.761s] Invoking command in '/home/gavin/AWC_control/src/build/unitree_lidar_sdk': CONDA_PROMPT_MODIFIER=(base) /usr/bin/cmake --build /home/gavin/AWC_control/src/build/unitree_lidar_sdk -- -j8 -l8
[3.033s] [ 25%] [32mBuilding CXX object CMakeFiles/example_lidar_udp.dir/examples/example_lidar_udp.cpp.o[0m
[3.059s] [ 50%] [32mBuilding CXX object CMakeFiles/example_lidar_serial.dir/examples/example_lidar_serial.cpp.o[0m
[6.407s] [ 75%] [32m[1mLinking CXX executable /home/gavin/AWC_control/src/unitree_lidar_sdk/bin/example_lidar_serial[0m
[6.445s] [100%] [32m[1mLinking CXX executable /home/gavin/AWC_control/src/unitree_lidar_sdk/bin/example_lidar_udp[0m
[6.782s] [100%] Built target example_lidar_serial
[6.828s] [100%] Built target example_lidar_udp
[6.877s] Invoked command in '/home/gavin/AWC_control/src/build/unitree_lidar_sdk' returned '0': CONDA_PROMPT_MODIFIER=(base) /usr/bin/cmake --build /home/gavin/AWC_control/src/build/unitree_lidar_sdk -- -j8 -l8
[6.940s] Invoking command in '/home/gavin/AWC_control/src/build/unitree_lidar_sdk': CONDA_PROMPT_MODIFIER=(base) /usr/bin/cmake --install /home/gavin/AWC_control/src/build/unitree_lidar_sdk
[6.963s] -- Install configuration: "Release"
[6.963s] -- Installing: /home/gavin/AWC_control/src/install/unitree_lidar_sdk/lib/x86_64/libunitree_lidar_sdk.a
[6.964s] -- Installing: /home/gavin/AWC_control/src/install/unitree_lidar_sdk/include
[6.965s] -- Installing: /home/gavin/AWC_control/src/install/unitree_lidar_sdk/include/unitree_lidar_sdk.h
[6.968s] -- Installing: /home/gavin/AWC_control/src/install/unitree_lidar_sdk/include/unitree_lidar_sdk_pcl.h
[6.971s] -- Installing: /home/gavin/AWC_control/src/install/unitree_lidar_sdk/include/udp_handler.h
[6.971s] -- Installing: /home/gavin/AWC_control/src/install/unitree_lidar_sdk/include/unitree_lidar_utilities.h
[6.977s] -- Installing: /home/gavin/AWC_control/src/install/unitree_lidar_sdk/include/unitree_lidar_protocol.h
[6.977s] -- Installing: /home/gavin/AWC_control/src/install/unitree_lidar_sdk/include/unitree_lidar_sdk_config.h
[6.977s] -- Installing: /home/gavin/AWC_control/src/install/unitree_lidar_sdk/include/example.h
[6.978s] -- Installing: /home/gavin/AWC_control/src/install/unitree_lidar_sdk/bin/example_lidar_udp
[6.981s] -- Set runtime path of "/home/gavin/AWC_control/src/install/unitree_lidar_sdk/bin/example_lidar_udp" to ""
[6.983s] -- Installing: /home/gavin/AWC_control/src/install/unitree_lidar_sdk/bin/example_lidar_serial
[6.986s] -- Set runtime path of "/home/gavin/AWC_control/src/install/unitree_lidar_sdk/bin/example_lidar_serial" to ""
[6.993s] Invoked command in '/home/gavin/AWC_control/src/build/unitree_lidar_sdk' returned '0': CONDA_PROMPT_MODIFIER=(base) /usr/bin/cmake --install /home/gavin/AWC_control/src/build/unitree_lidar_sdk
