[0.766s] Invoking command in '/home/gavin/ros2_ws/awc_bringup': PYTHONPATH=/home/gavin/ros2_ws/build/awc_bringup/prefix_override:/usr/lib/python3/dist-packages/colcon_core/task/python/colcon_distutils_commands:/home/gavin/ros2_ws/install/awc_bringup/lib/python3.10/site-packages:${PYTHONPATH} /usr/bin/python3 -W ignore:setup.py install is deprecated -W ignore:easy_install command is deprecated setup.py egg_info --egg-base ../build/awc_bringup build --build-base /home/gavin/ros2_ws/build/awc_bringup/build install --record /home/gavin/ros2_ws/build/awc_bringup/install.log --single-version-externally-managed install_data
[0.941s] running egg_info
[0.942s] creating ../build/awc_bringup/awc_bringup.egg-info
[0.959s] writing ../build/awc_bringup/awc_bringup.egg-info/PKG-INFO
[0.959s] writing dependency_links to ../build/awc_bringup/awc_bringup.egg-info/dependency_links.txt
[0.959s] writing requirements to ../build/awc_bringup/awc_bringup.egg-info/requires.txt
[0.959s] writing top-level names to ../build/awc_bringup/awc_bringup.egg-info/top_level.txt
[0.960s] writing manifest file '../build/awc_bringup/awc_bringup.egg-info/SOURCES.txt'
[0.987s] reading manifest file '../build/awc_bringup/awc_bringup.egg-info/SOURCES.txt'
[0.988s] writing manifest file '../build/awc_bringup/awc_bringup.egg-info/SOURCES.txt'
[0.989s] running build
[0.989s] running build_py
[0.989s] creating /home/gavin/ros2_ws/build/awc_bringup/build
[0.989s] creating /home/gavin/ros2_ws/build/awc_bringup/build/lib
[0.989s] creating /home/gavin/ros2_ws/build/awc_bringup/build/lib/awc_bringup
[0.989s] copying awc_bringup/__init__.py -> /home/gavin/ros2_ws/build/awc_bringup/build/lib/awc_bringup
[0.989s] copying awc_bringup/awc_gazebo.launch.py -> /home/gavin/ros2_ws/build/awc_bringup/build/lib/awc_bringup
[0.989s] running install
[0.995s] running install_lib
[1.005s] creating /home/gavin/ros2_ws/install/awc_bringup/lib/python3.10/site-packages/awc_bringup
[1.005s] copying /home/gavin/ros2_ws/build/awc_bringup/build/lib/awc_bringup/__init__.py -> /home/gavin/ros2_ws/install/awc_bringup/lib/python3.10/site-packages/awc_bringup
[1.006s] copying /home/gavin/ros2_ws/build/awc_bringup/build/lib/awc_bringup/awc_gazebo.launch.py -> /home/gavin/ros2_ws/install/awc_bringup/lib/python3.10/site-packages/awc_bringup
[1.006s] byte-compiling /home/gavin/ros2_ws/install/awc_bringup/lib/python3.10/site-packages/awc_bringup/__init__.py to __init__.cpython-310.pyc
[1.006s] byte-compiling /home/gavin/ros2_ws/install/awc_bringup/lib/python3.10/site-packages/awc_bringup/awc_gazebo.launch.py to awc_gazebo.launch.cpython-310.pyc
[1.006s] running install_data
[1.006s] creating /home/gavin/ros2_ws/install/awc_bringup/share/ament_index
[1.007s] creating /home/gavin/ros2_ws/install/awc_bringup/share/ament_index/resource_index
[1.007s] creating /home/gavin/ros2_ws/install/awc_bringup/share/ament_index/resource_index/packages
[1.007s] copying resource/awc_bringup -> /home/gavin/ros2_ws/install/awc_bringup/share/ament_index/resource_index/packages
[1.007s] copying package.xml -> /home/gavin/ros2_ws/install/awc_bringup/share/awc_bringup
[1.007s] running install_egg_info
[1.021s] Copying ../build/awc_bringup/awc_bringup.egg-info to /home/gavin/ros2_ws/install/awc_bringup/lib/python3.10/site-packages/awc_bringup-0.0.0-py3.10.egg-info
[1.021s] running install_scripts
[1.132s] writing list of installed files to '/home/gavin/ros2_ws/build/awc_bringup/install.log'
[1.156s] Invoked command in '/home/gavin/ros2_ws/awc_bringup' returned '0': PYTHONPATH=/home/gavin/ros2_ws/build/awc_bringup/prefix_override:/usr/lib/python3/dist-packages/colcon_core/task/python/colcon_distutils_commands:/home/gavin/ros2_ws/install/awc_bringup/lib/python3.10/site-packages:${PYTHONPATH} /usr/bin/python3 -W ignore:setup.py install is deprecated -W ignore:easy_install command is deprecated setup.py egg_info --egg-base ../build/awc_bringup build --build-base /home/gavin/ros2_ws/build/awc_bringup/build install --record /home/gavin/ros2_ws/build/awc_bringup/install.log --single-version-externally-managed install_data
