[0.012s] Invoking command in '/home/gavin/ros2_ws/build/awc_msgs': CMAKE_PREFIX_PATH=/opt/ros/humble /usr/bin/cmake /home/gavin/ros2_ws/src/awc_msgs -DCMAKE_INSTALL_PREFIX=/home/gavin/ros2_ws/install/awc_msgs
[0.024s] -- Found ament_cmake: 1.3.11 (/opt/ros/humble/share/ament_cmake/cmake)
[0.125s] -- Found geometry_msgs: 4.2.4 (/opt/ros/humble/share/geometry_msgs/cmake)
[0.153s] -- Found rosidl_generator_c: 3.1.6 (/opt/ros/humble/share/rosidl_generator_c/cmake)
[0.156s] -- Found rosidl_adapter: 3.1.6 (/opt/ros/humble/share/rosidl_adapter/cmake)
[0.162s] -- Found rosidl_generator_cpp: 3.1.6 (/opt/ros/humble/share/rosidl_generator_cpp/cmake)
[0.173s] -- Using all available rosidl_typesupport_c: rosidl_typesupport_fastrtps_c;rosidl_typesupport_introspection_c
[0.183s] -- Using all available rosidl_typesupport_cpp: rosidl_typesupport_fastrtps_cpp;rosidl_typesupport_introspection_cpp
[0.210s] -- Found rosidl_default_generators: 1.2.0 (/opt/ros/humble/share/rosidl_default_generators/cmake)
[0.381s] [31mCMake Error at /opt/ros/humble/share/rosidl_cmake/cmake/rosidl_generate_interfaces.cmake:229 (message):
[0.381s]   Packages installing interfaces must include
[0.381s]   '<member_of_group>rosidl_interface_packages</member_of_group>' in their
[0.381s]   package.xml
[0.381s] Call Stack (most recent call first):
[0.381s]   CMakeLists.txt:15 (rosidl_generate_interfaces)
[0.381s] 
[0.381s] [0m
[0.381s] -- Configuring incomplete, errors occurred!
[0.381s] See also "/home/gavin/ros2_ws/build/awc_msgs/CMakeFiles/CMakeOutput.log".
[0.386s] Invoked command in '/home/gavin/ros2_ws/build/awc_msgs' returned '1': CMAKE_PREFIX_PATH=/opt/ros/humble /usr/bin/cmake /home/gavin/ros2_ws/src/awc_msgs -DCMAKE_INSTALL_PREFIX=/home/gavin/ros2_ws/install/awc_msgs
