[4.701s] Invoking command in '/home/gavin/AWC_control/src/joystick_ros2': CONDA_PROMPT_MODIFIER=(base) PYTHONPATH=/home/gavin/AWC_control/src/build/joystick_ros2/prefix_override:/usr/lib/python3/dist-packages/colcon_core/task/python/colcon_distutils_commands:/home/gavin/AWC_control/src/install/joystick_ros2/lib/python3.10/site-packages:${PYTHONPATH} /usr/bin/python3 -W ignore:setup.py install is deprecated -W ignore:easy_install command is deprecated setup.py egg_info --egg-base ../build/joystick_ros2 build --build-base /home/gavin/AWC_control/src/build/joystick_ros2/build install --record /home/gavin/AWC_control/src/build/joystick_ros2/install.log --single-version-externally-managed install_data
[5.503s] running egg_info
[5.506s] writing ../build/joystick_ros2/joystick_ros2.egg-info/PKG-INFO
[5.507s] writing dependency_links to ../build/joystick_ros2/joystick_ros2.egg-info/dependency_links.txt
[5.510s] writing entry points to ../build/joystick_ros2/joystick_ros2.egg-info/entry_points.txt
[5.511s] writing requirements to ../build/joystick_ros2/joystick_ros2.egg-info/requires.txt
[5.511s] writing top-level names to ../build/joystick_ros2/joystick_ros2.egg-info/top_level.txt
[5.514s] reading manifest file '../build/joystick_ros2/joystick_ros2.egg-info/SOURCES.txt'
[5.515s] adding license file 'LICENSE'
[5.518s] writing manifest file '../build/joystick_ros2/joystick_ros2.egg-info/SOURCES.txt'
[5.518s] running build
[5.519s] running build_py
[5.522s] running install
[5.523s] running install_lib
[5.526s] running install_data
[5.527s] running install_egg_info
[5.531s] removing '/home/gavin/AWC_control/src/install/joystick_ros2/lib/python3.10/site-packages/joystick_ros2-0.0.1-py3.10.egg-info' (and everything under it)
[5.534s] Copying ../build/joystick_ros2/joystick_ros2.egg-info to /home/gavin/AWC_control/src/install/joystick_ros2/lib/python3.10/site-packages/joystick_ros2-0.0.1-py3.10.egg-info
[5.536s] running install_scripts
[5.602s] Installing joystick_ros2 script to /home/gavin/AWC_control/src/install/joystick_ros2/lib/joystick_ros2
[5.603s] writing list of installed files to '/home/gavin/AWC_control/src/build/joystick_ros2/install.log'
[5.765s] Invoked command in '/home/gavin/AWC_control/src/joystick_ros2' returned '0': CONDA_PROMPT_MODIFIER=(base) PYTHONPATH=/home/gavin/AWC_control/src/build/joystick_ros2/prefix_override:/usr/lib/python3/dist-packages/colcon_core/task/python/colcon_distutils_commands:/home/gavin/AWC_control/src/install/joystick_ros2/lib/python3.10/site-packages:${PYTHONPATH} /usr/bin/python3 -W ignore:setup.py install is deprecated -W ignore:easy_install command is deprecated setup.py egg_info --egg-base ../build/joystick_ros2 build --build-base /home/gavin/AWC_control/src/build/joystick_ros2/build install --record /home/gavin/AWC_control/src/build/joystick_ros2/install.log --single-version-externally-managed install_data
