[0.703s] Invoking command in '/home/gavin/ros2_ws/src/tf_publisher': PYTHONPATH=/home/gavin/ros2_ws/build/tf_publisher/prefix_override:/usr/lib/python3/dist-packages/colcon_core/task/python/colcon_distutils_commands:/home/gavin/ros2_ws/install/tf_publisher/lib/python3.10/site-packages:${PYTHONPATH} /usr/bin/python3 -W ignore:setup.py install is deprecated -W ignore:easy_install command is deprecated setup.py egg_info --egg-base ../../build/tf_publisher build --build-base /home/gavin/ros2_ws/build/tf_publisher/build install --record /home/gavin/ros2_ws/build/tf_publisher/install.log --single-version-externally-managed install_data
[0.913s] running egg_info
[0.924s] writing ../../build/tf_publisher/tf_publisher.egg-info/PKG-INFO
[0.924s] writing dependency_links to ../../build/tf_publisher/tf_publisher.egg-info/dependency_links.txt
[0.924s] writing entry points to ../../build/tf_publisher/tf_publisher.egg-info/entry_points.txt
[0.925s] writing requirements to ../../build/tf_publisher/tf_publisher.egg-info/requires.txt
[0.925s] writing top-level names to ../../build/tf_publisher/tf_publisher.egg-info/top_level.txt
[0.945s] reading manifest file '../../build/tf_publisher/tf_publisher.egg-info/SOURCES.txt'
[0.946s] writing manifest file '../../build/tf_publisher/tf_publisher.egg-info/SOURCES.txt'
[0.946s] running build
[0.946s] running build_py
[0.946s] copying tf_publisher/tf2_broadcaster.py -> /home/gavin/ros2_ws/build/tf_publisher/build/lib/tf_publisher
[0.946s] running install
[0.951s] running install_lib
[0.961s] copying /home/gavin/ros2_ws/build/tf_publisher/build/lib/tf_publisher/tf2_broadcaster.py -> /home/gavin/ros2_ws/install/tf_publisher/lib/python3.10/site-packages/tf_publisher
[0.961s] byte-compiling /home/gavin/ros2_ws/install/tf_publisher/lib/python3.10/site-packages/tf_publisher/tf2_broadcaster.py to tf2_broadcaster.cpython-310.pyc
[0.962s] running install_data
[0.962s] running install_egg_info
[0.972s] removing '/home/gavin/ros2_ws/install/tf_publisher/lib/python3.10/site-packages/tf_publisher-0.0.0-py3.10.egg-info' (and everything under it)
[0.973s] Copying ../../build/tf_publisher/tf_publisher.egg-info to /home/gavin/ros2_ws/install/tf_publisher/lib/python3.10/site-packages/tf_publisher-0.0.0-py3.10.egg-info
[0.973s] running install_scripts
[1.080s] Installing tf2_broadcaster.py script to /home/gavin/ros2_ws/install/tf_publisher/lib/tf_publisher
[1.080s] Installing tf_broadcaster.py script to /home/gavin/ros2_ws/install/tf_publisher/lib/tf_publisher
[1.081s] writing list of installed files to '/home/gavin/ros2_ws/build/tf_publisher/install.log'
[1.103s] Invoked command in '/home/gavin/ros2_ws/src/tf_publisher' returned '0': PYTHONPATH=/home/gavin/ros2_ws/build/tf_publisher/prefix_override:/usr/lib/python3/dist-packages/colcon_core/task/python/colcon_distutils_commands:/home/gavin/ros2_ws/install/tf_publisher/lib/python3.10/site-packages:${PYTHONPATH} /usr/bin/python3 -W ignore:setup.py install is deprecated -W ignore:easy_install command is deprecated setup.py egg_info --egg-base ../../build/tf_publisher build --build-base /home/gavin/ros2_ws/build/tf_publisher/build install --record /home/gavin/ros2_ws/build/tf_publisher/install.log --single-version-externally-managed install_data
