[0.074s] DEBUG:colcon:Command line arguments: ['/usr/bin/colcon', 'build']
[0.074s] DEBUG:colcon:Parsed command line arguments: Namespace(log_base=None, log_level=None, verb_name='build', build_base='build', install_base='install', merge_install=False, symlink_install=False, test_result_base=None, continue_on_error=False, executor='parallel', parallel_workers=4, event_handlers=None, ignore_user_meta=False, metas=['./colcon.meta'], base_paths=['.'], packages_ignore=None, packages_ignore_regex=None, paths=None, packages_up_to=None, packages_up_to_regex=None, packages_above=None, packages_above_and_dependencies=None, packages_above_depth=None, packages_select_by_dep=None, packages_skip_by_dep=None, packages_skip_up_to=None, packages_select_build_failed=False, packages_skip_build_finished=False, packages_select_test_failures=False, packages_skip_test_passed=False, packages_select=None, packages_skip=None, packages_select_regex=None, packages_skip_regex=None, packages_start=None, packages_end=None, allow_overriding=[], cmake_args=None, cmake_target=None, cmake_target_skip_unavailable=False, cmake_clean_cache=False, cmake_clean_first=False, cmake_force_configure=False, ament_cmake_args=None, catkin_cmake_args=None, catkin_skip_building_tests=False, mixin_files=None, mixin=None, verb_parser=<colcon_mixin.mixin.mixin_argument.MixinArgumentDecorator object at 0x7787a816e4a0>, verb_extension=<colcon_core.verb.build.BuildVerb object at 0x7787a8273400>, main=<bound method BuildVerb.main of <colcon_core.verb.build.BuildVerb object at 0x7787a8273400>>, mixin_verb=('build',))
[0.100s] Level 1:colcon.colcon_core.package_discovery:discover_packages(colcon_meta) check parameters
[0.100s] Level 1:colcon.colcon_core.package_discovery:discover_packages(recursive) check parameters
[0.100s] Level 1:colcon.colcon_core.package_discovery:discover_packages(ignore) check parameters
[0.100s] Level 1:colcon.colcon_core.package_discovery:discover_packages(path) check parameters
[0.100s] Level 1:colcon.colcon_core.package_discovery:discover_packages(colcon_meta) discover
[0.100s] Level 1:colcon.colcon_core.package_discovery:discover_packages(recursive) discover
[0.100s] INFO:colcon.colcon_core.package_discovery:Crawling recursively for packages in '/home/gavin/ros2_ws'
[0.100s] Level 1:colcon.colcon_core.package_identification:_identify(.) by extensions ['ignore', 'ignore_ament_install']
[0.100s] Level 1:colcon.colcon_core.package_identification:_identify(.) by extension 'ignore'
[0.100s] Level 1:colcon.colcon_core.package_identification:_identify(.) by extension 'ignore_ament_install'
[0.100s] Level 1:colcon.colcon_core.package_identification:_identify(.) by extensions ['colcon_pkg']
[0.100s] Level 1:colcon.colcon_core.package_identification:_identify(.) by extension 'colcon_pkg'
[0.100s] Level 1:colcon.colcon_core.package_identification:_identify(.) by extensions ['colcon_meta']
[0.100s] Level 1:colcon.colcon_core.package_identification:_identify(.) by extension 'colcon_meta'
[0.100s] Level 1:colcon.colcon_core.package_identification:_identify(.) by extensions ['ros']
[0.100s] Level 1:colcon.colcon_core.package_identification:_identify(.) by extension 'ros'
[0.111s] Level 1:colcon.colcon_core.package_identification:_identify(.) by extensions ['cmake', 'python']
[0.111s] Level 1:colcon.colcon_core.package_identification:_identify(.) by extension 'cmake'
[0.111s] Level 1:colcon.colcon_core.package_identification:_identify(.) by extension 'python'
[0.112s] Level 1:colcon.colcon_core.package_identification:_identify(.) by extensions ['python_setup_py']
[0.112s] Level 1:colcon.colcon_core.package_identification:_identify(.) by extension 'python_setup_py'
[0.112s] Level 1:colcon.colcon_core.package_identification:_identify(awc_bringup) by extensions ['ignore', 'ignore_ament_install']
[0.112s] Level 1:colcon.colcon_core.package_identification:_identify(awc_bringup) by extension 'ignore'
[0.112s] Level 1:colcon.colcon_core.package_identification:_identify(awc_bringup) by extension 'ignore_ament_install'
[0.112s] Level 1:colcon.colcon_core.package_identification:_identify(awc_bringup) by extensions ['colcon_pkg']
[0.112s] Level 1:colcon.colcon_core.package_identification:_identify(awc_bringup) by extension 'colcon_pkg'
[0.112s] Level 1:colcon.colcon_core.package_identification:_identify(awc_bringup) by extensions ['colcon_meta']
[0.112s] Level 1:colcon.colcon_core.package_identification:_identify(awc_bringup) by extension 'colcon_meta'
[0.112s] Level 1:colcon.colcon_core.package_identification:_identify(awc_bringup) by extensions ['ros']
[0.112s] Level 1:colcon.colcon_core.package_identification:_identify(awc_bringup) by extension 'ros'
[0.114s] DEBUG:colcon.colcon_core.package_identification:Package 'awc_bringup' with type 'ros.ament_python' and name 'awc_bringup'
[0.114s] Level 1:colcon.colcon_core.package_identification:_identify(build) by extensions ['ignore', 'ignore_ament_install']
[0.114s] Level 1:colcon.colcon_core.package_identification:_identify(build) by extension 'ignore'
[0.114s] Level 1:colcon.colcon_core.package_identification:_identify(build) ignored
[0.114s] Level 1:colcon.colcon_core.package_identification:_identify(install) by extensions ['ignore', 'ignore_ament_install']
[0.114s] Level 1:colcon.colcon_core.package_identification:_identify(install) by extension 'ignore'
[0.114s] Level 1:colcon.colcon_core.package_identification:_identify(install) ignored
[0.114s] Level 1:colcon.colcon_core.package_identification:_identify(log) by extensions ['ignore', 'ignore_ament_install']
[0.114s] Level 1:colcon.colcon_core.package_identification:_identify(log) by extension 'ignore'
[0.114s] Level 1:colcon.colcon_core.package_identification:_identify(log) ignored
[0.114s] Level 1:colcon.colcon_core.package_identification:_identify(src) by extensions ['ignore', 'ignore_ament_install']
[0.114s] Level 1:colcon.colcon_core.package_identification:_identify(src) by extension 'ignore'
[0.114s] Level 1:colcon.colcon_core.package_identification:_identify(src) by extension 'ignore_ament_install'
[0.114s] Level 1:colcon.colcon_core.package_identification:_identify(src) by extensions ['colcon_pkg']
[0.114s] Level 1:colcon.colcon_core.package_identification:_identify(src) by extension 'colcon_pkg'
[0.114s] Level 1:colcon.colcon_core.package_identification:_identify(src) by extensions ['colcon_meta']
[0.114s] Level 1:colcon.colcon_core.package_identification:_identify(src) by extension 'colcon_meta'
[0.114s] Level 1:colcon.colcon_core.package_identification:_identify(src) by extensions ['ros']
[0.114s] Level 1:colcon.colcon_core.package_identification:_identify(src) by extension 'ros'
[0.114s] Level 1:colcon.colcon_core.package_identification:_identify(src) by extensions ['cmake', 'python']
[0.114s] Level 1:colcon.colcon_core.package_identification:_identify(src) by extension 'cmake'
[0.114s] Level 1:colcon.colcon_core.package_identification:_identify(src) by extension 'python'
[0.114s] Level 1:colcon.colcon_core.package_identification:_identify(src) by extensions ['python_setup_py']
[0.115s] Level 1:colcon.colcon_core.package_identification:_identify(src) by extension 'python_setup_py'
[0.115s] Level 1:colcon.colcon_core.package_identification:_identify(src/awc_description) by extensions ['ignore', 'ignore_ament_install']
[0.115s] Level 1:colcon.colcon_core.package_identification:_identify(src/awc_description) by extension 'ignore'
[0.115s] Level 1:colcon.colcon_core.package_identification:_identify(src/awc_description) by extension 'ignore_ament_install'
[0.115s] Level 1:colcon.colcon_core.package_identification:_identify(src/awc_description) by extensions ['colcon_pkg']
[0.115s] Level 1:colcon.colcon_core.package_identification:_identify(src/awc_description) by extension 'colcon_pkg'
[0.115s] Level 1:colcon.colcon_core.package_identification:_identify(src/awc_description) by extensions ['colcon_meta']
[0.115s] Level 1:colcon.colcon_core.package_identification:_identify(src/awc_description) by extension 'colcon_meta'
[0.115s] Level 1:colcon.colcon_core.package_identification:_identify(src/awc_description) by extensions ['ros']
[0.115s] Level 1:colcon.colcon_core.package_identification:_identify(src/awc_description) by extension 'ros'
[0.115s] DEBUG:colcon.colcon_core.package_identification:Package 'src/awc_description' with type 'ros.ament_cmake' and name 'awc_description'
[0.115s] Level 1:colcon.colcon_core.package_identification:_identify(src/awc_msgs) by extensions ['ignore', 'ignore_ament_install']
[0.115s] Level 1:colcon.colcon_core.package_identification:_identify(src/awc_msgs) by extension 'ignore'
[0.115s] Level 1:colcon.colcon_core.package_identification:_identify(src/awc_msgs) by extension 'ignore_ament_install'
[0.115s] Level 1:colcon.colcon_core.package_identification:_identify(src/awc_msgs) by extensions ['colcon_pkg']
[0.116s] Level 1:colcon.colcon_core.package_identification:_identify(src/awc_msgs) by extension 'colcon_pkg'
[0.116s] Level 1:colcon.colcon_core.package_identification:_identify(src/awc_msgs) by extensions ['colcon_meta']
[0.116s] Level 1:colcon.colcon_core.package_identification:_identify(src/awc_msgs) by extension 'colcon_meta'
[0.116s] Level 1:colcon.colcon_core.package_identification:_identify(src/awc_msgs) by extensions ['ros']
[0.116s] Level 1:colcon.colcon_core.package_identification:_identify(src/awc_msgs) by extension 'ros'
[0.116s] DEBUG:colcon.colcon_core.package_identification:Package 'src/awc_msgs' with type 'ros.ament_cmake' and name 'awc_msgs'
[0.116s] Level 1:colcon.colcon_core.package_identification:_identify(src/tf_publisher) by extensions ['ignore', 'ignore_ament_install']
[0.116s] Level 1:colcon.colcon_core.package_identification:_identify(src/tf_publisher) by extension 'ignore'
[0.116s] Level 1:colcon.colcon_core.package_identification:_identify(src/tf_publisher) by extension 'ignore_ament_install'
[0.116s] Level 1:colcon.colcon_core.package_identification:_identify(src/tf_publisher) by extensions ['colcon_pkg']
[0.116s] Level 1:colcon.colcon_core.package_identification:_identify(src/tf_publisher) by extension 'colcon_pkg'
[0.116s] Level 1:colcon.colcon_core.package_identification:_identify(src/tf_publisher) by extensions ['colcon_meta']
[0.116s] Level 1:colcon.colcon_core.package_identification:_identify(src/tf_publisher) by extension 'colcon_meta'
[0.116s] Level 1:colcon.colcon_core.package_identification:_identify(src/tf_publisher) by extensions ['ros']
[0.116s] Level 1:colcon.colcon_core.package_identification:_identify(src/tf_publisher) by extension 'ros'
[0.117s] DEBUG:colcon.colcon_core.package_identification:Package 'src/tf_publisher' with type 'ros.ament_python' and name 'tf_publisher'
[0.117s] Level 1:colcon.colcon_core.package_discovery:discover_packages(recursive) using defaults
[0.117s] Level 1:colcon.colcon_core.package_discovery:discover_packages(ignore) discover
[0.117s] Level 1:colcon.colcon_core.package_discovery:discover_packages(ignore) using defaults
[0.117s] Level 1:colcon.colcon_core.package_discovery:discover_packages(path) discover
[0.117s] Level 1:colcon.colcon_core.package_discovery:discover_packages(path) using defaults
[0.131s] Level 1:colcon.colcon_core.package_discovery:discover_packages(prefix_path) check parameters
[0.131s] Level 1:colcon.colcon_core.package_discovery:discover_packages(prefix_path) discover
[0.132s] DEBUG:colcon.colcon_installed_package_information.package_discovery:Found 4 installed packages in /home/gavin/ros2_ws/install
[0.133s] DEBUG:colcon.colcon_installed_package_information.package_discovery:Found 317 installed packages in /opt/ros/humble
[0.134s] Level 1:colcon.colcon_core.package_discovery:discover_packages(prefix_path) using defaults
[0.162s] Level 5:colcon.colcon_core.verb:set package 'awc_bringup' build argument 'cmake_args' from command line to 'None'
[0.162s] Level 5:colcon.colcon_core.verb:set package 'awc_bringup' build argument 'cmake_target' from command line to 'None'
[0.162s] Level 5:colcon.colcon_core.verb:set package 'awc_bringup' build argument 'cmake_target_skip_unavailable' from command line to 'False'
[0.162s] Level 5:colcon.colcon_core.verb:set package 'awc_bringup' build argument 'cmake_clean_cache' from command line to 'False'
[0.162s] Level 5:colcon.colcon_core.verb:set package 'awc_bringup' build argument 'cmake_clean_first' from command line to 'False'
[0.162s] Level 5:colcon.colcon_core.verb:set package 'awc_bringup' build argument 'cmake_force_configure' from command line to 'False'
[0.162s] Level 5:colcon.colcon_core.verb:set package 'awc_bringup' build argument 'ament_cmake_args' from command line to 'None'
[0.162s] Level 5:colcon.colcon_core.verb:set package 'awc_bringup' build argument 'catkin_cmake_args' from command line to 'None'
[0.162s] Level 5:colcon.colcon_core.verb:set package 'awc_bringup' build argument 'catkin_skip_building_tests' from command line to 'False'
[0.162s] DEBUG:colcon.colcon_core.verb:Building package 'awc_bringup' with the following arguments: {'ament_cmake_args': None, 'build_base': '/home/gavin/ros2_ws/build/awc_bringup', 'catkin_cmake_args': None, 'catkin_skip_building_tests': False, 'cmake_args': None, 'cmake_clean_cache': False, 'cmake_clean_first': False, 'cmake_force_configure': False, 'cmake_target': None, 'cmake_target_skip_unavailable': False, 'install_base': '/home/gavin/ros2_ws/install/awc_bringup', 'merge_install': False, 'path': '/home/gavin/ros2_ws/awc_bringup', 'symlink_install': False, 'test_result_base': None}
[0.162s] Level 5:colcon.colcon_core.verb:set package 'awc_description' build argument 'cmake_args' from command line to 'None'
[0.162s] Level 5:colcon.colcon_core.verb:set package 'awc_description' build argument 'cmake_target' from command line to 'None'
[0.162s] Level 5:colcon.colcon_core.verb:set package 'awc_description' build argument 'cmake_target_skip_unavailable' from command line to 'False'
[0.162s] Level 5:colcon.colcon_core.verb:set package 'awc_description' build argument 'cmake_clean_cache' from command line to 'False'
[0.162s] Level 5:colcon.colcon_core.verb:set package 'awc_description' build argument 'cmake_clean_first' from command line to 'False'
[0.162s] Level 5:colcon.colcon_core.verb:set package 'awc_description' build argument 'cmake_force_configure' from command line to 'False'
[0.162s] Level 5:colcon.colcon_core.verb:set package 'awc_description' build argument 'ament_cmake_args' from command line to 'None'
[0.162s] Level 5:colcon.colcon_core.verb:set package 'awc_description' build argument 'catkin_cmake_args' from command line to 'None'
[0.162s] Level 5:colcon.colcon_core.verb:set package 'awc_description' build argument 'catkin_skip_building_tests' from command line to 'False'
[0.162s] DEBUG:colcon.colcon_core.verb:Building package 'awc_description' with the following arguments: {'ament_cmake_args': None, 'build_base': '/home/gavin/ros2_ws/build/awc_description', 'catkin_cmake_args': None, 'catkin_skip_building_tests': False, 'cmake_args': None, 'cmake_clean_cache': False, 'cmake_clean_first': False, 'cmake_force_configure': False, 'cmake_target': None, 'cmake_target_skip_unavailable': False, 'install_base': '/home/gavin/ros2_ws/install/awc_description', 'merge_install': False, 'path': '/home/gavin/ros2_ws/src/awc_description', 'symlink_install': False, 'test_result_base': None}
[0.163s] Level 5:colcon.colcon_core.verb:set package 'awc_msgs' build argument 'cmake_args' from command line to 'None'
[0.163s] Level 5:colcon.colcon_core.verb:set package 'awc_msgs' build argument 'cmake_target' from command line to 'None'
[0.163s] Level 5:colcon.colcon_core.verb:set package 'awc_msgs' build argument 'cmake_target_skip_unavailable' from command line to 'False'
[0.163s] Level 5:colcon.colcon_core.verb:set package 'awc_msgs' build argument 'cmake_clean_cache' from command line to 'False'
[0.163s] Level 5:colcon.colcon_core.verb:set package 'awc_msgs' build argument 'cmake_clean_first' from command line to 'False'
[0.163s] Level 5:colcon.colcon_core.verb:set package 'awc_msgs' build argument 'cmake_force_configure' from command line to 'False'
[0.163s] Level 5:colcon.colcon_core.verb:set package 'awc_msgs' build argument 'ament_cmake_args' from command line to 'None'
[0.163s] Level 5:colcon.colcon_core.verb:set package 'awc_msgs' build argument 'catkin_cmake_args' from command line to 'None'
[0.163s] Level 5:colcon.colcon_core.verb:set package 'awc_msgs' build argument 'catkin_skip_building_tests' from command line to 'False'
[0.163s] DEBUG:colcon.colcon_core.verb:Building package 'awc_msgs' with the following arguments: {'ament_cmake_args': None, 'build_base': '/home/gavin/ros2_ws/build/awc_msgs', 'catkin_cmake_args': None, 'catkin_skip_building_tests': False, 'cmake_args': None, 'cmake_clean_cache': False, 'cmake_clean_first': False, 'cmake_force_configure': False, 'cmake_target': None, 'cmake_target_skip_unavailable': False, 'install_base': '/home/gavin/ros2_ws/install/awc_msgs', 'merge_install': False, 'path': '/home/gavin/ros2_ws/src/awc_msgs', 'symlink_install': False, 'test_result_base': None}
[0.163s] Level 5:colcon.colcon_core.verb:set package 'tf_publisher' build argument 'cmake_args' from command line to 'None'
[0.163s] Level 5:colcon.colcon_core.verb:set package 'tf_publisher' build argument 'cmake_target' from command line to 'None'
[0.163s] Level 5:colcon.colcon_core.verb:set package 'tf_publisher' build argument 'cmake_target_skip_unavailable' from command line to 'False'
[0.163s] Level 5:colcon.colcon_core.verb:set package 'tf_publisher' build argument 'cmake_clean_cache' from command line to 'False'
[0.163s] Level 5:colcon.colcon_core.verb:set package 'tf_publisher' build argument 'cmake_clean_first' from command line to 'False'
[0.163s] Level 5:colcon.colcon_core.verb:set package 'tf_publisher' build argument 'cmake_force_configure' from command line to 'False'
[0.163s] Level 5:colcon.colcon_core.verb:set package 'tf_publisher' build argument 'ament_cmake_args' from command line to 'None'
[0.163s] Level 5:colcon.colcon_core.verb:set package 'tf_publisher' build argument 'catkin_cmake_args' from command line to 'None'
[0.163s] Level 5:colcon.colcon_core.verb:set package 'tf_publisher' build argument 'catkin_skip_building_tests' from command line to 'False'
[0.163s] DEBUG:colcon.colcon_core.verb:Building package 'tf_publisher' with the following arguments: {'ament_cmake_args': None, 'build_base': '/home/gavin/ros2_ws/build/tf_publisher', 'catkin_cmake_args': None, 'catkin_skip_building_tests': False, 'cmake_args': None, 'cmake_clean_cache': False, 'cmake_clean_first': False, 'cmake_force_configure': False, 'cmake_target': None, 'cmake_target_skip_unavailable': False, 'install_base': '/home/gavin/ros2_ws/install/tf_publisher', 'merge_install': False, 'path': '/home/gavin/ros2_ws/src/tf_publisher', 'symlink_install': False, 'test_result_base': None}
[0.163s] INFO:colcon.colcon_core.executor:Executing jobs using 'parallel' executor
[0.164s] DEBUG:colcon.colcon_parallel_executor.executor.parallel:run_until_complete
[0.164s] INFO:colcon.colcon_ros.task.ament_python.build:Building ROS package in '/home/gavin/ros2_ws/awc_bringup' with build type 'ament_python'
[0.164s] Level 1:colcon.colcon_core.shell:create_environment_hook('awc_bringup', 'ament_prefix_path')
[0.166s] INFO:colcon.colcon_core.plugin_system:Skipping extension 'colcon_core.shell.bat': Not used on non-Windows systems
[0.166s] INFO:colcon.colcon_core.shell:Creating environment hook '/home/gavin/ros2_ws/install/awc_bringup/share/awc_bringup/hook/ament_prefix_path.ps1'
[0.166s] INFO:colcon.colcon_core.shell:Creating environment descriptor '/home/gavin/ros2_ws/install/awc_bringup/share/awc_bringup/hook/ament_prefix_path.dsv'
[0.167s] INFO:colcon.colcon_core.shell:Creating environment hook '/home/gavin/ros2_ws/install/awc_bringup/share/awc_bringup/hook/ament_prefix_path.sh'
[0.167s] INFO:colcon.colcon_core.shell:Skip shell extension 'powershell' for command environment: Not usable outside of PowerShell
[0.167s] DEBUG:colcon.colcon_core.shell:Skip shell extension 'dsv' for command environment
[0.169s] INFO:colcon.colcon_ros.task.ament_cmake.build:Building ROS package in '/home/gavin/ros2_ws/src/awc_description' with build type 'ament_cmake'
[0.169s] INFO:colcon.colcon_cmake.task.cmake.build:Building CMake package in '/home/gavin/ros2_ws/src/awc_description'
[0.170s] INFO:colcon.colcon_core.shell:Skip shell extension 'powershell' for command environment: Not usable outside of PowerShell
[0.170s] DEBUG:colcon.colcon_core.shell:Skip shell extension 'dsv' for command environment
[0.172s] INFO:colcon.colcon_ros.task.ament_cmake.build:Building ROS package in '/home/gavin/ros2_ws/src/awc_msgs' with build type 'ament_cmake'
[0.172s] INFO:colcon.colcon_cmake.task.cmake.build:Building CMake package in '/home/gavin/ros2_ws/src/awc_msgs'
[0.172s] INFO:colcon.colcon_core.shell:Skip shell extension 'powershell' for command environment: Not usable outside of PowerShell
[0.172s] DEBUG:colcon.colcon_core.shell:Skip shell extension 'dsv' for command environment
[0.174s] INFO:colcon.colcon_ros.task.ament_python.build:Building ROS package in '/home/gavin/ros2_ws/src/tf_publisher' with build type 'ament_python'
[0.174s] Level 1:colcon.colcon_core.shell:create_environment_hook('tf_publisher', 'ament_prefix_path')
[0.174s] INFO:colcon.colcon_core.shell:Creating environment hook '/home/gavin/ros2_ws/install/tf_publisher/share/tf_publisher/hook/ament_prefix_path.ps1'
[0.175s] INFO:colcon.colcon_core.shell:Creating environment descriptor '/home/gavin/ros2_ws/install/tf_publisher/share/tf_publisher/hook/ament_prefix_path.dsv'
[0.175s] INFO:colcon.colcon_core.shell:Creating environment hook '/home/gavin/ros2_ws/install/tf_publisher/share/tf_publisher/hook/ament_prefix_path.sh'
[0.176s] INFO:colcon.colcon_core.shell:Skip shell extension 'powershell' for command environment: Not usable outside of PowerShell
[0.176s] DEBUG:colcon.colcon_core.shell:Skip shell extension 'dsv' for command environment
[0.319s] INFO:colcon.colcon_core.task.python.build:Building Python package in '/home/gavin/ros2_ws/awc_bringup'
[0.320s] INFO:colcon.colcon_core.shell:Skip shell extension 'powershell' for command environment: Not usable outside of PowerShell
[0.320s] DEBUG:colcon.colcon_core.shell:Skip shell extension 'dsv' for command environment
[0.325s] DEBUG:colcon.colcon_core.event_handler.log_command:Invoking command in '/home/gavin/ros2_ws/build/awc_description': CMAKE_PREFIX_PATH=${CMAKE_PREFIX_PATH}:/home/gavin/ros2_ws/install/awc_bringup:/home/gavin/ros2_ws/install/tf_publisher:/opt/ros/humble /usr/bin/cmake --build /home/gavin/ros2_ws/build/awc_description -- -j4 -l4
[0.330s] DEBUG:colcon.colcon_core.event_handler.log_command:Invoking command in '/home/gavin/ros2_ws/build/awc_msgs': CMAKE_PREFIX_PATH=${CMAKE_PREFIX_PATH}:/home/gavin/ros2_ws/install/awc_bringup:/home/gavin/ros2_ws/install/tf_publisher:/opt/ros/humble /usr/bin/cmake --build /home/gavin/ros2_ws/build/awc_msgs -- -j4 -l4
[0.471s] INFO:colcon.colcon_core.task.python.build:Building Python package in '/home/gavin/ros2_ws/src/tf_publisher'
[0.472s] INFO:colcon.colcon_core.shell:Skip shell extension 'powershell' for command environment: Not usable outside of PowerShell
[0.472s] DEBUG:colcon.colcon_core.shell:Skip shell extension 'dsv' for command environment
[0.481s] DEBUG:colcon.colcon_core.event_handler.log_command:Invoked command in '/home/gavin/ros2_ws/build/awc_msgs' returned '0': CMAKE_PREFIX_PATH=${CMAKE_PREFIX_PATH}:/home/gavin/ros2_ws/install/awc_bringup:/home/gavin/ros2_ws/install/tf_publisher:/opt/ros/humble /usr/bin/cmake --build /home/gavin/ros2_ws/build/awc_msgs -- -j4 -l4
[0.486s] DEBUG:colcon.colcon_core.event_handler.log_command:Invoking command in '/home/gavin/ros2_ws/build/awc_msgs': CMAKE_PREFIX_PATH=${CMAKE_PREFIX_PATH}:/home/gavin/ros2_ws/install/awc_bringup:/home/gavin/ros2_ws/install/tf_publisher:/opt/ros/humble /usr/bin/cmake --install /home/gavin/ros2_ws/build/awc_msgs
[0.490s] DEBUG:colcon.colcon_core.event_handler.log_command:Invoked command in '/home/gavin/ros2_ws/build/awc_description' returned '0': CMAKE_PREFIX_PATH=${CMAKE_PREFIX_PATH}:/home/gavin/ros2_ws/install/awc_bringup:/home/gavin/ros2_ws/install/tf_publisher:/opt/ros/humble /usr/bin/cmake --build /home/gavin/ros2_ws/build/awc_description -- -j4 -l4
[0.490s] DEBUG:colcon.colcon_core.event_handler.log_command:Invoking command in '/home/gavin/ros2_ws/build/awc_description': CMAKE_PREFIX_PATH=${CMAKE_PREFIX_PATH}:/home/gavin/ros2_ws/install/awc_bringup:/home/gavin/ros2_ws/install/tf_publisher:/opt/ros/humble /usr/bin/cmake --install /home/gavin/ros2_ws/build/awc_description
[0.501s] Level 1:colcon.colcon_core.environment:create_environment_scripts_only(awc_description)
[0.504s] DEBUG:colcon.colcon_core.event_handler.log_command:Invoked command in '/home/gavin/ros2_ws/build/awc_description' returned '0': CMAKE_PREFIX_PATH=${CMAKE_PREFIX_PATH}:/home/gavin/ros2_ws/install/awc_bringup:/home/gavin/ros2_ws/install/tf_publisher:/opt/ros/humble /usr/bin/cmake --install /home/gavin/ros2_ws/build/awc_description
[0.506s] Level 1:colcon.colcon_core.environment:checking '/home/gavin/ros2_ws/install/awc_description' for CMake module files
[0.506s] Level 1:colcon.colcon_core.environment:checking '/home/gavin/ros2_ws/install/awc_description' for CMake config files
[0.506s] Level 1:colcon.colcon_core.shell:create_environment_hook('awc_description', 'cmake_prefix_path')
[0.506s] INFO:colcon.colcon_core.shell:Creating environment hook '/home/gavin/ros2_ws/install/awc_description/share/awc_description/hook/cmake_prefix_path.ps1'
[0.507s] INFO:colcon.colcon_core.shell:Creating environment descriptor '/home/gavin/ros2_ws/install/awc_description/share/awc_description/hook/cmake_prefix_path.dsv'
[0.507s] INFO:colcon.colcon_core.shell:Creating environment hook '/home/gavin/ros2_ws/install/awc_description/share/awc_description/hook/cmake_prefix_path.sh'
[0.508s] Level 1:colcon.colcon_core.environment:checking '/home/gavin/ros2_ws/install/awc_description/bin'
[0.508s] Level 1:colcon.colcon_core.environment:checking '/home/gavin/ros2_ws/install/awc_description/lib/pkgconfig/awc_description.pc'
[0.508s] Level 1:colcon.colcon_core.environment:checking '/home/gavin/ros2_ws/install/awc_description/lib/python3.10/site-packages'
[0.508s] Level 1:colcon.colcon_core.environment:checking '/home/gavin/ros2_ws/install/awc_description/bin'
[0.509s] INFO:colcon.colcon_core.shell:Creating package script '/home/gavin/ros2_ws/install/awc_description/share/awc_description/package.ps1'
[0.510s] INFO:colcon.colcon_core.shell:Creating package descriptor '/home/gavin/ros2_ws/install/awc_description/share/awc_description/package.dsv'
[0.512s] INFO:colcon.colcon_core.shell:Creating package script '/home/gavin/ros2_ws/install/awc_description/share/awc_description/package.sh'
[0.513s] INFO:colcon.colcon_core.shell:Creating package script '/home/gavin/ros2_ws/install/awc_description/share/awc_description/package.bash'
[0.514s] INFO:colcon.colcon_core.shell:Creating package script '/home/gavin/ros2_ws/install/awc_description/share/awc_description/package.zsh'
[0.514s] Level 1:colcon.colcon_core.environment:create_file_with_runtime_dependencies(/home/gavin/ros2_ws/install/awc_description/share/colcon-core/packages/awc_description)
[0.515s] Level 1:colcon.colcon_core.environment:create_environment_scripts_only(awc_description)
[0.515s] Level 1:colcon.colcon_core.environment:checking '/home/gavin/ros2_ws/install/awc_description' for CMake module files
[0.515s] Level 1:colcon.colcon_core.environment:checking '/home/gavin/ros2_ws/install/awc_description' for CMake config files
[0.516s] Level 1:colcon.colcon_core.shell:create_environment_hook('awc_description', 'cmake_prefix_path')
[0.516s] INFO:colcon.colcon_core.shell:Creating environment hook '/home/gavin/ros2_ws/install/awc_description/share/awc_description/hook/cmake_prefix_path.ps1'
[0.516s] INFO:colcon.colcon_core.shell:Creating environment descriptor '/home/gavin/ros2_ws/install/awc_description/share/awc_description/hook/cmake_prefix_path.dsv'
[0.516s] INFO:colcon.colcon_core.shell:Creating environment hook '/home/gavin/ros2_ws/install/awc_description/share/awc_description/hook/cmake_prefix_path.sh'
[0.517s] Level 1:colcon.colcon_core.environment:checking '/home/gavin/ros2_ws/install/awc_description/bin'
[0.517s] Level 1:colcon.colcon_core.environment:checking '/home/gavin/ros2_ws/install/awc_description/lib/pkgconfig/awc_description.pc'
[0.517s] Level 1:colcon.colcon_core.environment:checking '/home/gavin/ros2_ws/install/awc_description/lib/python3.10/site-packages'
[0.517s] Level 1:colcon.colcon_core.environment:checking '/home/gavin/ros2_ws/install/awc_description/bin'
[0.518s] INFO:colcon.colcon_core.shell:Creating package script '/home/gavin/ros2_ws/install/awc_description/share/awc_description/package.ps1'
[0.518s] INFO:colcon.colcon_core.shell:Creating package descriptor '/home/gavin/ros2_ws/install/awc_description/share/awc_description/package.dsv'
[0.518s] INFO:colcon.colcon_core.shell:Creating package script '/home/gavin/ros2_ws/install/awc_description/share/awc_description/package.sh'
[0.519s] INFO:colcon.colcon_core.shell:Creating package script '/home/gavin/ros2_ws/install/awc_description/share/awc_description/package.bash'
[0.519s] INFO:colcon.colcon_core.shell:Creating package script '/home/gavin/ros2_ws/install/awc_description/share/awc_description/package.zsh'
[0.519s] Level 1:colcon.colcon_core.environment:create_file_with_runtime_dependencies(/home/gavin/ros2_ws/install/awc_description/share/colcon-core/packages/awc_description)
[0.520s] Level 1:colcon.colcon_core.environment:create_environment_scripts_only(awc_msgs)
[0.520s] Level 1:colcon.colcon_core.environment:checking '/home/gavin/ros2_ws/install/awc_msgs' for CMake module files
[0.521s] DEBUG:colcon.colcon_core.event_handler.log_command:Invoked command in '/home/gavin/ros2_ws/build/awc_msgs' returned '0': CMAKE_PREFIX_PATH=${CMAKE_PREFIX_PATH}:/home/gavin/ros2_ws/install/awc_bringup:/home/gavin/ros2_ws/install/tf_publisher:/opt/ros/humble /usr/bin/cmake --install /home/gavin/ros2_ws/build/awc_msgs
[0.521s] Level 1:colcon.colcon_core.environment:checking '/home/gavin/ros2_ws/install/awc_msgs' for CMake config files
[0.521s] Level 1:colcon.colcon_core.shell:create_environment_hook('awc_msgs', 'cmake_prefix_path')
[0.522s] INFO:colcon.colcon_core.shell:Creating environment hook '/home/gavin/ros2_ws/install/awc_msgs/share/awc_msgs/hook/cmake_prefix_path.ps1'
[0.523s] INFO:colcon.colcon_core.shell:Creating environment descriptor '/home/gavin/ros2_ws/install/awc_msgs/share/awc_msgs/hook/cmake_prefix_path.dsv'
[0.524s] INFO:colcon.colcon_core.shell:Creating environment hook '/home/gavin/ros2_ws/install/awc_msgs/share/awc_msgs/hook/cmake_prefix_path.sh'
[0.524s] Level 1:colcon.colcon_core.environment:checking '/home/gavin/ros2_ws/install/awc_msgs/bin'
[0.524s] Level 1:colcon.colcon_core.environment:checking '/home/gavin/ros2_ws/install/awc_msgs/lib/pkgconfig/awc_msgs.pc'
[0.525s] Level 1:colcon.colcon_core.environment:checking '/home/gavin/ros2_ws/install/awc_msgs/lib/python3.10/site-packages'
[0.525s] Level 1:colcon.colcon_core.environment:checking '/home/gavin/ros2_ws/install/awc_msgs/bin'
[0.525s] INFO:colcon.colcon_core.shell:Creating package script '/home/gavin/ros2_ws/install/awc_msgs/share/awc_msgs/package.ps1'
[0.526s] INFO:colcon.colcon_core.shell:Creating package descriptor '/home/gavin/ros2_ws/install/awc_msgs/share/awc_msgs/package.dsv'
[0.526s] INFO:colcon.colcon_core.shell:Creating package script '/home/gavin/ros2_ws/install/awc_msgs/share/awc_msgs/package.sh'
[0.527s] INFO:colcon.colcon_core.shell:Creating package script '/home/gavin/ros2_ws/install/awc_msgs/share/awc_msgs/package.bash'
[0.527s] INFO:colcon.colcon_core.shell:Creating package script '/home/gavin/ros2_ws/install/awc_msgs/share/awc_msgs/package.zsh'
[0.527s] Level 1:colcon.colcon_core.environment:create_file_with_runtime_dependencies(/home/gavin/ros2_ws/install/awc_msgs/share/colcon-core/packages/awc_msgs)
[0.528s] Level 1:colcon.colcon_core.environment:create_environment_scripts_only(awc_msgs)
[0.529s] Level 1:colcon.colcon_core.environment:checking '/home/gavin/ros2_ws/install/awc_msgs' for CMake module files
[0.529s] Level 1:colcon.colcon_core.environment:checking '/home/gavin/ros2_ws/install/awc_msgs' for CMake config files
[0.529s] Level 1:colcon.colcon_core.shell:create_environment_hook('awc_msgs', 'cmake_prefix_path')
[0.530s] INFO:colcon.colcon_core.shell:Creating environment hook '/home/gavin/ros2_ws/install/awc_msgs/share/awc_msgs/hook/cmake_prefix_path.ps1'
[0.530s] INFO:colcon.colcon_core.shell:Creating environment descriptor '/home/gavin/ros2_ws/install/awc_msgs/share/awc_msgs/hook/cmake_prefix_path.dsv'
[0.531s] INFO:colcon.colcon_core.shell:Creating environment hook '/home/gavin/ros2_ws/install/awc_msgs/share/awc_msgs/hook/cmake_prefix_path.sh'
[0.531s] Level 1:colcon.colcon_core.environment:checking '/home/gavin/ros2_ws/install/awc_msgs/bin'
[0.532s] Level 1:colcon.colcon_core.environment:checking '/home/gavin/ros2_ws/install/awc_msgs/lib/pkgconfig/awc_msgs.pc'
[0.532s] Level 1:colcon.colcon_core.environment:checking '/home/gavin/ros2_ws/install/awc_msgs/lib/python3.10/site-packages'
[0.532s] Level 1:colcon.colcon_core.environment:checking '/home/gavin/ros2_ws/install/awc_msgs/bin'
[0.532s] INFO:colcon.colcon_core.shell:Creating package script '/home/gavin/ros2_ws/install/awc_msgs/share/awc_msgs/package.ps1'
[0.533s] INFO:colcon.colcon_core.shell:Creating package descriptor '/home/gavin/ros2_ws/install/awc_msgs/share/awc_msgs/package.dsv'
[0.533s] INFO:colcon.colcon_core.shell:Creating package script '/home/gavin/ros2_ws/install/awc_msgs/share/awc_msgs/package.sh'
[0.534s] INFO:colcon.colcon_core.shell:Creating package script '/home/gavin/ros2_ws/install/awc_msgs/share/awc_msgs/package.bash'
[0.534s] INFO:colcon.colcon_core.shell:Creating package script '/home/gavin/ros2_ws/install/awc_msgs/share/awc_msgs/package.zsh'
[0.534s] Level 1:colcon.colcon_core.environment:create_file_with_runtime_dependencies(/home/gavin/ros2_ws/install/awc_msgs/share/colcon-core/packages/awc_msgs)
[0.919s] DEBUG:colcon.colcon_core.event_handler.log_command:Invoking command in '/home/gavin/ros2_ws/awc_bringup': PYTHONPATH=/home/gavin/ros2_ws/build/awc_bringup/prefix_override:/usr/lib/python3/dist-packages/colcon_core/task/python/colcon_distutils_commands:/home/gavin/ros2_ws/install/awc_bringup/lib/python3.10/site-packages:${PYTHONPATH} /usr/bin/python3 -W ignore:setup.py install is deprecated -W ignore:easy_install command is deprecated setup.py egg_info --egg-base ../build/awc_bringup build --build-base /home/gavin/ros2_ws/build/awc_bringup/build install --record /home/gavin/ros2_ws/build/awc_bringup/install.log --single-version-externally-managed install_data
[0.934s] DEBUG:colcon.colcon_core.event_handler.log_command:Invoking command in '/home/gavin/ros2_ws/src/tf_publisher': PYTHONPATH=/home/gavin/ros2_ws/build/tf_publisher/prefix_override:/usr/lib/python3/dist-packages/colcon_core/task/python/colcon_distutils_commands:/home/gavin/ros2_ws/install/tf_publisher/lib/python3.10/site-packages:${PYTHONPATH} /usr/bin/python3 -W ignore:setup.py install is deprecated -W ignore:easy_install command is deprecated setup.py egg_info --egg-base ../../build/tf_publisher build --build-base /home/gavin/ros2_ws/build/tf_publisher/build install --record /home/gavin/ros2_ws/build/tf_publisher/install.log --single-version-externally-managed install_data
[1.280s] Level 1:colcon.colcon_core.environment:checking '/home/gavin/ros2_ws/install/awc_bringup' for CMake module files
[1.280s] Level 1:colcon.colcon_core.environment:checking '/home/gavin/ros2_ws/install/awc_bringup' for CMake config files
[1.281s] Level 1:colcon.colcon_core.environment:checking '/home/gavin/ros2_ws/install/awc_bringup/lib'
[1.281s] Level 1:colcon.colcon_core.environment:checking '/home/gavin/ros2_ws/install/awc_bringup/bin'
[1.281s] Level 1:colcon.colcon_core.environment:checking '/home/gavin/ros2_ws/install/awc_bringup/lib/pkgconfig/awc_bringup.pc'
[1.281s] Level 1:colcon.colcon_core.environment:checking '/home/gavin/ros2_ws/install/awc_bringup/lib/python3.10/site-packages'
[1.281s] Level 1:colcon.colcon_core.shell:create_environment_hook('awc_bringup', 'pythonpath')
[1.282s] INFO:colcon.colcon_core.shell:Creating environment hook '/home/gavin/ros2_ws/install/awc_bringup/share/awc_bringup/hook/pythonpath.ps1'
[1.282s] INFO:colcon.colcon_core.shell:Creating environment descriptor '/home/gavin/ros2_ws/install/awc_bringup/share/awc_bringup/hook/pythonpath.dsv'
[1.283s] INFO:colcon.colcon_core.shell:Creating environment hook '/home/gavin/ros2_ws/install/awc_bringup/share/awc_bringup/hook/pythonpath.sh'
[1.283s] Level 1:colcon.colcon_core.environment:checking '/home/gavin/ros2_ws/install/awc_bringup/bin'
[1.284s] Level 1:colcon.colcon_core.environment:create_environment_scripts_only(awc_bringup)
[1.284s] INFO:colcon.colcon_core.shell:Creating package script '/home/gavin/ros2_ws/install/awc_bringup/share/awc_bringup/package.ps1'
[1.284s] DEBUG:colcon.colcon_core.event_handler.log_command:Invoked command in '/home/gavin/ros2_ws/awc_bringup' returned '0': PYTHONPATH=/home/gavin/ros2_ws/build/awc_bringup/prefix_override:/usr/lib/python3/dist-packages/colcon_core/task/python/colcon_distutils_commands:/home/gavin/ros2_ws/install/awc_bringup/lib/python3.10/site-packages:${PYTHONPATH} /usr/bin/python3 -W ignore:setup.py install is deprecated -W ignore:easy_install command is deprecated setup.py egg_info --egg-base ../build/awc_bringup build --build-base /home/gavin/ros2_ws/build/awc_bringup/build install --record /home/gavin/ros2_ws/build/awc_bringup/install.log --single-version-externally-managed install_data
[1.285s] INFO:colcon.colcon_core.shell:Creating package descriptor '/home/gavin/ros2_ws/install/awc_bringup/share/awc_bringup/package.dsv'
[1.285s] INFO:colcon.colcon_core.shell:Creating package script '/home/gavin/ros2_ws/install/awc_bringup/share/awc_bringup/package.sh'
[1.286s] INFO:colcon.colcon_core.shell:Creating package script '/home/gavin/ros2_ws/install/awc_bringup/share/awc_bringup/package.bash'
[1.286s] INFO:colcon.colcon_core.shell:Creating package script '/home/gavin/ros2_ws/install/awc_bringup/share/awc_bringup/package.zsh'
[1.286s] Level 1:colcon.colcon_core.environment:create_file_with_runtime_dependencies(/home/gavin/ros2_ws/install/awc_bringup/share/colcon-core/packages/awc_bringup)
[1.295s] Level 1:colcon.colcon_core.environment:checking '/home/gavin/ros2_ws/install/tf_publisher' for CMake module files
[1.296s] Level 1:colcon.colcon_core.environment:checking '/home/gavin/ros2_ws/install/tf_publisher' for CMake config files
[1.296s] Level 1:colcon.colcon_core.environment:checking '/home/gavin/ros2_ws/install/tf_publisher/lib'
[1.297s] Level 1:colcon.colcon_core.environment:checking '/home/gavin/ros2_ws/install/tf_publisher/bin'
[1.297s] Level 1:colcon.colcon_core.environment:checking '/home/gavin/ros2_ws/install/tf_publisher/lib/pkgconfig/tf_publisher.pc'
[1.297s] Level 1:colcon.colcon_core.environment:checking '/home/gavin/ros2_ws/install/tf_publisher/lib/python3.10/site-packages'
[1.297s] Level 1:colcon.colcon_core.shell:create_environment_hook('tf_publisher', 'pythonpath')
[1.297s] INFO:colcon.colcon_core.shell:Creating environment hook '/home/gavin/ros2_ws/install/tf_publisher/share/tf_publisher/hook/pythonpath.ps1'
[1.298s] DEBUG:colcon.colcon_core.event_handler.log_command:Invoked command in '/home/gavin/ros2_ws/src/tf_publisher' returned '0': PYTHONPATH=/home/gavin/ros2_ws/build/tf_publisher/prefix_override:/usr/lib/python3/dist-packages/colcon_core/task/python/colcon_distutils_commands:/home/gavin/ros2_ws/install/tf_publisher/lib/python3.10/site-packages:${PYTHONPATH} /usr/bin/python3 -W ignore:setup.py install is deprecated -W ignore:easy_install command is deprecated setup.py egg_info --egg-base ../../build/tf_publisher build --build-base /home/gavin/ros2_ws/build/tf_publisher/build install --record /home/gavin/ros2_ws/build/tf_publisher/install.log --single-version-externally-managed install_data
[1.298s] INFO:colcon.colcon_core.shell:Creating environment descriptor '/home/gavin/ros2_ws/install/tf_publisher/share/tf_publisher/hook/pythonpath.dsv'
[1.299s] INFO:colcon.colcon_core.shell:Creating environment hook '/home/gavin/ros2_ws/install/tf_publisher/share/tf_publisher/hook/pythonpath.sh'
[1.299s] Level 1:colcon.colcon_core.environment:checking '/home/gavin/ros2_ws/install/tf_publisher/bin'
[1.300s] Level 1:colcon.colcon_core.environment:create_environment_scripts_only(tf_publisher)
[1.300s] INFO:colcon.colcon_core.shell:Creating package script '/home/gavin/ros2_ws/install/tf_publisher/share/tf_publisher/package.ps1'
[1.300s] INFO:colcon.colcon_core.shell:Creating package descriptor '/home/gavin/ros2_ws/install/tf_publisher/share/tf_publisher/package.dsv'
[1.301s] INFO:colcon.colcon_core.shell:Creating package script '/home/gavin/ros2_ws/install/tf_publisher/share/tf_publisher/package.sh'
[1.301s] INFO:colcon.colcon_core.shell:Creating package script '/home/gavin/ros2_ws/install/tf_publisher/share/tf_publisher/package.bash'
[1.301s] INFO:colcon.colcon_core.shell:Creating package script '/home/gavin/ros2_ws/install/tf_publisher/share/tf_publisher/package.zsh'
[1.301s] Level 1:colcon.colcon_core.environment:create_file_with_runtime_dependencies(/home/gavin/ros2_ws/install/tf_publisher/share/colcon-core/packages/tf_publisher)
[1.302s] DEBUG:colcon.colcon_parallel_executor.executor.parallel:closing loop
[1.302s] DEBUG:colcon.colcon_parallel_executor.executor.parallel:loop closed
[1.302s] DEBUG:colcon.colcon_parallel_executor.executor.parallel:run_until_complete finished with '0'
[1.302s] DEBUG:colcon.colcon_core.event_reactor:joining thread
[1.306s] INFO:colcon.colcon_core.plugin_system:Skipping extension 'colcon_notification.desktop_notification.terminal_notifier': Not used on non-Darwin systems
[1.306s] INFO:colcon.colcon_core.plugin_system:Skipping extension 'colcon_notification.desktop_notification.win32': Not used on non-Windows systems
[1.306s] INFO:colcon.colcon_notification.desktop_notification:Sending desktop notification using 'notify2'
[1.313s] DEBUG:colcon.colcon_core.event_reactor:joined thread
[1.314s] INFO:colcon.colcon_core.shell:Creating prefix script '/home/gavin/ros2_ws/install/local_setup.ps1'
[1.315s] INFO:colcon.colcon_core.shell:Creating prefix util module '/home/gavin/ros2_ws/install/_local_setup_util_ps1.py'
[1.316s] INFO:colcon.colcon_core.shell:Creating prefix chain script '/home/gavin/ros2_ws/install/setup.ps1'
[1.317s] INFO:colcon.colcon_core.shell:Creating prefix script '/home/gavin/ros2_ws/install/local_setup.sh'
[1.318s] INFO:colcon.colcon_core.shell:Creating prefix util module '/home/gavin/ros2_ws/install/_local_setup_util_sh.py'
[1.318s] INFO:colcon.colcon_core.shell:Creating prefix chain script '/home/gavin/ros2_ws/install/setup.sh'
[1.320s] INFO:colcon.colcon_core.shell:Creating prefix script '/home/gavin/ros2_ws/install/local_setup.bash'
[1.320s] INFO:colcon.colcon_core.shell:Creating prefix chain script '/home/gavin/ros2_ws/install/setup.bash'
[1.321s] INFO:colcon.colcon_core.shell:Creating prefix script '/home/gavin/ros2_ws/install/local_setup.zsh'
[1.322s] INFO:colcon.colcon_core.shell:Creating prefix chain script '/home/gavin/ros2_ws/install/setup.zsh'
