[4.178s] Invoking command in '/home/gavin/AWC_control/src/nav2_commander': CONDA_PROMPT_MODIFIER=(base) PYTHONPATH=/home/gavin/AWC_control/src/build/nav2_commander/prefix_override:/usr/lib/python3/dist-packages/colcon_core/task/python/colcon_distutils_commands:/home/gavin/AWC_control/src/install/nav2_commander/lib/python3.10/site-packages:${PYTHONPATH} /usr/bin/python3 -W ignore:setup.py install is deprecated -W ignore:easy_install command is deprecated setup.py egg_info --egg-base ../build/nav2_commander build --build-base /home/gavin/AWC_control/src/build/nav2_commander/build install --record /home/gavin/AWC_control/src/build/nav2_commander/install.log --single-version-externally-managed install_data
[4.899s] running egg_info
[4.901s] creating ../build/nav2_commander/nav2_commander.egg-info
[4.901s] writing ../build/nav2_commander/nav2_commander.egg-info/PKG-INFO
[4.901s] writing dependency_links to ../build/nav2_commander/nav2_commander.egg-info/dependency_links.txt
[4.902s] writing entry points to ../build/nav2_commander/nav2_commander.egg-info/entry_points.txt
[4.902s] writing requirements to ../build/nav2_commander/nav2_commander.egg-info/requires.txt
[4.902s] writing top-level names to ../build/nav2_commander/nav2_commander.egg-info/top_level.txt
[4.903s] writing manifest file '../build/nav2_commander/nav2_commander.egg-info/SOURCES.txt'
[4.907s] reading manifest file '../build/nav2_commander/nav2_commander.egg-info/SOURCES.txt'
[4.914s] writing manifest file '../build/nav2_commander/nav2_commander.egg-info/SOURCES.txt'
[4.914s] running build
[4.914s] running build_py
[4.915s] creating /home/gavin/AWC_control/src/build/nav2_commander/build
[4.915s] creating /home/gavin/AWC_control/src/build/nav2_commander/build/lib
[4.915s] creating /home/gavin/AWC_control/src/build/nav2_commander/build/lib/nav2_commander
[4.915s] copying nav2_commander/nav2_commander.py -> /home/gavin/AWC_control/src/build/nav2_commander/build/lib/nav2_commander
[4.915s] copying nav2_commander/__init__.py -> /home/gavin/AWC_control/src/build/nav2_commander/build/lib/nav2_commander
[4.916s] running install
[4.916s] running install_lib
[4.916s] creating /home/gavin/AWC_control/src/install/nav2_commander/lib/python3.10/site-packages/nav2_commander
[4.917s] copying /home/gavin/AWC_control/src/build/nav2_commander/build/lib/nav2_commander/nav2_commander.py -> /home/gavin/AWC_control/src/install/nav2_commander/lib/python3.10/site-packages/nav2_commander
[4.917s] copying /home/gavin/AWC_control/src/build/nav2_commander/build/lib/nav2_commander/__init__.py -> /home/gavin/AWC_control/src/install/nav2_commander/lib/python3.10/site-packages/nav2_commander
[4.917s] byte-compiling /home/gavin/AWC_control/src/install/nav2_commander/lib/python3.10/site-packages/nav2_commander/nav2_commander.py to nav2_commander.cpython-310.pyc
[4.917s] byte-compiling /home/gavin/AWC_control/src/install/nav2_commander/lib/python3.10/site-packages/nav2_commander/__init__.py to __init__.cpython-310.pyc
[4.918s] running install_data
[4.918s] creating /home/gavin/AWC_control/src/install/nav2_commander/share/ament_index
[4.919s] creating /home/gavin/AWC_control/src/install/nav2_commander/share/ament_index/resource_index
[4.919s] creating /home/gavin/AWC_control/src/install/nav2_commander/share/ament_index/resource_index/packages
[4.919s] copying resource/nav2_commander -> /home/gavin/AWC_control/src/install/nav2_commander/share/ament_index/resource_index/packages
[4.919s] copying package.xml -> /home/gavin/AWC_control/src/install/nav2_commander/share/nav2_commander
[4.919s] running install_egg_info
[4.921s] Copying ../build/nav2_commander/nav2_commander.egg-info to /home/gavin/AWC_control/src/install/nav2_commander/lib/python3.10/site-packages/nav2_commander-0.0.0-py3.10.egg-info
[4.926s] running install_scripts
[4.976s] Installing nav2_command script to /home/gavin/AWC_control/src/install/nav2_commander/lib/nav2_commander
[4.977s] writing list of installed files to '/home/gavin/AWC_control/src/build/nav2_commander/install.log'
[5.041s] Invoked command in '/home/gavin/AWC_control/src/nav2_commander' returned '0': CONDA_PROMPT_MODIFIER=(base) PYTHONPATH=/home/gavin/AWC_control/src/build/nav2_commander/prefix_override:/usr/lib/python3/dist-packages/colcon_core/task/python/colcon_distutils_commands:/home/gavin/AWC_control/src/install/nav2_commander/lib/python3.10/site-packages:${PYTHONPATH} /usr/bin/python3 -W ignore:setup.py install is deprecated -W ignore:easy_install command is deprecated setup.py egg_info --egg-base ../build/nav2_commander build --build-base /home/gavin/AWC_control/src/build/nav2_commander/build install --record /home/gavin/AWC_control/src/build/nav2_commander/install.log --single-version-externally-managed install_data
