[0.011s] Invoking command in '/home/gavin/ros2_ws/build/robot_description': CMAKE_PREFIX_PATH=${CMAKE_PREFIX_PATH}:/home/gavin/ros2_ws/install/tf_publisher:/opt/ros/humble /usr/bin/cmake --build /home/gavin/ros2_ws/build/robot_description -- -j4 -l4
[0.171s] Invoked command in '/home/gavin/ros2_ws/build/robot_description' returned '0': CMAKE_PREFIX_PATH=${CMAKE_PREFIX_PATH}:/home/gavin/ros2_ws/install/tf_publisher:/opt/ros/humble /usr/bin/cmake --build /home/gavin/ros2_ws/build/robot_description -- -j4 -l4
[0.178s] Invoking command in '/home/gavin/ros2_ws/build/robot_description': CMAKE_PREFIX_PATH=${CMAKE_PREFIX_PATH}:/home/gavin/ros2_ws/install/tf_publisher:/opt/ros/humble /usr/bin/cmake --install /home/gavin/ros2_ws/build/robot_description
[0.184s] -- Install configuration: ""
[0.184s] -- Up-to-date: /home/gavin/ros2_ws/install/robot_description/share/robot_description/launch
[0.185s] -- Up-to-date: /home/gavin/ros2_ws/install/robot_description/share/robot_description/launch/gazebo.launch.py
[0.185s] -- Up-to-date: /home/gavin/ros2_ws/install/robot_description/share/robot_description/launch/display.launch.py
[0.185s] -- Up-to-date: /home/gavin/ros2_ws/install/robot_description/share/robot_description/meshes
[0.185s] -- Up-to-date: /home/gavin/ros2_ws/install/robot_description/share/robot_description/meshes/part_1.part
[0.185s] -- Up-to-date: /home/gavin/ros2_ws/install/robot_description/share/robot_description/meshes/part_1.stl
[0.185s] -- Up-to-date: /home/gavin/ros2_ws/install/robot_description/share/robot_description/meshes/part_1.2.part
[0.185s] -- Up-to-date: /home/gavin/ros2_ws/install/robot_description/share/robot_description/meshes/part_1.2.stl
[0.185s] -- Up-to-date: /home/gavin/ros2_ws/install/robot_description/share/robot_description/urdf
[0.185s] -- Up-to-date: /home/gavin/ros2_ws/install/robot_description/share/robot_description/urdf/bumperbot.urdf.xacro
[0.185s] -- Up-to-date: /home/gavin/ros2_ws/install/robot_description/share/robot_description/urdf/bumperbot_gazebo.xacro
[0.185s] -- Up-to-date: /home/gavin/ros2_ws/install/robot_description/share/robot_description/urdf/robot_gazebo.xacro
[0.185s] -- Up-to-date: /home/gavin/ros2_ws/install/robot_description/share/robot_description/urdf/robot.urdf.xacro
[0.186s] -- Up-to-date: /home/gavin/ros2_ws/install/robot_description/share/robot_description/rviz
[0.186s] -- Up-to-date: /home/gavin/ros2_ws/install/robot_description/share/robot_description/rviz/display.rviz
[0.186s] -- Up-to-date: /home/gavin/ros2_ws/install/robot_description/share/ament_index/resource_index/package_run_dependencies/robot_description
[0.186s] -- Up-to-date: /home/gavin/ros2_ws/install/robot_description/share/ament_index/resource_index/parent_prefix_path/robot_description
[0.186s] -- Up-to-date: /home/gavin/ros2_ws/install/robot_description/share/robot_description/environment/ament_prefix_path.sh
[0.186s] -- Up-to-date: /home/gavin/ros2_ws/install/robot_description/share/robot_description/environment/ament_prefix_path.dsv
[0.186s] -- Up-to-date: /home/gavin/ros2_ws/install/robot_description/share/robot_description/environment/path.sh
[0.186s] -- Up-to-date: /home/gavin/ros2_ws/install/robot_description/share/robot_description/environment/path.dsv
[0.186s] -- Up-to-date: /home/gavin/ros2_ws/install/robot_description/share/robot_description/local_setup.bash
[0.186s] -- Up-to-date: /home/gavin/ros2_ws/install/robot_description/share/robot_description/local_setup.sh
[0.186s] -- Up-to-date: /home/gavin/ros2_ws/install/robot_description/share/robot_description/local_setup.zsh
[0.186s] -- Up-to-date: /home/gavin/ros2_ws/install/robot_description/share/robot_description/local_setup.dsv
[0.186s] -- Installing: /home/gavin/ros2_ws/install/robot_description/share/robot_description/package.dsv
[0.186s] -- Up-to-date: /home/gavin/ros2_ws/install/robot_description/share/ament_index/resource_index/packages/robot_description
[0.187s] -- Up-to-date: /home/gavin/ros2_ws/install/robot_description/share/robot_description/cmake/robot_descriptionConfig.cmake
[0.187s] -- Up-to-date: /home/gavin/ros2_ws/install/robot_description/share/robot_description/cmake/robot_descriptionConfig-version.cmake
[0.187s] -- Up-to-date: /home/gavin/ros2_ws/install/robot_description/share/robot_description/package.xml
[0.188s] Invoked command in '/home/gavin/ros2_ws/build/robot_description' returned '0': CMAKE_PREFIX_PATH=${CMAKE_PREFIX_PATH}:/home/gavin/ros2_ws/install/tf_publisher:/opt/ros/humble /usr/bin/cmake --install /home/gavin/ros2_ws/build/robot_description
