running egg_info
creating ../build/nav2_commander/nav2_commander.egg-info
writing ../build/nav2_commander/nav2_commander.egg-info/PKG-INFO
writing dependency_links to ../build/nav2_commander/nav2_commander.egg-info/dependency_links.txt
writing entry points to ../build/nav2_commander/nav2_commander.egg-info/entry_points.txt
writing requirements to ../build/nav2_commander/nav2_commander.egg-info/requires.txt
writing top-level names to ../build/nav2_commander/nav2_commander.egg-info/top_level.txt
writing manifest file '../build/nav2_commander/nav2_commander.egg-info/SOURCES.txt'
reading manifest file '../build/nav2_commander/nav2_commander.egg-info/SOURCES.txt'
writing manifest file '../build/nav2_commander/nav2_commander.egg-info/SOURCES.txt'
running build
running build_py
creating /home/gavin/AWC_control/src/build/nav2_commander/build
creating /home/gavin/AWC_control/src/build/nav2_commander/build/lib
creating /home/gavin/AWC_control/src/build/nav2_commander/build/lib/nav2_commander
copying nav2_commander/nav2_commander.py -> /home/gavin/AWC_control/src/build/nav2_commander/build/lib/nav2_commander
copying nav2_commander/__init__.py -> /home/gavin/AWC_control/src/build/nav2_commander/build/lib/nav2_commander
running install
running install_lib
creating /home/gavin/AWC_control/src/install/nav2_commander/lib/python3.10/site-packages/nav2_commander
copying /home/gavin/AWC_control/src/build/nav2_commander/build/lib/nav2_commander/nav2_commander.py -> /home/gavin/AWC_control/src/install/nav2_commander/lib/python3.10/site-packages/nav2_commander
copying /home/gavin/AWC_control/src/build/nav2_commander/build/lib/nav2_commander/__init__.py -> /home/gavin/AWC_control/src/install/nav2_commander/lib/python3.10/site-packages/nav2_commander
byte-compiling /home/gavin/AWC_control/src/install/nav2_commander/lib/python3.10/site-packages/nav2_commander/nav2_commander.py to nav2_commander.cpython-310.pyc
byte-compiling /home/gavin/AWC_control/src/install/nav2_commander/lib/python3.10/site-packages/nav2_commander/__init__.py to __init__.cpython-310.pyc
running install_data
creating /home/gavin/AWC_control/src/install/nav2_commander/share/ament_index
creating /home/gavin/AWC_control/src/install/nav2_commander/share/ament_index/resource_index
creating /home/gavin/AWC_control/src/install/nav2_commander/share/ament_index/resource_index/packages
copying resource/nav2_commander -> /home/gavin/AWC_control/src/install/nav2_commander/share/ament_index/resource_index/packages
copying package.xml -> /home/gavin/AWC_control/src/install/nav2_commander/share/nav2_commander
running install_egg_info
Copying ../build/nav2_commander/nav2_commander.egg-info to /home/gavin/AWC_control/src/install/nav2_commander/lib/python3.10/site-packages/nav2_commander-0.0.0-py3.10.egg-info
running install_scripts
Installing nav2_command script to /home/gavin/AWC_control/src/install/nav2_commander/lib/nav2_commander
writing list of installed files to '/home/gavin/AWC_control/src/build/nav2_commander/install.log'
