[4.484s] Invoking command in '/home/gavin/AWC_control/src/nav2_commander': CONDA_PROMPT_MODIFIER=(base) PYTHONPATH=/home/gavin/AWC_control/src/build/nav2_commander/prefix_override:/usr/lib/python3/dist-packages/colcon_core/task/python/colcon_distutils_commands:/home/gavin/AWC_control/src/install/nav2_commander/lib/python3.10/site-packages:${PYTHONPATH} /usr/bin/python3 -W ignore:setup.py install is deprecated -W ignore:easy_install command is deprecated setup.py egg_info --egg-base ../build/nav2_commander build --build-base /home/gavin/AWC_control/src/build/nav2_commander/build install --record /home/gavin/AWC_control/src/build/nav2_commander/install.log --single-version-externally-managed install_data
[5.342s] running egg_info
[5.348s] creating ../build/nav2_commander/nav2_commander.egg-info
[5.350s] writing ../build/nav2_commander/nav2_commander.egg-info/PKG-INFO
[5.351s] writing dependency_links to ../build/nav2_commander/nav2_commander.egg-info/dependency_links.txt
[5.353s] writing entry points to ../build/nav2_commander/nav2_commander.egg-info/entry_points.txt
[5.354s] writing requirements to ../build/nav2_commander/nav2_commander.egg-info/requires.txt
[5.355s] writing top-level names to ../build/nav2_commander/nav2_commander.egg-info/top_level.txt
[5.355s] writing manifest file '../build/nav2_commander/nav2_commander.egg-info/SOURCES.txt'
[5.356s] reading manifest file '../build/nav2_commander/nav2_commander.egg-info/SOURCES.txt'
[5.356s] writing manifest file '../build/nav2_commander/nav2_commander.egg-info/SOURCES.txt'
[5.356s] running build
[5.356s] running build_py
[5.356s] creating /home/gavin/AWC_control/src/build/nav2_commander/build
[5.357s] creating /home/gavin/AWC_control/src/build/nav2_commander/build/lib
[5.357s] creating /home/gavin/AWC_control/src/build/nav2_commander/build/lib/nav2_commander
[5.357s] copying nav2_commander/nav2_commander.py -> /home/gavin/AWC_control/src/build/nav2_commander/build/lib/nav2_commander
[5.359s] copying nav2_commander/__init__.py -> /home/gavin/AWC_control/src/build/nav2_commander/build/lib/nav2_commander
[5.360s] running install
[5.360s] running install_lib
[5.360s] creating /home/gavin/AWC_control/src/install/nav2_commander/lib/python3.10/site-packages/nav2_commander
[5.360s] copying /home/gavin/AWC_control/src/build/nav2_commander/build/lib/nav2_commander/nav2_commander.py -> /home/gavin/AWC_control/src/install/nav2_commander/lib/python3.10/site-packages/nav2_commander
[5.361s] copying /home/gavin/AWC_control/src/build/nav2_commander/build/lib/nav2_commander/__init__.py -> /home/gavin/AWC_control/src/install/nav2_commander/lib/python3.10/site-packages/nav2_commander
[5.367s] byte-compiling /home/gavin/AWC_control/src/install/nav2_commander/lib/python3.10/site-packages/nav2_commander/nav2_commander.py to nav2_commander.cpython-310.pyc
[5.367s] byte-compiling /home/gavin/AWC_control/src/install/nav2_commander/lib/python3.10/site-packages/nav2_commander/__init__.py to __init__.cpython-310.pyc
[5.368s] running install_data
[5.368s] creating /home/gavin/AWC_control/src/install/nav2_commander/share/ament_index
[5.369s] creating /home/gavin/AWC_control/src/install/nav2_commander/share/ament_index/resource_index
[5.369s] creating /home/gavin/AWC_control/src/install/nav2_commander/share/ament_index/resource_index/packages
[5.370s] copying resource/nav2_commander -> /home/gavin/AWC_control/src/install/nav2_commander/share/ament_index/resource_index/packages
[5.370s] copying package.xml -> /home/gavin/AWC_control/src/install/nav2_commander/share/nav2_commander
[5.370s] running install_egg_info
[5.371s] Copying ../build/nav2_commander/nav2_commander.egg-info to /home/gavin/AWC_control/src/install/nav2_commander/lib/python3.10/site-packages/nav2_commander-0.0.0-py3.10.egg-info
[5.372s] running install_scripts
[5.450s] Installing nav2_command script to /home/gavin/AWC_control/src/install/nav2_commander/lib/nav2_commander
[5.452s] writing list of installed files to '/home/gavin/AWC_control/src/build/nav2_commander/install.log'
[6.225s] Invoked command in '/home/gavin/AWC_control/src/nav2_commander' returned '0': CONDA_PROMPT_MODIFIER=(base) PYTHONPATH=/home/gavin/AWC_control/src/build/nav2_commander/prefix_override:/usr/lib/python3/dist-packages/colcon_core/task/python/colcon_distutils_commands:/home/gavin/AWC_control/src/install/nav2_commander/lib/python3.10/site-packages:${PYTHONPATH} /usr/bin/python3 -W ignore:setup.py install is deprecated -W ignore:easy_install command is deprecated setup.py egg_info --egg-base ../build/nav2_commander build --build-base /home/gavin/AWC_control/src/build/nav2_commander/build install --record /home/gavin/AWC_control/src/build/nav2_commander/install.log --single-version-externally-managed install_data
