[2.785s] Invoking command in '/home/gavin/AWC_control/src/build/pointcloud_to_laserscan': CMAKE_PREFIX_PATH=${CMAKE_PREFIX_PATH}:/home/gavin/minimec/install/wheeltec_control:/home/gavin/minimec/install/mini_mec_localization:/home/gavin/minimec/src/install/wheeltec_control:/home/gavin/minimec/src/install/mini_mec_localization:/home/gavin/install/ament_uncrustify:/home/gavin/install/tracetools_trace:/home/gavin/install/tracetools_read:/home/gavin/install/rpyutils:/home/gavin/install/rosidl_cli:/home/gavin/install/launch_pytest:/home/gavin/install/launch_testing:/home/gavin/install/launch_yaml:/home/gavin/install/launch_xml:/home/gavin/install/launch:/home/gavin/install/osrf_pycommon:/home/gavin/install/domain_coordinator:/home/gavin/install/ament_xmllint:/home/gavin/install/ament_pyflakes:/home/gavin/install/ament_pycodestyle:/home/gavin/install/ament_pep257:/home/gavin/install/ament_pclint:/home/gavin/install/ament_package:/home/gavin/install/ament_mypy:/home/gavin/install/ament_lint_cmake:/home/gavin/install/ament_flake8:/home/gavin/install/ament_copyright:/home/gavin/install/ament_lint:/home/gavin/install/ament_index_python:/home/gavin/install/ament_cpplint:/home/gavin/install/ament_cppcheck:/home/gavin/install/ament_clang_tidy:/home/gavin/install/ament_clang_format:/opt/ros/humble CONDA_PROMPT_MODIFIER=(base) /usr/bin/cmake --build /home/gavin/AWC_control/src/build/pointcloud_to_laserscan -- -j8 -l8
[2.897s] [ 40%] Built target pointcloud_to_laserscan_node
[2.898s] [ 40%] Built target laserscan_to_pointcloud_node
[2.904s] [ 60%] Built target laserscan_to_pointcloud
[2.958s] [ 80%] Built target pointcloud_to_laserscan
[3.012s] [100%] Built target dummy_pointcloud_publisher
[3.391s] Invoked command in '/home/gavin/AWC_control/src/build/pointcloud_to_laserscan' returned '0': CMAKE_PREFIX_PATH=${CMAKE_PREFIX_PATH}:/home/gavin/minimec/install/wheeltec_control:/home/gavin/minimec/install/mini_mec_localization:/home/gavin/minimec/src/install/wheeltec_control:/home/gavin/minimec/src/install/mini_mec_localization:/home/gavin/install/ament_uncrustify:/home/gavin/install/tracetools_trace:/home/gavin/install/tracetools_read:/home/gavin/install/rpyutils:/home/gavin/install/rosidl_cli:/home/gavin/install/launch_pytest:/home/gavin/install/launch_testing:/home/gavin/install/launch_yaml:/home/gavin/install/launch_xml:/home/gavin/install/launch:/home/gavin/install/osrf_pycommon:/home/gavin/install/domain_coordinator:/home/gavin/install/ament_xmllint:/home/gavin/install/ament_pyflakes:/home/gavin/install/ament_pycodestyle:/home/gavin/install/ament_pep257:/home/gavin/install/ament_pclint:/home/gavin/install/ament_package:/home/gavin/install/ament_mypy:/home/gavin/install/ament_lint_cmake:/home/gavin/install/ament_flake8:/home/gavin/install/ament_copyright:/home/gavin/install/ament_lint:/home/gavin/install/ament_index_python:/home/gavin/install/ament_cpplint:/home/gavin/install/ament_cppcheck:/home/gavin/install/ament_clang_tidy:/home/gavin/install/ament_clang_format:/opt/ros/humble CONDA_PROMPT_MODIFIER=(base) /usr/bin/cmake --build /home/gavin/AWC_control/src/build/pointcloud_to_laserscan -- -j8 -l8
[3.392s] Invoking command in '/home/gavin/AWC_control/src/build/pointcloud_to_laserscan': CMAKE_PREFIX_PATH=${CMAKE_PREFIX_PATH}:/home/gavin/minimec/install/wheeltec_control:/home/gavin/minimec/install/mini_mec_localization:/home/gavin/minimec/src/install/wheeltec_control:/home/gavin/minimec/src/install/mini_mec_localization:/home/gavin/install/ament_uncrustify:/home/gavin/install/tracetools_trace:/home/gavin/install/tracetools_read:/home/gavin/install/rpyutils:/home/gavin/install/rosidl_cli:/home/gavin/install/launch_pytest:/home/gavin/install/launch_testing:/home/gavin/install/launch_yaml:/home/gavin/install/launch_xml:/home/gavin/install/launch:/home/gavin/install/osrf_pycommon:/home/gavin/install/domain_coordinator:/home/gavin/install/ament_xmllint:/home/gavin/install/ament_pyflakes:/home/gavin/install/ament_pycodestyle:/home/gavin/install/ament_pep257:/home/gavin/install/ament_pclint:/home/gavin/install/ament_package:/home/gavin/install/ament_mypy:/home/gavin/install/ament_lint_cmake:/home/gavin/install/ament_flake8:/home/gavin/install/ament_copyright:/home/gavin/install/ament_lint:/home/gavin/install/ament_index_python:/home/gavin/install/ament_cpplint:/home/gavin/install/ament_cppcheck:/home/gavin/install/ament_clang_tidy:/home/gavin/install/ament_clang_format:/opt/ros/humble CONDA_PROMPT_MODIFIER=(base) /usr/bin/cmake --install /home/gavin/AWC_control/src/build/pointcloud_to_laserscan
[3.436s] -- Install configuration: ""
[3.437s] -- Up-to-date: /home/gavin/AWC_control/src/install/pointcloud_to_laserscan/lib/pointcloud_to_laserscan/laserscan_to_pointcloud_node
[3.437s] -- Up-to-date: /home/gavin/AWC_control/src/install/pointcloud_to_laserscan/lib/pointcloud_to_laserscan/pointcloud_to_laserscan_node
[3.437s] -- Up-to-date: /home/gavin/AWC_control/src/install/pointcloud_to_laserscan/include
[3.438s] -- Up-to-date: /home/gavin/AWC_control/src/install/pointcloud_to_laserscan/include/pointcloud_to_laserscan
[3.443s] -- Up-to-date: /home/gavin/AWC_control/src/install/pointcloud_to_laserscan/include/pointcloud_to_laserscan/visibility_control.h
[3.451s] -- Up-to-date: /home/gavin/AWC_control/src/install/pointcloud_to_laserscan/include/pointcloud_to_laserscan/pointcloud_to_laserscan_node.hpp
[3.451s] -- Up-to-date: /home/gavin/AWC_control/src/install/pointcloud_to_laserscan/include/pointcloud_to_laserscan/laserscan_to_pointcloud_node.hpp
[3.451s] -- Up-to-date: /home/gavin/AWC_control/src/install/pointcloud_to_laserscan/share/pointcloud_to_laserscan/environment/library_path.sh
[3.451s] -- Up-to-date: /home/gavin/AWC_control/src/install/pointcloud_to_laserscan/share/pointcloud_to_laserscan/environment/library_path.dsv
[3.451s] -- Up-to-date: /home/gavin/AWC_control/src/install/pointcloud_to_laserscan/lib/liblaserscan_to_pointcloud.so
[3.452s] -- Up-to-date: /home/gavin/AWC_control/src/install/pointcloud_to_laserscan/lib/libpointcloud_to_laserscan.so
[3.452s] -- Up-to-date: /home/gavin/AWC_control/src/install/pointcloud_to_laserscan/lib/pointcloud_to_laserscan/dummy_pointcloud_publisher
[3.452s] -- Up-to-date: /home/gavin/AWC_control/src/install/pointcloud_to_laserscan/share/pointcloud_to_laserscan/launch
[3.452s] -- Up-to-date: /home/gavin/AWC_control/src/install/pointcloud_to_laserscan/share/pointcloud_to_laserscan/launch/sample_laserscan_to_pointcloud_launch.py
[3.452s] -- Up-to-date: /home/gavin/AWC_control/src/install/pointcloud_to_laserscan/share/pointcloud_to_laserscan/launch/sample_pointcloud_to_laserscan_launch.py
[3.452s] -- Up-to-date: /home/gavin/AWC_control/src/install/pointcloud_to_laserscan/share/ament_index/resource_index/package_run_dependencies/pointcloud_to_laserscan
[3.453s] -- Up-to-date: /home/gavin/AWC_control/src/install/pointcloud_to_laserscan/share/ament_index/resource_index/parent_prefix_path/pointcloud_to_laserscan
[3.453s] -- Up-to-date: /home/gavin/AWC_control/src/install/pointcloud_to_laserscan/share/pointcloud_to_laserscan/environment/ament_prefix_path.sh
[3.453s] -- Up-to-date: /home/gavin/AWC_control/src/install/pointcloud_to_laserscan/share/pointcloud_to_laserscan/environment/ament_prefix_path.dsv
[3.457s] -- Up-to-date: /home/gavin/AWC_control/src/install/pointcloud_to_laserscan/share/pointcloud_to_laserscan/environment/path.sh
[3.461s] -- Up-to-date: /home/gavin/AWC_control/src/install/pointcloud_to_laserscan/share/pointcloud_to_laserscan/environment/path.dsv
[3.461s] -- Up-to-date: /home/gavin/AWC_control/src/install/pointcloud_to_laserscan/share/pointcloud_to_laserscan/local_setup.bash
[3.462s] -- Up-to-date: /home/gavin/AWC_control/src/install/pointcloud_to_laserscan/share/pointcloud_to_laserscan/local_setup.sh
[3.462s] -- Up-to-date: /home/gavin/AWC_control/src/install/pointcloud_to_laserscan/share/pointcloud_to_laserscan/local_setup.zsh
[3.462s] -- Up-to-date: /home/gavin/AWC_control/src/install/pointcloud_to_laserscan/share/pointcloud_to_laserscan/local_setup.dsv
[3.462s] -- Installing: /home/gavin/AWC_control/src/install/pointcloud_to_laserscan/share/pointcloud_to_laserscan/package.dsv
[3.462s] -- Up-to-date: /home/gavin/AWC_control/src/install/pointcloud_to_laserscan/share/ament_index/resource_index/packages/pointcloud_to_laserscan
[3.462s] -- Up-to-date: /home/gavin/AWC_control/src/install/pointcloud_to_laserscan/share/ament_index/resource_index/rclcpp_components/pointcloud_to_laserscan
[3.462s] -- Up-to-date: /home/gavin/AWC_control/src/install/pointcloud_to_laserscan/share/pointcloud_to_laserscan/cmake/ament_cmake_export_dependencies-extras.cmake
[3.463s] -- Up-to-date: /home/gavin/AWC_control/src/install/pointcloud_to_laserscan/share/pointcloud_to_laserscan/cmake/ament_cmake_export_include_directories-extras.cmake
[3.463s] -- Up-to-date: /home/gavin/AWC_control/src/install/pointcloud_to_laserscan/share/pointcloud_to_laserscan/cmake/ament_cmake_export_libraries-extras.cmake
[3.463s] -- Up-to-date: /home/gavin/AWC_control/src/install/pointcloud_to_laserscan/share/pointcloud_to_laserscan/cmake/pointcloud_to_laserscanConfig.cmake
[3.463s] -- Up-to-date: /home/gavin/AWC_control/src/install/pointcloud_to_laserscan/share/pointcloud_to_laserscan/cmake/pointcloud_to_laserscanConfig-version.cmake
[3.463s] -- Up-to-date: /home/gavin/AWC_control/src/install/pointcloud_to_laserscan/share/pointcloud_to_laserscan/package.xml
[3.464s] Invoked command in '/home/gavin/AWC_control/src/build/pointcloud_to_laserscan' returned '0': CMAKE_PREFIX_PATH=${CMAKE_PREFIX_PATH}:/home/gavin/minimec/install/wheeltec_control:/home/gavin/minimec/install/mini_mec_localization:/home/gavin/minimec/src/install/wheeltec_control:/home/gavin/minimec/src/install/mini_mec_localization:/home/gavin/install/ament_uncrustify:/home/gavin/install/tracetools_trace:/home/gavin/install/tracetools_read:/home/gavin/install/rpyutils:/home/gavin/install/rosidl_cli:/home/gavin/install/launch_pytest:/home/gavin/install/launch_testing:/home/gavin/install/launch_yaml:/home/gavin/install/launch_xml:/home/gavin/install/launch:/home/gavin/install/osrf_pycommon:/home/gavin/install/domain_coordinator:/home/gavin/install/ament_xmllint:/home/gavin/install/ament_pyflakes:/home/gavin/install/ament_pycodestyle:/home/gavin/install/ament_pep257:/home/gavin/install/ament_pclint:/home/gavin/install/ament_package:/home/gavin/install/ament_mypy:/home/gavin/install/ament_lint_cmake:/home/gavin/install/ament_flake8:/home/gavin/install/ament_copyright:/home/gavin/install/ament_lint:/home/gavin/install/ament_index_python:/home/gavin/install/ament_cpplint:/home/gavin/install/ament_cppcheck:/home/gavin/install/ament_clang_tidy:/home/gavin/install/ament_clang_format:/opt/ros/humble CONDA_PROMPT_MODIFIER=(base) /usr/bin/cmake --install /home/gavin/AWC_control/src/build/pointcloud_to_laserscan
