[0.902s] Invoking command in '/home/gavin/ros2_ws/src/tf_publisher': PYTHONPATH=/home/gavin/ros2_ws/build/tf_publisher/prefix_override:/usr/lib/python3/dist-packages/colcon_core/task/python/colcon_distutils_commands:/home/gavin/ros2_ws/install/tf_publisher/lib/python3.10/site-packages:${PYTHONPATH} /usr/bin/python3 -W ignore:setup.py install is deprecated -W ignore:easy_install command is deprecated setup.py egg_info --egg-base ../../build/tf_publisher build --build-base /home/gavin/ros2_ws/build/tf_publisher/build install --record /home/gavin/ros2_ws/build/tf_publisher/install.log --single-version-externally-managed install_data
[1.066s] running egg_info
[1.077s] writing ../../build/tf_publisher/tf_publisher.egg-info/PKG-INFO
[1.077s] writing dependency_links to ../../build/tf_publisher/tf_publisher.egg-info/dependency_links.txt
[1.077s] writing entry points to ../../build/tf_publisher/tf_publisher.egg-info/entry_points.txt
[1.077s] writing requirements to ../../build/tf_publisher/tf_publisher.egg-info/requires.txt
[1.077s] writing top-level names to ../../build/tf_publisher/tf_publisher.egg-info/top_level.txt
[1.102s] reading manifest file '../../build/tf_publisher/tf_publisher.egg-info/SOURCES.txt'
[1.103s] writing manifest file '../../build/tf_publisher/tf_publisher.egg-info/SOURCES.txt'
[1.103s] running build
[1.103s] running build_py
[1.103s] running install
[1.109s] running install_lib
[1.121s] running install_data
[1.121s] running install_egg_info
[1.133s] removing '/home/gavin/ros2_ws/install/tf_publisher/lib/python3.10/site-packages/tf_publisher-0.0.0-py3.10.egg-info' (and everything under it)
[1.133s] Copying ../../build/tf_publisher/tf_publisher.egg-info to /home/gavin/ros2_ws/install/tf_publisher/lib/python3.10/site-packages/tf_publisher-0.0.0-py3.10.egg-info
[1.134s] running install_scripts
[1.243s] Installing tf_broadcaster.py script to /home/gavin/ros2_ws/install/tf_publisher/lib/tf_publisher
[1.244s] writing list of installed files to '/home/gavin/ros2_ws/build/tf_publisher/install.log'
[1.274s] Invoked command in '/home/gavin/ros2_ws/src/tf_publisher' returned '0': PYTHONPATH=/home/gavin/ros2_ws/build/tf_publisher/prefix_override:/usr/lib/python3/dist-packages/colcon_core/task/python/colcon_distutils_commands:/home/gavin/ros2_ws/install/tf_publisher/lib/python3.10/site-packages:${PYTHONPATH} /usr/bin/python3 -W ignore:setup.py install is deprecated -W ignore:easy_install command is deprecated setup.py egg_info --egg-base ../../build/tf_publisher build --build-base /home/gavin/ros2_ws/build/tf_publisher/build install --record /home/gavin/ros2_ws/build/tf_publisher/install.log --single-version-externally-managed install_data
