[0.156s] Invoking command in '/home/gavin/ros2_ws/build/awc_msgs': CMAKE_PREFIX_PATH=${CMAKE_PREFIX_PATH}:/home/gavin/ros2_ws/install/awc_bringup:/home/gavin/ros2_ws/install/tf_publisher:/opt/ros/humble /usr/bin/cmake --build /home/gavin/ros2_ws/build/awc_msgs -- -j4 -l4
[0.310s] Invoked command in '/home/gavin/ros2_ws/build/awc_msgs' returned '0': CMAKE_PREFIX_PATH=${CMAKE_PREFIX_PATH}:/home/gavin/ros2_ws/install/awc_bringup:/home/gavin/ros2_ws/install/tf_publisher:/opt/ros/humble /usr/bin/cmake --build /home/gavin/ros2_ws/build/awc_msgs -- -j4 -l4
[0.317s] Invoking command in '/home/gavin/ros2_ws/build/awc_msgs': CMAKE_PREFIX_PATH=${CMAKE_PREFIX_PATH}:/home/gavin/ros2_ws/install/awc_bringup:/home/gavin/ros2_ws/install/tf_publisher:/opt/ros/humble /usr/bin/cmake --install /home/gavin/ros2_ws/build/awc_msgs
[0.327s] -- Install configuration: ""
[0.327s] -- Up-to-date: /home/gavin/ros2_ws/install/awc_msgs/share/ament_index/resource_index/package_run_dependencies/awc_msgs
[0.327s] -- Up-to-date: /home/gavin/ros2_ws/install/awc_msgs/share/ament_index/resource_index/parent_prefix_path/awc_msgs
[0.327s] -- Up-to-date: /home/gavin/ros2_ws/install/awc_msgs/share/awc_msgs/environment/ament_prefix_path.sh
[0.328s] -- Up-to-date: /home/gavin/ros2_ws/install/awc_msgs/share/awc_msgs/environment/ament_prefix_path.dsv
[0.328s] -- Up-to-date: /home/gavin/ros2_ws/install/awc_msgs/share/awc_msgs/environment/path.sh
[0.328s] -- Up-to-date: /home/gavin/ros2_ws/install/awc_msgs/share/awc_msgs/environment/path.dsv
[0.328s] -- Up-to-date: /home/gavin/ros2_ws/install/awc_msgs/share/awc_msgs/local_setup.bash
[0.328s] -- Up-to-date: /home/gavin/ros2_ws/install/awc_msgs/share/awc_msgs/local_setup.sh
[0.328s] -- Up-to-date: /home/gavin/ros2_ws/install/awc_msgs/share/awc_msgs/local_setup.zsh
[0.328s] -- Up-to-date: /home/gavin/ros2_ws/install/awc_msgs/share/awc_msgs/local_setup.dsv
[0.328s] -- Up-to-date: /home/gavin/ros2_ws/install/awc_msgs/share/awc_msgs/package.dsv
[0.328s] -- Up-to-date: /home/gavin/ros2_ws/install/awc_msgs/share/ament_index/resource_index/packages/awc_msgs
[0.328s] -- Up-to-date: /home/gavin/ros2_ws/install/awc_msgs/share/awc_msgs/cmake/awc_msgsConfig.cmake
[0.328s] -- Up-to-date: /home/gavin/ros2_ws/install/awc_msgs/share/awc_msgs/cmake/awc_msgsConfig-version.cmake
[0.328s] -- Up-to-date: /home/gavin/ros2_ws/install/awc_msgs/share/awc_msgs/package.xml
[0.335s] Invoked command in '/home/gavin/ros2_ws/build/awc_msgs' returned '0': CMAKE_PREFIX_PATH=${CMAKE_PREFIX_PATH}:/home/gavin/ros2_ws/install/awc_bringup:/home/gavin/ros2_ws/install/tf_publisher:/opt/ros/humble /usr/bin/cmake --install /home/gavin/ros2_ws/build/awc_msgs
