[2.525s] Invoking command in '/home/gavin/AWC_control/src/tf_publisher': CONDA_PROMPT_MODIFIER=(base) PYTHONPATH=/home/gavin/AWC_control/src/build/tf_publisher/prefix_override:/usr/lib/python3/dist-packages/colcon_core/task/python/colcon_distutils_commands:/home/gavin/AWC_control/src/install/tf_publisher/lib/python3.10/site-packages:${PYTHONPATH} /usr/bin/python3 -W ignore:setup.py install is deprecated -W ignore:easy_install command is deprecated setup.py egg_info --egg-base ../build/tf_publisher build --build-base /home/gavin/AWC_control/src/build/tf_publisher/build install --record /home/gavin/AWC_control/src/build/tf_publisher/install.log --single-version-externally-managed install_data
[3.055s] running egg_info
[3.056s] writing ../build/tf_publisher/tf_publisher.egg-info/PKG-INFO
[3.057s] writing dependency_links to ../build/tf_publisher/tf_publisher.egg-info/dependency_links.txt
[3.057s] writing entry points to ../build/tf_publisher/tf_publisher.egg-info/entry_points.txt
[3.058s] writing requirements to ../build/tf_publisher/tf_publisher.egg-info/requires.txt
[3.058s] writing top-level names to ../build/tf_publisher/tf_publisher.egg-info/top_level.txt
[3.060s] reading manifest file '../build/tf_publisher/tf_publisher.egg-info/SOURCES.txt'
[3.061s] writing manifest file '../build/tf_publisher/tf_publisher.egg-info/SOURCES.txt'
[3.062s] running build
[3.062s] running build_py
[3.062s] running install
[3.062s] running install_lib
[3.065s] running install_data
[3.065s] running install_egg_info
[3.068s] removing '/home/gavin/AWC_control/src/install/tf_publisher/lib/python3.10/site-packages/tf_publisher-0.0.0-py3.10.egg-info' (and everything under it)
[3.069s] Copying ../build/tf_publisher/tf_publisher.egg-info to /home/gavin/AWC_control/src/install/tf_publisher/lib/python3.10/site-packages/tf_publisher-0.0.0-py3.10.egg-info
[3.070s] running install_scripts
[3.109s] writing list of installed files to '/home/gavin/AWC_control/src/build/tf_publisher/install.log'
[3.157s] Invoked command in '/home/gavin/AWC_control/src/tf_publisher' returned '0': CONDA_PROMPT_MODIFIER=(base) PYTHONPATH=/home/gavin/AWC_control/src/build/tf_publisher/prefix_override:/usr/lib/python3/dist-packages/colcon_core/task/python/colcon_distutils_commands:/home/gavin/AWC_control/src/install/tf_publisher/lib/python3.10/site-packages:${PYTHONPATH} /usr/bin/python3 -W ignore:setup.py install is deprecated -W ignore:easy_install command is deprecated setup.py egg_info --egg-base ../build/tf_publisher build --build-base /home/gavin/AWC_control/src/build/tf_publisher/build install --record /home/gavin/AWC_control/src/build/tf_publisher/install.log --single-version-externally-managed install_data
