[4.811s] Invoking command in '/home/gavin/AWC_control/src/joystick_ros2': CONDA_PROMPT_MODIFIER=(base) PYTHONPATH=/home/gavin/AWC_control/src/build/joystick_ros2/prefix_override:/usr/lib/python3/dist-packages/colcon_core/task/python/colcon_distutils_commands:/home/gavin/AWC_control/src/install/joystick_ros2/lib/python3.10/site-packages:${PYTHONPATH} /usr/bin/python3 -W ignore:setup.py install is deprecated -W ignore:easy_install command is deprecated setup.py egg_info --egg-base ../build/joystick_ros2 build --build-base /home/gavin/AWC_control/src/build/joystick_ros2/build install --record /home/gavin/AWC_control/src/build/joystick_ros2/install.log --single-version-externally-managed install_data
[5.642s] running egg_info
[5.644s] writing ../build/joystick_ros2/joystick_ros2.egg-info/PKG-INFO
[5.644s] writing dependency_links to ../build/joystick_ros2/joystick_ros2.egg-info/dependency_links.txt
[5.645s] writing entry points to ../build/joystick_ros2/joystick_ros2.egg-info/entry_points.txt
[5.645s] writing requirements to ../build/joystick_ros2/joystick_ros2.egg-info/requires.txt
[5.645s] writing top-level names to ../build/joystick_ros2/joystick_ros2.egg-info/top_level.txt
[5.650s] reading manifest file '../build/joystick_ros2/joystick_ros2.egg-info/SOURCES.txt'
[5.650s] adding license file 'LICENSE'
[5.651s] writing manifest file '../build/joystick_ros2/joystick_ros2.egg-info/SOURCES.txt'
[5.651s] running build
[5.651s] running build_py
[5.652s] running install
[5.653s] running install_lib
[5.657s] running install_data
[5.657s] running install_egg_info
[5.665s] removing '/home/gavin/AWC_control/src/install/joystick_ros2/lib/python3.10/site-packages/joystick_ros2-0.0.1-py3.10.egg-info' (and everything under it)
[5.666s] Copying ../build/joystick_ros2/joystick_ros2.egg-info to /home/gavin/AWC_control/src/install/joystick_ros2/lib/python3.10/site-packages/joystick_ros2-0.0.1-py3.10.egg-info
[5.666s] running install_scripts
[5.711s] Installing joystick_ros2 script to /home/gavin/AWC_control/src/install/joystick_ros2/lib/joystick_ros2
[5.713s] writing list of installed files to '/home/gavin/AWC_control/src/build/joystick_ros2/install.log'
[5.824s] Invoked command in '/home/gavin/AWC_control/src/joystick_ros2' returned '0': CONDA_PROMPT_MODIFIER=(base) PYTHONPATH=/home/gavin/AWC_control/src/build/joystick_ros2/prefix_override:/usr/lib/python3/dist-packages/colcon_core/task/python/colcon_distutils_commands:/home/gavin/AWC_control/src/install/joystick_ros2/lib/python3.10/site-packages:${PYTHONPATH} /usr/bin/python3 -W ignore:setup.py install is deprecated -W ignore:easy_install command is deprecated setup.py egg_info --egg-base ../build/joystick_ros2 build --build-base /home/gavin/AWC_control/src/build/joystick_ros2/build install --record /home/gavin/AWC_control/src/build/joystick_ros2/install.log --single-version-externally-managed install_data
