running egg_info
creating ../build/js2fork/js2fork.egg-info
writing ../build/js2fork/js2fork.egg-info/PKG-INFO
writing dependency_links to ../build/js2fork/js2fork.egg-info/dependency_links.txt
writing entry points to ../build/js2fork/js2fork.egg-info/entry_points.txt
writing requirements to ../build/js2fork/js2fork.egg-info/requires.txt
writing top-level names to ../build/js2fork/js2fork.egg-info/top_level.txt
writing manifest file '../build/js2fork/js2fork.egg-info/SOURCES.txt'
reading manifest file '../build/js2fork/js2fork.egg-info/SOURCES.txt'
writing manifest file '../build/js2fork/js2fork.egg-info/SOURCES.txt'
running build
running build_py
creating /home/gavin/AWC_control/src/build/js2fork/build
creating /home/gavin/AWC_control/src/build/js2fork/build/lib
creating /home/gavin/AWC_control/src/build/js2fork/build/lib/js2fork
copying js2fork/__init__.py -> /home/gavin/AWC_control/src/build/js2fork/build/lib/js2fork
copying js2fork/js2fork.py -> /home/gavin/AWC_control/src/build/js2fork/build/lib/js2fork
running install
running install_lib
creating /home/gavin/AWC_control/src/install/js2fork/lib/python3.10/site-packages/js2fork
copying /home/gavin/AWC_control/src/build/js2fork/build/lib/js2fork/__init__.py -> /home/gavin/AWC_control/src/install/js2fork/lib/python3.10/site-packages/js2fork
copying /home/gavin/AWC_control/src/build/js2fork/build/lib/js2fork/js2fork.py -> /home/gavin/AWC_control/src/install/js2fork/lib/python3.10/site-packages/js2fork
byte-compiling /home/gavin/AWC_control/src/install/js2fork/lib/python3.10/site-packages/js2fork/__init__.py to __init__.cpython-310.pyc
byte-compiling /home/gavin/AWC_control/src/install/js2fork/lib/python3.10/site-packages/js2fork/js2fork.py to js2fork.cpython-310.pyc
running install_data
creating /home/gavin/AWC_control/src/install/js2fork/share/ament_index
creating /home/gavin/AWC_control/src/install/js2fork/share/ament_index/resource_index
creating /home/gavin/AWC_control/src/install/js2fork/share/ament_index/resource_index/packages
copying resource/js2fork -> /home/gavin/AWC_control/src/install/js2fork/share/ament_index/resource_index/packages
copying package.xml -> /home/gavin/AWC_control/src/install/js2fork/share/js2fork
running install_egg_info
Copying ../build/js2fork/js2fork.egg-info to /home/gavin/AWC_control/src/install/js2fork/lib/python3.10/site-packages/js2fork-0.0.0-py3.10.egg-info
running install_scripts
Installing js2fork script to /home/gavin/AWC_control/src/install/js2fork/lib/js2fork
writing list of installed files to '/home/gavin/AWC_control/src/build/js2fork/install.log'
