[4.232s] Invoking command in '/home/gavin/AWC_control/src/js2fork': CONDA_PROMPT_MODIFIER=(base) PYTHONPATH=/home/gavin/AWC_control/src/build/js2fork/prefix_override:/usr/lib/python3/dist-packages/colcon_core/task/python/colcon_distutils_commands:/home/gavin/AWC_control/src/install/js2fork/lib/python3.10/site-packages:${PYTHONPATH} /usr/bin/python3 -W ignore:setup.py install is deprecated -W ignore:easy_install command is deprecated setup.py egg_info --egg-base ../build/js2fork build --build-base /home/gavin/AWC_control/src/build/js2fork/build install --record /home/gavin/AWC_control/src/build/js2fork/install.log --single-version-externally-managed install_data
[4.981s] running egg_info
[4.985s] creating ../build/js2fork/js2fork.egg-info
[4.986s] writing ../build/js2fork/js2fork.egg-info/PKG-INFO
[4.988s] writing dependency_links to ../build/js2fork/js2fork.egg-info/dependency_links.txt
[4.989s] writing entry points to ../build/js2fork/js2fork.egg-info/entry_points.txt
[4.989s] writing requirements to ../build/js2fork/js2fork.egg-info/requires.txt
[4.990s] writing top-level names to ../build/js2fork/js2fork.egg-info/top_level.txt
[4.994s] writing manifest file '../build/js2fork/js2fork.egg-info/SOURCES.txt'
[4.996s] reading manifest file '../build/js2fork/js2fork.egg-info/SOURCES.txt'
[4.997s] writing manifest file '../build/js2fork/js2fork.egg-info/SOURCES.txt'
[4.998s] running build
[4.998s] running build_py
[4.998s] creating /home/gavin/AWC_control/src/build/js2fork/build
[4.999s] creating /home/gavin/AWC_control/src/build/js2fork/build/lib
[5.000s] creating /home/gavin/AWC_control/src/build/js2fork/build/lib/js2fork
[5.000s] copying js2fork/__init__.py -> /home/gavin/AWC_control/src/build/js2fork/build/lib/js2fork
[5.000s] copying js2fork/js2fork.py -> /home/gavin/AWC_control/src/build/js2fork/build/lib/js2fork
[5.001s] running install
[5.002s] running install_lib
[5.004s] creating /home/gavin/AWC_control/src/install/js2fork/lib/python3.10/site-packages/js2fork
[5.004s] copying /home/gavin/AWC_control/src/build/js2fork/build/lib/js2fork/__init__.py -> /home/gavin/AWC_control/src/install/js2fork/lib/python3.10/site-packages/js2fork
[5.005s] copying /home/gavin/AWC_control/src/build/js2fork/build/lib/js2fork/js2fork.py -> /home/gavin/AWC_control/src/install/js2fork/lib/python3.10/site-packages/js2fork
[5.008s] byte-compiling /home/gavin/AWC_control/src/install/js2fork/lib/python3.10/site-packages/js2fork/__init__.py to __init__.cpython-310.pyc
[5.013s] byte-compiling /home/gavin/AWC_control/src/install/js2fork/lib/python3.10/site-packages/js2fork/js2fork.py to js2fork.cpython-310.pyc
[5.013s] running install_data
[5.013s] creating /home/gavin/AWC_control/src/install/js2fork/share/ament_index
[5.013s] creating /home/gavin/AWC_control/src/install/js2fork/share/ament_index/resource_index
[5.013s] creating /home/gavin/AWC_control/src/install/js2fork/share/ament_index/resource_index/packages
[5.014s] copying resource/js2fork -> /home/gavin/AWC_control/src/install/js2fork/share/ament_index/resource_index/packages
[5.014s] copying package.xml -> /home/gavin/AWC_control/src/install/js2fork/share/js2fork
[5.015s] running install_egg_info
[5.016s] Copying ../build/js2fork/js2fork.egg-info to /home/gavin/AWC_control/src/install/js2fork/lib/python3.10/site-packages/js2fork-0.0.0-py3.10.egg-info
[5.017s] running install_scripts
[5.071s] Installing js2fork script to /home/gavin/AWC_control/src/install/js2fork/lib/js2fork
[5.071s] writing list of installed files to '/home/gavin/AWC_control/src/build/js2fork/install.log'
[5.194s] Invoked command in '/home/gavin/AWC_control/src/js2fork' returned '0': CONDA_PROMPT_MODIFIER=(base) PYTHONPATH=/home/gavin/AWC_control/src/build/js2fork/prefix_override:/usr/lib/python3/dist-packages/colcon_core/task/python/colcon_distutils_commands:/home/gavin/AWC_control/src/install/js2fork/lib/python3.10/site-packages:${PYTHONPATH} /usr/bin/python3 -W ignore:setup.py install is deprecated -W ignore:easy_install command is deprecated setup.py egg_info --egg-base ../build/js2fork build --build-base /home/gavin/AWC_control/src/build/js2fork/build install --record /home/gavin/AWC_control/src/build/js2fork/install.log --single-version-externally-managed install_data
