[6.582s] Invoking command in '/home/gavin/AWC_control/src/robot_joy': CONDA_PROMPT_MODIFIER=(base) PYTHONPATH=/home/gavin/AWC_control/src/build/robot_joy/prefix_override:/usr/lib/python3/dist-packages/colcon_core/task/python/colcon_distutils_commands:/home/gavin/AWC_control/src/install/robot_joy/lib/python3.10/site-packages:${PYTHONPATH} /usr/bin/python3 -W ignore:setup.py install is deprecated -W ignore:easy_install command is deprecated setup.py egg_info --egg-base ../build/robot_joy build --build-base /home/gavin/AWC_control/src/build/robot_joy/build install --record /home/gavin/AWC_control/src/build/robot_joy/install.log --single-version-externally-managed install_data
[7.685s] running egg_info
[7.690s] writing ../build/robot_joy/robot_joy.egg-info/PKG-INFO
[7.691s] writing dependency_links to ../build/robot_joy/robot_joy.egg-info/dependency_links.txt
[7.691s] writing entry points to ../build/robot_joy/robot_joy.egg-info/entry_points.txt
[7.692s] writing requirements to ../build/robot_joy/robot_joy.egg-info/requires.txt
[7.692s] writing top-level names to ../build/robot_joy/robot_joy.egg-info/top_level.txt
[7.710s] reading manifest file '../build/robot_joy/robot_joy.egg-info/SOURCES.txt'
[7.711s] writing manifest file '../build/robot_joy/robot_joy.egg-info/SOURCES.txt'
[7.712s] running build
[7.713s] running build_py
[7.713s] running install
[7.717s] running install_lib
[7.722s] running install_data
[7.722s] running install_egg_info
[7.733s] removing '/home/gavin/AWC_control/src/install/robot_joy/lib/python3.10/site-packages/robot_joy-0.0.0-py3.10.egg-info' (and everything under it)
[7.734s] Copying ../build/robot_joy/robot_joy.egg-info to /home/gavin/AWC_control/src/install/robot_joy/lib/python3.10/site-packages/robot_joy-0.0.0-py3.10.egg-info
[7.736s] running install_scripts
[7.811s] Installing wheeltec_keyboard.py script to /home/gavin/AWC_control/src/install/robot_joy/lib/robot_joy
[7.812s] writing list of installed files to '/home/gavin/AWC_control/src/build/robot_joy/install.log'
