[0.669s] Invoking command in '/home/gavin/AWC_control/src/build/awc_interfaces': CMAKE_PREFIX_PATH=${CMAKE_PREFIX_PATH}:/home/gavin/minimec/install/wheeltec_control:/home/gavin/minimec/install/mini_mec_localization:/home/gavin/minimec/src/install/wheeltec_control:/home/gavin/minimec/src/install/mini_mec_localization:/home/gavin/install/ament_uncrustify:/home/gavin/install/tracetools_trace:/home/gavin/install/tracetools_read:/home/gavin/install/rpyutils:/home/gavin/install/rosidl_cli:/home/gavin/install/launch_pytest:/home/gavin/install/launch_testing:/home/gavin/install/launch_yaml:/home/gavin/install/launch_xml:/home/gavin/install/launch:/home/gavin/install/osrf_pycommon:/home/gavin/install/domain_coordinator:/home/gavin/install/ament_xmllint:/home/gavin/install/ament_pyflakes:/home/gavin/install/ament_pycodestyle:/home/gavin/install/ament_pep257:/home/gavin/install/ament_pclint:/home/gavin/install/ament_package:/home/gavin/install/ament_mypy:/home/gavin/install/ament_lint_cmake:/home/gavin/install/ament_flake8:/home/gavin/install/ament_copyright:/home/gavin/install/ament_lint:/home/gavin/install/ament_index_python:/home/gavin/install/ament_cpplint:/home/gavin/install/ament_cppcheck:/home/gavin/install/ament_clang_tidy:/home/gavin/install/ament_clang_format:/opt/ros/humble CONDA_PROMPT_MODIFIER=(base) /usr/bin/cmake /home/gavin/AWC_control/src/awc_interfaces -DCMAKE_INSTALL_PREFIX=/home/gavin/AWC_control/src/install/awc_interfaces
[2.482s] -- The C compiler identification is GNU 11.4.0
[2.482s] -- The CXX compiler identification is GNU 11.4.0
[2.482s] -- Detecting C compiler ABI info
[2.482s] -- Detecting C compiler ABI info - done
[2.482s] -- Check for working C compiler: /usr/bin/cc - skipped
[2.482s] -- Detecting C compile features
[2.482s] -- Detecting C compile features - done
[2.482s] -- Detecting CXX compiler ABI info
[2.482s] -- Detecting CXX compiler ABI info - done
[2.483s] -- Check for working CXX compiler: /usr/bin/c++ - skipped
[2.483s] -- Detecting CXX compile features
[2.483s] -- Detecting CXX compile features - done
[2.483s] -- Found ament_cmake: 1.3.10 (/home/gavin/install/ament_cmake/share/ament_cmake/cmake)
[2.483s] -- Found Python3: /home/gavin/miniconda3/bin/python3 (found version "3.12.8") found components: Interpreter 
[2.483s] -- Found geometry_msgs: 4.8.0 (/opt/ros/humble/share/geometry_msgs/cmake)
[2.538s] -- Found rosidl_generator_c: 3.1.5 (/home/gavin/install/rosidl_generator_c/share/rosidl_generator_c/cmake)
[2.553s] -- Found rosidl_adapter: 3.1.5 (/home/gavin/install/rosidl_adapter/share/rosidl_adapter/cmake)
[2.606s] -- Found rosidl_generator_cpp: 3.1.6 (/opt/ros/humble/share/rosidl_generator_cpp/cmake)
[2.673s] -- Using all available rosidl_typesupport_c: rosidl_typesupport_introspection_c;rosidl_typesupport_fastrtps_c
[2.742s] -- Using all available rosidl_typesupport_cpp: rosidl_typesupport_fastrtps_cpp;rosidl_typesupport_introspection_cpp
[2.869s] -- Found rosidl_default_generators: 1.2.0 (/opt/ros/humble/share/rosidl_default_generators/cmake)
[3.858s] -- Found ament_cmake_ros: 0.10.0 (/home/gavin/install/ament_cmake_ros/share/ament_cmake_ros/cmake)
[5.081s] -- Using all available rosidl_typesupport_c: rosidl_typesupport_introspection_c;rosidl_typesupport_fastrtps_c
[5.434s] -- Using all available rosidl_typesupport_cpp: rosidl_typesupport_fastrtps_cpp;rosidl_typesupport_introspection_cpp
[5.493s] -- Found PythonInterp: /home/gavin/miniconda3/bin/python3 (found suitable version "3.12.8", minimum required is "3.6") 
[5.512s] -- Found python_cmake_module: 0.10.0 (/home/gavin/install/python_cmake_module/share/python_cmake_module/cmake)
[5.573s] -- Found PythonLibs: /home/gavin/miniconda3/lib/libpython3.12.so (found suitable version "3.12.8", minimum required is "3.5") 
[5.574s] -- Using PYTHON_EXECUTABLE: /home/gavin/miniconda3/bin/python3
[5.574s] -- Using PYTHON_INCLUDE_DIRS: /home/gavin/miniconda3/include/python3.12
[5.574s] -- Using PYTHON_LIBRARIES: /home/gavin/miniconda3/lib/libpython3.12.so
[5.619s] -- Found PythonExtra: .so  
[6.061s] -- Using numpy include directory: /home/gavin/miniconda3/lib/python3.12/site-packages/numpy/_core/include
[6.215s] -- Configuring done
[6.283s] -- Generating done
[6.309s] -- Build files have been written to: /home/gavin/AWC_control/src/build/awc_interfaces
[6.685s] Invoked command in '/home/gavin/AWC_control/src/build/awc_interfaces' returned '0': CMAKE_PREFIX_PATH=${CMAKE_PREFIX_PATH}:/home/gavin/minimec/install/wheeltec_control:/home/gavin/minimec/install/mini_mec_localization:/home/gavin/minimec/src/install/wheeltec_control:/home/gavin/minimec/src/install/mini_mec_localization:/home/gavin/install/ament_uncrustify:/home/gavin/install/tracetools_trace:/home/gavin/install/tracetools_read:/home/gavin/install/rpyutils:/home/gavin/install/rosidl_cli:/home/gavin/install/launch_pytest:/home/gavin/install/launch_testing:/home/gavin/install/launch_yaml:/home/gavin/install/launch_xml:/home/gavin/install/launch:/home/gavin/install/osrf_pycommon:/home/gavin/install/domain_coordinator:/home/gavin/install/ament_xmllint:/home/gavin/install/ament_pyflakes:/home/gavin/install/ament_pycodestyle:/home/gavin/install/ament_pep257:/home/gavin/install/ament_pclint:/home/gavin/install/ament_package:/home/gavin/install/ament_mypy:/home/gavin/install/ament_lint_cmake:/home/gavin/install/ament_flake8:/home/gavin/install/ament_copyright:/home/gavin/install/ament_lint:/home/gavin/install/ament_index_python:/home/gavin/install/ament_cpplint:/home/gavin/install/ament_cppcheck:/home/gavin/install/ament_clang_tidy:/home/gavin/install/ament_clang_format:/opt/ros/humble CONDA_PROMPT_MODIFIER=(base) /usr/bin/cmake /home/gavin/AWC_control/src/awc_interfaces -DCMAKE_INSTALL_PREFIX=/home/gavin/AWC_control/src/install/awc_interfaces
[6.686s] Invoking command in '/home/gavin/AWC_control/src/build/awc_interfaces': CMAKE_PREFIX_PATH=${CMAKE_PREFIX_PATH}:/home/gavin/minimec/install/wheeltec_control:/home/gavin/minimec/install/mini_mec_localization:/home/gavin/minimec/src/install/wheeltec_control:/home/gavin/minimec/src/install/mini_mec_localization:/home/gavin/install/ament_uncrustify:/home/gavin/install/tracetools_trace:/home/gavin/install/tracetools_read:/home/gavin/install/rpyutils:/home/gavin/install/rosidl_cli:/home/gavin/install/launch_pytest:/home/gavin/install/launch_testing:/home/gavin/install/launch_yaml:/home/gavin/install/launch_xml:/home/gavin/install/launch:/home/gavin/install/osrf_pycommon:/home/gavin/install/domain_coordinator:/home/gavin/install/ament_xmllint:/home/gavin/install/ament_pyflakes:/home/gavin/install/ament_pycodestyle:/home/gavin/install/ament_pep257:/home/gavin/install/ament_pclint:/home/gavin/install/ament_package:/home/gavin/install/ament_mypy:/home/gavin/install/ament_lint_cmake:/home/gavin/install/ament_flake8:/home/gavin/install/ament_copyright:/home/gavin/install/ament_lint:/home/gavin/install/ament_index_python:/home/gavin/install/ament_cpplint:/home/gavin/install/ament_cppcheck:/home/gavin/install/ament_clang_tidy:/home/gavin/install/ament_clang_format:/opt/ros/humble CONDA_PROMPT_MODIFIER=(base) /usr/bin/cmake --build /home/gavin/AWC_control/src/build/awc_interfaces -- -j8 -l8
[6.862s] [  3%] [34m[1mGenerating C code for ROS interfaces[0m
[6.916s] [  6%] [34m[1mGenerating C++ code for ROS interfaces[0m
[6.943s] [  6%] Built target ament_cmake_python_copy_awc_interfaces
[7.879s] [  6%] Built target awc_interfaces__cpp
[7.894s] running egg_info
[7.896s] creating awc_interfaces.egg-info
[7.916s] [  9%] [34m[1mGenerating C++ type support dispatch for ROS interfaces[0m
[7.920s] [ 12%] [34m[1mGenerating C++ introspection for ROS interfaces[0m
[7.942s] [ 16%] [32mBuilding C object CMakeFiles/awc_interfaces__rosidl_generator_c.dir/rosidl_generator_c/awc_interfaces/msg/detail/navigation_command__functions.c.o[0m
[7.953s] [ 19%] [34m[1mGenerating C++ type support for eProsima Fast-RTPS[0m
[8.031s] writing awc_interfaces.egg-info/PKG-INFO
[8.032s] writing dependency_links to awc_interfaces.egg-info/dependency_links.txt
[8.032s] writing top-level names to awc_interfaces.egg-info/top_level.txt
[8.032s] writing manifest file 'awc_interfaces.egg-info/SOURCES.txt'
[8.333s] [ 22%] [32m[1mLinking C shared library libawc_interfaces__rosidl_generator_c.so[0m
[8.517s] reading manifest file 'awc_interfaces.egg-info/SOURCES.txt'
[8.525s] writing manifest file 'awc_interfaces.egg-info/SOURCES.txt'
[8.678s] [ 22%] Built target awc_interfaces__rosidl_generator_c
[8.769s] [ 25%] [34m[1mGenerating C type support dispatch for ROS interfaces[0m
[8.799s] [ 29%] [34m[1mGenerating C type support for eProsima Fast-RTPS[0m
[8.829s] [ 32%] [34m[1mGenerating C introspection for ROS interfaces[0m
[8.881s] [ 35%] [32mBuilding CXX object CMakeFiles/awc_interfaces__rosidl_typesupport_cpp.dir/rosidl_typesupport_cpp/awc_interfaces/msg/navigation_command__type_support.cpp.o[0m
[8.881s] [ 35%] Built target ament_cmake_python_build_awc_interfaces_egg
[9.228s] [ 38%] [32mBuilding CXX object CMakeFiles/awc_interfaces__rosidl_typesupport_fastrtps_cpp.dir/rosidl_typesupport_fastrtps_cpp/awc_interfaces/msg/detail/dds_fastrtps/navigation_command__type_support.cpp.o[0m
[9.412s] [ 41%] [32mBuilding CXX object CMakeFiles/awc_interfaces__rosidl_typesupport_introspection_cpp.dir/rosidl_typesupport_introspection_cpp/awc_interfaces/msg/detail/navigation_command__type_support.cpp.o[0m
[9.850s] [ 45%] [32mBuilding CXX object CMakeFiles/awc_interfaces__rosidl_typesupport_c.dir/rosidl_typesupport_c/awc_interfaces/msg/navigation_command__type_support.cpp.o[0m
[10.093s] [ 48%] [32m[1mLinking CXX shared library libawc_interfaces__rosidl_typesupport_c.so[0m
[10.203s] [ 51%] [32mBuilding CXX object CMakeFiles/awc_interfaces__rosidl_typesupport_fastrtps_c.dir/rosidl_typesupport_fastrtps_c/awc_interfaces/msg/detail/navigation_command__type_support_c.cpp.o[0m
[10.369s] [ 51%] Built target awc_interfaces__rosidl_typesupport_c
[10.376s] [ 54%] [32mBuilding C object CMakeFiles/awc_interfaces__rosidl_typesupport_introspection_c.dir/rosidl_typesupport_introspection_c/awc_interfaces/msg/detail/navigation_command__type_support.c.o[0m
[10.617s] [ 58%] [32m[1mLinking CXX shared library libawc_interfaces__rosidl_typesupport_cpp.so[0m
[10.651s] [ 61%] [32m[1mLinking C shared library libawc_interfaces__rosidl_typesupport_introspection_c.so[0m
[10.793s] [ 61%] Built target awc_interfaces__rosidl_typesupport_introspection_c
[10.895s] [ 61%] Built target awc_interfaces__rosidl_typesupport_cpp
[11.615s] [ 64%] [32m[1mLinking CXX shared library libawc_interfaces__rosidl_typesupport_fastrtps_cpp.so[0m
[11.635s] [ 67%] [32m[1mLinking CXX shared library libawc_interfaces__rosidl_typesupport_introspection_cpp.so[0m
[11.759s] [ 70%] [32m[1mLinking CXX shared library libawc_interfaces__rosidl_typesupport_fastrtps_c.so[0m
[12.028s] [ 70%] Built target awc_interfaces__rosidl_typesupport_introspection_cpp
[12.111s] [ 70%] Built target awc_interfaces__rosidl_typesupport_fastrtps_cpp
[12.183s] [ 70%] Built target awc_interfaces__rosidl_typesupport_fastrtps_c
[12.302s] [ 70%] Built target awc_interfaces
[12.396s] [ 74%] [34m[1mGenerating Python code for ROS interfaces[0m
[13.204s] [ 74%] Built target awc_interfaces__py
[13.260s] [ 77%] [32mBuilding C object CMakeFiles/awc_interfaces__rosidl_generator_py.dir/rosidl_generator_py/awc_interfaces/msg/_navigation_command_s.c.o[0m
[13.649s] [ 80%] [32m[1mLinking C shared library rosidl_generator_py/awc_interfaces/libawc_interfaces__rosidl_generator_py.so[0m
[13.807s] [ 80%] Built target awc_interfaces__rosidl_generator_py
[13.917s] [ 83%] [32mBuilding C object CMakeFiles/awc_interfaces__rosidl_typesupport_introspection_c__pyext.dir/rosidl_generator_py/awc_interfaces/_awc_interfaces_s.ep.rosidl_typesupport_introspection_c.c.o[0m
[13.937s] [ 87%] [32mBuilding C object CMakeFiles/awc_interfaces__rosidl_typesupport_fastrtps_c__pyext.dir/rosidl_generator_py/awc_interfaces/_awc_interfaces_s.ep.rosidl_typesupport_fastrtps_c.c.o[0m
[13.944s] [ 90%] [32mBuilding C object CMakeFiles/awc_interfaces__rosidl_typesupport_c__pyext.dir/rosidl_generator_py/awc_interfaces/_awc_interfaces_s.ep.rosidl_typesupport_c.c.o[0m
[14.322s] [ 93%] [32m[1mLinking C shared library rosidl_generator_py/awc_interfaces/awc_interfaces_s__rosidl_typesupport_introspection_c.cpython-312-x86_64-linux-gnu.so[0m
[14.370s] [ 96%] [32m[1mLinking C shared library rosidl_generator_py/awc_interfaces/awc_interfaces_s__rosidl_typesupport_fastrtps_c.cpython-312-x86_64-linux-gnu.so[0m
[14.370s] [100%] [32m[1mLinking C shared library rosidl_generator_py/awc_interfaces/awc_interfaces_s__rosidl_typesupport_c.cpython-312-x86_64-linux-gnu.so[0m
[14.468s] [100%] Built target awc_interfaces__rosidl_typesupport_introspection_c__pyext
[14.572s] [100%] Built target awc_interfaces__rosidl_typesupport_fastrtps_c__pyext
[14.585s] [100%] Built target awc_interfaces__rosidl_typesupport_c__pyext
[14.624s] Invoked command in '/home/gavin/AWC_control/src/build/awc_interfaces' returned '0': CMAKE_PREFIX_PATH=${CMAKE_PREFIX_PATH}:/home/gavin/minimec/install/wheeltec_control:/home/gavin/minimec/install/mini_mec_localization:/home/gavin/minimec/src/install/wheeltec_control:/home/gavin/minimec/src/install/mini_mec_localization:/home/gavin/install/ament_uncrustify:/home/gavin/install/tracetools_trace:/home/gavin/install/tracetools_read:/home/gavin/install/rpyutils:/home/gavin/install/rosidl_cli:/home/gavin/install/launch_pytest:/home/gavin/install/launch_testing:/home/gavin/install/launch_yaml:/home/gavin/install/launch_xml:/home/gavin/install/launch:/home/gavin/install/osrf_pycommon:/home/gavin/install/domain_coordinator:/home/gavin/install/ament_xmllint:/home/gavin/install/ament_pyflakes:/home/gavin/install/ament_pycodestyle:/home/gavin/install/ament_pep257:/home/gavin/install/ament_pclint:/home/gavin/install/ament_package:/home/gavin/install/ament_mypy:/home/gavin/install/ament_lint_cmake:/home/gavin/install/ament_flake8:/home/gavin/install/ament_copyright:/home/gavin/install/ament_lint:/home/gavin/install/ament_index_python:/home/gavin/install/ament_cpplint:/home/gavin/install/ament_cppcheck:/home/gavin/install/ament_clang_tidy:/home/gavin/install/ament_clang_format:/opt/ros/humble CONDA_PROMPT_MODIFIER=(base) /usr/bin/cmake --build /home/gavin/AWC_control/src/build/awc_interfaces -- -j8 -l8
[14.631s] Invoking command in '/home/gavin/AWC_control/src/build/awc_interfaces': CMAKE_PREFIX_PATH=${CMAKE_PREFIX_PATH}:/home/gavin/minimec/install/wheeltec_control:/home/gavin/minimec/install/mini_mec_localization:/home/gavin/minimec/src/install/wheeltec_control:/home/gavin/minimec/src/install/mini_mec_localization:/home/gavin/install/ament_uncrustify:/home/gavin/install/tracetools_trace:/home/gavin/install/tracetools_read:/home/gavin/install/rpyutils:/home/gavin/install/rosidl_cli:/home/gavin/install/launch_pytest:/home/gavin/install/launch_testing:/home/gavin/install/launch_yaml:/home/gavin/install/launch_xml:/home/gavin/install/launch:/home/gavin/install/osrf_pycommon:/home/gavin/install/domain_coordinator:/home/gavin/install/ament_xmllint:/home/gavin/install/ament_pyflakes:/home/gavin/install/ament_pycodestyle:/home/gavin/install/ament_pep257:/home/gavin/install/ament_pclint:/home/gavin/install/ament_package:/home/gavin/install/ament_mypy:/home/gavin/install/ament_lint_cmake:/home/gavin/install/ament_flake8:/home/gavin/install/ament_copyright:/home/gavin/install/ament_lint:/home/gavin/install/ament_index_python:/home/gavin/install/ament_cpplint:/home/gavin/install/ament_cppcheck:/home/gavin/install/ament_clang_tidy:/home/gavin/install/ament_clang_format:/opt/ros/humble CONDA_PROMPT_MODIFIER=(base) /usr/bin/cmake --install /home/gavin/AWC_control/src/build/awc_interfaces
[14.663s] -- Install configuration: ""
[14.663s] -- Installing: /home/gavin/AWC_control/src/install/awc_interfaces/share/ament_index/resource_index/rosidl_interfaces/awc_interfaces
[14.666s] -- Installing: /home/gavin/AWC_control/src/install/awc_interfaces/include/awc_interfaces/awc_interfaces
[14.666s] -- Installing: /home/gavin/AWC_control/src/install/awc_interfaces/include/awc_interfaces/awc_interfaces/msg
[14.667s] -- Installing: /home/gavin/AWC_control/src/install/awc_interfaces/include/awc_interfaces/awc_interfaces/msg/navigation_command.h
[14.668s] -- Installing: /home/gavin/AWC_control/src/install/awc_interfaces/include/awc_interfaces/awc_interfaces/msg/detail
[14.668s] -- Installing: /home/gavin/AWC_control/src/install/awc_interfaces/include/awc_interfaces/awc_interfaces/msg/detail/navigation_command__functions.c
[14.669s] -- Installing: /home/gavin/AWC_control/src/install/awc_interfaces/include/awc_interfaces/awc_interfaces/msg/detail/navigation_command__struct.h
[14.669s] -- Installing: /home/gavin/AWC_control/src/install/awc_interfaces/include/awc_interfaces/awc_interfaces/msg/detail/navigation_command__type_support.h
[14.669s] -- Installing: /home/gavin/AWC_control/src/install/awc_interfaces/include/awc_interfaces/awc_interfaces/msg/detail/navigation_command__functions.h
[14.670s] -- Installing: /home/gavin/AWC_control/src/install/awc_interfaces/include/awc_interfaces/awc_interfaces/msg/rosidl_generator_c__visibility_control.h
[14.670s] -- Installing: /home/gavin/AWC_control/src/install/awc_interfaces/share/awc_interfaces/environment/library_path.sh
[14.670s] -- Installing: /home/gavin/AWC_control/src/install/awc_interfaces/share/awc_interfaces/environment/library_path.dsv
[14.670s] -- Installing: /home/gavin/AWC_control/src/install/awc_interfaces/lib/libawc_interfaces__rosidl_generator_c.so
[14.671s] -- Set runtime path of "/home/gavin/AWC_control/src/install/awc_interfaces/lib/libawc_interfaces__rosidl_generator_c.so" to ""
[14.671s] -- Up-to-date: /home/gavin/AWC_control/src/install/awc_interfaces/include/awc_interfaces/awc_interfaces
[14.672s] -- Up-to-date: /home/gavin/AWC_control/src/install/awc_interfaces/include/awc_interfaces/awc_interfaces/msg
[14.672s] -- Up-to-date: /home/gavin/AWC_control/src/install/awc_interfaces/include/awc_interfaces/awc_interfaces/msg/detail
[14.672s] -- Installing: /home/gavin/AWC_control/src/install/awc_interfaces/include/awc_interfaces/awc_interfaces/msg/detail/navigation_command__rosidl_typesupport_fastrtps_c.h
[14.672s] -- Installing: /home/gavin/AWC_control/src/install/awc_interfaces/include/awc_interfaces/awc_interfaces/msg/rosidl_typesupport_fastrtps_c__visibility_control.h
[14.673s] -- Installing: /home/gavin/AWC_control/src/install/awc_interfaces/lib/libawc_interfaces__rosidl_typesupport_fastrtps_c.so
[14.674s] -- Set runtime path of "/home/gavin/AWC_control/src/install/awc_interfaces/lib/libawc_interfaces__rosidl_typesupport_fastrtps_c.so" to ""
[14.675s] -- Up-to-date: /home/gavin/AWC_control/src/install/awc_interfaces/include/awc_interfaces/awc_interfaces
[14.675s] -- Up-to-date: /home/gavin/AWC_control/src/install/awc_interfaces/include/awc_interfaces/awc_interfaces/msg
[14.676s] -- Installing: /home/gavin/AWC_control/src/install/awc_interfaces/include/awc_interfaces/awc_interfaces/msg/rosidl_generator_cpp__visibility_control.hpp
[14.676s] -- Up-to-date: /home/gavin/AWC_control/src/install/awc_interfaces/include/awc_interfaces/awc_interfaces/msg/detail
[14.677s] -- Installing: /home/gavin/AWC_control/src/install/awc_interfaces/include/awc_interfaces/awc_interfaces/msg/detail/navigation_command__type_support.hpp
[14.677s] -- Installing: /home/gavin/AWC_control/src/install/awc_interfaces/include/awc_interfaces/awc_interfaces/msg/detail/navigation_command__struct.hpp
[14.678s] -- Installing: /home/gavin/AWC_control/src/install/awc_interfaces/include/awc_interfaces/awc_interfaces/msg/detail/navigation_command__traits.hpp
[14.679s] -- Installing: /home/gavin/AWC_control/src/install/awc_interfaces/include/awc_interfaces/awc_interfaces/msg/detail/navigation_command__builder.hpp
[14.680s] -- Installing: /home/gavin/AWC_control/src/install/awc_interfaces/include/awc_interfaces/awc_interfaces/msg/navigation_command.hpp
[14.680s] -- Up-to-date: /home/gavin/AWC_control/src/install/awc_interfaces/include/awc_interfaces/awc_interfaces
[14.680s] -- Up-to-date: /home/gavin/AWC_control/src/install/awc_interfaces/include/awc_interfaces/awc_interfaces/msg
[14.681s] -- Installing: /home/gavin/AWC_control/src/install/awc_interfaces/include/awc_interfaces/awc_interfaces/msg/rosidl_typesupport_fastrtps_cpp__visibility_control.h
[14.681s] -- Up-to-date: /home/gavin/AWC_control/src/install/awc_interfaces/include/awc_interfaces/awc_interfaces/msg/detail
[14.681s] -- Installing: /home/gavin/AWC_control/src/install/awc_interfaces/include/awc_interfaces/awc_interfaces/msg/detail/navigation_command__rosidl_typesupport_fastrtps_cpp.hpp
[14.682s] -- Installing: /home/gavin/AWC_control/src/install/awc_interfaces/include/awc_interfaces/awc_interfaces/msg/detail/dds_fastrtps
[14.682s] -- Installing: /home/gavin/AWC_control/src/install/awc_interfaces/lib/libawc_interfaces__rosidl_typesupport_fastrtps_cpp.so
[14.687s] -- Set runtime path of "/home/gavin/AWC_control/src/install/awc_interfaces/lib/libawc_interfaces__rosidl_typesupport_fastrtps_cpp.so" to ""
[14.687s] -- Up-to-date: /home/gavin/AWC_control/src/install/awc_interfaces/include/awc_interfaces/awc_interfaces
[14.688s] -- Up-to-date: /home/gavin/AWC_control/src/install/awc_interfaces/include/awc_interfaces/awc_interfaces/msg
[14.689s] -- Up-to-date: /home/gavin/AWC_control/src/install/awc_interfaces/include/awc_interfaces/awc_interfaces/msg/detail
[14.689s] -- Installing: /home/gavin/AWC_control/src/install/awc_interfaces/include/awc_interfaces/awc_interfaces/msg/detail/navigation_command__rosidl_typesupport_introspection_c.h
[14.690s] -- Installing: /home/gavin/AWC_control/src/install/awc_interfaces/include/awc_interfaces/awc_interfaces/msg/detail/navigation_command__type_support.c
[14.690s] -- Installing: /home/gavin/AWC_control/src/install/awc_interfaces/include/awc_interfaces/awc_interfaces/msg/rosidl_typesupport_introspection_c__visibility_control.h
[14.691s] -- Installing: /home/gavin/AWC_control/src/install/awc_interfaces/lib/libawc_interfaces__rosidl_typesupport_introspection_c.so
[14.691s] -- Set runtime path of "/home/gavin/AWC_control/src/install/awc_interfaces/lib/libawc_interfaces__rosidl_typesupport_introspection_c.so" to ""
[14.692s] -- Installing: /home/gavin/AWC_control/src/install/awc_interfaces/lib/libawc_interfaces__rosidl_typesupport_c.so
[14.693s] -- Set runtime path of "/home/gavin/AWC_control/src/install/awc_interfaces/lib/libawc_interfaces__rosidl_typesupport_c.so" to ""
[14.694s] -- Up-to-date: /home/gavin/AWC_control/src/install/awc_interfaces/include/awc_interfaces/awc_interfaces
[14.694s] -- Up-to-date: /home/gavin/AWC_control/src/install/awc_interfaces/include/awc_interfaces/awc_interfaces/msg
[14.695s] -- Up-to-date: /home/gavin/AWC_control/src/install/awc_interfaces/include/awc_interfaces/awc_interfaces/msg/detail
[14.695s] -- Installing: /home/gavin/AWC_control/src/install/awc_interfaces/include/awc_interfaces/awc_interfaces/msg/detail/navigation_command__rosidl_typesupport_introspection_cpp.hpp
[14.696s] -- Installing: /home/gavin/AWC_control/src/install/awc_interfaces/include/awc_interfaces/awc_interfaces/msg/detail/navigation_command__type_support.cpp
[14.697s] -- Installing: /home/gavin/AWC_control/src/install/awc_interfaces/lib/libawc_interfaces__rosidl_typesupport_introspection_cpp.so
[14.698s] -- Set runtime path of "/home/gavin/AWC_control/src/install/awc_interfaces/lib/libawc_interfaces__rosidl_typesupport_introspection_cpp.so" to ""
[14.698s] -- Installing: /home/gavin/AWC_control/src/install/awc_interfaces/lib/libawc_interfaces__rosidl_typesupport_cpp.so
[14.699s] -- Set runtime path of "/home/gavin/AWC_control/src/install/awc_interfaces/lib/libawc_interfaces__rosidl_typesupport_cpp.so" to ""
[14.700s] -- Installing: /home/gavin/AWC_control/src/install/awc_interfaces/share/awc_interfaces/environment/pythonpath.sh
[14.700s] -- Installing: /home/gavin/AWC_control/src/install/awc_interfaces/share/awc_interfaces/environment/pythonpath.dsv
[14.700s] -- Installing: /home/gavin/AWC_control/src/install/awc_interfaces/lib/python3.12/site-packages/awc_interfaces-0.0.0-py3.12.egg-info
[14.700s] -- Installing: /home/gavin/AWC_control/src/install/awc_interfaces/lib/python3.12/site-packages/awc_interfaces-0.0.0-py3.12.egg-info/top_level.txt
[14.700s] -- Installing: /home/gavin/AWC_control/src/install/awc_interfaces/lib/python3.12/site-packages/awc_interfaces-0.0.0-py3.12.egg-info/SOURCES.txt
[14.700s] -- Installing: /home/gavin/AWC_control/src/install/awc_interfaces/lib/python3.12/site-packages/awc_interfaces-0.0.0-py3.12.egg-info/PKG-INFO
[14.701s] -- Installing: /home/gavin/AWC_control/src/install/awc_interfaces/lib/python3.12/site-packages/awc_interfaces-0.0.0-py3.12.egg-info/dependency_links.txt
[14.701s] -- Installing: /home/gavin/AWC_control/src/install/awc_interfaces/lib/python3.12/site-packages/awc_interfaces
[14.701s] -- Installing: /home/gavin/AWC_control/src/install/awc_interfaces/lib/python3.12/site-packages/awc_interfaces/awc_interfaces_s__rosidl_typesupport_c.cpython-312-x86_64-linux-gnu.so
[14.702s] -- Installing: /home/gavin/AWC_control/src/install/awc_interfaces/lib/python3.12/site-packages/awc_interfaces/_awc_interfaces_s.ep.rosidl_typesupport_c.c
[14.704s] -- Installing: /home/gavin/AWC_control/src/install/awc_interfaces/lib/python3.12/site-packages/awc_interfaces/awc_interfaces_s__rosidl_typesupport_introspection_c.cpython-312-x86_64-linux-gnu.so
[14.704s] -- Installing: /home/gavin/AWC_control/src/install/awc_interfaces/lib/python3.12/site-packages/awc_interfaces/_awc_interfaces_s.ep.rosidl_typesupport_fastrtps_c.c
[14.704s] -- Installing: /home/gavin/AWC_control/src/install/awc_interfaces/lib/python3.12/site-packages/awc_interfaces/msg
[14.705s] -- Installing: /home/gavin/AWC_control/src/install/awc_interfaces/lib/python3.12/site-packages/awc_interfaces/msg/_navigation_command_s.c
[14.705s] -- Installing: /home/gavin/AWC_control/src/install/awc_interfaces/lib/python3.12/site-packages/awc_interfaces/msg/__init__.py
[14.705s] -- Installing: /home/gavin/AWC_control/src/install/awc_interfaces/lib/python3.12/site-packages/awc_interfaces/msg/_navigation_command.py
[14.705s] -- Installing: /home/gavin/AWC_control/src/install/awc_interfaces/lib/python3.12/site-packages/awc_interfaces/awc_interfaces_s__rosidl_typesupport_fastrtps_c.cpython-312-x86_64-linux-gnu.so
[14.705s] -- Installing: /home/gavin/AWC_control/src/install/awc_interfaces/lib/python3.12/site-packages/awc_interfaces/_awc_interfaces_s.ep.rosidl_typesupport_introspection_c.c
[14.706s] -- Installing: /home/gavin/AWC_control/src/install/awc_interfaces/lib/python3.12/site-packages/awc_interfaces/__init__.py
[14.706s] -- Installing: /home/gavin/AWC_control/src/install/awc_interfaces/lib/python3.12/site-packages/awc_interfaces/libawc_interfaces__rosidl_generator_py.so
[14.858s] Listing '/home/gavin/AWC_control/src/install/awc_interfaces/lib/python3.12/site-packages/awc_interfaces'...
[14.858s] Compiling '/home/gavin/AWC_control/src/install/awc_interfaces/lib/python3.12/site-packages/awc_interfaces/__init__.py'...
[14.858s] Listing '/home/gavin/AWC_control/src/install/awc_interfaces/lib/python3.12/site-packages/awc_interfaces/msg'...
[14.859s] Compiling '/home/gavin/AWC_control/src/install/awc_interfaces/lib/python3.12/site-packages/awc_interfaces/msg/__init__.py'...
[14.859s] Compiling '/home/gavin/AWC_control/src/install/awc_interfaces/lib/python3.12/site-packages/awc_interfaces/msg/_navigation_command.py'...
[14.874s] -- Installing: /home/gavin/AWC_control/src/install/awc_interfaces/lib/python3.12/site-packages/awc_interfaces/awc_interfaces_s__rosidl_typesupport_introspection_c.cpython-312-x86_64-linux-gnu.so
[14.876s] -- Set runtime path of "/home/gavin/AWC_control/src/install/awc_interfaces/lib/python3.12/site-packages/awc_interfaces/awc_interfaces_s__rosidl_typesupport_introspection_c.cpython-312-x86_64-linux-gnu.so" to ""
[14.877s] -- Installing: /home/gavin/AWC_control/src/install/awc_interfaces/lib/python3.12/site-packages/awc_interfaces/awc_interfaces_s__rosidl_typesupport_fastrtps_c.cpython-312-x86_64-linux-gnu.so
[14.878s] -- Set runtime path of "/home/gavin/AWC_control/src/install/awc_interfaces/lib/python3.12/site-packages/awc_interfaces/awc_interfaces_s__rosidl_typesupport_fastrtps_c.cpython-312-x86_64-linux-gnu.so" to ""
[14.880s] -- Installing: /home/gavin/AWC_control/src/install/awc_interfaces/lib/python3.12/site-packages/awc_interfaces/awc_interfaces_s__rosidl_typesupport_c.cpython-312-x86_64-linux-gnu.so
[14.881s] -- Set runtime path of "/home/gavin/AWC_control/src/install/awc_interfaces/lib/python3.12/site-packages/awc_interfaces/awc_interfaces_s__rosidl_typesupport_c.cpython-312-x86_64-linux-gnu.so" to ""
[14.882s] -- Installing: /home/gavin/AWC_control/src/install/awc_interfaces/lib/libawc_interfaces__rosidl_generator_py.so
[14.888s] -- Set runtime path of "/home/gavin/AWC_control/src/install/awc_interfaces/lib/libawc_interfaces__rosidl_generator_py.so" to ""
[14.889s] -- Installing: /home/gavin/AWC_control/src/install/awc_interfaces/share/awc_interfaces/msg/NavigationCommand.idl
[14.890s] -- Installing: /home/gavin/AWC_control/src/install/awc_interfaces/share/awc_interfaces/msg/NavigationCommand.msg
[14.891s] -- Installing: /home/gavin/AWC_control/src/install/awc_interfaces/share/ament_index/resource_index/package_run_dependencies/awc_interfaces
[14.892s] -- Installing: /home/gavin/AWC_control/src/install/awc_interfaces/share/ament_index/resource_index/parent_prefix_path/awc_interfaces
[14.893s] -- Installing: /home/gavin/AWC_control/src/install/awc_interfaces/share/awc_interfaces/environment/ament_prefix_path.sh
[14.894s] -- Installing: /home/gavin/AWC_control/src/install/awc_interfaces/share/awc_interfaces/environment/ament_prefix_path.dsv
[14.895s] -- Installing: /home/gavin/AWC_control/src/install/awc_interfaces/share/awc_interfaces/environment/path.sh
[14.896s] -- Installing: /home/gavin/AWC_control/src/install/awc_interfaces/share/awc_interfaces/environment/path.dsv
[14.896s] -- Installing: /home/gavin/AWC_control/src/install/awc_interfaces/share/awc_interfaces/local_setup.bash
[14.897s] -- Installing: /home/gavin/AWC_control/src/install/awc_interfaces/share/awc_interfaces/local_setup.sh
[14.897s] -- Installing: /home/gavin/AWC_control/src/install/awc_interfaces/share/awc_interfaces/local_setup.zsh
[14.898s] -- Installing: /home/gavin/AWC_control/src/install/awc_interfaces/share/awc_interfaces/local_setup.dsv
[14.898s] -- Installing: /home/gavin/AWC_control/src/install/awc_interfaces/share/awc_interfaces/package.dsv
[14.900s] -- Installing: /home/gavin/AWC_control/src/install/awc_interfaces/share/ament_index/resource_index/packages/awc_interfaces
[14.901s] -- Installing: /home/gavin/AWC_control/src/install/awc_interfaces/share/awc_interfaces/cmake/export_awc_interfaces__rosidl_generator_cExport.cmake
[14.902s] -- Installing: /home/gavin/AWC_control/src/install/awc_interfaces/share/awc_interfaces/cmake/export_awc_interfaces__rosidl_generator_cExport-noconfig.cmake
[14.903s] -- Installing: /home/gavin/AWC_control/src/install/awc_interfaces/share/awc_interfaces/cmake/export_awc_interfaces__rosidl_typesupport_fastrtps_cExport.cmake
[14.903s] -- Installing: /home/gavin/AWC_control/src/install/awc_interfaces/share/awc_interfaces/cmake/export_awc_interfaces__rosidl_typesupport_fastrtps_cExport-noconfig.cmake
[14.905s] -- Installing: /home/gavin/AWC_control/src/install/awc_interfaces/share/awc_interfaces/cmake/export_awc_interfaces__rosidl_generator_cppExport.cmake
[14.905s] -- Installing: /home/gavin/AWC_control/src/install/awc_interfaces/share/awc_interfaces/cmake/export_awc_interfaces__rosidl_typesupport_fastrtps_cppExport.cmake
[14.905s] -- Installing: /home/gavin/AWC_control/src/install/awc_interfaces/share/awc_interfaces/cmake/export_awc_interfaces__rosidl_typesupport_fastrtps_cppExport-noconfig.cmake
[14.906s] -- Installing: /home/gavin/AWC_control/src/install/awc_interfaces/share/awc_interfaces/cmake/awc_interfaces__rosidl_typesupport_introspection_cExport.cmake
[14.907s] -- Installing: /home/gavin/AWC_control/src/install/awc_interfaces/share/awc_interfaces/cmake/awc_interfaces__rosidl_typesupport_introspection_cExport-noconfig.cmake
[14.907s] -- Installing: /home/gavin/AWC_control/src/install/awc_interfaces/share/awc_interfaces/cmake/awc_interfaces__rosidl_typesupport_cExport.cmake
[14.908s] -- Installing: /home/gavin/AWC_control/src/install/awc_interfaces/share/awc_interfaces/cmake/awc_interfaces__rosidl_typesupport_cExport-noconfig.cmake
[14.908s] -- Installing: /home/gavin/AWC_control/src/install/awc_interfaces/share/awc_interfaces/cmake/awc_interfaces__rosidl_typesupport_introspection_cppExport.cmake
[14.910s] -- Installing: /home/gavin/AWC_control/src/install/awc_interfaces/share/awc_interfaces/cmake/awc_interfaces__rosidl_typesupport_introspection_cppExport-noconfig.cmake
[14.910s] -- Installing: /home/gavin/AWC_control/src/install/awc_interfaces/share/awc_interfaces/cmake/awc_interfaces__rosidl_typesupport_cppExport.cmake
[14.911s] -- Installing: /home/gavin/AWC_control/src/install/awc_interfaces/share/awc_interfaces/cmake/awc_interfaces__rosidl_typesupport_cppExport-noconfig.cmake
[14.912s] -- Installing: /home/gavin/AWC_control/src/install/awc_interfaces/share/awc_interfaces/cmake/export_awc_interfaces__rosidl_generator_pyExport.cmake
[14.913s] -- Installing: /home/gavin/AWC_control/src/install/awc_interfaces/share/awc_interfaces/cmake/export_awc_interfaces__rosidl_generator_pyExport-noconfig.cmake
[14.914s] -- Installing: /home/gavin/AWC_control/src/install/awc_interfaces/share/awc_interfaces/cmake/rosidl_cmake-extras.cmake
[14.916s] -- Installing: /home/gavin/AWC_control/src/install/awc_interfaces/share/awc_interfaces/cmake/ament_cmake_export_dependencies-extras.cmake
[14.917s] -- Installing: /home/gavin/AWC_control/src/install/awc_interfaces/share/awc_interfaces/cmake/ament_cmake_export_include_directories-extras.cmake
[14.917s] -- Installing: /home/gavin/AWC_control/src/install/awc_interfaces/share/awc_interfaces/cmake/ament_cmake_export_libraries-extras.cmake
[14.917s] -- Installing: /home/gavin/AWC_control/src/install/awc_interfaces/share/awc_interfaces/cmake/ament_cmake_export_targets-extras.cmake
[14.918s] -- Installing: /home/gavin/AWC_control/src/install/awc_interfaces/share/awc_interfaces/cmake/rosidl_cmake_export_typesupport_targets-extras.cmake
[14.918s] -- Installing: /home/gavin/AWC_control/src/install/awc_interfaces/share/awc_interfaces/cmake/rosidl_cmake_export_typesupport_libraries-extras.cmake
[14.919s] -- Installing: /home/gavin/AWC_control/src/install/awc_interfaces/share/awc_interfaces/cmake/awc_interfacesConfig.cmake
[14.919s] -- Installing: /home/gavin/AWC_control/src/install/awc_interfaces/share/awc_interfaces/cmake/awc_interfacesConfig-version.cmake
[14.920s] -- Installing: /home/gavin/AWC_control/src/install/awc_interfaces/share/awc_interfaces/package.xml
[14.928s] Invoked command in '/home/gavin/AWC_control/src/build/awc_interfaces' returned '0': CMAKE_PREFIX_PATH=${CMAKE_PREFIX_PATH}:/home/gavin/minimec/install/wheeltec_control:/home/gavin/minimec/install/mini_mec_localization:/home/gavin/minimec/src/install/wheeltec_control:/home/gavin/minimec/src/install/mini_mec_localization:/home/gavin/install/ament_uncrustify:/home/gavin/install/tracetools_trace:/home/gavin/install/tracetools_read:/home/gavin/install/rpyutils:/home/gavin/install/rosidl_cli:/home/gavin/install/launch_pytest:/home/gavin/install/launch_testing:/home/gavin/install/launch_yaml:/home/gavin/install/launch_xml:/home/gavin/install/launch:/home/gavin/install/osrf_pycommon:/home/gavin/install/domain_coordinator:/home/gavin/install/ament_xmllint:/home/gavin/install/ament_pyflakes:/home/gavin/install/ament_pycodestyle:/home/gavin/install/ament_pep257:/home/gavin/install/ament_pclint:/home/gavin/install/ament_package:/home/gavin/install/ament_mypy:/home/gavin/install/ament_lint_cmake:/home/gavin/install/ament_flake8:/home/gavin/install/ament_copyright:/home/gavin/install/ament_lint:/home/gavin/install/ament_index_python:/home/gavin/install/ament_cpplint:/home/gavin/install/ament_cppcheck:/home/gavin/install/ament_clang_tidy:/home/gavin/install/ament_clang_format:/opt/ros/humble CONDA_PROMPT_MODIFIER=(base) /usr/bin/cmake --install /home/gavin/AWC_control/src/build/awc_interfaces
