[0.014s] Invoking command in '/home/gavin/ros2_ws/build/awc_description': CMAKE_PREFIX_PATH=/opt/ros/humble /usr/bin/cmake --build /home/gavin/ros2_ws/build/awc_description -- -j4 -l4
[0.171s] Invoked command in '/home/gavin/ros2_ws/build/awc_description' returned '0': CMAKE_PREFIX_PATH=/opt/ros/humble /usr/bin/cmake --build /home/gavin/ros2_ws/build/awc_description -- -j4 -l4
[0.177s] Invoking command in '/home/gavin/ros2_ws/build/awc_description': CMAKE_PREFIX_PATH=/opt/ros/humble /usr/bin/cmake --install /home/gavin/ros2_ws/build/awc_description
[0.184s] -- Install configuration: ""
[0.184s] -- Up-to-date: /home/gavin/ros2_ws/install/awc_description/share/ament_index/resource_index/package_run_dependencies/awc_description
[0.184s] -- Up-to-date: /home/gavin/ros2_ws/install/awc_description/share/ament_index/resource_index/parent_prefix_path/awc_description
[0.184s] -- Up-to-date: /home/gavin/ros2_ws/install/awc_description/share/awc_description/environment/ament_prefix_path.sh
[0.184s] -- Up-to-date: /home/gavin/ros2_ws/install/awc_description/share/awc_description/environment/ament_prefix_path.dsv
[0.184s] -- Up-to-date: /home/gavin/ros2_ws/install/awc_description/share/awc_description/environment/path.sh
[0.184s] -- Up-to-date: /home/gavin/ros2_ws/install/awc_description/share/awc_description/environment/path.dsv
[0.185s] -- Up-to-date: /home/gavin/ros2_ws/install/awc_description/share/awc_description/local_setup.bash
[0.185s] -- Up-to-date: /home/gavin/ros2_ws/install/awc_description/share/awc_description/local_setup.sh
[0.185s] -- Up-to-date: /home/gavin/ros2_ws/install/awc_description/share/awc_description/local_setup.zsh
[0.185s] -- Up-to-date: /home/gavin/ros2_ws/install/awc_description/share/awc_description/local_setup.dsv
[0.185s] -- Installing: /home/gavin/ros2_ws/install/awc_description/share/awc_description/package.dsv
[0.185s] -- Up-to-date: /home/gavin/ros2_ws/install/awc_description/share/ament_index/resource_index/packages/awc_description
[0.185s] -- Up-to-date: /home/gavin/ros2_ws/install/awc_description/share/awc_description/cmake/awc_descriptionConfig.cmake
[0.185s] -- Up-to-date: /home/gavin/ros2_ws/install/awc_description/share/awc_description/cmake/awc_descriptionConfig-version.cmake
[0.185s] -- Up-to-date: /home/gavin/ros2_ws/install/awc_description/share/awc_description/package.xml
[0.188s] Invoked command in '/home/gavin/ros2_ws/build/awc_description' returned '0': CMAKE_PREFIX_PATH=/opt/ros/humble /usr/bin/cmake --install /home/gavin/ros2_ws/build/awc_description
