[4.778s] Invoking command in '/home/gavin/AWC_control/src/js2fork': CONDA_PROMPT_MODIFIER=(base) PYTHONPATH=/home/gavin/AWC_control/src/build/js2fork/prefix_override:/usr/lib/python3/dist-packages/colcon_core/task/python/colcon_distutils_commands:/home/gavin/AWC_control/src/install/js2fork/lib/python3.10/site-packages:${PYTHONPATH} /usr/bin/python3 -W ignore:setup.py install is deprecated -W ignore:easy_install command is deprecated setup.py egg_info --egg-base ../build/js2fork build --build-base /home/gavin/AWC_control/src/build/js2fork/build install --record /home/gavin/AWC_control/src/build/js2fork/install.log --single-version-externally-managed install_data
[5.518s] running egg_info
[5.523s] writing ../build/js2fork/js2fork.egg-info/PKG-INFO
[5.524s] writing dependency_links to ../build/js2fork/js2fork.egg-info/dependency_links.txt
[5.525s] writing entry points to ../build/js2fork/js2fork.egg-info/entry_points.txt
[5.525s] writing requirements to ../build/js2fork/js2fork.egg-info/requires.txt
[5.525s] writing top-level names to ../build/js2fork/js2fork.egg-info/top_level.txt
[5.526s] reading manifest file '../build/js2fork/js2fork.egg-info/SOURCES.txt'
[5.527s] writing manifest file '../build/js2fork/js2fork.egg-info/SOURCES.txt'
[5.527s] running build
[5.528s] running build_py
[5.529s] running install
[5.530s] running install_lib
[5.536s] running install_data
[5.537s] running install_egg_info
[5.539s] removing '/home/gavin/AWC_control/src/install/js2fork/lib/python3.10/site-packages/js2fork-0.0.0-py3.10.egg-info' (and everything under it)
[5.540s] Copying ../build/js2fork/js2fork.egg-info to /home/gavin/AWC_control/src/install/js2fork/lib/python3.10/site-packages/js2fork-0.0.0-py3.10.egg-info
[5.543s] running install_scripts
[5.599s] Installing js2fork script to /home/gavin/AWC_control/src/install/js2fork/lib/js2fork
[5.600s] writing list of installed files to '/home/gavin/AWC_control/src/build/js2fork/install.log'
[5.770s] Invoked command in '/home/gavin/AWC_control/src/js2fork' returned '0': CONDA_PROMPT_MODIFIER=(base) PYTHONPATH=/home/gavin/AWC_control/src/build/js2fork/prefix_override:/usr/lib/python3/dist-packages/colcon_core/task/python/colcon_distutils_commands:/home/gavin/AWC_control/src/install/js2fork/lib/python3.10/site-packages:${PYTHONPATH} /usr/bin/python3 -W ignore:setup.py install is deprecated -W ignore:easy_install command is deprecated setup.py egg_info --egg-base ../build/js2fork build --build-base /home/gavin/AWC_control/src/build/js2fork/build install --record /home/gavin/AWC_control/src/build/js2fork/install.log --single-version-externally-managed install_data
