[3.154s] Invoking command in '/home/gavin/AWC_control/src/ros2arduino': CONDA_PROMPT_MODIFIER=(base) PYTHONPATH=/home/gavin/AWC_control/src/build/ros2arduino/prefix_override:/usr/lib/python3/dist-packages/colcon_core/task/python/colcon_distutils_commands:/home/gavin/AWC_control/src/install/ros2arduino/lib/python3.10/site-packages:${PYTHONPATH} /usr/bin/python3 -W ignore:setup.py install is deprecated -W ignore:easy_install command is deprecated setup.py egg_info --egg-base ../build/ros2arduino build --build-base /home/gavin/AWC_control/src/build/ros2arduino/build install --record /home/gavin/AWC_control/src/build/ros2arduino/install.log --single-version-externally-managed install_data
[4.683s] running egg_info
[4.685s] creating ../build/ros2arduino/ros2arduino.egg-info
[4.685s] writing ../build/ros2arduino/ros2arduino.egg-info/PKG-INFO
[4.690s] writing dependency_links to ../build/ros2arduino/ros2arduino.egg-info/dependency_links.txt
[4.690s] writing entry points to ../build/ros2arduino/ros2arduino.egg-info/entry_points.txt
[4.691s] writing requirements to ../build/ros2arduino/ros2arduino.egg-info/requires.txt
[4.691s] writing top-level names to ../build/ros2arduino/ros2arduino.egg-info/top_level.txt
[4.691s] writing manifest file '../build/ros2arduino/ros2arduino.egg-info/SOURCES.txt'
[4.694s] reading manifest file '../build/ros2arduino/ros2arduino.egg-info/SOURCES.txt'
[4.696s] writing manifest file '../build/ros2arduino/ros2arduino.egg-info/SOURCES.txt'
[4.697s] running build
[4.697s] running build_py
[4.699s] creating /home/gavin/AWC_control/src/build/ros2arduino/build
[4.700s] creating /home/gavin/AWC_control/src/build/ros2arduino/build/lib
[4.701s] creating /home/gavin/AWC_control/src/build/ros2arduino/build/lib/ros2arduino
[4.702s] copying ros2arduino/ros2arduino.py -> /home/gavin/AWC_control/src/build/ros2arduino/build/lib/ros2arduino
[4.704s] copying ros2arduino/__init__.py -> /home/gavin/AWC_control/src/build/ros2arduino/build/lib/ros2arduino
[4.705s] running install
[4.707s] running install_lib
[4.710s] creating /home/gavin/AWC_control/src/install/ros2arduino/lib/python3.10/site-packages/ros2arduino
[4.712s] copying /home/gavin/AWC_control/src/build/ros2arduino/build/lib/ros2arduino/ros2arduino.py -> /home/gavin/AWC_control/src/install/ros2arduino/lib/python3.10/site-packages/ros2arduino
[4.715s] copying /home/gavin/AWC_control/src/build/ros2arduino/build/lib/ros2arduino/__init__.py -> /home/gavin/AWC_control/src/install/ros2arduino/lib/python3.10/site-packages/ros2arduino
[4.716s] byte-compiling /home/gavin/AWC_control/src/install/ros2arduino/lib/python3.10/site-packages/ros2arduino/ros2arduino.py to ros2arduino.cpython-310.pyc
[4.721s] byte-compiling /home/gavin/AWC_control/src/install/ros2arduino/lib/python3.10/site-packages/ros2arduino/__init__.py to __init__.cpython-310.pyc
[4.722s] running install_data
[4.722s] creating /home/gavin/AWC_control/src/install/ros2arduino/share/ament_index
[4.722s] creating /home/gavin/AWC_control/src/install/ros2arduino/share/ament_index/resource_index
[4.723s] creating /home/gavin/AWC_control/src/install/ros2arduino/share/ament_index/resource_index/packages
[4.724s] copying resource/ros2arduino -> /home/gavin/AWC_control/src/install/ros2arduino/share/ament_index/resource_index/packages
[4.725s] copying package.xml -> /home/gavin/AWC_control/src/install/ros2arduino/share/ros2arduino
[4.726s] running install_egg_info
[4.736s] Copying ../build/ros2arduino/ros2arduino.egg-info to /home/gavin/AWC_control/src/install/ros2arduino/lib/python3.10/site-packages/ros2arduino-0.0.0-py3.10.egg-info
[4.743s] running install_scripts
[4.837s] Installing ros2arduino script to /home/gavin/AWC_control/src/install/ros2arduino/lib/ros2arduino
[4.838s] writing list of installed files to '/home/gavin/AWC_control/src/build/ros2arduino/install.log'
[4.961s] Invoked command in '/home/gavin/AWC_control/src/ros2arduino' returned '0': CONDA_PROMPT_MODIFIER=(base) PYTHONPATH=/home/gavin/AWC_control/src/build/ros2arduino/prefix_override:/usr/lib/python3/dist-packages/colcon_core/task/python/colcon_distutils_commands:/home/gavin/AWC_control/src/install/ros2arduino/lib/python3.10/site-packages:${PYTHONPATH} /usr/bin/python3 -W ignore:setup.py install is deprecated -W ignore:easy_install command is deprecated setup.py egg_info --egg-base ../build/ros2arduino build --build-base /home/gavin/AWC_control/src/build/ros2arduino/build install --record /home/gavin/AWC_control/src/build/ros2arduino/install.log --single-version-externally-managed install_data
