[  3%] Built target awc_msgs__cpp
[ 12%] Built target awc_msgs__rosidl_generator_c
[ 12%] Built target ament_cmake_python_copy_awc_msgs
[ 22%] Built target awc_msgs__rosidl_typesupport_fastrtps_cpp
[ 32%] Built target awc_msgs__rosidl_typesupport_cpp
[ 41%] Built target awc_msgs__rosidl_typesupport_c
[ 51%] Built target awc_msgs__rosidl_typesupport_introspection_c
[ 61%] Built target awc_msgs__rosidl_typesupport_introspection_cpp
[ 70%] Built target awc_msgs__rosidl_typesupport_fastrtps_c
[ 70%] Built target awc_msgs
[ 74%] Built target awc_msgs__py
[ 80%] Built target awc_msgs__rosidl_generator_py
[ 87%] Built target awc_msgs__rosidl_typesupport_c__pyext
[ 93%] Built target awc_msgs__rosidl_typesupport_introspection_c__pyext
[100%] Built target awc_msgs__rosidl_typesupport_fastrtps_c__pyext
running egg_info
writing awc_msgs.egg-info/PKG-INFO
writing dependency_links to awc_msgs.egg-info/dependency_links.txt
writing top-level names to awc_msgs.egg-info/top_level.txt
reading manifest file 'awc_msgs.egg-info/SOURCES.txt'
writing manifest file 'awc_msgs.egg-info/SOURCES.txt'
[100%] Built target ament_cmake_python_build_awc_msgs_egg
-- Install configuration: ""
-- Up-to-date: /home/gavin/ros2_ws/install/awc_msgs/share/ament_index/resource_index/rosidl_interfaces/awc_msgs
-- Up-to-date: /home/gavin/ros2_ws/install/awc_msgs/include/awc_msgs/awc_msgs
-- Up-to-date: /home/gavin/ros2_ws/install/awc_msgs/include/awc_msgs/awc_msgs/srv
-- Up-to-date: /home/gavin/ros2_ws/install/awc_msgs/include/awc_msgs/awc_msgs/srv/get_transform.h
-- Up-to-date: /home/gavin/ros2_ws/install/awc_msgs/include/awc_msgs/awc_msgs/srv/detail
-- Up-to-date: /home/gavin/ros2_ws/install/awc_msgs/include/awc_msgs/awc_msgs/srv/detail/get_transform__functions.c
-- Up-to-date: /home/gavin/ros2_ws/install/awc_msgs/include/awc_msgs/awc_msgs/srv/detail/get_transform__functions.h
-- Up-to-date: /home/gavin/ros2_ws/install/awc_msgs/include/awc_msgs/awc_msgs/srv/detail/get_transform__struct.h
-- Up-to-date: /home/gavin/ros2_ws/install/awc_msgs/include/awc_msgs/awc_msgs/srv/detail/get_transform__type_support.h
-- Up-to-date: /home/gavin/ros2_ws/install/awc_msgs/include/awc_msgs/awc_msgs/msg
-- Up-to-date: /home/gavin/ros2_ws/install/awc_msgs/include/awc_msgs/awc_msgs/msg/rosidl_generator_c__visibility_control.h
-- Up-to-date: /home/gavin/ros2_ws/install/awc_msgs/share/awc_msgs/environment/library_path.sh
-- Up-to-date: /home/gavin/ros2_ws/install/awc_msgs/share/awc_msgs/environment/library_path.dsv
-- Up-to-date: /home/gavin/ros2_ws/install/awc_msgs/lib/libawc_msgs__rosidl_generator_c.so
-- Up-to-date: /home/gavin/ros2_ws/install/awc_msgs/include/awc_msgs/awc_msgs
-- Up-to-date: /home/gavin/ros2_ws/install/awc_msgs/include/awc_msgs/awc_msgs/srv
-- Up-to-date: /home/gavin/ros2_ws/install/awc_msgs/include/awc_msgs/awc_msgs/srv/detail
-- Up-to-date: /home/gavin/ros2_ws/install/awc_msgs/include/awc_msgs/awc_msgs/srv/detail/get_transform__rosidl_typesupport_fastrtps_c.h
-- Up-to-date: /home/gavin/ros2_ws/install/awc_msgs/include/awc_msgs/awc_msgs/msg
-- Up-to-date: /home/gavin/ros2_ws/install/awc_msgs/include/awc_msgs/awc_msgs/msg/rosidl_typesupport_fastrtps_c__visibility_control.h
-- Up-to-date: /home/gavin/ros2_ws/install/awc_msgs/lib/libawc_msgs__rosidl_typesupport_fastrtps_c.so
-- Up-to-date: /home/gavin/ros2_ws/install/awc_msgs/include/awc_msgs/awc_msgs
-- Up-to-date: /home/gavin/ros2_ws/install/awc_msgs/include/awc_msgs/awc_msgs/srv
-- Up-to-date: /home/gavin/ros2_ws/install/awc_msgs/include/awc_msgs/awc_msgs/srv/get_transform.hpp
-- Up-to-date: /home/gavin/ros2_ws/install/awc_msgs/include/awc_msgs/awc_msgs/srv/detail
-- Up-to-date: /home/gavin/ros2_ws/install/awc_msgs/include/awc_msgs/awc_msgs/srv/detail/get_transform__type_support.hpp
-- Up-to-date: /home/gavin/ros2_ws/install/awc_msgs/include/awc_msgs/awc_msgs/srv/detail/get_transform__traits.hpp
-- Up-to-date: /home/gavin/ros2_ws/install/awc_msgs/include/awc_msgs/awc_msgs/srv/detail/get_transform__builder.hpp
-- Up-to-date: /home/gavin/ros2_ws/install/awc_msgs/include/awc_msgs/awc_msgs/srv/detail/get_transform__struct.hpp
-- Up-to-date: /home/gavin/ros2_ws/install/awc_msgs/include/awc_msgs/awc_msgs/msg
-- Up-to-date: /home/gavin/ros2_ws/install/awc_msgs/include/awc_msgs/awc_msgs/msg/rosidl_generator_cpp__visibility_control.hpp
-- Up-to-date: /home/gavin/ros2_ws/install/awc_msgs/include/awc_msgs/awc_msgs
-- Up-to-date: /home/gavin/ros2_ws/install/awc_msgs/include/awc_msgs/awc_msgs/srv
-- Up-to-date: /home/gavin/ros2_ws/install/awc_msgs/include/awc_msgs/awc_msgs/srv/detail
-- Up-to-date: /home/gavin/ros2_ws/install/awc_msgs/include/awc_msgs/awc_msgs/srv/detail/get_transform__rosidl_typesupport_fastrtps_cpp.hpp
-- Up-to-date: /home/gavin/ros2_ws/install/awc_msgs/include/awc_msgs/awc_msgs/srv/detail/dds_fastrtps
-- Up-to-date: /home/gavin/ros2_ws/install/awc_msgs/include/awc_msgs/awc_msgs/msg
-- Up-to-date: /home/gavin/ros2_ws/install/awc_msgs/include/awc_msgs/awc_msgs/msg/rosidl_typesupport_fastrtps_cpp__visibility_control.h
-- Up-to-date: /home/gavin/ros2_ws/install/awc_msgs/lib/libawc_msgs__rosidl_typesupport_fastrtps_cpp.so
-- Up-to-date: /home/gavin/ros2_ws/install/awc_msgs/include/awc_msgs/awc_msgs
-- Up-to-date: /home/gavin/ros2_ws/install/awc_msgs/include/awc_msgs/awc_msgs/srv
-- Up-to-date: /home/gavin/ros2_ws/install/awc_msgs/include/awc_msgs/awc_msgs/srv/detail
-- Up-to-date: /home/gavin/ros2_ws/install/awc_msgs/include/awc_msgs/awc_msgs/srv/detail/get_transform__rosidl_typesupport_introspection_c.h
-- Up-to-date: /home/gavin/ros2_ws/install/awc_msgs/include/awc_msgs/awc_msgs/srv/detail/get_transform__type_support.c
-- Up-to-date: /home/gavin/ros2_ws/install/awc_msgs/include/awc_msgs/awc_msgs/msg
-- Up-to-date: /home/gavin/ros2_ws/install/awc_msgs/include/awc_msgs/awc_msgs/msg/rosidl_typesupport_introspection_c__visibility_control.h
-- Up-to-date: /home/gavin/ros2_ws/install/awc_msgs/lib/libawc_msgs__rosidl_typesupport_introspection_c.so
-- Up-to-date: /home/gavin/ros2_ws/install/awc_msgs/lib/libawc_msgs__rosidl_typesupport_c.so
-- Up-to-date: /home/gavin/ros2_ws/install/awc_msgs/include/awc_msgs/awc_msgs
-- Up-to-date: /home/gavin/ros2_ws/install/awc_msgs/include/awc_msgs/awc_msgs/srv
-- Up-to-date: /home/gavin/ros2_ws/install/awc_msgs/include/awc_msgs/awc_msgs/srv/detail
-- Up-to-date: /home/gavin/ros2_ws/install/awc_msgs/include/awc_msgs/awc_msgs/srv/detail/get_transform__rosidl_typesupport_introspection_cpp.hpp
-- Up-to-date: /home/gavin/ros2_ws/install/awc_msgs/include/awc_msgs/awc_msgs/srv/detail/get_transform__type_support.cpp
-- Up-to-date: /home/gavin/ros2_ws/install/awc_msgs/lib/libawc_msgs__rosidl_typesupport_introspection_cpp.so
-- Up-to-date: /home/gavin/ros2_ws/install/awc_msgs/lib/libawc_msgs__rosidl_typesupport_cpp.so
-- Up-to-date: /home/gavin/ros2_ws/install/awc_msgs/share/awc_msgs/environment/pythonpath.sh
-- Up-to-date: /home/gavin/ros2_ws/install/awc_msgs/share/awc_msgs/environment/pythonpath.dsv
-- Up-to-date: /home/gavin/ros2_ws/install/awc_msgs/local/lib/python3.10/dist-packages/awc_msgs-0.0.0-py3.10.egg-info
-- Installing: /home/gavin/ros2_ws/install/awc_msgs/local/lib/python3.10/dist-packages/awc_msgs-0.0.0-py3.10.egg-info/top_level.txt
-- Installing: /home/gavin/ros2_ws/install/awc_msgs/local/lib/python3.10/dist-packages/awc_msgs-0.0.0-py3.10.egg-info/dependency_links.txt
-- Installing: /home/gavin/ros2_ws/install/awc_msgs/local/lib/python3.10/dist-packages/awc_msgs-0.0.0-py3.10.egg-info/SOURCES.txt
-- Installing: /home/gavin/ros2_ws/install/awc_msgs/local/lib/python3.10/dist-packages/awc_msgs-0.0.0-py3.10.egg-info/PKG-INFO
-- Up-to-date: /home/gavin/ros2_ws/install/awc_msgs/local/lib/python3.10/dist-packages/awc_msgs
-- Up-to-date: /home/gavin/ros2_ws/install/awc_msgs/local/lib/python3.10/dist-packages/awc_msgs/_awc_msgs_s.ep.rosidl_typesupport_introspection_c.c
-- Up-to-date: /home/gavin/ros2_ws/install/awc_msgs/local/lib/python3.10/dist-packages/awc_msgs/__init__.py
-- Up-to-date: /home/gavin/ros2_ws/install/awc_msgs/local/lib/python3.10/dist-packages/awc_msgs/_awc_msgs_s.ep.rosidl_typesupport_fastrtps_c.c
-- Up-to-date: /home/gavin/ros2_ws/install/awc_msgs/local/lib/python3.10/dist-packages/awc_msgs/awc_msgs_s__rosidl_typesupport_introspection_c.cpython-310-x86_64-linux-gnu.so
-- Up-to-date: /home/gavin/ros2_ws/install/awc_msgs/local/lib/python3.10/dist-packages/awc_msgs/awc_msgs_s__rosidl_typesupport_c.cpython-310-x86_64-linux-gnu.so
-- Up-to-date: /home/gavin/ros2_ws/install/awc_msgs/local/lib/python3.10/dist-packages/awc_msgs/_awc_msgs_s.ep.rosidl_typesupport_c.c
-- Up-to-date: /home/gavin/ros2_ws/install/awc_msgs/local/lib/python3.10/dist-packages/awc_msgs/srv
-- Up-to-date: /home/gavin/ros2_ws/install/awc_msgs/local/lib/python3.10/dist-packages/awc_msgs/srv/_get_transform.py
-- Up-to-date: /home/gavin/ros2_ws/install/awc_msgs/local/lib/python3.10/dist-packages/awc_msgs/srv/__init__.py
-- Up-to-date: /home/gavin/ros2_ws/install/awc_msgs/local/lib/python3.10/dist-packages/awc_msgs/srv/_get_transform_s.c
-- Up-to-date: /home/gavin/ros2_ws/install/awc_msgs/local/lib/python3.10/dist-packages/awc_msgs/libawc_msgs__rosidl_generator_py.so
-- Up-to-date: /home/gavin/ros2_ws/install/awc_msgs/local/lib/python3.10/dist-packages/awc_msgs/awc_msgs_s__rosidl_typesupport_fastrtps_c.cpython-310-x86_64-linux-gnu.so
Listing '/home/gavin/ros2_ws/install/awc_msgs/local/lib/python3.10/dist-packages/awc_msgs'...
Listing '/home/gavin/ros2_ws/install/awc_msgs/local/lib/python3.10/dist-packages/awc_msgs/srv'...
-- Up-to-date: /home/gavin/ros2_ws/install/awc_msgs/local/lib/python3.10/dist-packages/awc_msgs/awc_msgs_s__rosidl_typesupport_fastrtps_c.cpython-310-x86_64-linux-gnu.so
-- Up-to-date: /home/gavin/ros2_ws/install/awc_msgs/local/lib/python3.10/dist-packages/awc_msgs/awc_msgs_s__rosidl_typesupport_introspection_c.cpython-310-x86_64-linux-gnu.so
-- Up-to-date: /home/gavin/ros2_ws/install/awc_msgs/local/lib/python3.10/dist-packages/awc_msgs/awc_msgs_s__rosidl_typesupport_c.cpython-310-x86_64-linux-gnu.so
-- Up-to-date: /home/gavin/ros2_ws/install/awc_msgs/lib/libawc_msgs__rosidl_generator_py.so
-- Up-to-date: /home/gavin/ros2_ws/install/awc_msgs/share/awc_msgs/srv/GetTransform.idl
-- Up-to-date: /home/gavin/ros2_ws/install/awc_msgs/share/awc_msgs/srv/GetTransform.srv
-- Up-to-date: /home/gavin/ros2_ws/install/awc_msgs/share/awc_msgs/srv/GetTransform_Request.msg
-- Up-to-date: /home/gavin/ros2_ws/install/awc_msgs/share/awc_msgs/srv/GetTransform_Response.msg
-- Up-to-date: /home/gavin/ros2_ws/install/awc_msgs/share/ament_index/resource_index/package_run_dependencies/awc_msgs
-- Up-to-date: /home/gavin/ros2_ws/install/awc_msgs/share/ament_index/resource_index/parent_prefix_path/awc_msgs
-- Up-to-date: /home/gavin/ros2_ws/install/awc_msgs/share/awc_msgs/environment/ament_prefix_path.sh
-- Up-to-date: /home/gavin/ros2_ws/install/awc_msgs/share/awc_msgs/environment/ament_prefix_path.dsv
-- Up-to-date: /home/gavin/ros2_ws/install/awc_msgs/share/awc_msgs/environment/path.sh
-- Up-to-date: /home/gavin/ros2_ws/install/awc_msgs/share/awc_msgs/environment/path.dsv
-- Up-to-date: /home/gavin/ros2_ws/install/awc_msgs/share/awc_msgs/local_setup.bash
-- Up-to-date: /home/gavin/ros2_ws/install/awc_msgs/share/awc_msgs/local_setup.sh
-- Up-to-date: /home/gavin/ros2_ws/install/awc_msgs/share/awc_msgs/local_setup.zsh
-- Up-to-date: /home/gavin/ros2_ws/install/awc_msgs/share/awc_msgs/local_setup.dsv
-- Installing: /home/gavin/ros2_ws/install/awc_msgs/share/awc_msgs/package.dsv
-- Up-to-date: /home/gavin/ros2_ws/install/awc_msgs/share/ament_index/resource_index/packages/awc_msgs
-- Up-to-date: /home/gavin/ros2_ws/install/awc_msgs/share/awc_msgs/cmake/export_awc_msgs__rosidl_generator_cExport.cmake
-- Up-to-date: /home/gavin/ros2_ws/install/awc_msgs/share/awc_msgs/cmake/export_awc_msgs__rosidl_generator_cExport-noconfig.cmake
-- Up-to-date: /home/gavin/ros2_ws/install/awc_msgs/share/awc_msgs/cmake/export_awc_msgs__rosidl_typesupport_fastrtps_cExport.cmake
-- Up-to-date: /home/gavin/ros2_ws/install/awc_msgs/share/awc_msgs/cmake/export_awc_msgs__rosidl_typesupport_fastrtps_cExport-noconfig.cmake
-- Up-to-date: /home/gavin/ros2_ws/install/awc_msgs/share/awc_msgs/cmake/export_awc_msgs__rosidl_generator_cppExport.cmake
-- Up-to-date: /home/gavin/ros2_ws/install/awc_msgs/share/awc_msgs/cmake/export_awc_msgs__rosidl_typesupport_fastrtps_cppExport.cmake
-- Up-to-date: /home/gavin/ros2_ws/install/awc_msgs/share/awc_msgs/cmake/export_awc_msgs__rosidl_typesupport_fastrtps_cppExport-noconfig.cmake
-- Up-to-date: /home/gavin/ros2_ws/install/awc_msgs/share/awc_msgs/cmake/awc_msgs__rosidl_typesupport_introspection_cExport.cmake
-- Up-to-date: /home/gavin/ros2_ws/install/awc_msgs/share/awc_msgs/cmake/awc_msgs__rosidl_typesupport_introspection_cExport-noconfig.cmake
-- Up-to-date: /home/gavin/ros2_ws/install/awc_msgs/share/awc_msgs/cmake/awc_msgs__rosidl_typesupport_cExport.cmake
-- Up-to-date: /home/gavin/ros2_ws/install/awc_msgs/share/awc_msgs/cmake/awc_msgs__rosidl_typesupport_cExport-noconfig.cmake
-- Up-to-date: /home/gavin/ros2_ws/install/awc_msgs/share/awc_msgs/cmake/awc_msgs__rosidl_typesupport_introspection_cppExport.cmake
-- Up-to-date: /home/gavin/ros2_ws/install/awc_msgs/share/awc_msgs/cmake/awc_msgs__rosidl_typesupport_introspection_cppExport-noconfig.cmake
-- Up-to-date: /home/gavin/ros2_ws/install/awc_msgs/share/awc_msgs/cmake/awc_msgs__rosidl_typesupport_cppExport.cmake
-- Up-to-date: /home/gavin/ros2_ws/install/awc_msgs/share/awc_msgs/cmake/awc_msgs__rosidl_typesupport_cppExport-noconfig.cmake
-- Up-to-date: /home/gavin/ros2_ws/install/awc_msgs/share/awc_msgs/cmake/export_awc_msgs__rosidl_generator_pyExport.cmake
-- Up-to-date: /home/gavin/ros2_ws/install/awc_msgs/share/awc_msgs/cmake/export_awc_msgs__rosidl_generator_pyExport-noconfig.cmake
-- Up-to-date: /home/gavin/ros2_ws/install/awc_msgs/share/awc_msgs/cmake/rosidl_cmake-extras.cmake
-- Up-to-date: /home/gavin/ros2_ws/install/awc_msgs/share/awc_msgs/cmake/ament_cmake_export_dependencies-extras.cmake
-- Up-to-date: /home/gavin/ros2_ws/install/awc_msgs/share/awc_msgs/cmake/ament_cmake_export_include_directories-extras.cmake
-- Up-to-date: /home/gavin/ros2_ws/install/awc_msgs/share/awc_msgs/cmake/ament_cmake_export_libraries-extras.cmake
-- Up-to-date: /home/gavin/ros2_ws/install/awc_msgs/share/awc_msgs/cmake/ament_cmake_export_targets-extras.cmake
-- Up-to-date: /home/gavin/ros2_ws/install/awc_msgs/share/awc_msgs/cmake/rosidl_cmake_export_typesupport_targets-extras.cmake
-- Up-to-date: /home/gavin/ros2_ws/install/awc_msgs/share/awc_msgs/cmake/rosidl_cmake_export_typesupport_libraries-extras.cmake
-- Up-to-date: /home/gavin/ros2_ws/install/awc_msgs/share/awc_msgs/cmake/awc_msgsConfig.cmake
-- Up-to-date: /home/gavin/ros2_ws/install/awc_msgs/share/awc_msgs/cmake/awc_msgsConfig-version.cmake
-- Up-to-date: /home/gavin/ros2_ws/install/awc_msgs/share/awc_msgs/package.xml
