[1.176s] Invoking command in '/home/gavin/ros2_ws/awc_bringup': PYTHONPATH=/home/gavin/ros2_ws/build/awc_bringup/prefix_override:/usr/lib/python3/dist-packages/colcon_core/task/python/colcon_distutils_commands:/home/gavin/ros2_ws/install/awc_bringup/lib/python3.10/site-packages:${PYTHONPATH} /usr/bin/python3 -W ignore:setup.py install is deprecated -W ignore:easy_install command is deprecated setup.py egg_info --egg-base ../build/awc_bringup build --build-base /home/gavin/ros2_ws/build/awc_bringup/build install --record /home/gavin/ros2_ws/build/awc_bringup/install.log --single-version-externally-managed install_data
[1.442s] running egg_info
[1.443s] creating ../build/awc_bringup/awc_bringup.egg-info
[1.456s] writing ../build/awc_bringup/awc_bringup.egg-info/PKG-INFO
[1.458s] writing dependency_links to ../build/awc_bringup/awc_bringup.egg-info/dependency_links.txt
[1.458s] writing requirements to ../build/awc_bringup/awc_bringup.egg-info/requires.txt
[1.458s] writing top-level names to ../build/awc_bringup/awc_bringup.egg-info/top_level.txt
[1.458s] writing manifest file '../build/awc_bringup/awc_bringup.egg-info/SOURCES.txt'
[1.481s] reading manifest file '../build/awc_bringup/awc_bringup.egg-info/SOURCES.txt'
[1.481s] writing manifest file '../build/awc_bringup/awc_bringup.egg-info/SOURCES.txt'
[1.481s] running build
[1.481s] running build_py
[1.481s] creating /home/gavin/ros2_ws/build/awc_bringup/build
[1.482s] creating /home/gavin/ros2_ws/build/awc_bringup/build/lib
[1.482s] creating /home/gavin/ros2_ws/build/awc_bringup/build/lib/awc_bringup
[1.482s] copying awc_bringup/__init__.py -> /home/gavin/ros2_ws/build/awc_bringup/build/lib/awc_bringup
[1.482s] copying awc_bringup/awc_gazebo.launch.py -> /home/gavin/ros2_ws/build/awc_bringup/build/lib/awc_bringup
[1.482s] running install
[1.487s] running install_lib
[1.497s] creating /home/gavin/ros2_ws/install/awc_bringup/lib/python3.10/site-packages/awc_bringup
[1.497s] copying /home/gavin/ros2_ws/build/awc_bringup/build/lib/awc_bringup/__init__.py -> /home/gavin/ros2_ws/install/awc_bringup/lib/python3.10/site-packages/awc_bringup
[1.498s] copying /home/gavin/ros2_ws/build/awc_bringup/build/lib/awc_bringup/awc_gazebo.launch.py -> /home/gavin/ros2_ws/install/awc_bringup/lib/python3.10/site-packages/awc_bringup
[1.498s] byte-compiling /home/gavin/ros2_ws/install/awc_bringup/lib/python3.10/site-packages/awc_bringup/__init__.py to __init__.cpython-310.pyc
[1.498s] byte-compiling /home/gavin/ros2_ws/install/awc_bringup/lib/python3.10/site-packages/awc_bringup/awc_gazebo.launch.py to awc_gazebo.launch.cpython-310.pyc
[1.498s] running install_data
[1.498s] creating /home/gavin/ros2_ws/install/awc_bringup/share/ament_index
[1.498s] creating /home/gavin/ros2_ws/install/awc_bringup/share/ament_index/resource_index
[1.498s] creating /home/gavin/ros2_ws/install/awc_bringup/share/ament_index/resource_index/packages
[1.499s] copying resource/awc_bringup -> /home/gavin/ros2_ws/install/awc_bringup/share/ament_index/resource_index/packages
[1.499s] copying package.xml -> /home/gavin/ros2_ws/install/awc_bringup/share/awc_bringup
[1.499s] creating /home/gavin/ros2_ws/install/awc_bringup/share/awc_bringup/launch
[1.499s] copying launch/awc_gazebo.launch.py -> /home/gavin/ros2_ws/install/awc_bringup/share/awc_bringup/launch
[1.499s] running install_egg_info
[1.510s] Copying ../build/awc_bringup/awc_bringup.egg-info to /home/gavin/ros2_ws/install/awc_bringup/lib/python3.10/site-packages/awc_bringup-0.0.0-py3.10.egg-info
[1.510s] running install_scripts
[1.636s] writing list of installed files to '/home/gavin/ros2_ws/build/awc_bringup/install.log'
[1.663s] Invoked command in '/home/gavin/ros2_ws/awc_bringup' returned '0': PYTHONPATH=/home/gavin/ros2_ws/build/awc_bringup/prefix_override:/usr/lib/python3/dist-packages/colcon_core/task/python/colcon_distutils_commands:/home/gavin/ros2_ws/install/awc_bringup/lib/python3.10/site-packages:${PYTHONPATH} /usr/bin/python3 -W ignore:setup.py install is deprecated -W ignore:easy_install command is deprecated setup.py egg_info --egg-base ../build/awc_bringup build --build-base /home/gavin/ros2_ws/build/awc_bringup/build install --record /home/gavin/ros2_ws/build/awc_bringup/install.log --single-version-externally-managed install_data
