[0.330s] DEBUG:colcon:Command line arguments: ['/usr/bin/colcon', 'list', '-p', '--base-paths', '/home/gavin/AWC_control']
[0.330s] DEBUG:colcon:Parsed command line arguments: Namespace(log_base=None, log_level=None, verb_name='list', build_base='build', ignore_user_meta=False, metas=['./colcon.meta'], base_paths=['/home/gavin/AWC_control'], packages_ignore=None, packages_ignore_regex=None, paths=None, packages_up_to=None, packages_up_to_regex=None, packages_above=None, packages_above_and_dependencies=None, packages_above_depth=None, packages_select_by_dep=None, packages_skip_by_dep=None, packages_skip_up_to=None, packages_select_build_failed=False, packages_skip_build_finished=False, packages_select_test_failures=False, packages_skip_test_passed=False, packages_select=None, packages_skip=None, packages_select_regex=None, packages_skip_regex=None, packages_start=None, packages_end=None, allow_overriding=[], topological_order=False, names_only=False, paths_only=True, topological_graph=False, topological_graph_dot=False, topological_graph_density=False, topological_graph_legend=False, topological_graph_dot_cluster=False, topological_graph_dot_include_skipped=False, mixin_files=None, mixin=None, verb_parser=<colcon_mixin.mixin.mixin_argument.MixinArgumentDecorator object at 0x78f3395af430>, verb_extension=<colcon_package_information.verb.list.ListVerb object at 0x78f3395ade40>, main=<bound method ListVerb.main of <colcon_package_information.verb.list.ListVerb object at 0x78f3395ade40>>, mixin_verb=('list',))
[0.902s] Level 1:colcon.colcon_core.package_discovery:discover_packages(colcon_meta) check parameters
[0.903s] Level 1:colcon.colcon_core.package_discovery:discover_packages(recursive) check parameters
[0.903s] Level 1:colcon.colcon_core.package_discovery:discover_packages(ignore) check parameters
[0.903s] Level 1:colcon.colcon_core.package_discovery:discover_packages(path) check parameters
[0.903s] Level 1:colcon.colcon_core.package_discovery:discover_packages(recursive) discover
[0.903s] INFO:colcon.colcon_core.package_discovery:Crawling recursively for packages in '/home/gavin/AWC_control'
[0.903s] Level 1:colcon.colcon_core.package_identification:_identify(/home/gavin/AWC_control) by extensions ['ignore', 'ignore_ament_install']
[0.903s] Level 1:colcon.colcon_core.package_identification:_identify(/home/gavin/AWC_control) by extension 'ignore'
[0.904s] Level 1:colcon.colcon_core.package_identification:_identify(/home/gavin/AWC_control) by extension 'ignore_ament_install'
[0.904s] Level 1:colcon.colcon_core.package_identification:_identify(/home/gavin/AWC_control) by extensions ['colcon_pkg']
[0.904s] Level 1:colcon.colcon_core.package_identification:_identify(/home/gavin/AWC_control) by extension 'colcon_pkg'
[0.904s] Level 1:colcon.colcon_core.package_identification:_identify(/home/gavin/AWC_control) by extensions ['colcon_meta']
[0.904s] Level 1:colcon.colcon_core.package_identification:_identify(/home/gavin/AWC_control) by extension 'colcon_meta'
[0.904s] Level 1:colcon.colcon_core.package_identification:_identify(/home/gavin/AWC_control) by extensions ['ros']
[0.904s] Level 1:colcon.colcon_core.package_identification:_identify(/home/gavin/AWC_control) by extension 'ros'
[0.930s] Level 1:colcon.colcon_core.package_identification:_identify(/home/gavin/AWC_control) by extensions ['cmake', 'python']
[0.931s] Level 1:colcon.colcon_core.package_identification:_identify(/home/gavin/AWC_control) by extension 'cmake'
[0.931s] Level 1:colcon.colcon_core.package_identification:_identify(/home/gavin/AWC_control) by extension 'python'
[0.931s] Level 1:colcon.colcon_core.package_identification:_identify(/home/gavin/AWC_control) by extensions ['python_setup_py']
[0.931s] Level 1:colcon.colcon_core.package_identification:_identify(/home/gavin/AWC_control) by extension 'python_setup_py'
[0.931s] Level 1:colcon.colcon_core.package_identification:_identify(/home/gavin/AWC_control/build) by extensions ['ignore', 'ignore_ament_install']
[0.931s] Level 1:colcon.colcon_core.package_identification:_identify(/home/gavin/AWC_control/build) by extension 'ignore'
[0.931s] Level 1:colcon.colcon_core.package_identification:_identify(/home/gavin/AWC_control/build) ignored
[0.932s] Level 1:colcon.colcon_core.package_identification:_identify(/home/gavin/AWC_control/install) by extensions ['ignore', 'ignore_ament_install']
[0.932s] Level 1:colcon.colcon_core.package_identification:_identify(/home/gavin/AWC_control/install) by extension 'ignore'
[0.932s] Level 1:colcon.colcon_core.package_identification:_identify(/home/gavin/AWC_control/install) ignored
[0.932s] Level 1:colcon.colcon_core.package_identification:_identify(/home/gavin/AWC_control/log) by extensions ['ignore', 'ignore_ament_install']
[0.933s] Level 1:colcon.colcon_core.package_identification:_identify(/home/gavin/AWC_control/log) by extension 'ignore'
[0.933s] Level 1:colcon.colcon_core.package_identification:_identify(/home/gavin/AWC_control/log) ignored
[0.933s] Level 1:colcon.colcon_core.package_identification:_identify(/home/gavin/AWC_control/src) by extensions ['ignore', 'ignore_ament_install']
[0.933s] Level 1:colcon.colcon_core.package_identification:_identify(/home/gavin/AWC_control/src) by extension 'ignore'
[0.933s] Level 1:colcon.colcon_core.package_identification:_identify(/home/gavin/AWC_control/src) by extension 'ignore_ament_install'
[0.933s] Level 1:colcon.colcon_core.package_identification:_identify(/home/gavin/AWC_control/src) by extensions ['colcon_pkg']
[0.933s] Level 1:colcon.colcon_core.package_identification:_identify(/home/gavin/AWC_control/src) by extension 'colcon_pkg'
[0.933s] Level 1:colcon.colcon_core.package_identification:_identify(/home/gavin/AWC_control/src) by extensions ['colcon_meta']
[0.934s] Level 1:colcon.colcon_core.package_identification:_identify(/home/gavin/AWC_control/src) by extension 'colcon_meta'
[0.934s] Level 1:colcon.colcon_core.package_identification:_identify(/home/gavin/AWC_control/src) by extensions ['ros']
[0.934s] Level 1:colcon.colcon_core.package_identification:_identify(/home/gavin/AWC_control/src) by extension 'ros'
[0.934s] Level 1:colcon.colcon_core.package_identification:_identify(/home/gavin/AWC_control/src) by extensions ['cmake', 'python']
[0.934s] Level 1:colcon.colcon_core.package_identification:_identify(/home/gavin/AWC_control/src) by extension 'cmake'
[0.934s] Level 1:colcon.colcon_core.package_identification:_identify(/home/gavin/AWC_control/src) by extension 'python'
[0.934s] Level 1:colcon.colcon_core.package_identification:_identify(/home/gavin/AWC_control/src) by extensions ['python_setup_py']
[0.934s] Level 1:colcon.colcon_core.package_identification:_identify(/home/gavin/AWC_control/src) by extension 'python_setup_py'
[0.935s] Level 1:colcon.colcon_core.package_identification:_identify(/home/gavin/AWC_control/src/awc_communication) by extensions ['ignore', 'ignore_ament_install']
[0.935s] Level 1:colcon.colcon_core.package_identification:_identify(/home/gavin/AWC_control/src/awc_communication) by extension 'ignore'
[0.935s] Level 1:colcon.colcon_core.package_identification:_identify(/home/gavin/AWC_control/src/awc_communication) by extension 'ignore_ament_install'
[0.935s] Level 1:colcon.colcon_core.package_identification:_identify(/home/gavin/AWC_control/src/awc_communication) by extensions ['colcon_pkg']
[0.935s] Level 1:colcon.colcon_core.package_identification:_identify(/home/gavin/AWC_control/src/awc_communication) by extension 'colcon_pkg'
[0.935s] Level 1:colcon.colcon_core.package_identification:_identify(/home/gavin/AWC_control/src/awc_communication) by extensions ['colcon_meta']
[0.935s] Level 1:colcon.colcon_core.package_identification:_identify(/home/gavin/AWC_control/src/awc_communication) by extension 'colcon_meta'
[0.935s] Level 1:colcon.colcon_core.package_identification:_identify(/home/gavin/AWC_control/src/awc_communication) by extensions ['ros']
[0.935s] Level 1:colcon.colcon_core.package_identification:_identify(/home/gavin/AWC_control/src/awc_communication) by extension 'ros'
[0.941s] DEBUG:colcon.colcon_core.package_identification:Package '/home/gavin/AWC_control/src/awc_communication' with type 'ros.ament_python' and name 'awc_communication'
[0.941s] Level 1:colcon.colcon_core.package_identification:_identify(/home/gavin/AWC_control/src/tf_publisher) by extensions ['ignore', 'ignore_ament_install']
[0.942s] Level 1:colcon.colcon_core.package_identification:_identify(/home/gavin/AWC_control/src/tf_publisher) by extension 'ignore'
[0.942s] Level 1:colcon.colcon_core.package_identification:_identify(/home/gavin/AWC_control/src/tf_publisher) by extension 'ignore_ament_install'
[0.942s] Level 1:colcon.colcon_core.package_identification:_identify(/home/gavin/AWC_control/src/tf_publisher) by extensions ['colcon_pkg']
[0.942s] Level 1:colcon.colcon_core.package_identification:_identify(/home/gavin/AWC_control/src/tf_publisher) by extension 'colcon_pkg'
[0.942s] Level 1:colcon.colcon_core.package_identification:_identify(/home/gavin/AWC_control/src/tf_publisher) by extensions ['colcon_meta']
[0.942s] Level 1:colcon.colcon_core.package_identification:_identify(/home/gavin/AWC_control/src/tf_publisher) by extension 'colcon_meta'
[0.943s] Level 1:colcon.colcon_core.package_identification:_identify(/home/gavin/AWC_control/src/tf_publisher) by extensions ['ros']
[0.943s] Level 1:colcon.colcon_core.package_identification:_identify(/home/gavin/AWC_control/src/tf_publisher) by extension 'ros'
[0.944s] DEBUG:colcon.colcon_core.package_identification:Package '/home/gavin/AWC_control/src/tf_publisher' with type 'ros.ament_python' and name 'tf_publisher'
[0.944s] Level 1:colcon.colcon_core.package_discovery:discover_packages(recursive) using defaults
