[4.311s] Invoking command in '/home/gavin/AWC_control/src/awc_bringup': CONDA_PROMPT_MODIFIER=(base) PYTHONPATH=/home/gavin/AWC_control/src/build/awc_bringup/prefix_override:/usr/lib/python3/dist-packages/colcon_core/task/python/colcon_distutils_commands:/home/gavin/AWC_control/src/install/awc_bringup/lib/python3.10/site-packages:${PYTHONPATH} /usr/bin/python3 -W ignore:setup.py install is deprecated -W ignore:easy_install command is deprecated setup.py egg_info --egg-base ../build/awc_bringup build --build-base /home/gavin/AWC_control/src/build/awc_bringup/build install --record /home/gavin/AWC_control/src/build/awc_bringup/install.log --single-version-externally-managed install_data
[4.800s] running egg_info
[4.800s] writing ../build/awc_bringup/awc_bringup.egg-info/PKG-INFO
[4.801s] writing dependency_links to ../build/awc_bringup/awc_bringup.egg-info/dependency_links.txt
[4.801s] writing entry points to ../build/awc_bringup/awc_bringup.egg-info/entry_points.txt
[4.801s] writing requirements to ../build/awc_bringup/awc_bringup.egg-info/requires.txt
[4.802s] writing top-level names to ../build/awc_bringup/awc_bringup.egg-info/top_level.txt
[4.804s] reading manifest file '../build/awc_bringup/awc_bringup.egg-info/SOURCES.txt'
[4.805s] writing manifest file '../build/awc_bringup/awc_bringup.egg-info/SOURCES.txt'
[4.805s] running build
[4.805s] running build_py
[4.806s] running install
[4.806s] running install_lib
[4.808s] running install_data
[4.808s] running install_egg_info
[4.811s] removing '/home/gavin/AWC_control/src/install/awc_bringup/lib/python3.10/site-packages/awc_bringup-0.0.0-py3.10.egg-info' (and everything under it)
[4.812s] Copying ../build/awc_bringup/awc_bringup.egg-info to /home/gavin/AWC_control/src/install/awc_bringup/lib/python3.10/site-packages/awc_bringup-0.0.0-py3.10.egg-info
[4.813s] running install_scripts
[4.849s] writing list of installed files to '/home/gavin/AWC_control/src/build/awc_bringup/install.log'
[4.919s] Invoked command in '/home/gavin/AWC_control/src/awc_bringup' returned '0': CONDA_PROMPT_MODIFIER=(base) PYTHONPATH=/home/gavin/AWC_control/src/build/awc_bringup/prefix_override:/usr/lib/python3/dist-packages/colcon_core/task/python/colcon_distutils_commands:/home/gavin/AWC_control/src/install/awc_bringup/lib/python3.10/site-packages:${PYTHONPATH} /usr/bin/python3 -W ignore:setup.py install is deprecated -W ignore:easy_install command is deprecated setup.py egg_info --egg-base ../build/awc_bringup build --build-base /home/gavin/AWC_control/src/build/awc_bringup/build install --record /home/gavin/AWC_control/src/build/awc_bringup/install.log --single-version-externally-managed install_data
