[35m[1mConsolidate compiler generated dependencies of target awc_interfaces__rosidl_generator_c[0m
[  9%] Built target awc_interfaces__rosidl_generator_c
[ 12%] Built target awc_interfaces__cpp
[35m[1mConsolidate compiler generated dependencies of target awc_interfaces__rosidl_typesupport_introspection_c[0m
[35m[1mConsolidate compiler generated dependencies of target awc_interfaces__rosidl_typesupport_c[0m
[ 12%] Built target ament_cmake_python_copy_awc_interfaces
[35m[1mConsolidate compiler generated dependencies of target awc_interfaces__rosidl_typesupport_fastrtps_c[0m
[ 22%] Built target awc_interfaces__rosidl_typesupport_introspection_c
[35m[1mConsolidate compiler generated dependencies of target awc_interfaces__rosidl_typesupport_fastrtps_cpp[0m
[ 32%] Built target awc_interfaces__rosidl_typesupport_c
[35m[1mConsolidate compiler generated dependencies of target awc_interfaces__rosidl_typesupport_introspection_cpp[0m
[35m[1mConsolidate compiler generated dependencies of target awc_interfaces__rosidl_typesupport_cpp[0m
[ 41%] Built target awc_interfaces__rosidl_typesupport_fastrtps_c
[ 61%] Built target awc_interfaces__rosidl_typesupport_cpp
[ 61%] Built target awc_interfaces__rosidl_typesupport_fastrtps_cpp
[ 70%] Built target awc_interfaces__rosidl_typesupport_introspection_cpp
[ 70%] Built target awc_interfaces
[ 74%] Built target awc_interfaces__py
[35m[1mConsolidate compiler generated dependencies of target awc_interfaces__rosidl_generator_py[0m
[ 80%] Built target awc_interfaces__rosidl_generator_py
[35m[1mConsolidate compiler generated dependencies of target awc_interfaces__rosidl_typesupport_fastrtps_c__pyext[0m
[35m[1mConsolidate compiler generated dependencies of target awc_interfaces__rosidl_typesupport_c__pyext[0m
[35m[1mConsolidate compiler generated dependencies of target awc_interfaces__rosidl_typesupport_introspection_c__pyext[0m
[ 87%] Built target awc_interfaces__rosidl_typesupport_c__pyext
[ 93%] Built target awc_interfaces__rosidl_typesupport_fastrtps_c__pyext
[100%] Built target awc_interfaces__rosidl_typesupport_introspection_c__pyext
running egg_info
writing awc_interfaces.egg-info/PKG-INFO
writing dependency_links to awc_interfaces.egg-info/dependency_links.txt
writing top-level names to awc_interfaces.egg-info/top_level.txt
reading manifest file 'awc_interfaces.egg-info/SOURCES.txt'
writing manifest file 'awc_interfaces.egg-info/SOURCES.txt'
[100%] Built target ament_cmake_python_build_awc_interfaces_egg
-- Install configuration: ""
-- Installing: /home/gavin/AWC_control/src/install/awc_interfaces/share/ament_index/resource_index/rosidl_interfaces/awc_interfaces
-- Installing: /home/gavin/AWC_control/src/install/awc_interfaces/include/awc_interfaces/awc_interfaces
-- Installing: /home/gavin/AWC_control/src/install/awc_interfaces/include/awc_interfaces/awc_interfaces/msg
-- Installing: /home/gavin/AWC_control/src/install/awc_interfaces/include/awc_interfaces/awc_interfaces/msg/navigation_command.h
-- Installing: /home/gavin/AWC_control/src/install/awc_interfaces/include/awc_interfaces/awc_interfaces/msg/detail
-- Installing: /home/gavin/AWC_control/src/install/awc_interfaces/include/awc_interfaces/awc_interfaces/msg/detail/navigation_command__functions.c
-- Installing: /home/gavin/AWC_control/src/install/awc_interfaces/include/awc_interfaces/awc_interfaces/msg/detail/navigation_command__struct.h
-- Installing: /home/gavin/AWC_control/src/install/awc_interfaces/include/awc_interfaces/awc_interfaces/msg/detail/navigation_command__type_support.h
-- Installing: /home/gavin/AWC_control/src/install/awc_interfaces/include/awc_interfaces/awc_interfaces/msg/detail/navigation_command__functions.h
-- Installing: /home/gavin/AWC_control/src/install/awc_interfaces/include/awc_interfaces/awc_interfaces/msg/rosidl_generator_c__visibility_control.h
-- Installing: /home/gavin/AWC_control/src/install/awc_interfaces/share/awc_interfaces/environment/library_path.sh
-- Installing: /home/gavin/AWC_control/src/install/awc_interfaces/share/awc_interfaces/environment/library_path.dsv
-- Installing: /home/gavin/AWC_control/src/install/awc_interfaces/lib/libawc_interfaces__rosidl_generator_c.so
-- Set runtime path of "/home/gavin/AWC_control/src/install/awc_interfaces/lib/libawc_interfaces__rosidl_generator_c.so" to ""
-- Up-to-date: /home/gavin/AWC_control/src/install/awc_interfaces/include/awc_interfaces/awc_interfaces
-- Up-to-date: /home/gavin/AWC_control/src/install/awc_interfaces/include/awc_interfaces/awc_interfaces/msg
-- Up-to-date: /home/gavin/AWC_control/src/install/awc_interfaces/include/awc_interfaces/awc_interfaces/msg/detail
-- Installing: /home/gavin/AWC_control/src/install/awc_interfaces/include/awc_interfaces/awc_interfaces/msg/detail/navigation_command__rosidl_typesupport_fastrtps_c.h
-- Installing: /home/gavin/AWC_control/src/install/awc_interfaces/include/awc_interfaces/awc_interfaces/msg/rosidl_typesupport_fastrtps_c__visibility_control.h
-- Installing: /home/gavin/AWC_control/src/install/awc_interfaces/lib/libawc_interfaces__rosidl_typesupport_fastrtps_c.so
-- Set runtime path of "/home/gavin/AWC_control/src/install/awc_interfaces/lib/libawc_interfaces__rosidl_typesupport_fastrtps_c.so" to ""
-- Up-to-date: /home/gavin/AWC_control/src/install/awc_interfaces/include/awc_interfaces/awc_interfaces
-- Up-to-date: /home/gavin/AWC_control/src/install/awc_interfaces/include/awc_interfaces/awc_interfaces/msg
-- Installing: /home/gavin/AWC_control/src/install/awc_interfaces/include/awc_interfaces/awc_interfaces/msg/rosidl_generator_cpp__visibility_control.hpp
-- Up-to-date: /home/gavin/AWC_control/src/install/awc_interfaces/include/awc_interfaces/awc_interfaces/msg/detail
-- Installing: /home/gavin/AWC_control/src/install/awc_interfaces/include/awc_interfaces/awc_interfaces/msg/detail/navigation_command__type_support.hpp
-- Installing: /home/gavin/AWC_control/src/install/awc_interfaces/include/awc_interfaces/awc_interfaces/msg/detail/navigation_command__struct.hpp
-- Installing: /home/gavin/AWC_control/src/install/awc_interfaces/include/awc_interfaces/awc_interfaces/msg/detail/navigation_command__traits.hpp
-- Installing: /home/gavin/AWC_control/src/install/awc_interfaces/include/awc_interfaces/awc_interfaces/msg/detail/navigation_command__builder.hpp
-- Installing: /home/gavin/AWC_control/src/install/awc_interfaces/include/awc_interfaces/awc_interfaces/msg/navigation_command.hpp
-- Up-to-date: /home/gavin/AWC_control/src/install/awc_interfaces/include/awc_interfaces/awc_interfaces
-- Up-to-date: /home/gavin/AWC_control/src/install/awc_interfaces/include/awc_interfaces/awc_interfaces/msg
-- Installing: /home/gavin/AWC_control/src/install/awc_interfaces/include/awc_interfaces/awc_interfaces/msg/rosidl_typesupport_fastrtps_cpp__visibility_control.h
-- Up-to-date: /home/gavin/AWC_control/src/install/awc_interfaces/include/awc_interfaces/awc_interfaces/msg/detail
-- Installing: /home/gavin/AWC_control/src/install/awc_interfaces/include/awc_interfaces/awc_interfaces/msg/detail/navigation_command__rosidl_typesupport_fastrtps_cpp.hpp
-- Installing: /home/gavin/AWC_control/src/install/awc_interfaces/include/awc_interfaces/awc_interfaces/msg/detail/dds_fastrtps
-- Installing: /home/gavin/AWC_control/src/install/awc_interfaces/lib/libawc_interfaces__rosidl_typesupport_fastrtps_cpp.so
-- Set runtime path of "/home/gavin/AWC_control/src/install/awc_interfaces/lib/libawc_interfaces__rosidl_typesupport_fastrtps_cpp.so" to ""
-- Up-to-date: /home/gavin/AWC_control/src/install/awc_interfaces/include/awc_interfaces/awc_interfaces
-- Up-to-date: /home/gavin/AWC_control/src/install/awc_interfaces/include/awc_interfaces/awc_interfaces/msg
-- Up-to-date: /home/gavin/AWC_control/src/install/awc_interfaces/include/awc_interfaces/awc_interfaces/msg/detail
-- Installing: /home/gavin/AWC_control/src/install/awc_interfaces/include/awc_interfaces/awc_interfaces/msg/detail/navigation_command__rosidl_typesupport_introspection_c.h
-- Installing: /home/gavin/AWC_control/src/install/awc_interfaces/include/awc_interfaces/awc_interfaces/msg/detail/navigation_command__type_support.c
-- Installing: /home/gavin/AWC_control/src/install/awc_interfaces/include/awc_interfaces/awc_interfaces/msg/rosidl_typesupport_introspection_c__visibility_control.h
-- Installing: /home/gavin/AWC_control/src/install/awc_interfaces/lib/libawc_interfaces__rosidl_typesupport_introspection_c.so
-- Set runtime path of "/home/gavin/AWC_control/src/install/awc_interfaces/lib/libawc_interfaces__rosidl_typesupport_introspection_c.so" to ""
-- Installing: /home/gavin/AWC_control/src/install/awc_interfaces/lib/libawc_interfaces__rosidl_typesupport_c.so
-- Set runtime path of "/home/gavin/AWC_control/src/install/awc_interfaces/lib/libawc_interfaces__rosidl_typesupport_c.so" to ""
-- Up-to-date: /home/gavin/AWC_control/src/install/awc_interfaces/include/awc_interfaces/awc_interfaces
-- Up-to-date: /home/gavin/AWC_control/src/install/awc_interfaces/include/awc_interfaces/awc_interfaces/msg
-- Up-to-date: /home/gavin/AWC_control/src/install/awc_interfaces/include/awc_interfaces/awc_interfaces/msg/detail
-- Installing: /home/gavin/AWC_control/src/install/awc_interfaces/include/awc_interfaces/awc_interfaces/msg/detail/navigation_command__rosidl_typesupport_introspection_cpp.hpp
-- Installing: /home/gavin/AWC_control/src/install/awc_interfaces/include/awc_interfaces/awc_interfaces/msg/detail/navigation_command__type_support.cpp
-- Installing: /home/gavin/AWC_control/src/install/awc_interfaces/lib/libawc_interfaces__rosidl_typesupport_introspection_cpp.so
-- Set runtime path of "/home/gavin/AWC_control/src/install/awc_interfaces/lib/libawc_interfaces__rosidl_typesupport_introspection_cpp.so" to ""
-- Installing: /home/gavin/AWC_control/src/install/awc_interfaces/lib/libawc_interfaces__rosidl_typesupport_cpp.so
-- Set runtime path of "/home/gavin/AWC_control/src/install/awc_interfaces/lib/libawc_interfaces__rosidl_typesupport_cpp.so" to ""
-- Installing: /home/gavin/AWC_control/src/install/awc_interfaces/share/awc_interfaces/environment/pythonpath.sh
-- Installing: /home/gavin/AWC_control/src/install/awc_interfaces/share/awc_interfaces/environment/pythonpath.dsv
-- Installing: /home/gavin/AWC_control/src/install/awc_interfaces/lib/python3.12/site-packages/awc_interfaces-0.0.0-py3.12.egg-info
-- Installing: /home/gavin/AWC_control/src/install/awc_interfaces/lib/python3.12/site-packages/awc_interfaces-0.0.0-py3.12.egg-info/top_level.txt
-- Installing: /home/gavin/AWC_control/src/install/awc_interfaces/lib/python3.12/site-packages/awc_interfaces-0.0.0-py3.12.egg-info/SOURCES.txt
-- Installing: /home/gavin/AWC_control/src/install/awc_interfaces/lib/python3.12/site-packages/awc_interfaces-0.0.0-py3.12.egg-info/PKG-INFO
-- Installing: /home/gavin/AWC_control/src/install/awc_interfaces/lib/python3.12/site-packages/awc_interfaces-0.0.0-py3.12.egg-info/dependency_links.txt
-- Installing: /home/gavin/AWC_control/src/install/awc_interfaces/lib/python3.12/site-packages/awc_interfaces
-- Installing: /home/gavin/AWC_control/src/install/awc_interfaces/lib/python3.12/site-packages/awc_interfaces/awc_interfaces_s__rosidl_typesupport_c.cpython-312-x86_64-linux-gnu.so
-- Installing: /home/gavin/AWC_control/src/install/awc_interfaces/lib/python3.12/site-packages/awc_interfaces/_awc_interfaces_s.ep.rosidl_typesupport_c.c
-- Installing: /home/gavin/AWC_control/src/install/awc_interfaces/lib/python3.12/site-packages/awc_interfaces/awc_interfaces_s__rosidl_typesupport_introspection_c.cpython-312-x86_64-linux-gnu.so
-- Installing: /home/gavin/AWC_control/src/install/awc_interfaces/lib/python3.12/site-packages/awc_interfaces/_awc_interfaces_s.ep.rosidl_typesupport_fastrtps_c.c
-- Installing: /home/gavin/AWC_control/src/install/awc_interfaces/lib/python3.12/site-packages/awc_interfaces/msg
-- Installing: /home/gavin/AWC_control/src/install/awc_interfaces/lib/python3.12/site-packages/awc_interfaces/msg/_navigation_command_s.c
-- Installing: /home/gavin/AWC_control/src/install/awc_interfaces/lib/python3.12/site-packages/awc_interfaces/msg/__init__.py
-- Installing: /home/gavin/AWC_control/src/install/awc_interfaces/lib/python3.12/site-packages/awc_interfaces/msg/_navigation_command.py
-- Installing: /home/gavin/AWC_control/src/install/awc_interfaces/lib/python3.12/site-packages/awc_interfaces/awc_interfaces_s__rosidl_typesupport_fastrtps_c.cpython-312-x86_64-linux-gnu.so
-- Installing: /home/gavin/AWC_control/src/install/awc_interfaces/lib/python3.12/site-packages/awc_interfaces/_awc_interfaces_s.ep.rosidl_typesupport_introspection_c.c
-- Installing: /home/gavin/AWC_control/src/install/awc_interfaces/lib/python3.12/site-packages/awc_interfaces/__init__.py
-- Installing: /home/gavin/AWC_control/src/install/awc_interfaces/lib/python3.12/site-packages/awc_interfaces/libawc_interfaces__rosidl_generator_py.so
Listing '/home/gavin/AWC_control/src/install/awc_interfaces/lib/python3.12/site-packages/awc_interfaces'...
Compiling '/home/gavin/AWC_control/src/install/awc_interfaces/lib/python3.12/site-packages/awc_interfaces/__init__.py'...
Listing '/home/gavin/AWC_control/src/install/awc_interfaces/lib/python3.12/site-packages/awc_interfaces/msg'...
Compiling '/home/gavin/AWC_control/src/install/awc_interfaces/lib/python3.12/site-packages/awc_interfaces/msg/__init__.py'...
Compiling '/home/gavin/AWC_control/src/install/awc_interfaces/lib/python3.12/site-packages/awc_interfaces/msg/_navigation_command.py'...
-- Installing: /home/gavin/AWC_control/src/install/awc_interfaces/lib/python3.12/site-packages/awc_interfaces/awc_interfaces_s__rosidl_typesupport_introspection_c.cpython-312-x86_64-linux-gnu.so
-- Set runtime path of "/home/gavin/AWC_control/src/install/awc_interfaces/lib/python3.12/site-packages/awc_interfaces/awc_interfaces_s__rosidl_typesupport_introspection_c.cpython-312-x86_64-linux-gnu.so" to ""
-- Installing: /home/gavin/AWC_control/src/install/awc_interfaces/lib/python3.12/site-packages/awc_interfaces/awc_interfaces_s__rosidl_typesupport_fastrtps_c.cpython-312-x86_64-linux-gnu.so
-- Set runtime path of "/home/gavin/AWC_control/src/install/awc_interfaces/lib/python3.12/site-packages/awc_interfaces/awc_interfaces_s__rosidl_typesupport_fastrtps_c.cpython-312-x86_64-linux-gnu.so" to ""
-- Installing: /home/gavin/AWC_control/src/install/awc_interfaces/lib/python3.12/site-packages/awc_interfaces/awc_interfaces_s__rosidl_typesupport_c.cpython-312-x86_64-linux-gnu.so
-- Set runtime path of "/home/gavin/AWC_control/src/install/awc_interfaces/lib/python3.12/site-packages/awc_interfaces/awc_interfaces_s__rosidl_typesupport_c.cpython-312-x86_64-linux-gnu.so" to ""
-- Installing: /home/gavin/AWC_control/src/install/awc_interfaces/lib/libawc_interfaces__rosidl_generator_py.so
-- Set runtime path of "/home/gavin/AWC_control/src/install/awc_interfaces/lib/libawc_interfaces__rosidl_generator_py.so" to ""
-- Installing: /home/gavin/AWC_control/src/install/awc_interfaces/share/awc_interfaces/msg/NavigationCommand.idl
-- Installing: /home/gavin/AWC_control/src/install/awc_interfaces/share/awc_interfaces/msg/NavigationCommand.msg
-- Installing: /home/gavin/AWC_control/src/install/awc_interfaces/share/ament_index/resource_index/package_run_dependencies/awc_interfaces
-- Installing: /home/gavin/AWC_control/src/install/awc_interfaces/share/ament_index/resource_index/parent_prefix_path/awc_interfaces
-- Installing: /home/gavin/AWC_control/src/install/awc_interfaces/share/awc_interfaces/environment/ament_prefix_path.sh
-- Installing: /home/gavin/AWC_control/src/install/awc_interfaces/share/awc_interfaces/environment/ament_prefix_path.dsv
-- Installing: /home/gavin/AWC_control/src/install/awc_interfaces/share/awc_interfaces/environment/path.sh
-- Installing: /home/gavin/AWC_control/src/install/awc_interfaces/share/awc_interfaces/environment/path.dsv
-- Installing: /home/gavin/AWC_control/src/install/awc_interfaces/share/awc_interfaces/local_setup.bash
-- Installing: /home/gavin/AWC_control/src/install/awc_interfaces/share/awc_interfaces/local_setup.sh
-- Installing: /home/gavin/AWC_control/src/install/awc_interfaces/share/awc_interfaces/local_setup.zsh
-- Installing: /home/gavin/AWC_control/src/install/awc_interfaces/share/awc_interfaces/local_setup.dsv
-- Installing: /home/gavin/AWC_control/src/install/awc_interfaces/share/awc_interfaces/package.dsv
-- Installing: /home/gavin/AWC_control/src/install/awc_interfaces/share/ament_index/resource_index/packages/awc_interfaces
-- Installing: /home/gavin/AWC_control/src/install/awc_interfaces/share/awc_interfaces/cmake/export_awc_interfaces__rosidl_generator_cExport.cmake
-- Installing: /home/gavin/AWC_control/src/install/awc_interfaces/share/awc_interfaces/cmake/export_awc_interfaces__rosidl_generator_cExport-noconfig.cmake
-- Installing: /home/gavin/AWC_control/src/install/awc_interfaces/share/awc_interfaces/cmake/export_awc_interfaces__rosidl_typesupport_fastrtps_cExport.cmake
-- Installing: /home/gavin/AWC_control/src/install/awc_interfaces/share/awc_interfaces/cmake/export_awc_interfaces__rosidl_typesupport_fastrtps_cExport-noconfig.cmake
-- Installing: /home/gavin/AWC_control/src/install/awc_interfaces/share/awc_interfaces/cmake/export_awc_interfaces__rosidl_generator_cppExport.cmake
-- Installing: /home/gavin/AWC_control/src/install/awc_interfaces/share/awc_interfaces/cmake/export_awc_interfaces__rosidl_typesupport_fastrtps_cppExport.cmake
-- Installing: /home/gavin/AWC_control/src/install/awc_interfaces/share/awc_interfaces/cmake/export_awc_interfaces__rosidl_typesupport_fastrtps_cppExport-noconfig.cmake
-- Installing: /home/gavin/AWC_control/src/install/awc_interfaces/share/awc_interfaces/cmake/awc_interfaces__rosidl_typesupport_introspection_cExport.cmake
-- Installing: /home/gavin/AWC_control/src/install/awc_interfaces/share/awc_interfaces/cmake/awc_interfaces__rosidl_typesupport_introspection_cExport-noconfig.cmake
-- Installing: /home/gavin/AWC_control/src/install/awc_interfaces/share/awc_interfaces/cmake/awc_interfaces__rosidl_typesupport_cExport.cmake
-- Installing: /home/gavin/AWC_control/src/install/awc_interfaces/share/awc_interfaces/cmake/awc_interfaces__rosidl_typesupport_cExport-noconfig.cmake
-- Installing: /home/gavin/AWC_control/src/install/awc_interfaces/share/awc_interfaces/cmake/awc_interfaces__rosidl_typesupport_introspection_cppExport.cmake
-- Installing: /home/gavin/AWC_control/src/install/awc_interfaces/share/awc_interfaces/cmake/awc_interfaces__rosidl_typesupport_introspection_cppExport-noconfig.cmake
-- Installing: /home/gavin/AWC_control/src/install/awc_interfaces/share/awc_interfaces/cmake/awc_interfaces__rosidl_typesupport_cppExport.cmake
-- Installing: /home/gavin/AWC_control/src/install/awc_interfaces/share/awc_interfaces/cmake/awc_interfaces__rosidl_typesupport_cppExport-noconfig.cmake
-- Installing: /home/gavin/AWC_control/src/install/awc_interfaces/share/awc_interfaces/cmake/export_awc_interfaces__rosidl_generator_pyExport.cmake
-- Installing: /home/gavin/AWC_control/src/install/awc_interfaces/share/awc_interfaces/cmake/export_awc_interfaces__rosidl_generator_pyExport-noconfig.cmake
-- Installing: /home/gavin/AWC_control/src/install/awc_interfaces/share/awc_interfaces/cmake/rosidl_cmake-extras.cmake
-- Installing: /home/gavin/AWC_control/src/install/awc_interfaces/share/awc_interfaces/cmake/ament_cmake_export_dependencies-extras.cmake
-- Installing: /home/gavin/AWC_control/src/install/awc_interfaces/share/awc_interfaces/cmake/ament_cmake_export_include_directories-extras.cmake
-- Installing: /home/gavin/AWC_control/src/install/awc_interfaces/share/awc_interfaces/cmake/ament_cmake_export_libraries-extras.cmake
-- Installing: /home/gavin/AWC_control/src/install/awc_interfaces/share/awc_interfaces/cmake/ament_cmake_export_targets-extras.cmake
-- Installing: /home/gavin/AWC_control/src/install/awc_interfaces/share/awc_interfaces/cmake/rosidl_cmake_export_typesupport_targets-extras.cmake
-- Installing: /home/gavin/AWC_control/src/install/awc_interfaces/share/awc_interfaces/cmake/rosidl_cmake_export_typesupport_libraries-extras.cmake
-- Installing: /home/gavin/AWC_control/src/install/awc_interfaces/share/awc_interfaces/cmake/awc_interfacesConfig.cmake
-- Installing: /home/gavin/AWC_control/src/install/awc_interfaces/share/awc_interfaces/cmake/awc_interfacesConfig-version.cmake
-- Installing: /home/gavin/AWC_control/src/install/awc_interfaces/share/awc_interfaces/package.xml
