[1.354s] Invoking command in '/home/gavin/AWC_control/src/build/unitree_lidar_ros2': CMAKE_PREFIX_PATH=${CMAKE_PREFIX_PATH}:/home/gavin/minimec/install/wheeltec_control:/home/gavin/minimec/install/mini_mec_localization:/home/gavin/minimec/src/install/wheeltec_control:/home/gavin/minimec/src/install/mini_mec_localization:/home/gavin/install/ament_uncrustify:/home/gavin/install/tracetools_trace:/home/gavin/install/tracetools_read:/home/gavin/install/rpyutils:/home/gavin/install/rosidl_cli:/home/gavin/install/launch_pytest:/home/gavin/install/launch_testing:/home/gavin/install/launch_yaml:/home/gavin/install/launch_xml:/home/gavin/install/launch:/home/gavin/install/osrf_pycommon:/home/gavin/install/domain_coordinator:/home/gavin/install/ament_xmllint:/home/gavin/install/ament_pyflakes:/home/gavin/install/ament_pycodestyle:/home/gavin/install/ament_pep257:/home/gavin/install/ament_pclint:/home/gavin/install/ament_package:/home/gavin/install/ament_mypy:/home/gavin/install/ament_lint_cmake:/home/gavin/install/ament_flake8:/home/gavin/install/ament_copyright:/home/gavin/install/ament_lint:/home/gavin/install/ament_index_python:/home/gavin/install/ament_cpplint:/home/gavin/install/ament_cppcheck:/home/gavin/install/ament_clang_tidy:/home/gavin/install/ament_clang_format:/opt/ros/humble CONDA_PROMPT_MODIFIER=(base) /usr/bin/cmake /home/gavin/AWC_control/src/unitree_lidar_ros2 -DCMAKE_INSTALL_PREFIX=/home/gavin/AWC_control/src/install/unitree_lidar_ros2
[1.547s] -- The C compiler identification is GNU 11.4.0
[1.734s] -- The CXX compiler identification is GNU 11.4.0
[1.758s] -- Detecting C compiler ABI info
[2.146s] -- Detecting C compiler ABI info - done
[2.193s] -- Check for working C compiler: /usr/bin/cc - skipped
[2.195s] -- Detecting C compile features
[2.195s] -- Detecting C compile features - done
[2.208s] -- Detecting CXX compiler ABI info
[2.579s] -- Detecting CXX compiler ABI info - done
[2.603s] -- Check for working CXX compiler: /usr/bin/c++ - skipped
[2.605s] -- Detecting CXX compile features
[2.605s] -- Detecting CXX compile features - done
[2.622s] -- Found ament_cmake: 1.3.10 (/home/gavin/install/ament_cmake/share/ament_cmake/cmake)
[4.920s] -- Found Python3: /home/gavin/miniconda3/bin/python3 (found version "3.12.8") found components: Interpreter 
[6.185s] -- Found rclcpp: 16.0.12 (/opt/ros/humble/share/rclcpp/cmake)
[6.709s] -- Found rosidl_generator_c: 3.1.5 (/home/gavin/install/rosidl_generator_c/share/rosidl_generator_c/cmake)
[6.734s] -- Found rosidl_adapter: 3.1.5 (/home/gavin/install/rosidl_adapter/share/rosidl_adapter/cmake)
[6.843s] -- Found rosidl_generator_cpp: 3.1.6 (/opt/ros/humble/share/rosidl_generator_cpp/cmake)
[6.962s] -- Using all available rosidl_typesupport_c: rosidl_typesupport_introspection_c;rosidl_typesupport_fastrtps_c
[7.083s] -- Using all available rosidl_typesupport_cpp: rosidl_typesupport_fastrtps_cpp;rosidl_typesupport_introspection_cpp
[7.615s] -- Found rmw_implementation_cmake: 6.1.2 (/home/gavin/install/rmw_implementation_cmake/share/rmw_implementation_cmake/cmake)
[7.690s] -- Found rmw_cyclonedds_cpp: 1.3.4 (/opt/ros/humble/share/rmw_cyclonedds_cpp/cmake)
[7.886s] -- Using RMW implementation 'rmw_cyclonedds_cpp' as default
[7.954s] -- Looking for pthread.h
[8.205s] -- Looking for pthread.h - found
[8.206s] -- Performing Test CMAKE_HAVE_LIBC_PTHREAD
[8.465s] -- Performing Test CMAKE_HAVE_LIBC_PTHREAD - Success
[8.473s] -- Found Threads: TRUE  
[8.890s] -- Found geometry_msgs: 4.8.0 (/opt/ros/humble/share/geometry_msgs/cmake)
[9.016s] -- Found pcl_conversions: 2.4.5 (/opt/ros/humble/share/pcl_conversions/cmake)
[9.376s] -- Checking for module 'eigen3'
[9.462s] --   Found eigen3, version 3.4.0
[9.622s] -- Found Eigen: /usr/include/eigen3 (Required is at least version "3.1") 
[9.622s] -- Eigen found (include: /usr/include/eigen3, version: 3.4.0)
[10.040s] -- Checking for module 'flann'
[10.109s] --   Found flann, version 1.9.1
[10.282s] -- Found FLANN: /usr/lib/x86_64-linux-gnu/libflann_cpp.so  
[10.284s] -- FLANN found (include: /usr/include, lib: /usr/lib/x86_64-linux-gnu/libflann_cpp.so)
[13.363s] -- Checking for module 'libusb-1.0'
[13.425s] --   Found libusb-1.0, version 1.0.25
[13.559s] -- Found libusb: /usr/lib/x86_64-linux-gnu/libusb-1.0.so  
[13.562s] -- OpenNI found (version: 1.5.4.0, include: /usr/include/ni, lib: /usr/lib/libOpenNI.so;libusb::libusb)
[13.799s] -- OpenNI2 found (version: 2.2.0.33, include: /usr/include/openni2, lib: /usr/lib/x86_64-linux-gnu/libOpenNI2.so;libusb::libusb)
[14.197s] -- Eigen found (include: /usr/include/eigen3, version: 3.4.0)
[14.208s] -- OpenNI found (version: 1.5.4.0, include: /usr/include/ni, lib: /usr/lib/libOpenNI.so;libusb::libusb)
[14.220s] -- OpenNI2 found (version: 2.2.0.33, include: /usr/include/openni2, lib: /usr/lib/x86_64-linux-gnu/libOpenNI2.so;libusb::libusb)
[14.538s] -- Found Qhull version 8.0.2
[14.866s] -- OpenNI found (version: 1.5.4.0, include: /usr/include/ni, lib: /usr/lib/libOpenNI.so;libusb::libusb)
[15.177s] -- Found PCL_COMMON: /usr/lib/x86_64-linux-gnu/libpcl_common.so  
[15.178s] -- Found PCL_KDTREE: /usr/lib/x86_64-linux-gnu/libpcl_kdtree.so  
[15.180s] -- Found PCL_OCTREE: /usr/lib/x86_64-linux-gnu/libpcl_octree.so  
[15.182s] -- Found PCL_SEARCH: /usr/lib/x86_64-linux-gnu/libpcl_search.so  
[15.184s] -- Found PCL_SAMPLE_CONSENSUS: /usr/lib/x86_64-linux-gnu/libpcl_sample_consensus.so  
[15.185s] -- Found PCL_FILTERS: /usr/lib/x86_64-linux-gnu/libpcl_filters.so  
[15.186s] -- Found PCL_2D: /usr/include/pcl-1.12  
[15.187s] -- Found PCL_GEOMETRY: /usr/include/pcl-1.12  
[15.189s] -- Found PCL_IO: /usr/lib/x86_64-linux-gnu/libpcl_io.so  
[15.191s] -- Found PCL_FEATURES: /usr/lib/x86_64-linux-gnu/libpcl_features.so  
[15.192s] -- Found PCL_ML: /usr/lib/x86_64-linux-gnu/libpcl_ml.so  
[15.194s] -- Found PCL_SEGMENTATION: /usr/lib/x86_64-linux-gnu/libpcl_segmentation.so  
[15.196s] -- Found PCL_VISUALIZATION: /usr/lib/x86_64-linux-gnu/libpcl_visualization.so  
[15.199s] -- Found PCL_SURFACE: /usr/lib/x86_64-linux-gnu/libpcl_surface.so  
[15.201s] -- Found PCL_REGISTRATION: /usr/lib/x86_64-linux-gnu/libpcl_registration.so  
[15.203s] -- Found PCL_KEYPOINTS: /usr/lib/x86_64-linux-gnu/libpcl_keypoints.so  
[15.204s] -- Found PCL_TRACKING: /usr/lib/x86_64-linux-gnu/libpcl_tracking.so  
[15.206s] -- Found PCL_RECOGNITION: /usr/lib/x86_64-linux-gnu/libpcl_recognition.so  
[15.208s] -- Found PCL_STEREO: /usr/lib/x86_64-linux-gnu/libpcl_stereo.so  
[15.210s] -- Found PCL_APPS: /usr/lib/x86_64-linux-gnu/libpcl_apps.so  
[15.211s] -- Found PCL_IN_HAND_SCANNER: /usr/include/pcl-1.12  
[15.211s] -- Found PCL_MODELER: /usr/include/pcl-1.12  
[15.212s] -- Found PCL_POINT_CLOUD_EDITOR: /usr/include/pcl-1.12  
[15.214s] -- Found PCL_OUTOFCORE: /usr/lib/x86_64-linux-gnu/libpcl_outofcore.so  
[15.216s] -- Found PCL_PEOPLE: /usr/lib/x86_64-linux-gnu/libpcl_people.so  
[15.254s] -- Found tf2_ros: 0.25.12 (/opt/ros/humble/share/tf2_ros/cmake)
[15.854s] -- Configuring done
[15.965s] -- Generating done
[15.987s] -- Build files have been written to: /home/gavin/AWC_control/src/build/unitree_lidar_ros2
[16.017s] Invoked command in '/home/gavin/AWC_control/src/build/unitree_lidar_ros2' returned '0': CMAKE_PREFIX_PATH=${CMAKE_PREFIX_PATH}:/home/gavin/minimec/install/wheeltec_control:/home/gavin/minimec/install/mini_mec_localization:/home/gavin/minimec/src/install/wheeltec_control:/home/gavin/minimec/src/install/mini_mec_localization:/home/gavin/install/ament_uncrustify:/home/gavin/install/tracetools_trace:/home/gavin/install/tracetools_read:/home/gavin/install/rpyutils:/home/gavin/install/rosidl_cli:/home/gavin/install/launch_pytest:/home/gavin/install/launch_testing:/home/gavin/install/launch_yaml:/home/gavin/install/launch_xml:/home/gavin/install/launch:/home/gavin/install/osrf_pycommon:/home/gavin/install/domain_coordinator:/home/gavin/install/ament_xmllint:/home/gavin/install/ament_pyflakes:/home/gavin/install/ament_pycodestyle:/home/gavin/install/ament_pep257:/home/gavin/install/ament_pclint:/home/gavin/install/ament_package:/home/gavin/install/ament_mypy:/home/gavin/install/ament_lint_cmake:/home/gavin/install/ament_flake8:/home/gavin/install/ament_copyright:/home/gavin/install/ament_lint:/home/gavin/install/ament_index_python:/home/gavin/install/ament_cpplint:/home/gavin/install/ament_cppcheck:/home/gavin/install/ament_clang_tidy:/home/gavin/install/ament_clang_format:/opt/ros/humble CONDA_PROMPT_MODIFIER=(base) /usr/bin/cmake /home/gavin/AWC_control/src/unitree_lidar_ros2 -DCMAKE_INSTALL_PREFIX=/home/gavin/AWC_control/src/install/unitree_lidar_ros2
[16.023s] Invoking command in '/home/gavin/AWC_control/src/build/unitree_lidar_ros2': CMAKE_PREFIX_PATH=${CMAKE_PREFIX_PATH}:/home/gavin/minimec/install/wheeltec_control:/home/gavin/minimec/install/mini_mec_localization:/home/gavin/minimec/src/install/wheeltec_control:/home/gavin/minimec/src/install/mini_mec_localization:/home/gavin/install/ament_uncrustify:/home/gavin/install/tracetools_trace:/home/gavin/install/tracetools_read:/home/gavin/install/rpyutils:/home/gavin/install/rosidl_cli:/home/gavin/install/launch_pytest:/home/gavin/install/launch_testing:/home/gavin/install/launch_yaml:/home/gavin/install/launch_xml:/home/gavin/install/launch:/home/gavin/install/osrf_pycommon:/home/gavin/install/domain_coordinator:/home/gavin/install/ament_xmllint:/home/gavin/install/ament_pyflakes:/home/gavin/install/ament_pycodestyle:/home/gavin/install/ament_pep257:/home/gavin/install/ament_pclint:/home/gavin/install/ament_package:/home/gavin/install/ament_mypy:/home/gavin/install/ament_lint_cmake:/home/gavin/install/ament_flake8:/home/gavin/install/ament_copyright:/home/gavin/install/ament_lint:/home/gavin/install/ament_index_python:/home/gavin/install/ament_cpplint:/home/gavin/install/ament_cppcheck:/home/gavin/install/ament_clang_tidy:/home/gavin/install/ament_clang_format:/opt/ros/humble CONDA_PROMPT_MODIFIER=(base) /usr/bin/cmake --build /home/gavin/AWC_control/src/build/unitree_lidar_ros2 -- -j8 -l8
[16.157s] [ 50%] [32mBuilding CXX object CMakeFiles/unitree_lidar_ros2_node.dir/src/unitree_lidar_ros2_node.cpp.o[0m
[35.027s] [100%] [32m[1mLinking CXX executable unitree_lidar_ros2_node[0m
[36.275s] [100%] Built target unitree_lidar_ros2_node
[36.304s] Invoked command in '/home/gavin/AWC_control/src/build/unitree_lidar_ros2' returned '0': CMAKE_PREFIX_PATH=${CMAKE_PREFIX_PATH}:/home/gavin/minimec/install/wheeltec_control:/home/gavin/minimec/install/mini_mec_localization:/home/gavin/minimec/src/install/wheeltec_control:/home/gavin/minimec/src/install/mini_mec_localization:/home/gavin/install/ament_uncrustify:/home/gavin/install/tracetools_trace:/home/gavin/install/tracetools_read:/home/gavin/install/rpyutils:/home/gavin/install/rosidl_cli:/home/gavin/install/launch_pytest:/home/gavin/install/launch_testing:/home/gavin/install/launch_yaml:/home/gavin/install/launch_xml:/home/gavin/install/launch:/home/gavin/install/osrf_pycommon:/home/gavin/install/domain_coordinator:/home/gavin/install/ament_xmllint:/home/gavin/install/ament_pyflakes:/home/gavin/install/ament_pycodestyle:/home/gavin/install/ament_pep257:/home/gavin/install/ament_pclint:/home/gavin/install/ament_package:/home/gavin/install/ament_mypy:/home/gavin/install/ament_lint_cmake:/home/gavin/install/ament_flake8:/home/gavin/install/ament_copyright:/home/gavin/install/ament_lint:/home/gavin/install/ament_index_python:/home/gavin/install/ament_cpplint:/home/gavin/install/ament_cppcheck:/home/gavin/install/ament_clang_tidy:/home/gavin/install/ament_clang_format:/opt/ros/humble CONDA_PROMPT_MODIFIER=(base) /usr/bin/cmake --build /home/gavin/AWC_control/src/build/unitree_lidar_ros2 -- -j8 -l8
[36.308s] Invoking command in '/home/gavin/AWC_control/src/build/unitree_lidar_ros2': CMAKE_PREFIX_PATH=${CMAKE_PREFIX_PATH}:/home/gavin/minimec/install/wheeltec_control:/home/gavin/minimec/install/mini_mec_localization:/home/gavin/minimec/src/install/wheeltec_control:/home/gavin/minimec/src/install/mini_mec_localization:/home/gavin/install/ament_uncrustify:/home/gavin/install/tracetools_trace:/home/gavin/install/tracetools_read:/home/gavin/install/rpyutils:/home/gavin/install/rosidl_cli:/home/gavin/install/launch_pytest:/home/gavin/install/launch_testing:/home/gavin/install/launch_yaml:/home/gavin/install/launch_xml:/home/gavin/install/launch:/home/gavin/install/osrf_pycommon:/home/gavin/install/domain_coordinator:/home/gavin/install/ament_xmllint:/home/gavin/install/ament_pyflakes:/home/gavin/install/ament_pycodestyle:/home/gavin/install/ament_pep257:/home/gavin/install/ament_pclint:/home/gavin/install/ament_package:/home/gavin/install/ament_mypy:/home/gavin/install/ament_lint_cmake:/home/gavin/install/ament_flake8:/home/gavin/install/ament_copyright:/home/gavin/install/ament_lint:/home/gavin/install/ament_index_python:/home/gavin/install/ament_cpplint:/home/gavin/install/ament_cppcheck:/home/gavin/install/ament_clang_tidy:/home/gavin/install/ament_clang_format:/opt/ros/humble CONDA_PROMPT_MODIFIER=(base) /usr/bin/cmake --install /home/gavin/AWC_control/src/build/unitree_lidar_ros2
[36.325s] -- Install configuration: ""
[36.325s] -- Installing: /home/gavin/AWC_control/src/install/unitree_lidar_ros2/lib/unitree_lidar_ros2/unitree_lidar_ros2_node
[36.329s] -- Installing: /home/gavin/AWC_control/src/install/unitree_lidar_ros2/share/unitree_lidar_ros2/launch/launch.py
[36.330s] -- Installing: /home/gavin/AWC_control/src/install/unitree_lidar_ros2/share/unitree_lidar_ros2/view.rviz
[36.331s] -- Installing: /home/gavin/AWC_control/src/install/unitree_lidar_ros2/share/ament_index/resource_index/package_run_dependencies/unitree_lidar_ros2
[36.331s] -- Installing: /home/gavin/AWC_control/src/install/unitree_lidar_ros2/share/ament_index/resource_index/parent_prefix_path/unitree_lidar_ros2
[36.332s] -- Installing: /home/gavin/AWC_control/src/install/unitree_lidar_ros2/share/unitree_lidar_ros2/environment/ament_prefix_path.sh
[36.332s] -- Installing: /home/gavin/AWC_control/src/install/unitree_lidar_ros2/share/unitree_lidar_ros2/environment/ament_prefix_path.dsv
[36.332s] -- Installing: /home/gavin/AWC_control/src/install/unitree_lidar_ros2/share/unitree_lidar_ros2/environment/path.sh
[36.333s] -- Installing: /home/gavin/AWC_control/src/install/unitree_lidar_ros2/share/unitree_lidar_ros2/environment/path.dsv
[36.333s] -- Installing: /home/gavin/AWC_control/src/install/unitree_lidar_ros2/share/unitree_lidar_ros2/local_setup.bash
[36.334s] -- Installing: /home/gavin/AWC_control/src/install/unitree_lidar_ros2/share/unitree_lidar_ros2/local_setup.sh
[36.334s] -- Installing: /home/gavin/AWC_control/src/install/unitree_lidar_ros2/share/unitree_lidar_ros2/local_setup.zsh
[36.335s] -- Installing: /home/gavin/AWC_control/src/install/unitree_lidar_ros2/share/unitree_lidar_ros2/local_setup.dsv
[36.335s] -- Installing: /home/gavin/AWC_control/src/install/unitree_lidar_ros2/share/unitree_lidar_ros2/package.dsv
[36.336s] -- Installing: /home/gavin/AWC_control/src/install/unitree_lidar_ros2/share/ament_index/resource_index/packages/unitree_lidar_ros2
[36.336s] -- Installing: /home/gavin/AWC_control/src/install/unitree_lidar_ros2/share/unitree_lidar_ros2/cmake/unitree_lidar_ros2Config.cmake
[36.336s] -- Installing: /home/gavin/AWC_control/src/install/unitree_lidar_ros2/share/unitree_lidar_ros2/cmake/unitree_lidar_ros2Config-version.cmake
[36.337s] -- Installing: /home/gavin/AWC_control/src/install/unitree_lidar_ros2/share/unitree_lidar_ros2/package.xml
[36.342s] Invoked command in '/home/gavin/AWC_control/src/build/unitree_lidar_ros2' returned '0': CMAKE_PREFIX_PATH=${CMAKE_PREFIX_PATH}:/home/gavin/minimec/install/wheeltec_control:/home/gavin/minimec/install/mini_mec_localization:/home/gavin/minimec/src/install/wheeltec_control:/home/gavin/minimec/src/install/mini_mec_localization:/home/gavin/install/ament_uncrustify:/home/gavin/install/tracetools_trace:/home/gavin/install/tracetools_read:/home/gavin/install/rpyutils:/home/gavin/install/rosidl_cli:/home/gavin/install/launch_pytest:/home/gavin/install/launch_testing:/home/gavin/install/launch_yaml:/home/gavin/install/launch_xml:/home/gavin/install/launch:/home/gavin/install/osrf_pycommon:/home/gavin/install/domain_coordinator:/home/gavin/install/ament_xmllint:/home/gavin/install/ament_pyflakes:/home/gavin/install/ament_pycodestyle:/home/gavin/install/ament_pep257:/home/gavin/install/ament_pclint:/home/gavin/install/ament_package:/home/gavin/install/ament_mypy:/home/gavin/install/ament_lint_cmake:/home/gavin/install/ament_flake8:/home/gavin/install/ament_copyright:/home/gavin/install/ament_lint:/home/gavin/install/ament_index_python:/home/gavin/install/ament_cpplint:/home/gavin/install/ament_cppcheck:/home/gavin/install/ament_clang_tidy:/home/gavin/install/ament_clang_format:/opt/ros/humble CONDA_PROMPT_MODIFIER=(base) /usr/bin/cmake --install /home/gavin/AWC_control/src/build/unitree_lidar_ros2
