[0.157s] Invoking command in '/home/gavin/ros2_ws/build/awc_description': CMAKE_PREFIX_PATH=${CMAKE_PREFIX_PATH}:/home/gavin/ros2_ws/install/awc_bringup:/home/gavin/ros2_ws/install/tf_publisher:/opt/ros/humble /usr/bin/cmake /home/gavin/ros2_ws/src/awc_description -DCMAKE_INSTALL_PREFIX=/home/gavin/ros2_ws/install/awc_description
[0.212s] -- The C compiler identification is GNU 11.4.0
[0.255s] -- The CXX compiler identification is GNU 11.4.0
[0.262s] -- Detecting C compiler ABI info
[0.329s] -- Detecting C compiler ABI info - done
[0.338s] -- Check for working C compiler: /usr/bin/cc - skipped
[0.341s] -- Detecting C compile features
[0.341s] -- Detecting C compile features - done
[0.341s] -- Detecting CXX compiler ABI info
[0.422s] -- Detecting CXX compiler ABI info - done
[0.435s] -- Check for working CXX compiler: /usr/bin/c++ - skipped
[0.436s] -- Detecting CXX compile features
[0.440s] -- Detecting CXX compile features - done
[0.444s] -- Found ament_cmake: 1.3.11 (/opt/ros/humble/share/ament_cmake/cmake)
[0.917s] -- Found Python3: /usr/bin/python3 (found version "3.10.12") found components: Interpreter 
[1.023s] -- Found ament_lint_auto: 0.12.11 (/opt/ros/humble/share/ament_lint_auto/cmake)
[1.131s] -- Added test 'lint_cmake' to check CMake code style
[1.131s] -- Added test 'xmllint' to check XML markup files
[1.133s] -- Configuring done
[1.137s] -- Generating done
[1.139s] -- Build files have been written to: /home/gavin/ros2_ws/build/awc_description
[1.144s] Invoked command in '/home/gavin/ros2_ws/build/awc_description' returned '0': CMAKE_PREFIX_PATH=${CMAKE_PREFIX_PATH}:/home/gavin/ros2_ws/install/awc_bringup:/home/gavin/ros2_ws/install/tf_publisher:/opt/ros/humble /usr/bin/cmake /home/gavin/ros2_ws/src/awc_description -DCMAKE_INSTALL_PREFIX=/home/gavin/ros2_ws/install/awc_description
[1.149s] Invoking command in '/home/gavin/ros2_ws/build/awc_description': CMAKE_PREFIX_PATH=${CMAKE_PREFIX_PATH}:/home/gavin/ros2_ws/install/awc_bringup:/home/gavin/ros2_ws/install/tf_publisher:/opt/ros/humble /usr/bin/cmake --build /home/gavin/ros2_ws/build/awc_description -- -j4 -l4
[1.197s] Invoked command in '/home/gavin/ros2_ws/build/awc_description' returned '0': CMAKE_PREFIX_PATH=${CMAKE_PREFIX_PATH}:/home/gavin/ros2_ws/install/awc_bringup:/home/gavin/ros2_ws/install/tf_publisher:/opt/ros/humble /usr/bin/cmake --build /home/gavin/ros2_ws/build/awc_description -- -j4 -l4
[1.209s] Invoking command in '/home/gavin/ros2_ws/build/awc_description': CMAKE_PREFIX_PATH=${CMAKE_PREFIX_PATH}:/home/gavin/ros2_ws/install/awc_bringup:/home/gavin/ros2_ws/install/tf_publisher:/opt/ros/humble /usr/bin/cmake --install /home/gavin/ros2_ws/build/awc_description
[1.215s] -- Install configuration: ""
[1.215s] -- Installing: /home/gavin/ros2_ws/install/awc_description/share/ament_index/resource_index/package_run_dependencies/awc_description
[1.216s] -- Installing: /home/gavin/ros2_ws/install/awc_description/share/ament_index/resource_index/parent_prefix_path/awc_description
[1.217s] -- Installing: /home/gavin/ros2_ws/install/awc_description/share/awc_description/environment/ament_prefix_path.sh
[1.217s] -- Installing: /home/gavin/ros2_ws/install/awc_description/share/awc_description/environment/ament_prefix_path.dsv
[1.218s] -- Installing: /home/gavin/ros2_ws/install/awc_description/share/awc_description/environment/path.sh
[1.218s] -- Installing: /home/gavin/ros2_ws/install/awc_description/share/awc_description/environment/path.dsv
[1.219s] -- Installing: /home/gavin/ros2_ws/install/awc_description/share/awc_description/local_setup.bash
[1.220s] -- Installing: /home/gavin/ros2_ws/install/awc_description/share/awc_description/local_setup.sh
[1.220s] -- Installing: /home/gavin/ros2_ws/install/awc_description/share/awc_description/local_setup.zsh
[1.221s] -- Installing: /home/gavin/ros2_ws/install/awc_description/share/awc_description/local_setup.dsv
[1.222s] -- Installing: /home/gavin/ros2_ws/install/awc_description/share/awc_description/package.dsv
[1.222s] -- Installing: /home/gavin/ros2_ws/install/awc_description/share/ament_index/resource_index/packages/awc_description
[1.222s] -- Installing: /home/gavin/ros2_ws/install/awc_description/share/awc_description/cmake/awc_descriptionConfig.cmake
[1.222s] -- Installing: /home/gavin/ros2_ws/install/awc_description/share/awc_description/cmake/awc_descriptionConfig-version.cmake
[1.222s] -- Installing: /home/gavin/ros2_ws/install/awc_description/share/awc_description/package.xml
[1.227s] Invoked command in '/home/gavin/ros2_ws/build/awc_description' returned '0': CMAKE_PREFIX_PATH=${CMAKE_PREFIX_PATH}:/home/gavin/ros2_ws/install/awc_bringup:/home/gavin/ros2_ws/install/tf_publisher:/opt/ros/humble /usr/bin/cmake --install /home/gavin/ros2_ws/build/awc_description
