[0.078s] DEBUG:colcon:Command line arguments: ['/usr/bin/colcon', 'build']
[0.078s] DEBUG:colcon:Parsed command line arguments: Namespace(log_base=None, log_level=None, verb_name='build', build_base='build', install_base='install', merge_install=False, symlink_install=False, test_result_base=None, continue_on_error=False, executor='parallel', parallel_workers=4, event_handlers=None, ignore_user_meta=False, metas=['./colcon.meta'], base_paths=['.'], packages_ignore=None, packages_ignore_regex=None, paths=None, packages_up_to=None, packages_up_to_regex=None, packages_above=None, packages_above_and_dependencies=None, packages_above_depth=None, packages_select_by_dep=None, packages_skip_by_dep=None, packages_skip_up_to=None, packages_select_build_failed=False, packages_skip_build_finished=False, packages_select_test_failures=False, packages_skip_test_passed=False, packages_select=None, packages_skip=None, packages_select_regex=None, packages_skip_regex=None, packages_start=None, packages_end=None, allow_overriding=[], cmake_args=None, cmake_target=None, cmake_target_skip_unavailable=False, cmake_clean_cache=False, cmake_clean_first=False, cmake_force_configure=False, ament_cmake_args=None, catkin_cmake_args=None, catkin_skip_building_tests=False, mixin_files=None, mixin=None, verb_parser=<colcon_mixin.mixin.mixin_argument.MixinArgumentDecorator object at 0x76249f05a6e0>, verb_extension=<colcon_core.verb.build.BuildVerb object at 0x76249f157640>, main=<bound method BuildVerb.main of <colcon_core.verb.build.BuildVerb object at 0x76249f157640>>, mixin_verb=('build',))
[0.105s] Level 1:colcon.colcon_core.package_discovery:discover_packages(colcon_meta) check parameters
[0.105s] Level 1:colcon.colcon_core.package_discovery:discover_packages(recursive) check parameters
[0.105s] Level 1:colcon.colcon_core.package_discovery:discover_packages(ignore) check parameters
[0.105s] Level 1:colcon.colcon_core.package_discovery:discover_packages(path) check parameters
[0.105s] Level 1:colcon.colcon_core.package_discovery:discover_packages(colcon_meta) discover
[0.105s] Level 1:colcon.colcon_core.package_discovery:discover_packages(recursive) discover
[0.105s] INFO:colcon.colcon_core.package_discovery:Crawling recursively for packages in '/home/gavin/ros2_ws'
[0.106s] Level 1:colcon.colcon_core.package_identification:_identify(.) by extensions ['ignore', 'ignore_ament_install']
[0.106s] Level 1:colcon.colcon_core.package_identification:_identify(.) by extension 'ignore'
[0.106s] Level 1:colcon.colcon_core.package_identification:_identify(.) by extension 'ignore_ament_install'
[0.106s] Level 1:colcon.colcon_core.package_identification:_identify(.) by extensions ['colcon_pkg']
[0.106s] Level 1:colcon.colcon_core.package_identification:_identify(.) by extension 'colcon_pkg'
[0.106s] Level 1:colcon.colcon_core.package_identification:_identify(.) by extensions ['colcon_meta']
[0.106s] Level 1:colcon.colcon_core.package_identification:_identify(.) by extension 'colcon_meta'
[0.106s] Level 1:colcon.colcon_core.package_identification:_identify(.) by extensions ['ros']
[0.106s] Level 1:colcon.colcon_core.package_identification:_identify(.) by extension 'ros'
[0.117s] Level 1:colcon.colcon_core.package_identification:_identify(.) by extensions ['cmake', 'python']
[0.117s] Level 1:colcon.colcon_core.package_identification:_identify(.) by extension 'cmake'
[0.117s] Level 1:colcon.colcon_core.package_identification:_identify(.) by extension 'python'
[0.117s] Level 1:colcon.colcon_core.package_identification:_identify(.) by extensions ['python_setup_py']
[0.117s] Level 1:colcon.colcon_core.package_identification:_identify(.) by extension 'python_setup_py'
[0.117s] Level 1:colcon.colcon_core.package_identification:_identify(awc_bringup) by extensions ['ignore', 'ignore_ament_install']
[0.117s] Level 1:colcon.colcon_core.package_identification:_identify(awc_bringup) by extension 'ignore'
[0.117s] Level 1:colcon.colcon_core.package_identification:_identify(awc_bringup) by extension 'ignore_ament_install'
[0.117s] Level 1:colcon.colcon_core.package_identification:_identify(awc_bringup) by extensions ['colcon_pkg']
[0.117s] Level 1:colcon.colcon_core.package_identification:_identify(awc_bringup) by extension 'colcon_pkg'
[0.118s] Level 1:colcon.colcon_core.package_identification:_identify(awc_bringup) by extensions ['colcon_meta']
[0.118s] Level 1:colcon.colcon_core.package_identification:_identify(awc_bringup) by extension 'colcon_meta'
[0.118s] Level 1:colcon.colcon_core.package_identification:_identify(awc_bringup) by extensions ['ros']
[0.118s] Level 1:colcon.colcon_core.package_identification:_identify(awc_bringup) by extension 'ros'
[0.119s] DEBUG:colcon.colcon_core.package_identification:Package 'awc_bringup' with type 'ros.ament_python' and name 'awc_bringup'
[0.120s] Level 1:colcon.colcon_core.package_identification:_identify(build) by extensions ['ignore', 'ignore_ament_install']
[0.120s] Level 1:colcon.colcon_core.package_identification:_identify(build) by extension 'ignore'
[0.120s] Level 1:colcon.colcon_core.package_identification:_identify(build) ignored
[0.120s] Level 1:colcon.colcon_core.package_identification:_identify(install) by extensions ['ignore', 'ignore_ament_install']
[0.120s] Level 1:colcon.colcon_core.package_identification:_identify(install) by extension 'ignore'
[0.120s] Level 1:colcon.colcon_core.package_identification:_identify(install) ignored
[0.120s] Level 1:colcon.colcon_core.package_identification:_identify(log) by extensions ['ignore', 'ignore_ament_install']
[0.120s] Level 1:colcon.colcon_core.package_identification:_identify(log) by extension 'ignore'
[0.120s] Level 1:colcon.colcon_core.package_identification:_identify(log) ignored
[0.120s] Level 1:colcon.colcon_core.package_identification:_identify(src) by extensions ['ignore', 'ignore_ament_install']
[0.120s] Level 1:colcon.colcon_core.package_identification:_identify(src) by extension 'ignore'
[0.120s] Level 1:colcon.colcon_core.package_identification:_identify(src) by extension 'ignore_ament_install'
[0.120s] Level 1:colcon.colcon_core.package_identification:_identify(src) by extensions ['colcon_pkg']
[0.120s] Level 1:colcon.colcon_core.package_identification:_identify(src) by extension 'colcon_pkg'
[0.120s] Level 1:colcon.colcon_core.package_identification:_identify(src) by extensions ['colcon_meta']
[0.120s] Level 1:colcon.colcon_core.package_identification:_identify(src) by extension 'colcon_meta'
[0.120s] Level 1:colcon.colcon_core.package_identification:_identify(src) by extensions ['ros']
[0.120s] Level 1:colcon.colcon_core.package_identification:_identify(src) by extension 'ros'
[0.121s] Level 1:colcon.colcon_core.package_identification:_identify(src) by extensions ['cmake', 'python']
[0.121s] Level 1:colcon.colcon_core.package_identification:_identify(src) by extension 'cmake'
[0.121s] Level 1:colcon.colcon_core.package_identification:_identify(src) by extension 'python'
[0.121s] Level 1:colcon.colcon_core.package_identification:_identify(src) by extensions ['python_setup_py']
[0.121s] Level 1:colcon.colcon_core.package_identification:_identify(src) by extension 'python_setup_py'
[0.121s] Level 1:colcon.colcon_core.package_identification:_identify(src/awc_description) by extensions ['ignore', 'ignore_ament_install']
[0.121s] Level 1:colcon.colcon_core.package_identification:_identify(src/awc_description) by extension 'ignore'
[0.121s] Level 1:colcon.colcon_core.package_identification:_identify(src/awc_description) by extension 'ignore_ament_install'
[0.121s] Level 1:colcon.colcon_core.package_identification:_identify(src/awc_description) by extensions ['colcon_pkg']
[0.121s] Level 1:colcon.colcon_core.package_identification:_identify(src/awc_description) by extension 'colcon_pkg'
[0.121s] Level 1:colcon.colcon_core.package_identification:_identify(src/awc_description) by extensions ['colcon_meta']
[0.121s] Level 1:colcon.colcon_core.package_identification:_identify(src/awc_description) by extension 'colcon_meta'
[0.121s] Level 1:colcon.colcon_core.package_identification:_identify(src/awc_description) by extensions ['ros']
[0.121s] Level 1:colcon.colcon_core.package_identification:_identify(src/awc_description) by extension 'ros'
[0.121s] DEBUG:colcon.colcon_core.package_identification:Package 'src/awc_description' with type 'ros.ament_cmake' and name 'awc_description'
[0.122s] Level 1:colcon.colcon_core.package_identification:_identify(src/awc_msgs) by extensions ['ignore', 'ignore_ament_install']
[0.122s] Level 1:colcon.colcon_core.package_identification:_identify(src/awc_msgs) by extension 'ignore'
[0.122s] Level 1:colcon.colcon_core.package_identification:_identify(src/awc_msgs) by extension 'ignore_ament_install'
[0.122s] Level 1:colcon.colcon_core.package_identification:_identify(src/awc_msgs) by extensions ['colcon_pkg']
[0.122s] Level 1:colcon.colcon_core.package_identification:_identify(src/awc_msgs) by extension 'colcon_pkg'
[0.122s] Level 1:colcon.colcon_core.package_identification:_identify(src/awc_msgs) by extensions ['colcon_meta']
[0.122s] Level 1:colcon.colcon_core.package_identification:_identify(src/awc_msgs) by extension 'colcon_meta'
[0.122s] Level 1:colcon.colcon_core.package_identification:_identify(src/awc_msgs) by extensions ['ros']
[0.122s] Level 1:colcon.colcon_core.package_identification:_identify(src/awc_msgs) by extension 'ros'
[0.122s] DEBUG:colcon.colcon_core.package_identification:Package 'src/awc_msgs' with type 'ros.ament_cmake' and name 'awc_msgs'
[0.122s] Level 1:colcon.colcon_core.package_identification:_identify(src/tf_publisher) by extensions ['ignore', 'ignore_ament_install']
[0.122s] Level 1:colcon.colcon_core.package_identification:_identify(src/tf_publisher) by extension 'ignore'
[0.122s] Level 1:colcon.colcon_core.package_identification:_identify(src/tf_publisher) by extension 'ignore_ament_install'
[0.122s] Level 1:colcon.colcon_core.package_identification:_identify(src/tf_publisher) by extensions ['colcon_pkg']
[0.122s] Level 1:colcon.colcon_core.package_identification:_identify(src/tf_publisher) by extension 'colcon_pkg'
[0.122s] Level 1:colcon.colcon_core.package_identification:_identify(src/tf_publisher) by extensions ['colcon_meta']
[0.122s] Level 1:colcon.colcon_core.package_identification:_identify(src/tf_publisher) by extension 'colcon_meta'
[0.122s] Level 1:colcon.colcon_core.package_identification:_identify(src/tf_publisher) by extensions ['ros']
[0.122s] Level 1:colcon.colcon_core.package_identification:_identify(src/tf_publisher) by extension 'ros'
[0.123s] DEBUG:colcon.colcon_core.package_identification:Package 'src/tf_publisher' with type 'ros.ament_python' and name 'tf_publisher'
[0.123s] Level 1:colcon.colcon_core.package_discovery:discover_packages(recursive) using defaults
[0.123s] Level 1:colcon.colcon_core.package_discovery:discover_packages(ignore) discover
[0.123s] Level 1:colcon.colcon_core.package_discovery:discover_packages(ignore) using defaults
[0.123s] Level 1:colcon.colcon_core.package_discovery:discover_packages(path) discover
[0.123s] Level 1:colcon.colcon_core.package_discovery:discover_packages(path) using defaults
[0.138s] Level 1:colcon.colcon_core.package_discovery:discover_packages(prefix_path) check parameters
[0.138s] Level 1:colcon.colcon_core.package_discovery:discover_packages(prefix_path) discover
[0.139s] WARNING:colcon.colcon_ros.prefix_path.ament:The path '/home/gavin/ros2_ws/install/awc_bringup' in the environment variable AMENT_PREFIX_PATH doesn't exist
[0.139s] WARNING:colcon.colcon_ros.prefix_path.ament:The path '/home/gavin/ros2_ws/install/tf_publisher' in the environment variable AMENT_PREFIX_PATH doesn't exist
[0.139s] WARNING:colcon.colcon_ros.prefix_path.ament:The path '/home/gavin/ros2_ws/install/awc_msgs' in the environment variable AMENT_PREFIX_PATH doesn't exist
[0.139s] WARNING:colcon.colcon_ros.prefix_path.ament:The path '/home/gavin/ros2_ws/install/awc_description' in the environment variable AMENT_PREFIX_PATH doesn't exist
[0.139s] WARNING:colcon.colcon_ros.prefix_path.catkin:The path '/home/gavin/ros2_ws/install/awc_msgs' in the environment variable CMAKE_PREFIX_PATH doesn't exist
[0.139s] WARNING:colcon.colcon_ros.prefix_path.catkin:The path '/home/gavin/ros2_ws/install/awc_description' in the environment variable CMAKE_PREFIX_PATH doesn't exist
[0.139s] DEBUG:colcon.colcon_installed_package_information.package_discovery:Found 0 installed packages in /home/gavin/ros2_ws/install
[0.141s] DEBUG:colcon.colcon_installed_package_information.package_discovery:Found 317 installed packages in /opt/ros/humble
[0.142s] Level 1:colcon.colcon_core.package_discovery:discover_packages(prefix_path) using defaults
[0.172s] Level 5:colcon.colcon_core.verb:set package 'awc_bringup' build argument 'cmake_args' from command line to 'None'
[0.172s] Level 5:colcon.colcon_core.verb:set package 'awc_bringup' build argument 'cmake_target' from command line to 'None'
[0.172s] Level 5:colcon.colcon_core.verb:set package 'awc_bringup' build argument 'cmake_target_skip_unavailable' from command line to 'False'
[0.172s] Level 5:colcon.colcon_core.verb:set package 'awc_bringup' build argument 'cmake_clean_cache' from command line to 'False'
[0.172s] Level 5:colcon.colcon_core.verb:set package 'awc_bringup' build argument 'cmake_clean_first' from command line to 'False'
[0.172s] Level 5:colcon.colcon_core.verb:set package 'awc_bringup' build argument 'cmake_force_configure' from command line to 'False'
[0.172s] Level 5:colcon.colcon_core.verb:set package 'awc_bringup' build argument 'ament_cmake_args' from command line to 'None'
[0.172s] Level 5:colcon.colcon_core.verb:set package 'awc_bringup' build argument 'catkin_cmake_args' from command line to 'None'
[0.172s] Level 5:colcon.colcon_core.verb:set package 'awc_bringup' build argument 'catkin_skip_building_tests' from command line to 'False'
[0.172s] DEBUG:colcon.colcon_core.verb:Building package 'awc_bringup' with the following arguments: {'ament_cmake_args': None, 'build_base': '/home/gavin/ros2_ws/build/awc_bringup', 'catkin_cmake_args': None, 'catkin_skip_building_tests': False, 'cmake_args': None, 'cmake_clean_cache': False, 'cmake_clean_first': False, 'cmake_force_configure': False, 'cmake_target': None, 'cmake_target_skip_unavailable': False, 'install_base': '/home/gavin/ros2_ws/install/awc_bringup', 'merge_install': False, 'path': '/home/gavin/ros2_ws/awc_bringup', 'symlink_install': False, 'test_result_base': None}
[0.172s] Level 5:colcon.colcon_core.verb:set package 'awc_description' build argument 'cmake_args' from command line to 'None'
[0.172s] Level 5:colcon.colcon_core.verb:set package 'awc_description' build argument 'cmake_target' from command line to 'None'
[0.172s] Level 5:colcon.colcon_core.verb:set package 'awc_description' build argument 'cmake_target_skip_unavailable' from command line to 'False'
[0.172s] Level 5:colcon.colcon_core.verb:set package 'awc_description' build argument 'cmake_clean_cache' from command line to 'False'
[0.172s] Level 5:colcon.colcon_core.verb:set package 'awc_description' build argument 'cmake_clean_first' from command line to 'False'
[0.172s] Level 5:colcon.colcon_core.verb:set package 'awc_description' build argument 'cmake_force_configure' from command line to 'False'
[0.172s] Level 5:colcon.colcon_core.verb:set package 'awc_description' build argument 'ament_cmake_args' from command line to 'None'
[0.172s] Level 5:colcon.colcon_core.verb:set package 'awc_description' build argument 'catkin_cmake_args' from command line to 'None'
[0.172s] Level 5:colcon.colcon_core.verb:set package 'awc_description' build argument 'catkin_skip_building_tests' from command line to 'False'
[0.172s] DEBUG:colcon.colcon_core.verb:Building package 'awc_description' with the following arguments: {'ament_cmake_args': None, 'build_base': '/home/gavin/ros2_ws/build/awc_description', 'catkin_cmake_args': None, 'catkin_skip_building_tests': False, 'cmake_args': None, 'cmake_clean_cache': False, 'cmake_clean_first': False, 'cmake_force_configure': False, 'cmake_target': None, 'cmake_target_skip_unavailable': False, 'install_base': '/home/gavin/ros2_ws/install/awc_description', 'merge_install': False, 'path': '/home/gavin/ros2_ws/src/awc_description', 'symlink_install': False, 'test_result_base': None}
[0.173s] Level 5:colcon.colcon_core.verb:set package 'awc_msgs' build argument 'cmake_args' from command line to 'None'
[0.173s] Level 5:colcon.colcon_core.verb:set package 'awc_msgs' build argument 'cmake_target' from command line to 'None'
[0.173s] Level 5:colcon.colcon_core.verb:set package 'awc_msgs' build argument 'cmake_target_skip_unavailable' from command line to 'False'
[0.173s] Level 5:colcon.colcon_core.verb:set package 'awc_msgs' build argument 'cmake_clean_cache' from command line to 'False'
[0.173s] Level 5:colcon.colcon_core.verb:set package 'awc_msgs' build argument 'cmake_clean_first' from command line to 'False'
[0.173s] Level 5:colcon.colcon_core.verb:set package 'awc_msgs' build argument 'cmake_force_configure' from command line to 'False'
[0.173s] Level 5:colcon.colcon_core.verb:set package 'awc_msgs' build argument 'ament_cmake_args' from command line to 'None'
[0.173s] Level 5:colcon.colcon_core.verb:set package 'awc_msgs' build argument 'catkin_cmake_args' from command line to 'None'
[0.173s] Level 5:colcon.colcon_core.verb:set package 'awc_msgs' build argument 'catkin_skip_building_tests' from command line to 'False'
[0.173s] DEBUG:colcon.colcon_core.verb:Building package 'awc_msgs' with the following arguments: {'ament_cmake_args': None, 'build_base': '/home/gavin/ros2_ws/build/awc_msgs', 'catkin_cmake_args': None, 'catkin_skip_building_tests': False, 'cmake_args': None, 'cmake_clean_cache': False, 'cmake_clean_first': False, 'cmake_force_configure': False, 'cmake_target': None, 'cmake_target_skip_unavailable': False, 'install_base': '/home/gavin/ros2_ws/install/awc_msgs', 'merge_install': False, 'path': '/home/gavin/ros2_ws/src/awc_msgs', 'symlink_install': False, 'test_result_base': None}
[0.173s] Level 5:colcon.colcon_core.verb:set package 'tf_publisher' build argument 'cmake_args' from command line to 'None'
[0.173s] Level 5:colcon.colcon_core.verb:set package 'tf_publisher' build argument 'cmake_target' from command line to 'None'
[0.173s] Level 5:colcon.colcon_core.verb:set package 'tf_publisher' build argument 'cmake_target_skip_unavailable' from command line to 'False'
[0.173s] Level 5:colcon.colcon_core.verb:set package 'tf_publisher' build argument 'cmake_clean_cache' from command line to 'False'
[0.173s] Level 5:colcon.colcon_core.verb:set package 'tf_publisher' build argument 'cmake_clean_first' from command line to 'False'
[0.173s] Level 5:colcon.colcon_core.verb:set package 'tf_publisher' build argument 'cmake_force_configure' from command line to 'False'
[0.173s] Level 5:colcon.colcon_core.verb:set package 'tf_publisher' build argument 'ament_cmake_args' from command line to 'None'
[0.173s] Level 5:colcon.colcon_core.verb:set package 'tf_publisher' build argument 'catkin_cmake_args' from command line to 'None'
[0.173s] Level 5:colcon.colcon_core.verb:set package 'tf_publisher' build argument 'catkin_skip_building_tests' from command line to 'False'
[0.173s] DEBUG:colcon.colcon_core.verb:Building package 'tf_publisher' with the following arguments: {'ament_cmake_args': None, 'build_base': '/home/gavin/ros2_ws/build/tf_publisher', 'catkin_cmake_args': None, 'catkin_skip_building_tests': False, 'cmake_args': None, 'cmake_clean_cache': False, 'cmake_clean_first': False, 'cmake_force_configure': False, 'cmake_target': None, 'cmake_target_skip_unavailable': False, 'install_base': '/home/gavin/ros2_ws/install/tf_publisher', 'merge_install': False, 'path': '/home/gavin/ros2_ws/src/tf_publisher', 'symlink_install': False, 'test_result_base': None}
[0.173s] INFO:colcon.colcon_core.executor:Executing jobs using 'parallel' executor
[0.174s] DEBUG:colcon.colcon_parallel_executor.executor.parallel:run_until_complete
[0.174s] INFO:colcon.colcon_ros.task.ament_python.build:Building ROS package in '/home/gavin/ros2_ws/awc_bringup' with build type 'ament_python'
[0.174s] Level 1:colcon.colcon_core.shell:create_environment_hook('awc_bringup', 'ament_prefix_path')
[0.176s] INFO:colcon.colcon_core.plugin_system:Skipping extension 'colcon_core.shell.bat': Not used on non-Windows systems
[0.176s] INFO:colcon.colcon_core.shell:Creating environment hook '/home/gavin/ros2_ws/install/awc_bringup/share/awc_bringup/hook/ament_prefix_path.ps1'
[0.177s] INFO:colcon.colcon_core.shell:Creating environment descriptor '/home/gavin/ros2_ws/install/awc_bringup/share/awc_bringup/hook/ament_prefix_path.dsv'
[0.177s] INFO:colcon.colcon_core.shell:Creating environment hook '/home/gavin/ros2_ws/install/awc_bringup/share/awc_bringup/hook/ament_prefix_path.sh'
[0.178s] INFO:colcon.colcon_core.shell:Skip shell extension 'powershell' for command environment: Not usable outside of PowerShell
[0.178s] DEBUG:colcon.colcon_core.shell:Skip shell extension 'dsv' for command environment
[0.180s] INFO:colcon.colcon_ros.task.ament_cmake.build:Building ROS package in '/home/gavin/ros2_ws/src/awc_description' with build type 'ament_cmake'
[0.180s] INFO:colcon.colcon_cmake.task.cmake.build:Building CMake package in '/home/gavin/ros2_ws/src/awc_description'
[0.181s] INFO:colcon.colcon_core.shell:Skip shell extension 'powershell' for command environment: Not usable outside of PowerShell
[0.181s] DEBUG:colcon.colcon_core.shell:Skip shell extension 'dsv' for command environment
[0.183s] INFO:colcon.colcon_ros.task.ament_cmake.build:Building ROS package in '/home/gavin/ros2_ws/src/awc_msgs' with build type 'ament_cmake'
[0.183s] INFO:colcon.colcon_cmake.task.cmake.build:Building CMake package in '/home/gavin/ros2_ws/src/awc_msgs'
[0.183s] INFO:colcon.colcon_core.shell:Skip shell extension 'powershell' for command environment: Not usable outside of PowerShell
[0.183s] DEBUG:colcon.colcon_core.shell:Skip shell extension 'dsv' for command environment
[0.185s] INFO:colcon.colcon_ros.task.ament_python.build:Building ROS package in '/home/gavin/ros2_ws/src/tf_publisher' with build type 'ament_python'
[0.185s] Level 1:colcon.colcon_core.shell:create_environment_hook('tf_publisher', 'ament_prefix_path')
[0.186s] INFO:colcon.colcon_core.shell:Creating environment hook '/home/gavin/ros2_ws/install/tf_publisher/share/tf_publisher/hook/ament_prefix_path.ps1'
[0.186s] INFO:colcon.colcon_core.shell:Creating environment descriptor '/home/gavin/ros2_ws/install/tf_publisher/share/tf_publisher/hook/ament_prefix_path.dsv'
[0.186s] INFO:colcon.colcon_core.shell:Creating environment hook '/home/gavin/ros2_ws/install/tf_publisher/share/tf_publisher/hook/ament_prefix_path.sh'
[0.187s] INFO:colcon.colcon_core.shell:Skip shell extension 'powershell' for command environment: Not usable outside of PowerShell
[0.187s] DEBUG:colcon.colcon_core.shell:Skip shell extension 'dsv' for command environment
[0.332s] INFO:colcon.colcon_core.task.python.build:Building Python package in '/home/gavin/ros2_ws/awc_bringup'
[0.332s] INFO:colcon.colcon_core.shell:Skip shell extension 'powershell' for command environment: Not usable outside of PowerShell
[0.332s] DEBUG:colcon.colcon_core.shell:Skip shell extension 'dsv' for command environment
[0.337s] DEBUG:colcon.colcon_core.event_handler.log_command:Invoking command in '/home/gavin/ros2_ws/build/awc_description': CMAKE_PREFIX_PATH=${CMAKE_PREFIX_PATH}:/home/gavin/ros2_ws/install/awc_bringup:/home/gavin/ros2_ws/install/tf_publisher:/opt/ros/humble /usr/bin/cmake /home/gavin/ros2_ws/src/awc_description -DCMAKE_INSTALL_PREFIX=/home/gavin/ros2_ws/install/awc_description
[0.338s] DEBUG:colcon.colcon_core.event_handler.log_command:Invoking command in '/home/gavin/ros2_ws/build/awc_msgs': CMAKE_PREFIX_PATH=${CMAKE_PREFIX_PATH}:/home/gavin/ros2_ws/install/awc_bringup:/home/gavin/ros2_ws/install/tf_publisher:/opt/ros/humble /usr/bin/cmake /home/gavin/ros2_ws/src/awc_msgs -DCMAKE_INSTALL_PREFIX=/home/gavin/ros2_ws/install/awc_msgs
[0.522s] INFO:colcon.colcon_core.task.python.build:Building Python package in '/home/gavin/ros2_ws/src/tf_publisher'
[0.522s] INFO:colcon.colcon_core.shell:Skip shell extension 'powershell' for command environment: Not usable outside of PowerShell
[0.522s] DEBUG:colcon.colcon_core.shell:Skip shell extension 'dsv' for command environment
[1.233s] DEBUG:colcon.colcon_core.event_handler.log_command:Invoking command in '/home/gavin/ros2_ws/src/tf_publisher': PYTHONPATH=/home/gavin/ros2_ws/build/tf_publisher/prefix_override:/usr/lib/python3/dist-packages/colcon_core/task/python/colcon_distutils_commands:/home/gavin/ros2_ws/install/tf_publisher/lib/python3.10/site-packages:${PYTHONPATH} /usr/bin/python3 -W ignore:setup.py install is deprecated -W ignore:easy_install command is deprecated setup.py egg_info --egg-base ../../build/tf_publisher build --build-base /home/gavin/ros2_ws/build/tf_publisher/build install --record /home/gavin/ros2_ws/build/tf_publisher/install.log --single-version-externally-managed install_data
[1.351s] DEBUG:colcon.colcon_core.event_handler.log_command:Invoking command in '/home/gavin/ros2_ws/awc_bringup': PYTHONPATH=/home/gavin/ros2_ws/build/awc_bringup/prefix_override:/usr/lib/python3/dist-packages/colcon_core/task/python/colcon_distutils_commands:/home/gavin/ros2_ws/install/awc_bringup/lib/python3.10/site-packages:${PYTHONPATH} /usr/bin/python3 -W ignore:setup.py install is deprecated -W ignore:easy_install command is deprecated setup.py egg_info --egg-base ../build/awc_bringup build --build-base /home/gavin/ros2_ws/build/awc_bringup/build install --record /home/gavin/ros2_ws/build/awc_bringup/install.log --single-version-externally-managed install_data
[1.434s] DEBUG:colcon.colcon_core.event_handler.log_command:Invoked command in '/home/gavin/ros2_ws/build/awc_msgs' returned '0': CMAKE_PREFIX_PATH=${CMAKE_PREFIX_PATH}:/home/gavin/ros2_ws/install/awc_bringup:/home/gavin/ros2_ws/install/tf_publisher:/opt/ros/humble /usr/bin/cmake /home/gavin/ros2_ws/src/awc_msgs -DCMAKE_INSTALL_PREFIX=/home/gavin/ros2_ws/install/awc_msgs
[1.435s] DEBUG:colcon.colcon_core.event_handler.log_command:Invoking command in '/home/gavin/ros2_ws/build/awc_msgs': CMAKE_PREFIX_PATH=${CMAKE_PREFIX_PATH}:/home/gavin/ros2_ws/install/awc_bringup:/home/gavin/ros2_ws/install/tf_publisher:/opt/ros/humble /usr/bin/cmake --build /home/gavin/ros2_ws/build/awc_msgs -- -j4 -l4
[1.472s] DEBUG:colcon.colcon_core.event_handler.log_command:Invoked command in '/home/gavin/ros2_ws/build/awc_description' returned '0': CMAKE_PREFIX_PATH=${CMAKE_PREFIX_PATH}:/home/gavin/ros2_ws/install/awc_bringup:/home/gavin/ros2_ws/install/tf_publisher:/opt/ros/humble /usr/bin/cmake /home/gavin/ros2_ws/src/awc_description -DCMAKE_INSTALL_PREFIX=/home/gavin/ros2_ws/install/awc_description
[1.473s] DEBUG:colcon.colcon_core.event_handler.log_command:Invoking command in '/home/gavin/ros2_ws/build/awc_description': CMAKE_PREFIX_PATH=${CMAKE_PREFIX_PATH}:/home/gavin/ros2_ws/install/awc_bringup:/home/gavin/ros2_ws/install/tf_publisher:/opt/ros/humble /usr/bin/cmake --build /home/gavin/ros2_ws/build/awc_description -- -j4 -l4
[1.490s] DEBUG:colcon.colcon_core.event_handler.log_command:Invoked command in '/home/gavin/ros2_ws/build/awc_msgs' returned '0': CMAKE_PREFIX_PATH=${CMAKE_PREFIX_PATH}:/home/gavin/ros2_ws/install/awc_bringup:/home/gavin/ros2_ws/install/tf_publisher:/opt/ros/humble /usr/bin/cmake --build /home/gavin/ros2_ws/build/awc_msgs -- -j4 -l4
[1.503s] DEBUG:colcon.colcon_core.event_handler.log_command:Invoking command in '/home/gavin/ros2_ws/build/awc_msgs': CMAKE_PREFIX_PATH=${CMAKE_PREFIX_PATH}:/home/gavin/ros2_ws/install/awc_bringup:/home/gavin/ros2_ws/install/tf_publisher:/opt/ros/humble /usr/bin/cmake --install /home/gavin/ros2_ws/build/awc_msgs
[1.517s] Level 1:colcon.colcon_core.environment:create_environment_scripts_only(awc_msgs)
[1.519s] DEBUG:colcon.colcon_core.event_handler.log_command:Invoked command in '/home/gavin/ros2_ws/build/awc_msgs' returned '0': CMAKE_PREFIX_PATH=${CMAKE_PREFIX_PATH}:/home/gavin/ros2_ws/install/awc_bringup:/home/gavin/ros2_ws/install/tf_publisher:/opt/ros/humble /usr/bin/cmake --install /home/gavin/ros2_ws/build/awc_msgs
[1.521s] Level 1:colcon.colcon_core.environment:checking '/home/gavin/ros2_ws/install/awc_msgs' for CMake module files
[1.521s] Level 1:colcon.colcon_core.environment:checking '/home/gavin/ros2_ws/install/awc_msgs' for CMake config files
[1.522s] Level 1:colcon.colcon_core.shell:create_environment_hook('awc_msgs', 'cmake_prefix_path')
[1.522s] INFO:colcon.colcon_core.shell:Creating environment hook '/home/gavin/ros2_ws/install/awc_msgs/share/awc_msgs/hook/cmake_prefix_path.ps1'
[1.523s] INFO:colcon.colcon_core.shell:Creating environment descriptor '/home/gavin/ros2_ws/install/awc_msgs/share/awc_msgs/hook/cmake_prefix_path.dsv'
[1.523s] INFO:colcon.colcon_core.shell:Creating environment hook '/home/gavin/ros2_ws/install/awc_msgs/share/awc_msgs/hook/cmake_prefix_path.sh'
[1.524s] Level 1:colcon.colcon_core.environment:checking '/home/gavin/ros2_ws/install/awc_msgs/bin'
[1.524s] Level 1:colcon.colcon_core.environment:checking '/home/gavin/ros2_ws/install/awc_msgs/lib/pkgconfig/awc_msgs.pc'
[1.524s] Level 1:colcon.colcon_core.environment:checking '/home/gavin/ros2_ws/install/awc_msgs/lib/python3.10/site-packages'
[1.524s] Level 1:colcon.colcon_core.environment:checking '/home/gavin/ros2_ws/install/awc_msgs/bin'
[1.524s] INFO:colcon.colcon_core.shell:Creating package script '/home/gavin/ros2_ws/install/awc_msgs/share/awc_msgs/package.ps1'
[1.527s] INFO:colcon.colcon_core.shell:Creating package descriptor '/home/gavin/ros2_ws/install/awc_msgs/share/awc_msgs/package.dsv'
[1.528s] INFO:colcon.colcon_core.shell:Creating package script '/home/gavin/ros2_ws/install/awc_msgs/share/awc_msgs/package.sh'
[1.528s] INFO:colcon.colcon_core.shell:Creating package script '/home/gavin/ros2_ws/install/awc_msgs/share/awc_msgs/package.bash'
[1.529s] INFO:colcon.colcon_core.shell:Creating package script '/home/gavin/ros2_ws/install/awc_msgs/share/awc_msgs/package.zsh'
[1.530s] Level 1:colcon.colcon_core.environment:create_file_with_runtime_dependencies(/home/gavin/ros2_ws/install/awc_msgs/share/colcon-core/packages/awc_msgs)
[1.531s] Level 1:colcon.colcon_core.environment:create_environment_scripts_only(awc_msgs)
[1.531s] Level 1:colcon.colcon_core.environment:checking '/home/gavin/ros2_ws/install/awc_msgs' for CMake module files
[1.532s] Level 1:colcon.colcon_core.environment:checking '/home/gavin/ros2_ws/install/awc_msgs' for CMake config files
[1.532s] Level 1:colcon.colcon_core.shell:create_environment_hook('awc_msgs', 'cmake_prefix_path')
[1.532s] INFO:colcon.colcon_core.shell:Creating environment hook '/home/gavin/ros2_ws/install/awc_msgs/share/awc_msgs/hook/cmake_prefix_path.ps1'
[1.532s] INFO:colcon.colcon_core.shell:Creating environment descriptor '/home/gavin/ros2_ws/install/awc_msgs/share/awc_msgs/hook/cmake_prefix_path.dsv'
[1.533s] INFO:colcon.colcon_core.shell:Creating environment hook '/home/gavin/ros2_ws/install/awc_msgs/share/awc_msgs/hook/cmake_prefix_path.sh'
[1.533s] Level 1:colcon.colcon_core.environment:checking '/home/gavin/ros2_ws/install/awc_msgs/bin'
[1.533s] Level 1:colcon.colcon_core.environment:checking '/home/gavin/ros2_ws/install/awc_msgs/lib/pkgconfig/awc_msgs.pc'
[1.534s] Level 1:colcon.colcon_core.environment:checking '/home/gavin/ros2_ws/install/awc_msgs/lib/python3.10/site-packages'
[1.534s] Level 1:colcon.colcon_core.environment:checking '/home/gavin/ros2_ws/install/awc_msgs/bin'
[1.534s] INFO:colcon.colcon_core.shell:Creating package script '/home/gavin/ros2_ws/install/awc_msgs/share/awc_msgs/package.ps1'
[1.535s] INFO:colcon.colcon_core.shell:Creating package descriptor '/home/gavin/ros2_ws/install/awc_msgs/share/awc_msgs/package.dsv'
[1.535s] INFO:colcon.colcon_core.shell:Creating package script '/home/gavin/ros2_ws/install/awc_msgs/share/awc_msgs/package.sh'
[1.535s] INFO:colcon.colcon_core.shell:Creating package script '/home/gavin/ros2_ws/install/awc_msgs/share/awc_msgs/package.bash'
[1.536s] INFO:colcon.colcon_core.shell:Creating package script '/home/gavin/ros2_ws/install/awc_msgs/share/awc_msgs/package.zsh'
[1.536s] Level 1:colcon.colcon_core.environment:create_file_with_runtime_dependencies(/home/gavin/ros2_ws/install/awc_msgs/share/colcon-core/packages/awc_msgs)
[1.539s] DEBUG:colcon.colcon_core.event_handler.log_command:Invoked command in '/home/gavin/ros2_ws/build/awc_description' returned '0': CMAKE_PREFIX_PATH=${CMAKE_PREFIX_PATH}:/home/gavin/ros2_ws/install/awc_bringup:/home/gavin/ros2_ws/install/tf_publisher:/opt/ros/humble /usr/bin/cmake --build /home/gavin/ros2_ws/build/awc_description -- -j4 -l4
[1.540s] DEBUG:colcon.colcon_core.event_handler.log_command:Invoking command in '/home/gavin/ros2_ws/build/awc_description': CMAKE_PREFIX_PATH=${CMAKE_PREFIX_PATH}:/home/gavin/ros2_ws/install/awc_bringup:/home/gavin/ros2_ws/install/tf_publisher:/opt/ros/humble /usr/bin/cmake --install /home/gavin/ros2_ws/build/awc_description
[1.568s] Level 1:colcon.colcon_core.environment:create_environment_scripts_only(awc_description)
[1.569s] Level 1:colcon.colcon_core.environment:checking '/home/gavin/ros2_ws/install/awc_description' for CMake module files
[1.569s] Level 1:colcon.colcon_core.environment:checking '/home/gavin/ros2_ws/install/awc_description' for CMake config files
[1.569s] Level 1:colcon.colcon_core.shell:create_environment_hook('awc_description', 'cmake_prefix_path')
[1.570s] DEBUG:colcon.colcon_core.event_handler.log_command:Invoked command in '/home/gavin/ros2_ws/build/awc_description' returned '0': CMAKE_PREFIX_PATH=${CMAKE_PREFIX_PATH}:/home/gavin/ros2_ws/install/awc_bringup:/home/gavin/ros2_ws/install/tf_publisher:/opt/ros/humble /usr/bin/cmake --install /home/gavin/ros2_ws/build/awc_description
[1.570s] INFO:colcon.colcon_core.shell:Creating environment hook '/home/gavin/ros2_ws/install/awc_description/share/awc_description/hook/cmake_prefix_path.ps1'
[1.571s] INFO:colcon.colcon_core.shell:Creating environment descriptor '/home/gavin/ros2_ws/install/awc_description/share/awc_description/hook/cmake_prefix_path.dsv'
[1.571s] INFO:colcon.colcon_core.shell:Creating environment hook '/home/gavin/ros2_ws/install/awc_description/share/awc_description/hook/cmake_prefix_path.sh'
[1.572s] Level 1:colcon.colcon_core.environment:checking '/home/gavin/ros2_ws/install/awc_description/bin'
[1.572s] Level 1:colcon.colcon_core.environment:checking '/home/gavin/ros2_ws/install/awc_description/lib/pkgconfig/awc_description.pc'
[1.572s] Level 1:colcon.colcon_core.environment:checking '/home/gavin/ros2_ws/install/awc_description/lib/python3.10/site-packages'
[1.572s] Level 1:colcon.colcon_core.environment:checking '/home/gavin/ros2_ws/install/awc_description/bin'
[1.573s] INFO:colcon.colcon_core.shell:Creating package script '/home/gavin/ros2_ws/install/awc_description/share/awc_description/package.ps1'
[1.573s] INFO:colcon.colcon_core.shell:Creating package descriptor '/home/gavin/ros2_ws/install/awc_description/share/awc_description/package.dsv'
[1.573s] INFO:colcon.colcon_core.shell:Creating package script '/home/gavin/ros2_ws/install/awc_description/share/awc_description/package.sh'
[1.574s] INFO:colcon.colcon_core.shell:Creating package script '/home/gavin/ros2_ws/install/awc_description/share/awc_description/package.bash'
[1.576s] INFO:colcon.colcon_core.shell:Creating package script '/home/gavin/ros2_ws/install/awc_description/share/awc_description/package.zsh'
[1.576s] Level 1:colcon.colcon_core.environment:create_file_with_runtime_dependencies(/home/gavin/ros2_ws/install/awc_description/share/colcon-core/packages/awc_description)
[1.577s] Level 1:colcon.colcon_core.environment:create_environment_scripts_only(awc_description)
[1.577s] Level 1:colcon.colcon_core.environment:checking '/home/gavin/ros2_ws/install/awc_description' for CMake module files
[1.578s] Level 1:colcon.colcon_core.environment:checking '/home/gavin/ros2_ws/install/awc_description' for CMake config files
[1.578s] Level 1:colcon.colcon_core.shell:create_environment_hook('awc_description', 'cmake_prefix_path')
[1.578s] INFO:colcon.colcon_core.shell:Creating environment hook '/home/gavin/ros2_ws/install/awc_description/share/awc_description/hook/cmake_prefix_path.ps1'
[1.578s] INFO:colcon.colcon_core.shell:Creating environment descriptor '/home/gavin/ros2_ws/install/awc_description/share/awc_description/hook/cmake_prefix_path.dsv'
[1.579s] INFO:colcon.colcon_core.shell:Creating environment hook '/home/gavin/ros2_ws/install/awc_description/share/awc_description/hook/cmake_prefix_path.sh'
[1.579s] Level 1:colcon.colcon_core.environment:checking '/home/gavin/ros2_ws/install/awc_description/bin'
[1.579s] Level 1:colcon.colcon_core.environment:checking '/home/gavin/ros2_ws/install/awc_description/lib/pkgconfig/awc_description.pc'
[1.580s] Level 1:colcon.colcon_core.environment:checking '/home/gavin/ros2_ws/install/awc_description/lib/python3.10/site-packages'
[1.580s] Level 1:colcon.colcon_core.environment:checking '/home/gavin/ros2_ws/install/awc_description/bin'
[1.580s] INFO:colcon.colcon_core.shell:Creating package script '/home/gavin/ros2_ws/install/awc_description/share/awc_description/package.ps1'
[1.581s] INFO:colcon.colcon_core.shell:Creating package descriptor '/home/gavin/ros2_ws/install/awc_description/share/awc_description/package.dsv'
[1.581s] INFO:colcon.colcon_core.shell:Creating package script '/home/gavin/ros2_ws/install/awc_description/share/awc_description/package.sh'
[1.582s] INFO:colcon.colcon_core.shell:Creating package script '/home/gavin/ros2_ws/install/awc_description/share/awc_description/package.bash'
[1.582s] INFO:colcon.colcon_core.shell:Creating package script '/home/gavin/ros2_ws/install/awc_description/share/awc_description/package.zsh'
[1.582s] Level 1:colcon.colcon_core.environment:create_file_with_runtime_dependencies(/home/gavin/ros2_ws/install/awc_description/share/colcon-core/packages/awc_description)
[1.744s] Level 1:colcon.colcon_core.environment:checking '/home/gavin/ros2_ws/install/tf_publisher' for CMake module files
[1.745s] Level 1:colcon.colcon_core.environment:checking '/home/gavin/ros2_ws/install/tf_publisher' for CMake config files
[1.745s] Level 1:colcon.colcon_core.environment:checking '/home/gavin/ros2_ws/install/tf_publisher/lib'
[1.746s] DEBUG:colcon.colcon_core.event_handler.log_command:Invoked command in '/home/gavin/ros2_ws/src/tf_publisher' returned '0': PYTHONPATH=/home/gavin/ros2_ws/build/tf_publisher/prefix_override:/usr/lib/python3/dist-packages/colcon_core/task/python/colcon_distutils_commands:/home/gavin/ros2_ws/install/tf_publisher/lib/python3.10/site-packages:${PYTHONPATH} /usr/bin/python3 -W ignore:setup.py install is deprecated -W ignore:easy_install command is deprecated setup.py egg_info --egg-base ../../build/tf_publisher build --build-base /home/gavin/ros2_ws/build/tf_publisher/build install --record /home/gavin/ros2_ws/build/tf_publisher/install.log --single-version-externally-managed install_data
[1.746s] Level 1:colcon.colcon_core.environment:checking '/home/gavin/ros2_ws/install/tf_publisher/bin'
[1.746s] Level 1:colcon.colcon_core.environment:checking '/home/gavin/ros2_ws/install/tf_publisher/lib/pkgconfig/tf_publisher.pc'
[1.746s] Level 1:colcon.colcon_core.environment:checking '/home/gavin/ros2_ws/install/tf_publisher/lib/python3.10/site-packages'
[1.746s] Level 1:colcon.colcon_core.shell:create_environment_hook('tf_publisher', 'pythonpath')
[1.746s] INFO:colcon.colcon_core.shell:Creating environment hook '/home/gavin/ros2_ws/install/tf_publisher/share/tf_publisher/hook/pythonpath.ps1'
[1.747s] INFO:colcon.colcon_core.shell:Creating environment descriptor '/home/gavin/ros2_ws/install/tf_publisher/share/tf_publisher/hook/pythonpath.dsv'
[1.747s] INFO:colcon.colcon_core.shell:Creating environment hook '/home/gavin/ros2_ws/install/tf_publisher/share/tf_publisher/hook/pythonpath.sh'
[1.748s] Level 1:colcon.colcon_core.environment:checking '/home/gavin/ros2_ws/install/tf_publisher/bin'
[1.748s] Level 1:colcon.colcon_core.environment:create_environment_scripts_only(tf_publisher)
[1.748s] INFO:colcon.colcon_core.shell:Creating package script '/home/gavin/ros2_ws/install/tf_publisher/share/tf_publisher/package.ps1'
[1.749s] INFO:colcon.colcon_core.shell:Creating package descriptor '/home/gavin/ros2_ws/install/tf_publisher/share/tf_publisher/package.dsv'
[1.749s] INFO:colcon.colcon_core.shell:Creating package script '/home/gavin/ros2_ws/install/tf_publisher/share/tf_publisher/package.sh'
[1.750s] INFO:colcon.colcon_core.shell:Creating package script '/home/gavin/ros2_ws/install/tf_publisher/share/tf_publisher/package.bash'
[1.750s] INFO:colcon.colcon_core.shell:Creating package script '/home/gavin/ros2_ws/install/tf_publisher/share/tf_publisher/package.zsh'
[1.750s] Level 1:colcon.colcon_core.environment:create_file_with_runtime_dependencies(/home/gavin/ros2_ws/install/tf_publisher/share/colcon-core/packages/tf_publisher)
[1.837s] Level 1:colcon.colcon_core.environment:checking '/home/gavin/ros2_ws/install/awc_bringup' for CMake module files
[1.838s] DEBUG:colcon.colcon_core.event_handler.log_command:Invoked command in '/home/gavin/ros2_ws/awc_bringup' returned '0': PYTHONPATH=/home/gavin/ros2_ws/build/awc_bringup/prefix_override:/usr/lib/python3/dist-packages/colcon_core/task/python/colcon_distutils_commands:/home/gavin/ros2_ws/install/awc_bringup/lib/python3.10/site-packages:${PYTHONPATH} /usr/bin/python3 -W ignore:setup.py install is deprecated -W ignore:easy_install command is deprecated setup.py egg_info --egg-base ../build/awc_bringup build --build-base /home/gavin/ros2_ws/build/awc_bringup/build install --record /home/gavin/ros2_ws/build/awc_bringup/install.log --single-version-externally-managed install_data
[1.838s] Level 1:colcon.colcon_core.environment:checking '/home/gavin/ros2_ws/install/awc_bringup' for CMake config files
[1.838s] Level 1:colcon.colcon_core.environment:checking '/home/gavin/ros2_ws/install/awc_bringup/lib'
[1.838s] Level 1:colcon.colcon_core.environment:checking '/home/gavin/ros2_ws/install/awc_bringup/bin'
[1.839s] Level 1:colcon.colcon_core.environment:checking '/home/gavin/ros2_ws/install/awc_bringup/lib/pkgconfig/awc_bringup.pc'
[1.839s] Level 1:colcon.colcon_core.environment:checking '/home/gavin/ros2_ws/install/awc_bringup/lib/python3.10/site-packages'
[1.839s] Level 1:colcon.colcon_core.shell:create_environment_hook('awc_bringup', 'pythonpath')
[1.839s] INFO:colcon.colcon_core.shell:Creating environment hook '/home/gavin/ros2_ws/install/awc_bringup/share/awc_bringup/hook/pythonpath.ps1'
[1.839s] INFO:colcon.colcon_core.shell:Creating environment descriptor '/home/gavin/ros2_ws/install/awc_bringup/share/awc_bringup/hook/pythonpath.dsv'
[1.839s] INFO:colcon.colcon_core.shell:Creating environment hook '/home/gavin/ros2_ws/install/awc_bringup/share/awc_bringup/hook/pythonpath.sh'
[1.840s] Level 1:colcon.colcon_core.environment:checking '/home/gavin/ros2_ws/install/awc_bringup/bin'
[1.840s] Level 1:colcon.colcon_core.environment:create_environment_scripts_only(awc_bringup)
[1.840s] INFO:colcon.colcon_core.shell:Creating package script '/home/gavin/ros2_ws/install/awc_bringup/share/awc_bringup/package.ps1'
[1.840s] INFO:colcon.colcon_core.shell:Creating package descriptor '/home/gavin/ros2_ws/install/awc_bringup/share/awc_bringup/package.dsv'
[1.840s] INFO:colcon.colcon_core.shell:Creating package script '/home/gavin/ros2_ws/install/awc_bringup/share/awc_bringup/package.sh'
[1.841s] INFO:colcon.colcon_core.shell:Creating package script '/home/gavin/ros2_ws/install/awc_bringup/share/awc_bringup/package.bash'
[1.841s] INFO:colcon.colcon_core.shell:Creating package script '/home/gavin/ros2_ws/install/awc_bringup/share/awc_bringup/package.zsh'
[1.841s] Level 1:colcon.colcon_core.environment:create_file_with_runtime_dependencies(/home/gavin/ros2_ws/install/awc_bringup/share/colcon-core/packages/awc_bringup)
[1.841s] DEBUG:colcon.colcon_parallel_executor.executor.parallel:closing loop
[1.841s] DEBUG:colcon.colcon_parallel_executor.executor.parallel:loop closed
[1.842s] DEBUG:colcon.colcon_parallel_executor.executor.parallel:run_until_complete finished with '0'
[1.842s] DEBUG:colcon.colcon_core.event_reactor:joining thread
[1.845s] INFO:colcon.colcon_core.plugin_system:Skipping extension 'colcon_notification.desktop_notification.terminal_notifier': Not used on non-Darwin systems
[1.845s] INFO:colcon.colcon_core.plugin_system:Skipping extension 'colcon_notification.desktop_notification.win32': Not used on non-Windows systems
[1.845s] INFO:colcon.colcon_notification.desktop_notification:Sending desktop notification using 'notify2'
[1.855s] DEBUG:colcon.colcon_core.event_reactor:joined thread
[1.855s] INFO:colcon.colcon_core.shell:Creating prefix script '/home/gavin/ros2_ws/install/local_setup.ps1'
[1.856s] INFO:colcon.colcon_core.shell:Creating prefix util module '/home/gavin/ros2_ws/install/_local_setup_util_ps1.py'
[1.857s] INFO:colcon.colcon_core.shell:Creating prefix chain script '/home/gavin/ros2_ws/install/setup.ps1'
[1.858s] INFO:colcon.colcon_core.shell:Creating prefix script '/home/gavin/ros2_ws/install/local_setup.sh'
[1.858s] INFO:colcon.colcon_core.shell:Creating prefix util module '/home/gavin/ros2_ws/install/_local_setup_util_sh.py'
[1.859s] INFO:colcon.colcon_core.shell:Creating prefix chain script '/home/gavin/ros2_ws/install/setup.sh'
[1.860s] INFO:colcon.colcon_core.shell:Creating prefix script '/home/gavin/ros2_ws/install/local_setup.bash'
[1.860s] INFO:colcon.colcon_core.shell:Creating prefix chain script '/home/gavin/ros2_ws/install/setup.bash'
[1.861s] INFO:colcon.colcon_core.shell:Creating prefix script '/home/gavin/ros2_ws/install/local_setup.zsh'
[1.862s] INFO:colcon.colcon_core.shell:Creating prefix chain script '/home/gavin/ros2_ws/install/setup.zsh'
