[2.571s] Invoking command in '/home/gavin/AWC_control/src/ros2arduino': CONDA_PROMPT_MODIFIER=(base) PYTHONPATH=/home/gavin/AWC_control/src/build/ros2arduino/prefix_override:/usr/lib/python3/dist-packages/colcon_core/task/python/colcon_distutils_commands:/home/gavin/AWC_control/src/install/ros2arduino/lib/python3.10/site-packages:${PYTHONPATH} /usr/bin/python3 -W ignore:setup.py install is deprecated -W ignore:easy_install command is deprecated setup.py egg_info --egg-base ../build/ros2arduino build --build-base /home/gavin/AWC_control/src/build/ros2arduino/build install --record /home/gavin/AWC_control/src/build/ros2arduino/install.log --single-version-externally-managed install_data
[3.065s] running egg_info
[3.066s] writing ../build/ros2arduino/ros2arduino.egg-info/PKG-INFO
[3.067s] writing dependency_links to ../build/ros2arduino/ros2arduino.egg-info/dependency_links.txt
[3.068s] writing entry points to ../build/ros2arduino/ros2arduino.egg-info/entry_points.txt
[3.068s] writing requirements to ../build/ros2arduino/ros2arduino.egg-info/requires.txt
[3.068s] writing top-level names to ../build/ros2arduino/ros2arduino.egg-info/top_level.txt
[3.071s] reading manifest file '../build/ros2arduino/ros2arduino.egg-info/SOURCES.txt'
[3.072s] writing manifest file '../build/ros2arduino/ros2arduino.egg-info/SOURCES.txt'
[3.072s] running build
[3.073s] running build_py
[3.073s] running install
[3.073s] running install_lib
[3.076s] running install_data
[3.076s] running install_egg_info
[3.079s] removing '/home/gavin/AWC_control/src/install/ros2arduino/lib/python3.10/site-packages/ros2arduino-0.0.0-py3.10.egg-info' (and everything under it)
[3.080s] Copying ../build/ros2arduino/ros2arduino.egg-info to /home/gavin/AWC_control/src/install/ros2arduino/lib/python3.10/site-packages/ros2arduino-0.0.0-py3.10.egg-info
[3.081s] running install_scripts
[3.120s] Installing ros2arduino script to /home/gavin/AWC_control/src/install/ros2arduino/lib/ros2arduino
[3.120s] writing list of installed files to '/home/gavin/AWC_control/src/build/ros2arduino/install.log'
[3.177s] Invoked command in '/home/gavin/AWC_control/src/ros2arduino' returned '0': CONDA_PROMPT_MODIFIER=(base) PYTHONPATH=/home/gavin/AWC_control/src/build/ros2arduino/prefix_override:/usr/lib/python3/dist-packages/colcon_core/task/python/colcon_distutils_commands:/home/gavin/AWC_control/src/install/ros2arduino/lib/python3.10/site-packages:${PYTHONPATH} /usr/bin/python3 -W ignore:setup.py install is deprecated -W ignore:easy_install command is deprecated setup.py egg_info --egg-base ../build/ros2arduino build --build-base /home/gavin/AWC_control/src/build/ros2arduino/build install --record /home/gavin/AWC_control/src/build/ros2arduino/install.log --single-version-externally-managed install_data
