[0.016s] Invoking command in '/home/gavin/ros2_ws/build/awc_description': CMAKE_PREFIX_PATH=/opt/ros/humble /usr/bin/cmake /home/gavin/ros2_ws/src/awc_description -DCMAKE_INSTALL_PREFIX=/home/gavin/ros2_ws/install/awc_description
[0.072s] -- The C compiler identification is GNU 11.4.0
[0.141s] -- The CXX compiler identification is GNU 11.4.0
[0.150s] -- Detecting C compiler ABI info
[0.239s] -- Detecting C compiler ABI info - done
[0.249s] -- Check for working C compiler: /usr/bin/cc - skipped
[0.249s] -- Detecting C compile features
[0.250s] -- Detecting C compile features - done
[0.254s] -- Detecting CXX compiler ABI info
[0.354s] -- Detecting CXX compiler ABI info - done
[0.366s] -- Check for working CXX compiler: /usr/bin/c++ - skipped
[0.366s] -- Detecting CXX compile features
[0.366s] -- Detecting CXX compile features - done
[0.367s] -- Found ament_cmake: 1.3.11 (/opt/ros/humble/share/ament_cmake/cmake)
[0.965s] -- Found Python3: /usr/bin/python3 (found version "3.10.12") found components: Interpreter 
[1.118s] -- Found ament_lint_auto: 0.12.11 (/opt/ros/humble/share/ament_lint_auto/cmake)
[1.189s] -- Added test 'lint_cmake' to check CMake code style
[1.192s] -- Added test 'xmllint' to check XML markup files
[1.195s] -- Configuring done
[1.196s] -- Generating done
[1.198s] -- Build files have been written to: /home/gavin/ros2_ws/build/awc_description
