running egg_info
creating ../build/joystick_ros2/joystick_ros2.egg-info
writing ../build/joystick_ros2/joystick_ros2.egg-info/PKG-INFO
writing dependency_links to ../build/joystick_ros2/joystick_ros2.egg-info/dependency_links.txt
writing entry points to ../build/joystick_ros2/joystick_ros2.egg-info/entry_points.txt
writing requirements to ../build/joystick_ros2/joystick_ros2.egg-info/requires.txt
writing top-level names to ../build/joystick_ros2/joystick_ros2.egg-info/top_level.txt
writing manifest file '../build/joystick_ros2/joystick_ros2.egg-info/SOURCES.txt'
reading manifest file '../build/joystick_ros2/joystick_ros2.egg-info/SOURCES.txt'
adding license file 'LICENSE'
writing manifest file '../build/joystick_ros2/joystick_ros2.egg-info/SOURCES.txt'
running build
running build_py
creating /home/gavin/AWC_control/src/build/joystick_ros2/build
creating /home/gavin/AWC_control/src/build/joystick_ros2/build/lib
creating /home/gavin/AWC_control/src/build/joystick_ros2/build/lib/joystick_ros2
copying ./input_example.py -> /home/gavin/AWC_control/src/build/joystick_ros2/build/lib/joystick_ros2
copying ./inputs.py -> /home/gavin/AWC_control/src/build/joystick_ros2/build/lib/joystick_ros2
copying ./joystick_ros2.py -> /home/gavin/AWC_control/src/build/joystick_ros2/build/lib/joystick_ros2
copying ./__init__.py -> /home/gavin/AWC_control/src/build/joystick_ros2/build/lib/joystick_ros2
running install
running install_lib
creating /home/gavin/AWC_control/src/install/joystick_ros2/lib/python3.10/site-packages/joystick_ros2
copying /home/gavin/AWC_control/src/build/joystick_ros2/build/lib/joystick_ros2/input_example.py -> /home/gavin/AWC_control/src/install/joystick_ros2/lib/python3.10/site-packages/joystick_ros2
copying /home/gavin/AWC_control/src/build/joystick_ros2/build/lib/joystick_ros2/inputs.py -> /home/gavin/AWC_control/src/install/joystick_ros2/lib/python3.10/site-packages/joystick_ros2
copying /home/gavin/AWC_control/src/build/joystick_ros2/build/lib/joystick_ros2/joystick_ros2.py -> /home/gavin/AWC_control/src/install/joystick_ros2/lib/python3.10/site-packages/joystick_ros2
copying /home/gavin/AWC_control/src/build/joystick_ros2/build/lib/joystick_ros2/__init__.py -> /home/gavin/AWC_control/src/install/joystick_ros2/lib/python3.10/site-packages/joystick_ros2
byte-compiling /home/gavin/AWC_control/src/install/joystick_ros2/lib/python3.10/site-packages/joystick_ros2/input_example.py to input_example.cpython-310.pyc
byte-compiling /home/gavin/AWC_control/src/install/joystick_ros2/lib/python3.10/site-packages/joystick_ros2/inputs.py to inputs.cpython-310.pyc
byte-compiling /home/gavin/AWC_control/src/install/joystick_ros2/lib/python3.10/site-packages/joystick_ros2/joystick_ros2.py to joystick_ros2.cpython-310.pyc
byte-compiling /home/gavin/AWC_control/src/install/joystick_ros2/lib/python3.10/site-packages/joystick_ros2/__init__.py to __init__.cpython-310.pyc
running install_data
creating /home/gavin/AWC_control/src/install/joystick_ros2/share/ament_index
creating /home/gavin/AWC_control/src/install/joystick_ros2/share/ament_index/resource_index
creating /home/gavin/AWC_control/src/install/joystick_ros2/share/ament_index/resource_index/packages
copying resource/joystick_ros2 -> /home/gavin/AWC_control/src/install/joystick_ros2/share/ament_index/resource_index/packages
copying package.xml -> /home/gavin/AWC_control/src/install/joystick_ros2/share/joystick_ros2
running install_egg_info
Copying ../build/joystick_ros2/joystick_ros2.egg-info to /home/gavin/AWC_control/src/install/joystick_ros2/lib/python3.10/site-packages/joystick_ros2-0.0.1-py3.10.egg-info
running install_scripts
Installing joystick_ros2 script to /home/gavin/AWC_control/src/install/joystick_ros2/lib/joystick_ros2
writing list of installed files to '/home/gavin/AWC_control/src/build/joystick_ros2/install.log'
