running egg_info
writing ../build/js2fork/js2fork.egg-info/PKG-INFO
writing dependency_links to ../build/js2fork/js2fork.egg-info/dependency_links.txt
writing entry points to ../build/js2fork/js2fork.egg-info/entry_points.txt
writing requirements to ../build/js2fork/js2fork.egg-info/requires.txt
writing top-level names to ../build/js2fork/js2fork.egg-info/top_level.txt
reading manifest file '../build/js2fork/js2fork.egg-info/SOURCES.txt'
writing manifest file '../build/js2fork/js2fork.egg-info/SOURCES.txt'
running build
running build_py
copying js2fork/js2fork.py -> /home/gavin/AWC_control/src/build/js2fork/build/lib/js2fork
running install
running install_lib
copying /home/gavin/AWC_control/src/build/js2fork/build/lib/js2fork/js2fork.py -> /home/gavin/AWC_control/src/install/js2fork/lib/python3.10/site-packages/js2fork
byte-compiling /home/gavin/AWC_control/src/install/js2fork/lib/python3.10/site-packages/js2fork/js2fork.py to js2fork.cpython-310.pyc
running install_data
running install_egg_info
removing '/home/gavin/AWC_control/src/install/js2fork/lib/python3.10/site-packages/js2fork-0.0.0-py3.10.egg-info' (and everything under it)
Copying ../build/js2fork/js2fork.egg-info to /home/gavin/AWC_control/src/install/js2fork/lib/python3.10/site-packages/js2fork-0.0.0-py3.10.egg-info
running install_scripts
Installing js2fork script to /home/gavin/AWC_control/src/install/js2fork/lib/js2fork
writing list of installed files to '/home/gavin/AWC_control/src/build/js2fork/install.log'
