[5.002s] Invoking command in '/home/gavin/AWC_control/src/js2fork': CONDA_PROMPT_MODIFIER=(base) PYTHONPATH=/home/gavin/AWC_control/src/build/js2fork/prefix_override:/usr/lib/python3/dist-packages/colcon_core/task/python/colcon_distutils_commands:/home/gavin/AWC_control/src/install/js2fork/lib/python3.10/site-packages:${PYTHONPATH} /usr/bin/python3 -W ignore:setup.py install is deprecated -W ignore:easy_install command is deprecated setup.py egg_info --egg-base ../build/js2fork build --build-base /home/gavin/AWC_control/src/build/js2fork/build install --record /home/gavin/AWC_control/src/build/js2fork/install.log --single-version-externally-managed install_data
[5.786s] running egg_info
[5.786s] writing ../build/js2fork/js2fork.egg-info/PKG-INFO
[5.791s] writing dependency_links to ../build/js2fork/js2fork.egg-info/dependency_links.txt
[5.791s] writing entry points to ../build/js2fork/js2fork.egg-info/entry_points.txt
[5.791s] writing requirements to ../build/js2fork/js2fork.egg-info/requires.txt
[5.791s] writing top-level names to ../build/js2fork/js2fork.egg-info/top_level.txt
[5.794s] reading manifest file '../build/js2fork/js2fork.egg-info/SOURCES.txt'
[5.796s] writing manifest file '../build/js2fork/js2fork.egg-info/SOURCES.txt'
[5.805s] running build
[5.805s] running build_py
[5.805s] copying js2fork/js2fork.py -> /home/gavin/AWC_control/src/build/js2fork/build/lib/js2fork
[5.805s] running install
[5.806s] running install_lib
[5.812s] copying /home/gavin/AWC_control/src/build/js2fork/build/lib/js2fork/js2fork.py -> /home/gavin/AWC_control/src/install/js2fork/lib/python3.10/site-packages/js2fork
[5.813s] byte-compiling /home/gavin/AWC_control/src/install/js2fork/lib/python3.10/site-packages/js2fork/js2fork.py to js2fork.cpython-310.pyc
[5.813s] running install_data
[5.813s] running install_egg_info
[5.822s] removing '/home/gavin/AWC_control/src/install/js2fork/lib/python3.10/site-packages/js2fork-0.0.0-py3.10.egg-info' (and everything under it)
[5.822s] Copying ../build/js2fork/js2fork.egg-info to /home/gavin/AWC_control/src/install/js2fork/lib/python3.10/site-packages/js2fork-0.0.0-py3.10.egg-info
[5.826s] running install_scripts
[5.900s] Installing js2fork script to /home/gavin/AWC_control/src/install/js2fork/lib/js2fork
[5.904s] writing list of installed files to '/home/gavin/AWC_control/src/build/js2fork/install.log'
[6.077s] Invoked command in '/home/gavin/AWC_control/src/js2fork' returned '0': CONDA_PROMPT_MODIFIER=(base) PYTHONPATH=/home/gavin/AWC_control/src/build/js2fork/prefix_override:/usr/lib/python3/dist-packages/colcon_core/task/python/colcon_distutils_commands:/home/gavin/AWC_control/src/install/js2fork/lib/python3.10/site-packages:${PYTHONPATH} /usr/bin/python3 -W ignore:setup.py install is deprecated -W ignore:easy_install command is deprecated setup.py egg_info --egg-base ../build/js2fork build --build-base /home/gavin/AWC_control/src/build/js2fork/build install --record /home/gavin/AWC_control/src/build/js2fork/install.log --single-version-externally-managed install_data
