running egg_info
creating ../build/awc_bringup/awc_bringup.egg-info
writing ../build/awc_bringup/awc_bringup.egg-info/PKG-INFO
writing dependency_links to ../build/awc_bringup/awc_bringup.egg-info/dependency_links.txt
writing requirements to ../build/awc_bringup/awc_bringup.egg-info/requires.txt
writing top-level names to ../build/awc_bringup/awc_bringup.egg-info/top_level.txt
writing manifest file '../build/awc_bringup/awc_bringup.egg-info/SOURCES.txt'
reading manifest file '../build/awc_bringup/awc_bringup.egg-info/SOURCES.txt'
writing manifest file '../build/awc_bringup/awc_bringup.egg-info/SOURCES.txt'
running build
running build_py
creating /home/gavin/ros2_ws/build/awc_bringup/build
creating /home/gavin/ros2_ws/build/awc_bringup/build/lib
creating /home/gavin/ros2_ws/build/awc_bringup/build/lib/awc_bringup
copying awc_bringup/__init__.py -> /home/gavin/ros2_ws/build/awc_bringup/build/lib/awc_bringup
copying awc_bringup/awc_gazebo.launch.py -> /home/gavin/ros2_ws/build/awc_bringup/build/lib/awc_bringup
running install
running install_lib
creating /home/gavin/ros2_ws/install/awc_bringup/lib/python3.10/site-packages/awc_bringup
copying /home/gavin/ros2_ws/build/awc_bringup/build/lib/awc_bringup/__init__.py -> /home/gavin/ros2_ws/install/awc_bringup/lib/python3.10/site-packages/awc_bringup
copying /home/gavin/ros2_ws/build/awc_bringup/build/lib/awc_bringup/awc_gazebo.launch.py -> /home/gavin/ros2_ws/install/awc_bringup/lib/python3.10/site-packages/awc_bringup
byte-compiling /home/gavin/ros2_ws/install/awc_bringup/lib/python3.10/site-packages/awc_bringup/__init__.py to __init__.cpython-310.pyc
byte-compiling /home/gavin/ros2_ws/install/awc_bringup/lib/python3.10/site-packages/awc_bringup/awc_gazebo.launch.py to awc_gazebo.launch.cpython-310.pyc
running install_data
creating /home/gavin/ros2_ws/install/awc_bringup/share/ament_index
creating /home/gavin/ros2_ws/install/awc_bringup/share/ament_index/resource_index
creating /home/gavin/ros2_ws/install/awc_bringup/share/ament_index/resource_index/packages
copying resource/awc_bringup -> /home/gavin/ros2_ws/install/awc_bringup/share/ament_index/resource_index/packages
copying package.xml -> /home/gavin/ros2_ws/install/awc_bringup/share/awc_bringup
creating /home/gavin/ros2_ws/install/awc_bringup/share/awc_bringup/launch
