[1.134s] Invoking command in '/home/gavin/ros2_ws/awc_bringup': PYTHONPATH=/home/gavin/ros2_ws/build/awc_bringup/prefix_override:/usr/lib/python3/dist-packages/colcon_core/task/python/colcon_distutils_commands:/home/gavin/ros2_ws/install/awc_bringup/lib/python3.10/site-packages:${PYTHONPATH} /usr/bin/python3 -W ignore:setup.py install is deprecated -W ignore:easy_install command is deprecated setup.py egg_info --egg-base ../build/awc_bringup build --build-base /home/gavin/ros2_ws/build/awc_bringup/build install --record /home/gavin/ros2_ws/build/awc_bringup/install.log --single-version-externally-managed install_data
[1.379s] running egg_info
[1.379s] creating ../build/awc_bringup/awc_bringup.egg-info
[1.389s] writing ../build/awc_bringup/awc_bringup.egg-info/PKG-INFO
[1.390s] writing dependency_links to ../build/awc_bringup/awc_bringup.egg-info/dependency_links.txt
[1.390s] writing requirements to ../build/awc_bringup/awc_bringup.egg-info/requires.txt
[1.390s] writing top-level names to ../build/awc_bringup/awc_bringup.egg-info/top_level.txt
[1.390s] writing manifest file '../build/awc_bringup/awc_bringup.egg-info/SOURCES.txt'
[1.413s] reading manifest file '../build/awc_bringup/awc_bringup.egg-info/SOURCES.txt'
[1.414s] writing manifest file '../build/awc_bringup/awc_bringup.egg-info/SOURCES.txt'
[1.414s] running build
[1.414s] running build_py
[1.414s] creating /home/gavin/ros2_ws/build/awc_bringup/build
[1.414s] creating /home/gavin/ros2_ws/build/awc_bringup/build/lib
[1.414s] creating /home/gavin/ros2_ws/build/awc_bringup/build/lib/awc_bringup
[1.414s] copying awc_bringup/__init__.py -> /home/gavin/ros2_ws/build/awc_bringup/build/lib/awc_bringup
[1.415s] copying awc_bringup/awc_gazebo.launch.py -> /home/gavin/ros2_ws/build/awc_bringup/build/lib/awc_bringup
[1.415s] running install
[1.420s] running install_lib
[1.431s] creating /home/gavin/ros2_ws/install/awc_bringup/lib/python3.10/site-packages/awc_bringup
[1.431s] copying /home/gavin/ros2_ws/build/awc_bringup/build/lib/awc_bringup/__init__.py -> /home/gavin/ros2_ws/install/awc_bringup/lib/python3.10/site-packages/awc_bringup
[1.431s] copying /home/gavin/ros2_ws/build/awc_bringup/build/lib/awc_bringup/awc_gazebo.launch.py -> /home/gavin/ros2_ws/install/awc_bringup/lib/python3.10/site-packages/awc_bringup
[1.432s] byte-compiling /home/gavin/ros2_ws/install/awc_bringup/lib/python3.10/site-packages/awc_bringup/__init__.py to __init__.cpython-310.pyc
[1.432s] byte-compiling /home/gavin/ros2_ws/install/awc_bringup/lib/python3.10/site-packages/awc_bringup/awc_gazebo.launch.py to awc_gazebo.launch.cpython-310.pyc
[1.432s] running install_data
[1.432s] creating /home/gavin/ros2_ws/install/awc_bringup/share/ament_index
[1.432s] creating /home/gavin/ros2_ws/install/awc_bringup/share/ament_index/resource_index
[1.433s] creating /home/gavin/ros2_ws/install/awc_bringup/share/ament_index/resource_index/packages
[1.433s] copying resource/awc_bringup -> /home/gavin/ros2_ws/install/awc_bringup/share/ament_index/resource_index/packages
[1.433s] copying package.xml -> /home/gavin/ros2_ws/install/awc_bringup/share/awc_bringup
[1.433s] error: can't copy 'awc_gazebo.launch.py': doesn't exist or not a regular file
[1.433s] creating /home/gavin/ros2_ws/install/awc_bringup/share/awc_bringup/launch
[1.450s] Invoked command in '/home/gavin/ros2_ws/awc_bringup' returned '1': PYTHONPATH=/home/gavin/ros2_ws/build/awc_bringup/prefix_override:/usr/lib/python3/dist-packages/colcon_core/task/python/colcon_distutils_commands:/home/gavin/ros2_ws/install/awc_bringup/lib/python3.10/site-packages:${PYTHONPATH} /usr/bin/python3 -W ignore:setup.py install is deprecated -W ignore:easy_install command is deprecated setup.py egg_info --egg-base ../build/awc_bringup build --build-base /home/gavin/ros2_ws/build/awc_bringup/build install --record /home/gavin/ros2_ws/build/awc_bringup/install.log --single-version-externally-managed install_data
