-- Found ament_cmake: 1.3.11 (/opt/ros/humble/share/ament_cmake/cmake)
-- Found geometry_msgs: 4.2.4 (/opt/ros/humble/share/geometry_msgs/cmake)
-- Found rosidl_generator_c: 3.1.6 (/opt/ros/humble/share/rosidl_generator_c/cmake)
-- Found rosidl_adapter: 3.1.6 (/opt/ros/humble/share/rosidl_adapter/cmake)
-- Found rosidl_generator_cpp: 3.1.6 (/opt/ros/humble/share/rosidl_generator_cpp/cmake)
-- Using all available rosidl_typesupport_c: rosidl_typesupport_fastrtps_c;rosidl_typesupport_introspection_c
-- Using all available rosidl_typesupport_cpp: rosidl_typesupport_fastrtps_cpp;rosidl_typesupport_introspection_cpp
-- Found rosidl_default_generators: 1.2.0 (/opt/ros/humble/share/rosidl_default_generators/cmake)
-- Found ament_cmake_ros: 0.10.0 (/opt/ros/humble/share/ament_cmake_ros/cmake)
-- Using all available rosidl_typesupport_c: rosidl_typesupport_fastrtps_c;rosidl_typesupport_introspection_c
-- Using all available rosidl_typesupport_cpp: rosidl_typesupport_fastrtps_cpp;rosidl_typesupport_introspection_cpp
-- Found PythonInterp: /usr/bin/python3 (found suitable version "3.10.12", minimum required is "3.6") 
-- Found python_cmake_module: 0.10.0 (/opt/ros/humble/share/python_cmake_module/cmake)
-- Found PythonLibs: /usr/lib/x86_64-linux-gnu/libpython3.10.so (found suitable version "3.10.12", minimum required is "3.5") 
-- Using PYTHON_EXECUTABLE: /usr/bin/python3
-- Using PYTHON_INCLUDE_DIRS: /usr/include/python3.10
-- Using PYTHON_LIBRARIES: /usr/lib/x86_64-linux-gnu/libpython3.10.so
-- Found PythonExtra: .so  
-- Configuring done
-- Generating done
-- Build files have been written to: /home/gavin/ros2_ws/build/awc_msgs
[  3%] [34m[1mGenerating C code for ROS interfaces[0m
[  6%] [34m[1mGenerating C++ code for ROS interfaces[0m
[  6%] Built target ament_cmake_python_copy_awc_msgs
running egg_info
creating awc_msgs.egg-info
writing awc_msgs.egg-info/PKG-INFO
writing dependency_links to awc_msgs.egg-info/dependency_links.txt
writing top-level names to awc_msgs.egg-info/top_level.txt
writing manifest file 'awc_msgs.egg-info/SOURCES.txt'
reading manifest file 'awc_msgs.egg-info/SOURCES.txt'
writing manifest file 'awc_msgs.egg-info/SOURCES.txt'
[  6%] Built target ament_cmake_python_build_awc_msgs_egg
[  9%] [32mBuilding C object CMakeFiles/awc_msgs__rosidl_generator_c.dir/rosidl_generator_c/awc_msgs/srv/detail/get_transform__functions.c.o[0m
[  9%] Built target awc_msgs__cpp
[ 19%] [34m[1mGenerating C++ introspection for ROS interfaces[0m
[ 19%] [34m[1mGenerating C++ type support for eProsima Fast-RTPS[0m
[ 19%] [34m[1mGenerating C++ type support dispatch for ROS interfaces[0m
[ 22%] [32m[1mLinking C shared library libawc_msgs__rosidl_generator_c.so[0m
[ 22%] Built target awc_msgs__rosidl_generator_c
[ 25%] [34m[1mGenerating C type support for eProsima Fast-RTPS[0m
[ 29%] [32mBuilding CXX object CMakeFiles/awc_msgs__rosidl_typesupport_cpp.dir/rosidl_typesupport_cpp/awc_msgs/srv/get_transform__type_support.cpp.o[0m
[ 32%] [32mBuilding CXX object CMakeFiles/awc_msgs__rosidl_typesupport_fastrtps_cpp.dir/rosidl_typesupport_fastrtps_cpp/awc_msgs/srv/detail/dds_fastrtps/get_transform__type_support.cpp.o[0m
[ 35%] [32mBuilding CXX object CMakeFiles/awc_msgs__rosidl_typesupport_introspection_cpp.dir/rosidl_typesupport_introspection_cpp/awc_msgs/srv/detail/get_transform__type_support.cpp.o[0m
[ 38%] [32mBuilding CXX object CMakeFiles/awc_msgs__rosidl_typesupport_fastrtps_c.dir/rosidl_typesupport_fastrtps_c/awc_msgs/srv/detail/get_transform__type_support_c.cpp.o[0m
[ 41%] [32m[1mLinking CXX shared library libawc_msgs__rosidl_typesupport_cpp.so[0m
[ 41%] Built target awc_msgs__rosidl_typesupport_cpp
[ 45%] [34m[1mGenerating C introspection for ROS interfaces[0m
[ 48%] [32m[1mLinking CXX shared library libawc_msgs__rosidl_typesupport_introspection_cpp.so[0m
[ 51%] [32m[1mLinking CXX shared library libawc_msgs__rosidl_typesupport_fastrtps_cpp.so[0m
[ 51%] Built target awc_msgs__rosidl_typesupport_introspection_cpp
[ 54%] [34m[1mGenerating C type support dispatch for ROS interfaces[0m
[ 58%] [32m[1mLinking CXX shared library libawc_msgs__rosidl_typesupport_fastrtps_c.so[0m
[ 58%] Built target awc_msgs__rosidl_typesupport_fastrtps_cpp
[ 58%] Built target awc_msgs__rosidl_typesupport_fastrtps_c
[ 61%] [32mBuilding C object CMakeFiles/awc_msgs__rosidl_typesupport_introspection_c.dir/rosidl_typesupport_introspection_c/awc_msgs/srv/detail/get_transform__type_support.c.o[0m
[ 64%] [32m[1mLinking C shared library libawc_msgs__rosidl_typesupport_introspection_c.so[0m
[ 64%] Built target awc_msgs__rosidl_typesupport_introspection_c
[ 67%] [32mBuilding CXX object CMakeFiles/awc_msgs__rosidl_typesupport_c.dir/rosidl_typesupport_c/awc_msgs/srv/get_transform__type_support.cpp.o[0m
[ 70%] [32m[1mLinking CXX shared library libawc_msgs__rosidl_typesupport_c.so[0m
[ 70%] Built target awc_msgs__rosidl_typesupport_c
[ 70%] Built target awc_msgs
[ 74%] [34m[1mGenerating Python code for ROS interfaces[0m
[ 74%] Built target awc_msgs__py
[ 77%] [32mBuilding C object CMakeFiles/awc_msgs__rosidl_generator_py.dir/rosidl_generator_py/awc_msgs/srv/_get_transform_s.c.o[0m
[ 80%] [32m[1mLinking C shared library rosidl_generator_py/awc_msgs/libawc_msgs__rosidl_generator_py.so[0m
[ 80%] Built target awc_msgs__rosidl_generator_py
[ 83%] [32mBuilding C object CMakeFiles/awc_msgs__rosidl_typesupport_fastrtps_c__pyext.dir/rosidl_generator_py/awc_msgs/_awc_msgs_s.ep.rosidl_typesupport_fastrtps_c.c.o[0m
[ 87%] [32mBuilding C object CMakeFiles/awc_msgs__rosidl_typesupport_introspection_c__pyext.dir/rosidl_generator_py/awc_msgs/_awc_msgs_s.ep.rosidl_typesupport_introspection_c.c.o[0m
[ 90%] [32mBuilding C object CMakeFiles/awc_msgs__rosidl_typesupport_c__pyext.dir/rosidl_generator_py/awc_msgs/_awc_msgs_s.ep.rosidl_typesupport_c.c.o[0m
[ 93%] [32m[1mLinking C shared library rosidl_generator_py/awc_msgs/awc_msgs_s__rosidl_typesupport_c.cpython-310-x86_64-linux-gnu.so[0m
[ 96%] [32m[1mLinking C shared library rosidl_generator_py/awc_msgs/awc_msgs_s__rosidl_typesupport_introspection_c.cpython-310-x86_64-linux-gnu.so[0m
[100%] [32m[1mLinking C shared library rosidl_generator_py/awc_msgs/awc_msgs_s__rosidl_typesupport_fastrtps_c.cpython-310-x86_64-linux-gnu.so[0m
[100%] Built target awc_msgs__rosidl_typesupport_c__pyext
[100%] Built target awc_msgs__rosidl_typesupport_introspection_c__pyext
[100%] Built target awc_msgs__rosidl_typesupport_fastrtps_c__pyext
-- Install configuration: ""
-- Installing: /home/gavin/ros2_ws/install/awc_msgs/share/ament_index/resource_index/rosidl_interfaces/awc_msgs
-- Installing: /home/gavin/ros2_ws/install/awc_msgs/include/awc_msgs/awc_msgs
-- Installing: /home/gavin/ros2_ws/install/awc_msgs/include/awc_msgs/awc_msgs/srv
-- Installing: /home/gavin/ros2_ws/install/awc_msgs/include/awc_msgs/awc_msgs/srv/get_transform.h
-- Installing: /home/gavin/ros2_ws/install/awc_msgs/include/awc_msgs/awc_msgs/srv/detail
-- Installing: /home/gavin/ros2_ws/install/awc_msgs/include/awc_msgs/awc_msgs/srv/detail/get_transform__functions.c
-- Installing: /home/gavin/ros2_ws/install/awc_msgs/include/awc_msgs/awc_msgs/srv/detail/get_transform__functions.h
-- Installing: /home/gavin/ros2_ws/install/awc_msgs/include/awc_msgs/awc_msgs/srv/detail/get_transform__struct.h
-- Installing: /home/gavin/ros2_ws/install/awc_msgs/include/awc_msgs/awc_msgs/srv/detail/get_transform__type_support.h
-- Installing: /home/gavin/ros2_ws/install/awc_msgs/include/awc_msgs/awc_msgs/msg
-- Installing: /home/gavin/ros2_ws/install/awc_msgs/include/awc_msgs/awc_msgs/msg/rosidl_generator_c__visibility_control.h
-- Installing: /home/gavin/ros2_ws/install/awc_msgs/share/awc_msgs/environment/library_path.sh
-- Installing: /home/gavin/ros2_ws/install/awc_msgs/share/awc_msgs/environment/library_path.dsv
-- Installing: /home/gavin/ros2_ws/install/awc_msgs/lib/libawc_msgs__rosidl_generator_c.so
-- Set runtime path of "/home/gavin/ros2_ws/install/awc_msgs/lib/libawc_msgs__rosidl_generator_c.so" to ""
-- Up-to-date: /home/gavin/ros2_ws/install/awc_msgs/include/awc_msgs/awc_msgs
-- Up-to-date: /home/gavin/ros2_ws/install/awc_msgs/include/awc_msgs/awc_msgs/srv
-- Up-to-date: /home/gavin/ros2_ws/install/awc_msgs/include/awc_msgs/awc_msgs/srv/detail
-- Installing: /home/gavin/ros2_ws/install/awc_msgs/include/awc_msgs/awc_msgs/srv/detail/get_transform__rosidl_typesupport_fastrtps_c.h
-- Up-to-date: /home/gavin/ros2_ws/install/awc_msgs/include/awc_msgs/awc_msgs/msg
-- Installing: /home/gavin/ros2_ws/install/awc_msgs/include/awc_msgs/awc_msgs/msg/rosidl_typesupport_fastrtps_c__visibility_control.h
-- Installing: /home/gavin/ros2_ws/install/awc_msgs/lib/libawc_msgs__rosidl_typesupport_fastrtps_c.so
-- Set runtime path of "/home/gavin/ros2_ws/install/awc_msgs/lib/libawc_msgs__rosidl_typesupport_fastrtps_c.so" to ""
-- Up-to-date: /home/gavin/ros2_ws/install/awc_msgs/include/awc_msgs/awc_msgs
-- Up-to-date: /home/gavin/ros2_ws/install/awc_msgs/include/awc_msgs/awc_msgs/srv
-- Installing: /home/gavin/ros2_ws/install/awc_msgs/include/awc_msgs/awc_msgs/srv/get_transform.hpp
-- Up-to-date: /home/gavin/ros2_ws/install/awc_msgs/include/awc_msgs/awc_msgs/srv/detail
-- Installing: /home/gavin/ros2_ws/install/awc_msgs/include/awc_msgs/awc_msgs/srv/detail/get_transform__type_support.hpp
-- Installing: /home/gavin/ros2_ws/install/awc_msgs/include/awc_msgs/awc_msgs/srv/detail/get_transform__traits.hpp
-- Installing: /home/gavin/ros2_ws/install/awc_msgs/include/awc_msgs/awc_msgs/srv/detail/get_transform__builder.hpp
-- Installing: /home/gavin/ros2_ws/install/awc_msgs/include/awc_msgs/awc_msgs/srv/detail/get_transform__struct.hpp
-- Up-to-date: /home/gavin/ros2_ws/install/awc_msgs/include/awc_msgs/awc_msgs/msg
-- Installing: /home/gavin/ros2_ws/install/awc_msgs/include/awc_msgs/awc_msgs/msg/rosidl_generator_cpp__visibility_control.hpp
-- Up-to-date: /home/gavin/ros2_ws/install/awc_msgs/include/awc_msgs/awc_msgs
-- Up-to-date: /home/gavin/ros2_ws/install/awc_msgs/include/awc_msgs/awc_msgs/srv
-- Up-to-date: /home/gavin/ros2_ws/install/awc_msgs/include/awc_msgs/awc_msgs/srv/detail
-- Installing: /home/gavin/ros2_ws/install/awc_msgs/include/awc_msgs/awc_msgs/srv/detail/get_transform__rosidl_typesupport_fastrtps_cpp.hpp
-- Installing: /home/gavin/ros2_ws/install/awc_msgs/include/awc_msgs/awc_msgs/srv/detail/dds_fastrtps
-- Up-to-date: /home/gavin/ros2_ws/install/awc_msgs/include/awc_msgs/awc_msgs/msg
-- Installing: /home/gavin/ros2_ws/install/awc_msgs/include/awc_msgs/awc_msgs/msg/rosidl_typesupport_fastrtps_cpp__visibility_control.h
-- Installing: /home/gavin/ros2_ws/install/awc_msgs/lib/libawc_msgs__rosidl_typesupport_fastrtps_cpp.so
-- Set runtime path of "/home/gavin/ros2_ws/install/awc_msgs/lib/libawc_msgs__rosidl_typesupport_fastrtps_cpp.so" to ""
-- Up-to-date: /home/gavin/ros2_ws/install/awc_msgs/include/awc_msgs/awc_msgs
-- Up-to-date: /home/gavin/ros2_ws/install/awc_msgs/include/awc_msgs/awc_msgs/srv
-- Up-to-date: /home/gavin/ros2_ws/install/awc_msgs/include/awc_msgs/awc_msgs/srv/detail
-- Installing: /home/gavin/ros2_ws/install/awc_msgs/include/awc_msgs/awc_msgs/srv/detail/get_transform__rosidl_typesupport_introspection_c.h
-- Installing: /home/gavin/ros2_ws/install/awc_msgs/include/awc_msgs/awc_msgs/srv/detail/get_transform__type_support.c
-- Up-to-date: /home/gavin/ros2_ws/install/awc_msgs/include/awc_msgs/awc_msgs/msg
-- Installing: /home/gavin/ros2_ws/install/awc_msgs/include/awc_msgs/awc_msgs/msg/rosidl_typesupport_introspection_c__visibility_control.h
-- Installing: /home/gavin/ros2_ws/install/awc_msgs/lib/libawc_msgs__rosidl_typesupport_introspection_c.so
-- Set runtime path of "/home/gavin/ros2_ws/install/awc_msgs/lib/libawc_msgs__rosidl_typesupport_introspection_c.so" to ""
-- Installing: /home/gavin/ros2_ws/install/awc_msgs/lib/libawc_msgs__rosidl_typesupport_c.so
-- Set runtime path of "/home/gavin/ros2_ws/install/awc_msgs/lib/libawc_msgs__rosidl_typesupport_c.so" to ""
-- Up-to-date: /home/gavin/ros2_ws/install/awc_msgs/include/awc_msgs/awc_msgs
-- Up-to-date: /home/gavin/ros2_ws/install/awc_msgs/include/awc_msgs/awc_msgs/srv
-- Up-to-date: /home/gavin/ros2_ws/install/awc_msgs/include/awc_msgs/awc_msgs/srv/detail
-- Installing: /home/gavin/ros2_ws/install/awc_msgs/include/awc_msgs/awc_msgs/srv/detail/get_transform__rosidl_typesupport_introspection_cpp.hpp
-- Installing: /home/gavin/ros2_ws/install/awc_msgs/include/awc_msgs/awc_msgs/srv/detail/get_transform__type_support.cpp
-- Installing: /home/gavin/ros2_ws/install/awc_msgs/lib/libawc_msgs__rosidl_typesupport_introspection_cpp.so
-- Set runtime path of "/home/gavin/ros2_ws/install/awc_msgs/lib/libawc_msgs__rosidl_typesupport_introspection_cpp.so" to ""
-- Installing: /home/gavin/ros2_ws/install/awc_msgs/lib/libawc_msgs__rosidl_typesupport_cpp.so
-- Set runtime path of "/home/gavin/ros2_ws/install/awc_msgs/lib/libawc_msgs__rosidl_typesupport_cpp.so" to ""
-- Installing: /home/gavin/ros2_ws/install/awc_msgs/share/awc_msgs/environment/pythonpath.sh
-- Installing: /home/gavin/ros2_ws/install/awc_msgs/share/awc_msgs/environment/pythonpath.dsv
-- Installing: /home/gavin/ros2_ws/install/awc_msgs/local/lib/python3.10/dist-packages/awc_msgs-0.0.0-py3.10.egg-info
-- Installing: /home/gavin/ros2_ws/install/awc_msgs/local/lib/python3.10/dist-packages/awc_msgs-0.0.0-py3.10.egg-info/top_level.txt
-- Installing: /home/gavin/ros2_ws/install/awc_msgs/local/lib/python3.10/dist-packages/awc_msgs-0.0.0-py3.10.egg-info/dependency_links.txt
-- Installing: /home/gavin/ros2_ws/install/awc_msgs/local/lib/python3.10/dist-packages/awc_msgs-0.0.0-py3.10.egg-info/SOURCES.txt
-- Installing: /home/gavin/ros2_ws/install/awc_msgs/local/lib/python3.10/dist-packages/awc_msgs-0.0.0-py3.10.egg-info/PKG-INFO
-- Installing: /home/gavin/ros2_ws/install/awc_msgs/local/lib/python3.10/dist-packages/awc_msgs
-- Installing: /home/gavin/ros2_ws/install/awc_msgs/local/lib/python3.10/dist-packages/awc_msgs/_awc_msgs_s.ep.rosidl_typesupport_introspection_c.c
-- Installing: /home/gavin/ros2_ws/install/awc_msgs/local/lib/python3.10/dist-packages/awc_msgs/__init__.py
-- Installing: /home/gavin/ros2_ws/install/awc_msgs/local/lib/python3.10/dist-packages/awc_msgs/_awc_msgs_s.ep.rosidl_typesupport_fastrtps_c.c
-- Installing: /home/gavin/ros2_ws/install/awc_msgs/local/lib/python3.10/dist-packages/awc_msgs/awc_msgs_s__rosidl_typesupport_introspection_c.cpython-310-x86_64-linux-gnu.so
-- Installing: /home/gavin/ros2_ws/install/awc_msgs/local/lib/python3.10/dist-packages/awc_msgs/awc_msgs_s__rosidl_typesupport_c.cpython-310-x86_64-linux-gnu.so
-- Installing: /home/gavin/ros2_ws/install/awc_msgs/local/lib/python3.10/dist-packages/awc_msgs/_awc_msgs_s.ep.rosidl_typesupport_c.c
-- Installing: /home/gavin/ros2_ws/install/awc_msgs/local/lib/python3.10/dist-packages/awc_msgs/srv
-- Installing: /home/gavin/ros2_ws/install/awc_msgs/local/lib/python3.10/dist-packages/awc_msgs/srv/_get_transform.py
-- Installing: /home/gavin/ros2_ws/install/awc_msgs/local/lib/python3.10/dist-packages/awc_msgs/srv/__init__.py
-- Installing: /home/gavin/ros2_ws/install/awc_msgs/local/lib/python3.10/dist-packages/awc_msgs/srv/_get_transform_s.c
-- Installing: /home/gavin/ros2_ws/install/awc_msgs/local/lib/python3.10/dist-packages/awc_msgs/libawc_msgs__rosidl_generator_py.so
-- Installing: /home/gavin/ros2_ws/install/awc_msgs/local/lib/python3.10/dist-packages/awc_msgs/awc_msgs_s__rosidl_typesupport_fastrtps_c.cpython-310-x86_64-linux-gnu.so
Listing '/home/gavin/ros2_ws/install/awc_msgs/local/lib/python3.10/dist-packages/awc_msgs'...
Compiling '/home/gavin/ros2_ws/install/awc_msgs/local/lib/python3.10/dist-packages/awc_msgs/__init__.py'...
Listing '/home/gavin/ros2_ws/install/awc_msgs/local/lib/python3.10/dist-packages/awc_msgs/srv'...
Compiling '/home/gavin/ros2_ws/install/awc_msgs/local/lib/python3.10/dist-packages/awc_msgs/srv/__init__.py'...
Compiling '/home/gavin/ros2_ws/install/awc_msgs/local/lib/python3.10/dist-packages/awc_msgs/srv/_get_transform.py'...
-- Installing: /home/gavin/ros2_ws/install/awc_msgs/local/lib/python3.10/dist-packages/awc_msgs/awc_msgs_s__rosidl_typesupport_fastrtps_c.cpython-310-x86_64-linux-gnu.so
-- Set runtime path of "/home/gavin/ros2_ws/install/awc_msgs/local/lib/python3.10/dist-packages/awc_msgs/awc_msgs_s__rosidl_typesupport_fastrtps_c.cpython-310-x86_64-linux-gnu.so" to ""
-- Installing: /home/gavin/ros2_ws/install/awc_msgs/local/lib/python3.10/dist-packages/awc_msgs/awc_msgs_s__rosidl_typesupport_introspection_c.cpython-310-x86_64-linux-gnu.so
-- Set runtime path of "/home/gavin/ros2_ws/install/awc_msgs/local/lib/python3.10/dist-packages/awc_msgs/awc_msgs_s__rosidl_typesupport_introspection_c.cpython-310-x86_64-linux-gnu.so" to ""
-- Installing: /home/gavin/ros2_ws/install/awc_msgs/local/lib/python3.10/dist-packages/awc_msgs/awc_msgs_s__rosidl_typesupport_c.cpython-310-x86_64-linux-gnu.so
-- Set runtime path of "/home/gavin/ros2_ws/install/awc_msgs/local/lib/python3.10/dist-packages/awc_msgs/awc_msgs_s__rosidl_typesupport_c.cpython-310-x86_64-linux-gnu.so" to ""
-- Installing: /home/gavin/ros2_ws/install/awc_msgs/lib/libawc_msgs__rosidl_generator_py.so
-- Set runtime path of "/home/gavin/ros2_ws/install/awc_msgs/lib/libawc_msgs__rosidl_generator_py.so" to ""
-- Installing: /home/gavin/ros2_ws/install/awc_msgs/share/awc_msgs/srv/GetTransform.idl
-- Installing: /home/gavin/ros2_ws/install/awc_msgs/share/awc_msgs/srv/GetTransform.srv
-- Installing: /home/gavin/ros2_ws/install/awc_msgs/share/awc_msgs/srv/GetTransform_Request.msg
-- Installing: /home/gavin/ros2_ws/install/awc_msgs/share/awc_msgs/srv/GetTransform_Response.msg
-- Installing: /home/gavin/ros2_ws/install/awc_msgs/share/ament_index/resource_index/package_run_dependencies/awc_msgs
-- Installing: /home/gavin/ros2_ws/install/awc_msgs/share/ament_index/resource_index/parent_prefix_path/awc_msgs
-- Installing: /home/gavin/ros2_ws/install/awc_msgs/share/awc_msgs/environment/ament_prefix_path.sh
-- Installing: /home/gavin/ros2_ws/install/awc_msgs/share/awc_msgs/environment/ament_prefix_path.dsv
-- Installing: /home/gavin/ros2_ws/install/awc_msgs/share/awc_msgs/environment/path.sh
-- Installing: /home/gavin/ros2_ws/install/awc_msgs/share/awc_msgs/environment/path.dsv
-- Installing: /home/gavin/ros2_ws/install/awc_msgs/share/awc_msgs/local_setup.bash
-- Installing: /home/gavin/ros2_ws/install/awc_msgs/share/awc_msgs/local_setup.sh
-- Installing: /home/gavin/ros2_ws/install/awc_msgs/share/awc_msgs/local_setup.zsh
-- Installing: /home/gavin/ros2_ws/install/awc_msgs/share/awc_msgs/local_setup.dsv
-- Installing: /home/gavin/ros2_ws/install/awc_msgs/share/awc_msgs/package.dsv
-- Installing: /home/gavin/ros2_ws/install/awc_msgs/share/ament_index/resource_index/packages/awc_msgs
-- Installing: /home/gavin/ros2_ws/install/awc_msgs/share/awc_msgs/cmake/export_awc_msgs__rosidl_generator_cExport.cmake
-- Installing: /home/gavin/ros2_ws/install/awc_msgs/share/awc_msgs/cmake/export_awc_msgs__rosidl_generator_cExport-noconfig.cmake
-- Installing: /home/gavin/ros2_ws/install/awc_msgs/share/awc_msgs/cmake/export_awc_msgs__rosidl_typesupport_fastrtps_cExport.cmake
-- Installing: /home/gavin/ros2_ws/install/awc_msgs/share/awc_msgs/cmake/export_awc_msgs__rosidl_typesupport_fastrtps_cExport-noconfig.cmake
-- Installing: /home/gavin/ros2_ws/install/awc_msgs/share/awc_msgs/cmake/export_awc_msgs__rosidl_generator_cppExport.cmake
-- Installing: /home/gavin/ros2_ws/install/awc_msgs/share/awc_msgs/cmake/export_awc_msgs__rosidl_typesupport_fastrtps_cppExport.cmake
-- Installing: /home/gavin/ros2_ws/install/awc_msgs/share/awc_msgs/cmake/export_awc_msgs__rosidl_typesupport_fastrtps_cppExport-noconfig.cmake
-- Installing: /home/gavin/ros2_ws/install/awc_msgs/share/awc_msgs/cmake/awc_msgs__rosidl_typesupport_introspection_cExport.cmake
-- Installing: /home/gavin/ros2_ws/install/awc_msgs/share/awc_msgs/cmake/awc_msgs__rosidl_typesupport_introspection_cExport-noconfig.cmake
-- Installing: /home/gavin/ros2_ws/install/awc_msgs/share/awc_msgs/cmake/awc_msgs__rosidl_typesupport_cExport.cmake
-- Installing: /home/gavin/ros2_ws/install/awc_msgs/share/awc_msgs/cmake/awc_msgs__rosidl_typesupport_cExport-noconfig.cmake
-- Installing: /home/gavin/ros2_ws/install/awc_msgs/share/awc_msgs/cmake/awc_msgs__rosidl_typesupport_introspection_cppExport.cmake
-- Installing: /home/gavin/ros2_ws/install/awc_msgs/share/awc_msgs/cmake/awc_msgs__rosidl_typesupport_introspection_cppExport-noconfig.cmake
-- Installing: /home/gavin/ros2_ws/install/awc_msgs/share/awc_msgs/cmake/awc_msgs__rosidl_typesupport_cppExport.cmake
-- Installing: /home/gavin/ros2_ws/install/awc_msgs/share/awc_msgs/cmake/awc_msgs__rosidl_typesupport_cppExport-noconfig.cmake
-- Installing: /home/gavin/ros2_ws/install/awc_msgs/share/awc_msgs/cmake/export_awc_msgs__rosidl_generator_pyExport.cmake
-- Installing: /home/gavin/ros2_ws/install/awc_msgs/share/awc_msgs/cmake/export_awc_msgs__rosidl_generator_pyExport-noconfig.cmake
-- Installing: /home/gavin/ros2_ws/install/awc_msgs/share/awc_msgs/cmake/rosidl_cmake-extras.cmake
-- Installing: /home/gavin/ros2_ws/install/awc_msgs/share/awc_msgs/cmake/ament_cmake_export_dependencies-extras.cmake
-- Installing: /home/gavin/ros2_ws/install/awc_msgs/share/awc_msgs/cmake/ament_cmake_export_include_directories-extras.cmake
-- Installing: /home/gavin/ros2_ws/install/awc_msgs/share/awc_msgs/cmake/ament_cmake_export_libraries-extras.cmake
-- Installing: /home/gavin/ros2_ws/install/awc_msgs/share/awc_msgs/cmake/ament_cmake_export_targets-extras.cmake
-- Installing: /home/gavin/ros2_ws/install/awc_msgs/share/awc_msgs/cmake/rosidl_cmake_export_typesupport_targets-extras.cmake
-- Installing: /home/gavin/ros2_ws/install/awc_msgs/share/awc_msgs/cmake/rosidl_cmake_export_typesupport_libraries-extras.cmake
-- Installing: /home/gavin/ros2_ws/install/awc_msgs/share/awc_msgs/cmake/awc_msgsConfig.cmake
-- Installing: /home/gavin/ros2_ws/install/awc_msgs/share/awc_msgs/cmake/awc_msgsConfig-version.cmake
-- Installing: /home/gavin/ros2_ws/install/awc_msgs/share/awc_msgs/package.xml
