[1.745s] Invoking command in '/home/gavin/AWC_control/src/tf_publisher': CONDA_PROMPT_MODIFIER=(base) PYTHONPATH=/home/gavin/AWC_control/src/build/tf_publisher/prefix_override:/usr/lib/python3/dist-packages/colcon_core/task/python/colcon_distutils_commands:/home/gavin/AWC_control/src/install/tf_publisher/lib/python3.10/site-packages:${PYTHONPATH} /usr/bin/python3 -W ignore:setup.py install is deprecated -W ignore:easy_install command is deprecated setup.py egg_info --egg-base ../build/tf_publisher build --build-base /home/gavin/AWC_control/src/build/tf_publisher/build install --record /home/gavin/AWC_control/src/build/tf_publisher/install.log --single-version-externally-managed install_data
[2.306s] running egg_info
[2.307s] writing ../build/tf_publisher/tf_publisher.egg-info/PKG-INFO
[2.308s] writing dependency_links to ../build/tf_publisher/tf_publisher.egg-info/dependency_links.txt
[2.308s] writing entry points to ../build/tf_publisher/tf_publisher.egg-info/entry_points.txt
[2.308s] writing requirements to ../build/tf_publisher/tf_publisher.egg-info/requires.txt
[2.309s] writing top-level names to ../build/tf_publisher/tf_publisher.egg-info/top_level.txt
[2.311s] reading manifest file '../build/tf_publisher/tf_publisher.egg-info/SOURCES.txt'
[2.312s] writing manifest file '../build/tf_publisher/tf_publisher.egg-info/SOURCES.txt'
[2.312s] running build
[2.313s] running build_py
[2.313s] running install
[2.313s] running install_lib
[2.316s] running install_data
[2.316s] running install_egg_info
[2.319s] removing '/home/gavin/AWC_control/src/install/tf_publisher/lib/python3.10/site-packages/tf_publisher-0.0.0-py3.10.egg-info' (and everything under it)
[2.319s] Copying ../build/tf_publisher/tf_publisher.egg-info to /home/gavin/AWC_control/src/install/tf_publisher/lib/python3.10/site-packages/tf_publisher-0.0.0-py3.10.egg-info
[2.320s] running install_scripts
[2.357s] writing list of installed files to '/home/gavin/AWC_control/src/build/tf_publisher/install.log'
[2.397s] Invoked command in '/home/gavin/AWC_control/src/tf_publisher' returned '0': CONDA_PROMPT_MODIFIER=(base) PYTHONPATH=/home/gavin/AWC_control/src/build/tf_publisher/prefix_override:/usr/lib/python3/dist-packages/colcon_core/task/python/colcon_distutils_commands:/home/gavin/AWC_control/src/install/tf_publisher/lib/python3.10/site-packages:${PYTHONPATH} /usr/bin/python3 -W ignore:setup.py install is deprecated -W ignore:easy_install command is deprecated setup.py egg_info --egg-base ../build/tf_publisher build --build-base /home/gavin/AWC_control/src/build/tf_publisher/build install --record /home/gavin/AWC_control/src/build/tf_publisher/install.log --single-version-externally-managed install_data
