[0.011s] Invoking command in '/home/gavin/ros2_ws/build/awc_description': CMAKE_PREFIX_PATH=/opt/ros/humble /usr/bin/cmake /home/gavin/ros2_ws/src/awc_description -DCMAKE_INSTALL_PREFIX=/home/gavin/ros2_ws/install/awc_description
[0.067s] -- The C compiler identification is GNU 11.4.0
[0.132s] -- The CXX compiler identification is GNU 11.4.0
[0.141s] -- Detecting C compiler ABI info
[0.212s] -- Detecting C compiler ABI info - done
[0.220s] -- Check for working C compiler: /usr/bin/cc - skipped
[0.222s] -- Detecting C compile features
[0.224s] -- Detecting C compile features - done
[0.227s] -- Detecting CXX compiler ABI info
[0.300s] -- Detecting CXX compiler ABI info - done
[0.305s] -- Check for working CXX compiler: /usr/bin/c++ - skipped
[0.306s] -- Detecting CXX compile features
[0.307s] -- Detecting CXX compile features - done
[0.308s] -- Found ament_cmake: 1.3.11 (/opt/ros/humble/share/ament_cmake/cmake)
[0.734s] -- Found Python3: /usr/bin/python3 (found version "3.10.12") found components: Interpreter 
[0.808s] -- Found ament_lint_auto: 0.12.11 (/opt/ros/humble/share/ament_lint_auto/cmake)
[0.896s] -- Added test 'lint_cmake' to check CMake code style
[0.898s] -- Added test 'xmllint' to check XML markup files
[0.898s] -- Configuring done
[0.900s] -- Generating done
[0.902s] -- Build files have been written to: /home/gavin/ros2_ws/build/awc_description
[0.908s] Invoked command in '/home/gavin/ros2_ws/build/awc_description' returned '0': CMAKE_PREFIX_PATH=/opt/ros/humble /usr/bin/cmake /home/gavin/ros2_ws/src/awc_description -DCMAKE_INSTALL_PREFIX=/home/gavin/ros2_ws/install/awc_description
[0.909s] Invoking command in '/home/gavin/ros2_ws/build/awc_description': CMAKE_PREFIX_PATH=/opt/ros/humble /usr/bin/cmake --build /home/gavin/ros2_ws/build/awc_description -- -j4 -l4
[0.947s] Invoked command in '/home/gavin/ros2_ws/build/awc_description' returned '0': CMAKE_PREFIX_PATH=/opt/ros/humble /usr/bin/cmake --build /home/gavin/ros2_ws/build/awc_description -- -j4 -l4
[0.954s] Invoking command in '/home/gavin/ros2_ws/build/awc_description': CMAKE_PREFIX_PATH=/opt/ros/humble /usr/bin/cmake --install /home/gavin/ros2_ws/build/awc_description
[0.959s] -- Install configuration: ""
[0.959s] -- Installing: /home/gavin/ros2_ws/install/awc_description/share/ament_index/resource_index/package_run_dependencies/awc_description
[0.959s] -- Installing: /home/gavin/ros2_ws/install/awc_description/share/ament_index/resource_index/parent_prefix_path/awc_description
[0.959s] -- Installing: /home/gavin/ros2_ws/install/awc_description/share/awc_description/environment/ament_prefix_path.sh
[0.960s] -- Installing: /home/gavin/ros2_ws/install/awc_description/share/awc_description/environment/ament_prefix_path.dsv
[0.960s] -- Installing: /home/gavin/ros2_ws/install/awc_description/share/awc_description/environment/path.sh
[0.960s] -- Installing: /home/gavin/ros2_ws/install/awc_description/share/awc_description/environment/path.dsv
[0.960s] -- Installing: /home/gavin/ros2_ws/install/awc_description/share/awc_description/local_setup.bash
[0.961s] -- Installing: /home/gavin/ros2_ws/install/awc_description/share/awc_description/local_setup.sh
[0.961s] -- Installing: /home/gavin/ros2_ws/install/awc_description/share/awc_description/local_setup.zsh
[0.961s] -- Installing: /home/gavin/ros2_ws/install/awc_description/share/awc_description/local_setup.dsv
[0.961s] -- Installing: /home/gavin/ros2_ws/install/awc_description/share/awc_description/package.dsv
[0.962s] -- Installing: /home/gavin/ros2_ws/install/awc_description/share/ament_index/resource_index/packages/awc_description
[0.962s] -- Installing: /home/gavin/ros2_ws/install/awc_description/share/awc_description/cmake/awc_descriptionConfig.cmake
[0.962s] -- Installing: /home/gavin/ros2_ws/install/awc_description/share/awc_description/cmake/awc_descriptionConfig-version.cmake
[0.962s] -- Installing: /home/gavin/ros2_ws/install/awc_description/share/awc_description/package.xml
[0.965s] Invoked command in '/home/gavin/ros2_ws/build/awc_description' returned '0': CMAKE_PREFIX_PATH=/opt/ros/humble /usr/bin/cmake --install /home/gavin/ros2_ws/build/awc_description
