[4.636s] Invoking command in '/home/gavin/AWC_control/src/robot_joy': CONDA_PROMPT_MODIFIER=(base) PYTHONPATH=/home/gavin/AWC_control/src/build/robot_joy/prefix_override:/usr/lib/python3/dist-packages/colcon_core/task/python/colcon_distutils_commands:/home/gavin/AWC_control/src/install/robot_joy/lib/python3.10/site-packages:${PYTHONPATH} /usr/bin/python3 -W ignore:setup.py install is deprecated -W ignore:easy_install command is deprecated setup.py egg_info --egg-base ../build/robot_joy build --build-base /home/gavin/AWC_control/src/build/robot_joy/build install --record /home/gavin/AWC_control/src/build/robot_joy/install.log --single-version-externally-managed install_data
[5.301s] running egg_info
[5.301s] writing ../build/robot_joy/robot_joy.egg-info/PKG-INFO
[5.301s] writing dependency_links to ../build/robot_joy/robot_joy.egg-info/dependency_links.txt
[5.303s] writing entry points to ../build/robot_joy/robot_joy.egg-info/entry_points.txt
[5.305s] writing requirements to ../build/robot_joy/robot_joy.egg-info/requires.txt
[5.306s] writing top-level names to ../build/robot_joy/robot_joy.egg-info/top_level.txt
[5.311s] reading manifest file '../build/robot_joy/robot_joy.egg-info/SOURCES.txt'
[5.314s] writing manifest file '../build/robot_joy/robot_joy.egg-info/SOURCES.txt'
[5.317s] running build
[5.317s] running build_py
[5.317s] running install
[5.317s] running install_lib
[5.322s] running install_data
[5.323s] running install_egg_info
[5.332s] removing '/home/gavin/AWC_control/src/install/robot_joy/lib/python3.10/site-packages/robot_joy-0.0.0-py3.10.egg-info' (and everything under it)
[5.332s] Copying ../build/robot_joy/robot_joy.egg-info to /home/gavin/AWC_control/src/install/robot_joy/lib/python3.10/site-packages/robot_joy-0.0.0-py3.10.egg-info
[5.333s] running install_scripts
[5.396s] Installing wheeltec_keyboard.py script to /home/gavin/AWC_control/src/install/robot_joy/lib/robot_joy
[5.398s] writing list of installed files to '/home/gavin/AWC_control/src/build/robot_joy/install.log'
[5.494s] Invoked command in '/home/gavin/AWC_control/src/robot_joy' returned '0': CONDA_PROMPT_MODIFIER=(base) PYTHONPATH=/home/gavin/AWC_control/src/build/robot_joy/prefix_override:/usr/lib/python3/dist-packages/colcon_core/task/python/colcon_distutils_commands:/home/gavin/AWC_control/src/install/robot_joy/lib/python3.10/site-packages:${PYTHONPATH} /usr/bin/python3 -W ignore:setup.py install is deprecated -W ignore:easy_install command is deprecated setup.py egg_info --egg-base ../build/robot_joy build --build-base /home/gavin/AWC_control/src/build/robot_joy/build install --record /home/gavin/AWC_control/src/build/robot_joy/install.log --single-version-externally-managed install_data
