[0.155s] Invoking command in '/home/gavin/ros2_ws/build/awc_msgs': CMAKE_PREFIX_PATH=${CMAKE_PREFIX_PATH}:/home/gavin/ros2_ws/install/awc_bringup:/home/gavin/ros2_ws/install/tf_publisher:/opt/ros/humble /usr/bin/cmake /home/gavin/ros2_ws/src/awc_msgs -DCMAKE_INSTALL_PREFIX=/home/gavin/ros2_ws/install/awc_msgs
[0.208s] -- The C compiler identification is GNU 11.4.0
[0.262s] -- The CXX compiler identification is GNU 11.4.0
[0.270s] -- Detecting C compiler ABI info
[0.341s] -- Detecting C compiler ABI info - done
[0.351s] -- Check for working C compiler: /usr/bin/cc - skipped
[0.351s] -- Detecting C compile features
[0.351s] -- Detecting C compile features - done
[0.352s] -- Detecting CXX compiler ABI info
[0.437s] -- Detecting CXX compiler ABI info - done
[0.446s] -- Check for working CXX compiler: /usr/bin/c++ - skipped
[0.446s] -- Detecting CXX compile features
[0.446s] -- Detecting CXX compile features - done
[0.451s] -- Found ament_cmake: 1.3.11 (/opt/ros/humble/share/ament_cmake/cmake)
[1.007s] -- Found Python3: /usr/bin/python3 (found version "3.10.12") found components: Interpreter 
[1.116s] -- Found ament_lint_auto: 0.12.11 (/opt/ros/humble/share/ament_lint_auto/cmake)
[1.220s] -- Added test 'lint_cmake' to check CMake code style
[1.222s] -- Added test 'xmllint' to check XML markup files
[1.228s] -- Configuring done
[1.234s] -- Generating done
[1.241s] -- Build files have been written to: /home/gavin/ros2_ws/build/awc_msgs
[1.251s] Invoked command in '/home/gavin/ros2_ws/build/awc_msgs' returned '0': CMAKE_PREFIX_PATH=${CMAKE_PREFIX_PATH}:/home/gavin/ros2_ws/install/awc_bringup:/home/gavin/ros2_ws/install/tf_publisher:/opt/ros/humble /usr/bin/cmake /home/gavin/ros2_ws/src/awc_msgs -DCMAKE_INSTALL_PREFIX=/home/gavin/ros2_ws/install/awc_msgs
[1.252s] Invoking command in '/home/gavin/ros2_ws/build/awc_msgs': CMAKE_PREFIX_PATH=${CMAKE_PREFIX_PATH}:/home/gavin/ros2_ws/install/awc_bringup:/home/gavin/ros2_ws/install/tf_publisher:/opt/ros/humble /usr/bin/cmake --build /home/gavin/ros2_ws/build/awc_msgs -- -j4 -l4
[1.307s] Invoked command in '/home/gavin/ros2_ws/build/awc_msgs' returned '0': CMAKE_PREFIX_PATH=${CMAKE_PREFIX_PATH}:/home/gavin/ros2_ws/install/awc_bringup:/home/gavin/ros2_ws/install/tf_publisher:/opt/ros/humble /usr/bin/cmake --build /home/gavin/ros2_ws/build/awc_msgs -- -j4 -l4
[1.319s] Invoking command in '/home/gavin/ros2_ws/build/awc_msgs': CMAKE_PREFIX_PATH=${CMAKE_PREFIX_PATH}:/home/gavin/ros2_ws/install/awc_bringup:/home/gavin/ros2_ws/install/tf_publisher:/opt/ros/humble /usr/bin/cmake --install /home/gavin/ros2_ws/build/awc_msgs
[1.325s] -- Install configuration: ""
[1.325s] -- Installing: /home/gavin/ros2_ws/install/awc_msgs/share/ament_index/resource_index/package_run_dependencies/awc_msgs
[1.325s] -- Installing: /home/gavin/ros2_ws/install/awc_msgs/share/ament_index/resource_index/parent_prefix_path/awc_msgs
[1.326s] -- Installing: /home/gavin/ros2_ws/install/awc_msgs/share/awc_msgs/environment/ament_prefix_path.sh
[1.330s] -- Installing: /home/gavin/ros2_ws/install/awc_msgs/share/awc_msgs/environment/ament_prefix_path.dsv
[1.330s] -- Installing: /home/gavin/ros2_ws/install/awc_msgs/share/awc_msgs/environment/path.sh
[1.330s] -- Installing: /home/gavin/ros2_ws/install/awc_msgs/share/awc_msgs/environment/path.dsv
[1.330s] -- Installing: /home/gavin/ros2_ws/install/awc_msgs/share/awc_msgs/local_setup.bash
[1.330s] -- Installing: /home/gavin/ros2_ws/install/awc_msgs/share/awc_msgs/local_setup.sh
[1.330s] -- Installing: /home/gavin/ros2_ws/install/awc_msgs/share/awc_msgs/local_setup.zsh
[1.330s] -- Installing: /home/gavin/ros2_ws/install/awc_msgs/share/awc_msgs/local_setup.dsv
[1.330s] -- Installing: /home/gavin/ros2_ws/install/awc_msgs/share/awc_msgs/package.dsv
[1.330s] -- Installing: /home/gavin/ros2_ws/install/awc_msgs/share/ament_index/resource_index/packages/awc_msgs
[1.330s] -- Installing: /home/gavin/ros2_ws/install/awc_msgs/share/awc_msgs/cmake/awc_msgsConfig.cmake
[1.330s] -- Installing: /home/gavin/ros2_ws/install/awc_msgs/share/awc_msgs/cmake/awc_msgsConfig-version.cmake
[1.330s] -- Installing: /home/gavin/ros2_ws/install/awc_msgs/share/awc_msgs/package.xml
[1.335s] Invoked command in '/home/gavin/ros2_ws/build/awc_msgs' returned '0': CMAKE_PREFIX_PATH=${CMAKE_PREFIX_PATH}:/home/gavin/ros2_ws/install/awc_bringup:/home/gavin/ros2_ws/install/tf_publisher:/opt/ros/humble /usr/bin/cmake --install /home/gavin/ros2_ws/build/awc_msgs
