[0.014s] Invoking command in '/home/gavin/ros2_ws/build/bumperbot_description': CMAKE_PREFIX_PATH=/opt/ros/humble /usr/bin/cmake /home/gavin/ros2_ws/src/awc_description -DCMAKE_INSTALL_PREFIX=/home/gavin/ros2_ws/install/bumperbot_description
[0.085s] -- The C compiler identification is GNU 11.4.0
[0.157s] -- The CXX compiler identification is GNU 11.4.0
[0.164s] -- Detecting C compiler ABI info
[0.235s] -- Detecting C compiler ABI info - done
[0.246s] -- Check for working C compiler: /usr/bin/cc - skipped
[0.247s] -- Detecting C compile features
[0.247s] -- Detecting C compile features - done
[0.251s] -- Detecting CXX compiler ABI info
[0.356s] -- Detecting CXX compiler ABI info - done
[0.367s] -- Check for working CXX compiler: /usr/bin/c++ - skipped
[0.367s] -- Detecting CXX compile features
[0.367s] -- Detecting CXX compile features - done
[0.368s] -- Found ament_cmake: 1.3.11 (/opt/ros/humble/share/ament_cmake/cmake)
[0.860s] -- Found Python3: /usr/bin/python3 (found version "3.10.12") found components: Interpreter 
[0.974s] -- Found urdf: 2.6.1 (/opt/ros/humble/share/urdf/cmake)
[1.032s] -- Found ament_lint_auto: 0.12.11 (/opt/ros/humble/share/ament_lint_auto/cmake)
[1.128s] [31mCMake Error at /opt/ros/humble/share/ament_cmake_core/cmake/core/ament_package_xml.cmake:53 (message):
[1.128s]   ament_package_xml() package name 'bumperbot_description' in '/package.xml'
[1.128s]   does not match current PROJECT_NAME 'awc_description'.  You must call
[1.128s]   project() with the same package name before.
[1.128s] Call Stack (most recent call first):
[1.128s]   /opt/ros/humble/share/ament_lint_auto/cmake/ament_lint_auto_find_test_dependencies.cmake:31 (ament_package_xml)
[1.128s]   CMakeLists.txt:15 (ament_lint_auto_find_test_dependencies)
[1.128s] 
[1.128s] [0m
[1.143s] -- Configuring incomplete, errors occurred!
[1.145s] See also "/home/gavin/ros2_ws/build/bumperbot_description/CMakeFiles/CMakeOutput.log".
[1.146s] Invoked command in '/home/gavin/ros2_ws/build/bumperbot_description' returned '1': CMAKE_PREFIX_PATH=/opt/ros/humble /usr/bin/cmake /home/gavin/ros2_ws/src/awc_description -DCMAKE_INSTALL_PREFIX=/home/gavin/ros2_ws/install/bumperbot_description
