[0.017s] Invoking command in '/home/gavin/ros2_ws/build/bumperbot_description': CMAKE_PREFIX_PATH=/opt/ros/humble /usr/bin/cmake /home/gavin/ros2_ws/src/robot_description -DCMAKE_INSTALL_PREFIX=/home/gavin/ros2_ws/install/bumperbot_description
[0.084s] -- The C compiler identification is GNU 11.4.0
[0.168s] -- The CXX compiler identification is GNU 11.4.0
[0.178s] -- Detecting C compiler ABI info
[0.261s] -- Detecting C compiler ABI info - done
[0.272s] -- Check for working C compiler: /usr/bin/cc - skipped
[0.273s] -- Detecting C compile features
[0.273s] -- Detecting C compile features - done
[0.276s] -- Detecting CXX compiler ABI info
[0.366s] -- Detecting CXX compiler ABI info - done
[0.375s] -- Check for working CXX compiler: /usr/bin/c++ - skipped
[0.376s] -- Detecting CXX compile features
[0.376s] -- Detecting CXX compile features - done
[0.378s] -- Found ament_cmake: 1.3.11 (/opt/ros/humble/share/ament_cmake/cmake)
[0.846s] -- Found Python3: /usr/bin/python3 (found version "3.10.12") found components: Interpreter 
[0.952s] -- Found urdf: 2.6.1 (/opt/ros/humble/share/urdf/cmake)
[1.007s] -- Found ament_lint_auto: 0.12.11 (/opt/ros/humble/share/ament_lint_auto/cmake)
[1.079s] [31mCMake Error at /opt/ros/humble/share/ament_cmake_core/cmake/core/ament_package_xml.cmake:53 (message):
[1.079s]   ament_package_xml() package name 'bumperbot_description' in '/package.xml'
[1.080s]   does not match current PROJECT_NAME 'robot_description'.  You must call
[1.081s]   project() with the same package name before.
[1.083s] Call Stack (most recent call first):
[1.084s]   /opt/ros/humble/share/ament_lint_auto/cmake/ament_lint_auto_find_test_dependencies.cmake:31 (ament_package_xml)
[1.084s]   CMakeLists.txt:15 (ament_lint_auto_find_test_dependencies)
[1.085s] 
[1.085s] [0m
[1.085s] -- Configuring incomplete, errors occurred!
[1.085s] See also "/home/gavin/ros2_ws/build/bumperbot_description/CMakeFiles/CMakeOutput.log".
[1.093s] Invoked command in '/home/gavin/ros2_ws/build/bumperbot_description' returned '1': CMAKE_PREFIX_PATH=/opt/ros/humble /usr/bin/cmake /home/gavin/ros2_ws/src/robot_description -DCMAKE_INSTALL_PREFIX=/home/gavin/ros2_ws/install/bumperbot_description
