[0.694s] Invoking command in '/home/gavin/ros2_ws/src/tf_publisher': PYTHONPATH=/home/gavin/ros2_ws/build/tf_publisher/prefix_override:/usr/lib/python3/dist-packages/colcon_core/task/python/colcon_distutils_commands:/home/gavin/ros2_ws/install/tf_publisher/lib/python3.10/site-packages:${PYTHONPATH} /usr/bin/python3 -W ignore:setup.py install is deprecated -W ignore:easy_install command is deprecated setup.py egg_info --egg-base ../../build/tf_publisher build --build-base /home/gavin/ros2_ws/build/tf_publisher/build install --record /home/gavin/ros2_ws/build/tf_publisher/install.log --single-version-externally-managed install_data
[0.852s] running egg_info
[0.861s] writing ../../build/tf_publisher/tf_publisher.egg-info/PKG-INFO
[0.861s] writing dependency_links to ../../build/tf_publisher/tf_publisher.egg-info/dependency_links.txt
[0.862s] writing entry points to ../../build/tf_publisher/tf_publisher.egg-info/entry_points.txt
[0.862s] writing requirements to ../../build/tf_publisher/tf_publisher.egg-info/requires.txt
[0.862s] writing top-level names to ../../build/tf_publisher/tf_publisher.egg-info/top_level.txt
[0.881s] reading manifest file '../../build/tf_publisher/tf_publisher.egg-info/SOURCES.txt'
[0.882s] writing manifest file '../../build/tf_publisher/tf_publisher.egg-info/SOURCES.txt'
[0.882s] running build
[0.882s] running build_py
[0.882s] copying tf_publisher/tf_broadcaster.py -> /home/gavin/ros2_ws/build/tf_publisher/build/lib/tf_publisher
[0.882s] copying tf_publisher/tf2_broadcaster.py -> /home/gavin/ros2_ws/build/tf_publisher/build/lib/tf_publisher
[0.882s] running install
[0.886s] running install_lib
[0.896s] copying /home/gavin/ros2_ws/build/tf_publisher/build/lib/tf_publisher/tf_broadcaster.py -> /home/gavin/ros2_ws/install/tf_publisher/lib/python3.10/site-packages/tf_publisher
[0.896s] copying /home/gavin/ros2_ws/build/tf_publisher/build/lib/tf_publisher/tf2_broadcaster.py -> /home/gavin/ros2_ws/install/tf_publisher/lib/python3.10/site-packages/tf_publisher
[0.897s] byte-compiling /home/gavin/ros2_ws/install/tf_publisher/lib/python3.10/site-packages/tf_publisher/tf_broadcaster.py to tf_broadcaster.cpython-310.pyc
[0.898s] byte-compiling /home/gavin/ros2_ws/install/tf_publisher/lib/python3.10/site-packages/tf_publisher/tf2_broadcaster.py to tf2_broadcaster.cpython-310.pyc
[0.899s] running install_data
[0.899s] copying package.xml -> /home/gavin/ros2_ws/install/tf_publisher/share/tf_publisher
[0.899s] running install_egg_info
[0.910s] removing '/home/gavin/ros2_ws/install/tf_publisher/lib/python3.10/site-packages/tf_publisher-0.0.0-py3.10.egg-info' (and everything under it)
[0.910s] Copying ../../build/tf_publisher/tf_publisher.egg-info to /home/gavin/ros2_ws/install/tf_publisher/lib/python3.10/site-packages/tf_publisher-0.0.0-py3.10.egg-info
[0.910s] running install_scripts
[1.017s] Installing tf2_broadcaster.py script to /home/gavin/ros2_ws/install/tf_publisher/lib/tf_publisher
[1.017s] Installing tf_broadcaster.py script to /home/gavin/ros2_ws/install/tf_publisher/lib/tf_publisher
[1.017s] writing list of installed files to '/home/gavin/ros2_ws/build/tf_publisher/install.log'
[1.042s] Invoked command in '/home/gavin/ros2_ws/src/tf_publisher' returned '0': PYTHONPATH=/home/gavin/ros2_ws/build/tf_publisher/prefix_override:/usr/lib/python3/dist-packages/colcon_core/task/python/colcon_distutils_commands:/home/gavin/ros2_ws/install/tf_publisher/lib/python3.10/site-packages:${PYTHONPATH} /usr/bin/python3 -W ignore:setup.py install is deprecated -W ignore:easy_install command is deprecated setup.py egg_info --egg-base ../../build/tf_publisher build --build-base /home/gavin/ros2_ws/build/tf_publisher/build install --record /home/gavin/ros2_ws/build/tf_publisher/install.log --single-version-externally-managed install_data
