running egg_info
creating ../build/awc_bringup/awc_bringup.egg-info
writing ../build/awc_bringup/awc_bringup.egg-info/PKG-INFO
writing dependency_links to ../build/awc_bringup/awc_bringup.egg-info/dependency_links.txt
writing entry points to ../build/awc_bringup/awc_bringup.egg-info/entry_points.txt
writing requirements to ../build/awc_bringup/awc_bringup.egg-info/requires.txt
writing top-level names to ../build/awc_bringup/awc_bringup.egg-info/top_level.txt
writing manifest file '../build/awc_bringup/awc_bringup.egg-info/SOURCES.txt'
reading manifest file '../build/awc_bringup/awc_bringup.egg-info/SOURCES.txt'
writing manifest file '../build/awc_bringup/awc_bringup.egg-info/SOURCES.txt'
running build
running build_py
creating /home/gavin/AWC_control/src/build/awc_bringup/build
creating /home/gavin/AWC_control/src/build/awc_bringup/build/lib
creating /home/gavin/AWC_control/src/build/awc_bringup/build/lib/awc_bringup
copying awc_bringup/__init__.py -> /home/gavin/AWC_control/src/build/awc_bringup/build/lib/awc_bringup
running install
running install_lib
creating /home/gavin/AWC_control/src/install/awc_bringup/lib/python3.10/site-packages/awc_bringup
copying /home/gavin/AWC_control/src/build/awc_bringup/build/lib/awc_bringup/__init__.py -> /home/gavin/AWC_control/src/install/awc_bringup/lib/python3.10/site-packages/awc_bringup
byte-compiling /home/gavin/AWC_control/src/install/awc_bringup/lib/python3.10/site-packages/awc_bringup/__init__.py to __init__.cpython-310.pyc
running install_data
creating /home/gavin/AWC_control/src/install/awc_bringup/share/ament_index
creating /home/gavin/AWC_control/src/install/awc_bringup/share/ament_index/resource_index
creating /home/gavin/AWC_control/src/install/awc_bringup/share/ament_index/resource_index/packages
copying resource/awc_bringup -> /home/gavin/AWC_control/src/install/awc_bringup/share/ament_index/resource_index/packages
copying package.xml -> /home/gavin/AWC_control/src/install/awc_bringup/share/awc_bringup
creating /home/gavin/AWC_control/src/install/awc_bringup/share/awc_bringup/launch
copying launch/lidar_launcher.py -> /home/gavin/AWC_control/src/install/awc_bringup/share/awc_bringup/launch
copying launch/joystick_launcher.py -> /home/gavin/AWC_control/src/install/awc_bringup/share/awc_bringup/launch
running install_egg_info
Copying ../build/awc_bringup/awc_bringup.egg-info to /home/gavin/AWC_control/src/install/awc_bringup/lib/python3.10/site-packages/awc_bringup-0.0.0-py3.10.egg-info
running install_scripts
writing list of installed files to '/home/gavin/AWC_control/src/build/awc_bringup/install.log'
