[4.531s] Invoking command in '/home/gavin/AWC_control/src/awc_bringup': CONDA_PROMPT_MODIFIER=(base) PYTHONPATH=/home/gavin/AWC_control/src/build/awc_bringup/prefix_override:/usr/lib/python3/dist-packages/colcon_core/task/python/colcon_distutils_commands:/home/gavin/AWC_control/src/install/awc_bringup/lib/python3.10/site-packages:${PYTHONPATH} /usr/bin/python3 -W ignore:setup.py install is deprecated -W ignore:easy_install command is deprecated setup.py egg_info --egg-base ../build/awc_bringup build --build-base /home/gavin/AWC_control/src/build/awc_bringup/build install --record /home/gavin/AWC_control/src/build/awc_bringup/install.log --single-version-externally-managed install_data
[5.310s] running egg_info
[5.311s] creating ../build/awc_bringup/awc_bringup.egg-info
[5.312s] writing ../build/awc_bringup/awc_bringup.egg-info/PKG-INFO
[5.314s] writing dependency_links to ../build/awc_bringup/awc_bringup.egg-info/dependency_links.txt
[5.315s] writing entry points to ../build/awc_bringup/awc_bringup.egg-info/entry_points.txt
[5.316s] writing requirements to ../build/awc_bringup/awc_bringup.egg-info/requires.txt
[5.317s] writing top-level names to ../build/awc_bringup/awc_bringup.egg-info/top_level.txt
[5.320s] writing manifest file '../build/awc_bringup/awc_bringup.egg-info/SOURCES.txt'
[5.325s] reading manifest file '../build/awc_bringup/awc_bringup.egg-info/SOURCES.txt'
[5.327s] writing manifest file '../build/awc_bringup/awc_bringup.egg-info/SOURCES.txt'
[5.329s] running build
[5.329s] running build_py
[5.329s] creating /home/gavin/AWC_control/src/build/awc_bringup/build
[5.330s] creating /home/gavin/AWC_control/src/build/awc_bringup/build/lib
[5.331s] creating /home/gavin/AWC_control/src/build/awc_bringup/build/lib/awc_bringup
[5.331s] copying awc_bringup/__init__.py -> /home/gavin/AWC_control/src/build/awc_bringup/build/lib/awc_bringup
[5.334s] running install
[5.338s] running install_lib
[5.338s] creating /home/gavin/AWC_control/src/install/awc_bringup/lib/python3.10/site-packages/awc_bringup
[5.338s] copying /home/gavin/AWC_control/src/build/awc_bringup/build/lib/awc_bringup/__init__.py -> /home/gavin/AWC_control/src/install/awc_bringup/lib/python3.10/site-packages/awc_bringup
[5.340s] byte-compiling /home/gavin/AWC_control/src/install/awc_bringup/lib/python3.10/site-packages/awc_bringup/__init__.py to __init__.cpython-310.pyc
[5.341s] running install_data
[5.341s] creating /home/gavin/AWC_control/src/install/awc_bringup/share/ament_index
[5.341s] creating /home/gavin/AWC_control/src/install/awc_bringup/share/ament_index/resource_index
[5.342s] creating /home/gavin/AWC_control/src/install/awc_bringup/share/ament_index/resource_index/packages
[5.342s] copying resource/awc_bringup -> /home/gavin/AWC_control/src/install/awc_bringup/share/ament_index/resource_index/packages
[5.342s] copying package.xml -> /home/gavin/AWC_control/src/install/awc_bringup/share/awc_bringup
[5.342s] creating /home/gavin/AWC_control/src/install/awc_bringup/share/awc_bringup/launch
[5.343s] copying launch/lidar_launcher.py -> /home/gavin/AWC_control/src/install/awc_bringup/share/awc_bringup/launch
[5.344s] copying launch/joystick_launcher.py -> /home/gavin/AWC_control/src/install/awc_bringup/share/awc_bringup/launch
[5.346s] running install_egg_info
[5.370s] Copying ../build/awc_bringup/awc_bringup.egg-info to /home/gavin/AWC_control/src/install/awc_bringup/lib/python3.10/site-packages/awc_bringup-0.0.0-py3.10.egg-info
[5.374s] running install_scripts
[5.431s] writing list of installed files to '/home/gavin/AWC_control/src/build/awc_bringup/install.log'
[6.203s] Invoked command in '/home/gavin/AWC_control/src/awc_bringup' returned '0': CONDA_PROMPT_MODIFIER=(base) PYTHONPATH=/home/gavin/AWC_control/src/build/awc_bringup/prefix_override:/usr/lib/python3/dist-packages/colcon_core/task/python/colcon_distutils_commands:/home/gavin/AWC_control/src/install/awc_bringup/lib/python3.10/site-packages:${PYTHONPATH} /usr/bin/python3 -W ignore:setup.py install is deprecated -W ignore:easy_install command is deprecated setup.py egg_info --egg-base ../build/awc_bringup build --build-base /home/gavin/AWC_control/src/build/awc_bringup/build install --record /home/gavin/AWC_control/src/build/awc_bringup/install.log --single-version-externally-managed install_data
