[0.777s] Invoking command in '/home/gavin/ros2_ws/src/tf_publisher': PYTHONPATH=/home/gavin/ros2_ws/build/tf_publisher/prefix_override:/usr/lib/python3/dist-packages/colcon_core/task/python/colcon_distutils_commands:/home/gavin/ros2_ws/install/tf_publisher/lib/python3.10/site-packages:${PYTHONPATH} /usr/bin/python3 -W ignore:setup.py install is deprecated -W ignore:easy_install command is deprecated setup.py egg_info --egg-base ../../build/tf_publisher build --build-base /home/gavin/ros2_ws/build/tf_publisher/build install --record /home/gavin/ros2_ws/build/tf_publisher/install.log --single-version-externally-managed install_data
[0.940s] running egg_info
[0.951s] writing ../../build/tf_publisher/tf_publisher.egg-info/PKG-INFO
[0.951s] writing dependency_links to ../../build/tf_publisher/tf_publisher.egg-info/dependency_links.txt
[0.951s] writing entry points to ../../build/tf_publisher/tf_publisher.egg-info/entry_points.txt
[0.951s] writing requirements to ../../build/tf_publisher/tf_publisher.egg-info/requires.txt
[0.951s] writing top-level names to ../../build/tf_publisher/tf_publisher.egg-info/top_level.txt
[0.972s] reading manifest file '../../build/tf_publisher/tf_publisher.egg-info/SOURCES.txt'
[0.973s] writing manifest file '../../build/tf_publisher/tf_publisher.egg-info/SOURCES.txt'
[0.973s] running build
[0.973s] running build_py
[0.974s] running install
[0.978s] running install_lib
[0.991s] running install_data
[0.991s] running install_egg_info
[1.004s] removing '/home/gavin/ros2_ws/install/tf_publisher/lib/python3.10/site-packages/tf_publisher-0.0.0-py3.10.egg-info' (and everything under it)
[1.004s] Copying ../../build/tf_publisher/tf_publisher.egg-info to /home/gavin/ros2_ws/install/tf_publisher/lib/python3.10/site-packages/tf_publisher-0.0.0-py3.10.egg-info
[1.005s] running install_scripts
[1.111s] Installing tf_broadcaster.py script to /home/gavin/ros2_ws/install/tf_publisher/lib/tf_publisher
[1.111s] writing list of installed files to '/home/gavin/ros2_ws/build/tf_publisher/install.log'
