[4.655s] Invoking command in '/home/gavin/AWC_control/src/nav2_commander': CONDA_PROMPT_MODIFIER=(base) PYTHONPATH=/home/gavin/AWC_control/src/build/nav2_commander/prefix_override:/usr/lib/python3/dist-packages/colcon_core/task/python/colcon_distutils_commands:/home/gavin/AWC_control/src/install/nav2_commander/lib/python3.10/site-packages:${PYTHONPATH} /usr/bin/python3 -W ignore:setup.py install is deprecated -W ignore:easy_install command is deprecated setup.py egg_info --egg-base ../build/nav2_commander build --build-base /home/gavin/AWC_control/src/build/nav2_commander/build install --record /home/gavin/AWC_control/src/build/nav2_commander/install.log --single-version-externally-managed install_data
[5.418s] running egg_info
[5.418s] writing ../build/nav2_commander/nav2_commander.egg-info/PKG-INFO
[5.418s] writing dependency_links to ../build/nav2_commander/nav2_commander.egg-info/dependency_links.txt
[5.418s] writing entry points to ../build/nav2_commander/nav2_commander.egg-info/entry_points.txt
[5.419s] writing requirements to ../build/nav2_commander/nav2_commander.egg-info/requires.txt
[5.419s] writing top-level names to ../build/nav2_commander/nav2_commander.egg-info/top_level.txt
[5.422s] reading manifest file '../build/nav2_commander/nav2_commander.egg-info/SOURCES.txt'
[5.423s] writing manifest file '../build/nav2_commander/nav2_commander.egg-info/SOURCES.txt'
[5.424s] running build
[5.424s] running build_py
[5.424s] running install
[5.425s] running install_lib
[5.432s] running install_data
[5.432s] running install_egg_info
[5.434s] removing '/home/gavin/AWC_control/src/install/nav2_commander/lib/python3.10/site-packages/nav2_commander-0.0.0-py3.10.egg-info' (and everything under it)
[5.434s] Copying ../build/nav2_commander/nav2_commander.egg-info to /home/gavin/AWC_control/src/install/nav2_commander/lib/python3.10/site-packages/nav2_commander-0.0.0-py3.10.egg-info
[5.436s] running install_scripts
[5.510s] Installing nav2_command script to /home/gavin/AWC_control/src/install/nav2_commander/lib/nav2_commander
[5.511s] writing list of installed files to '/home/gavin/AWC_control/src/build/nav2_commander/install.log'
[5.642s] Invoked command in '/home/gavin/AWC_control/src/nav2_commander' returned '0': CONDA_PROMPT_MODIFIER=(base) PYTHONPATH=/home/gavin/AWC_control/src/build/nav2_commander/prefix_override:/usr/lib/python3/dist-packages/colcon_core/task/python/colcon_distutils_commands:/home/gavin/AWC_control/src/install/nav2_commander/lib/python3.10/site-packages:${PYTHONPATH} /usr/bin/python3 -W ignore:setup.py install is deprecated -W ignore:easy_install command is deprecated setup.py egg_info --egg-base ../build/nav2_commander build --build-base /home/gavin/AWC_control/src/build/nav2_commander/build install --record /home/gavin/AWC_control/src/build/nav2_commander/install.log --single-version-externally-managed install_data
