[0.847s] Invoking command in '/home/gavin/ros2_ws/src/tf_publisher': PYTHONPATH=/home/gavin/ros2_ws/build/tf_publisher/prefix_override:/usr/lib/python3/dist-packages/colcon_core/task/python/colcon_distutils_commands:/home/gavin/ros2_ws/install/tf_publisher/lib/python3.10/site-packages:${PYTHONPATH} /usr/bin/python3 -W ignore:setup.py install is deprecated -W ignore:easy_install command is deprecated setup.py egg_info --egg-base ../../build/tf_publisher build --build-base /home/gavin/ros2_ws/build/tf_publisher/build install --record /home/gavin/ros2_ws/build/tf_publisher/install.log --single-version-externally-managed install_data
[1.050s] running egg_info
[1.050s] creating ../../build/tf_publisher/tf_publisher.egg-info
[1.061s] writing ../../build/tf_publisher/tf_publisher.egg-info/PKG-INFO
[1.062s] writing dependency_links to ../../build/tf_publisher/tf_publisher.egg-info/dependency_links.txt
[1.062s] writing entry points to ../../build/tf_publisher/tf_publisher.egg-info/entry_points.txt
[1.063s] writing requirements to ../../build/tf_publisher/tf_publisher.egg-info/requires.txt
[1.063s] writing top-level names to ../../build/tf_publisher/tf_publisher.egg-info/top_level.txt
[1.063s] writing manifest file '../../build/tf_publisher/tf_publisher.egg-info/SOURCES.txt'
[1.092s] reading manifest file '../../build/tf_publisher/tf_publisher.egg-info/SOURCES.txt'
[1.092s] writing manifest file '../../build/tf_publisher/tf_publisher.egg-info/SOURCES.txt'
[1.093s] running build
[1.093s] running build_py
[1.093s] creating /home/gavin/ros2_ws/build/tf_publisher/build
[1.094s] creating /home/gavin/ros2_ws/build/tf_publisher/build/lib
[1.094s] creating /home/gavin/ros2_ws/build/tf_publisher/build/lib/tf_publisher
[1.094s] copying tf_publisher/__init__.py -> /home/gavin/ros2_ws/build/tf_publisher/build/lib/tf_publisher
[1.095s] copying tf_publisher/tf_broadcaster.py -> /home/gavin/ros2_ws/build/tf_publisher/build/lib/tf_publisher
[1.095s] running install
[1.099s] running install_lib
[1.109s] creating /home/gavin/ros2_ws/install/tf_publisher/lib/python3.10/site-packages/tf_publisher
[1.110s] copying /home/gavin/ros2_ws/build/tf_publisher/build/lib/tf_publisher/__init__.py -> /home/gavin/ros2_ws/install/tf_publisher/lib/python3.10/site-packages/tf_publisher
[1.110s] copying /home/gavin/ros2_ws/build/tf_publisher/build/lib/tf_publisher/tf_broadcaster.py -> /home/gavin/ros2_ws/install/tf_publisher/lib/python3.10/site-packages/tf_publisher
[1.111s] byte-compiling /home/gavin/ros2_ws/install/tf_publisher/lib/python3.10/site-packages/tf_publisher/__init__.py to __init__.cpython-310.pyc
[1.111s] byte-compiling /home/gavin/ros2_ws/install/tf_publisher/lib/python3.10/site-packages/tf_publisher/tf_broadcaster.py to tf_broadcaster.cpython-310.pyc
[1.111s] running install_data
[1.112s] creating /home/gavin/ros2_ws/install/tf_publisher/share/ament_index
[1.112s] creating /home/gavin/ros2_ws/install/tf_publisher/share/ament_index/resource_index
[1.112s] creating /home/gavin/ros2_ws/install/tf_publisher/share/ament_index/resource_index/packages
[1.112s] copying resource/tf_publisher -> /home/gavin/ros2_ws/install/tf_publisher/share/ament_index/resource_index/packages
[1.112s] copying package.xml -> /home/gavin/ros2_ws/install/tf_publisher/share/tf_publisher
[1.112s] running install_egg_info
[1.124s] Copying ../../build/tf_publisher/tf_publisher.egg-info to /home/gavin/ros2_ws/install/tf_publisher/lib/python3.10/site-packages/tf_publisher-0.0.0-py3.10.egg-info
[1.125s] running install_scripts
[1.242s] Installing tf_broadcaster.py script to /home/gavin/ros2_ws/install/tf_publisher/lib/tf_publisher
[1.242s] writing list of installed files to '/home/gavin/ros2_ws/build/tf_publisher/install.log'
