[0.075s] DEBUG:colcon:Command line arguments: ['/usr/bin/colcon', 'build']
[0.075s] DEBUG:colcon:Parsed command line arguments: Namespace(log_base=None, log_level=None, verb_name='build', build_base='build', install_base='install', merge_install=False, symlink_install=False, test_result_base=None, continue_on_error=False, executor='parallel', parallel_workers=4, event_handlers=None, ignore_user_meta=False, metas=['./colcon.meta'], base_paths=['.'], packages_ignore=None, packages_ignore_regex=None, paths=None, packages_up_to=None, packages_up_to_regex=None, packages_above=None, packages_above_and_dependencies=None, packages_above_depth=None, packages_select_by_dep=None, packages_skip_by_dep=None, packages_skip_up_to=None, packages_select_build_failed=False, packages_skip_build_finished=False, packages_select_test_failures=False, packages_skip_test_passed=False, packages_select=None, packages_skip=None, packages_select_regex=None, packages_skip_regex=None, packages_start=None, packages_end=None, allow_overriding=[], cmake_args=None, cmake_target=None, cmake_target_skip_unavailable=False, cmake_clean_cache=False, cmake_clean_first=False, cmake_force_configure=False, ament_cmake_args=None, catkin_cmake_args=None, catkin_skip_building_tests=False, mixin_files=None, mixin=None, verb_parser=<colcon_mixin.mixin.mixin_argument.MixinArgumentDecorator object at 0x7c03f5b6e0b0>, verb_extension=<colcon_core.verb.build.BuildVerb object at 0x7c03f5c56f80>, main=<bound method BuildVerb.main of <colcon_core.verb.build.BuildVerb object at 0x7c03f5c56f80>>, mixin_verb=('build',))
[0.100s] Level 1:colcon.colcon_core.package_discovery:discover_packages(colcon_meta) check parameters
[0.100s] Level 1:colcon.colcon_core.package_discovery:discover_packages(recursive) check parameters
[0.100s] Level 1:colcon.colcon_core.package_discovery:discover_packages(ignore) check parameters
[0.100s] Level 1:colcon.colcon_core.package_discovery:discover_packages(path) check parameters
[0.100s] Level 1:colcon.colcon_core.package_discovery:discover_packages(colcon_meta) discover
[0.100s] Level 1:colcon.colcon_core.package_discovery:discover_packages(recursive) discover
[0.100s] INFO:colcon.colcon_core.package_discovery:Crawling recursively for packages in '/home/gavin/ros2_ws'
[0.100s] Level 1:colcon.colcon_core.package_identification:_identify(.) by extensions ['ignore', 'ignore_ament_install']
[0.100s] Level 1:colcon.colcon_core.package_identification:_identify(.) by extension 'ignore'
[0.100s] Level 1:colcon.colcon_core.package_identification:_identify(.) by extension 'ignore_ament_install'
[0.100s] Level 1:colcon.colcon_core.package_identification:_identify(.) by extensions ['colcon_pkg']
[0.100s] Level 1:colcon.colcon_core.package_identification:_identify(.) by extension 'colcon_pkg'
[0.100s] Level 1:colcon.colcon_core.package_identification:_identify(.) by extensions ['colcon_meta']
[0.100s] Level 1:colcon.colcon_core.package_identification:_identify(.) by extension 'colcon_meta'
[0.100s] Level 1:colcon.colcon_core.package_identification:_identify(.) by extensions ['ros']
[0.100s] Level 1:colcon.colcon_core.package_identification:_identify(.) by extension 'ros'
[0.111s] Level 1:colcon.colcon_core.package_identification:_identify(.) by extensions ['cmake', 'python']
[0.111s] Level 1:colcon.colcon_core.package_identification:_identify(.) by extension 'cmake'
[0.111s] Level 1:colcon.colcon_core.package_identification:_identify(.) by extension 'python'
[0.111s] Level 1:colcon.colcon_core.package_identification:_identify(.) by extensions ['python_setup_py']
[0.111s] Level 1:colcon.colcon_core.package_identification:_identify(.) by extension 'python_setup_py'
[0.111s] Level 1:colcon.colcon_core.package_identification:_identify(build) by extensions ['ignore', 'ignore_ament_install']
[0.111s] Level 1:colcon.colcon_core.package_identification:_identify(build) by extension 'ignore'
[0.111s] Level 1:colcon.colcon_core.package_identification:_identify(build) ignored
[0.111s] Level 1:colcon.colcon_core.package_identification:_identify(install) by extensions ['ignore', 'ignore_ament_install']
[0.111s] Level 1:colcon.colcon_core.package_identification:_identify(install) by extension 'ignore'
[0.111s] Level 1:colcon.colcon_core.package_identification:_identify(install) ignored
[0.111s] Level 1:colcon.colcon_core.package_identification:_identify(launch) by extensions ['ignore', 'ignore_ament_install']
[0.111s] Level 1:colcon.colcon_core.package_identification:_identify(launch) by extension 'ignore'
[0.111s] Level 1:colcon.colcon_core.package_identification:_identify(launch) by extension 'ignore_ament_install'
[0.111s] Level 1:colcon.colcon_core.package_identification:_identify(launch) by extensions ['colcon_pkg']
[0.111s] Level 1:colcon.colcon_core.package_identification:_identify(launch) by extension 'colcon_pkg'
[0.112s] Level 1:colcon.colcon_core.package_identification:_identify(launch) by extensions ['colcon_meta']
[0.112s] Level 1:colcon.colcon_core.package_identification:_identify(launch) by extension 'colcon_meta'
[0.112s] Level 1:colcon.colcon_core.package_identification:_identify(launch) by extensions ['ros']
[0.112s] Level 1:colcon.colcon_core.package_identification:_identify(launch) by extension 'ros'
[0.112s] Level 1:colcon.colcon_core.package_identification:_identify(launch) by extensions ['cmake', 'python']
[0.112s] Level 1:colcon.colcon_core.package_identification:_identify(launch) by extension 'cmake'
[0.112s] Level 1:colcon.colcon_core.package_identification:_identify(launch) by extension 'python'
[0.112s] Level 1:colcon.colcon_core.package_identification:_identify(launch) by extensions ['python_setup_py']
[0.112s] Level 1:colcon.colcon_core.package_identification:_identify(launch) by extension 'python_setup_py'
[0.112s] Level 1:colcon.colcon_core.package_identification:_identify(log) by extensions ['ignore', 'ignore_ament_install']
[0.112s] Level 1:colcon.colcon_core.package_identification:_identify(log) by extension 'ignore'
[0.112s] Level 1:colcon.colcon_core.package_identification:_identify(log) ignored
[0.112s] Level 1:colcon.colcon_core.package_identification:_identify(src) by extensions ['ignore', 'ignore_ament_install']
[0.112s] Level 1:colcon.colcon_core.package_identification:_identify(src) by extension 'ignore'
[0.112s] Level 1:colcon.colcon_core.package_identification:_identify(src) by extension 'ignore_ament_install'
[0.112s] Level 1:colcon.colcon_core.package_identification:_identify(src) by extensions ['colcon_pkg']
[0.112s] Level 1:colcon.colcon_core.package_identification:_identify(src) by extension 'colcon_pkg'
[0.112s] Level 1:colcon.colcon_core.package_identification:_identify(src) by extensions ['colcon_meta']
[0.112s] Level 1:colcon.colcon_core.package_identification:_identify(src) by extension 'colcon_meta'
[0.112s] Level 1:colcon.colcon_core.package_identification:_identify(src) by extensions ['ros']
[0.112s] Level 1:colcon.colcon_core.package_identification:_identify(src) by extension 'ros'
[0.112s] Level 1:colcon.colcon_core.package_identification:_identify(src) by extensions ['cmake', 'python']
[0.112s] Level 1:colcon.colcon_core.package_identification:_identify(src) by extension 'cmake'
[0.112s] Level 1:colcon.colcon_core.package_identification:_identify(src) by extension 'python'
[0.112s] Level 1:colcon.colcon_core.package_identification:_identify(src) by extensions ['python_setup_py']
[0.112s] Level 1:colcon.colcon_core.package_identification:_identify(src) by extension 'python_setup_py'
[0.112s] Level 1:colcon.colcon_core.package_identification:_identify(src/awc_description) by extensions ['ignore', 'ignore_ament_install']
[0.112s] Level 1:colcon.colcon_core.package_identification:_identify(src/awc_description) by extension 'ignore'
[0.112s] Level 1:colcon.colcon_core.package_identification:_identify(src/awc_description) by extension 'ignore_ament_install'
[0.113s] Level 1:colcon.colcon_core.package_identification:_identify(src/awc_description) by extensions ['colcon_pkg']
[0.113s] Level 1:colcon.colcon_core.package_identification:_identify(src/awc_description) by extension 'colcon_pkg'
[0.113s] Level 1:colcon.colcon_core.package_identification:_identify(src/awc_description) by extensions ['colcon_meta']
[0.113s] Level 1:colcon.colcon_core.package_identification:_identify(src/awc_description) by extension 'colcon_meta'
[0.113s] Level 1:colcon.colcon_core.package_identification:_identify(src/awc_description) by extensions ['ros']
[0.113s] Level 1:colcon.colcon_core.package_identification:_identify(src/awc_description) by extension 'ros'
[0.114s] DEBUG:colcon.colcon_core.package_identification:Package 'src/awc_description' with type 'ros.ament_cmake' and name 'awc_description'
[0.114s] Level 1:colcon.colcon_core.package_identification:_identify(src/awc_msgs) by extensions ['ignore', 'ignore_ament_install']
[0.114s] Level 1:colcon.colcon_core.package_identification:_identify(src/awc_msgs) by extension 'ignore'
[0.114s] Level 1:colcon.colcon_core.package_identification:_identify(src/awc_msgs) by extension 'ignore_ament_install'
[0.114s] Level 1:colcon.colcon_core.package_identification:_identify(src/awc_msgs) by extensions ['colcon_pkg']
[0.114s] Level 1:colcon.colcon_core.package_identification:_identify(src/awc_msgs) by extension 'colcon_pkg'
[0.114s] Level 1:colcon.colcon_core.package_identification:_identify(src/awc_msgs) by extensions ['colcon_meta']
[0.114s] Level 1:colcon.colcon_core.package_identification:_identify(src/awc_msgs) by extension 'colcon_meta'
[0.115s] Level 1:colcon.colcon_core.package_identification:_identify(src/awc_msgs) by extensions ['ros']
[0.115s] Level 1:colcon.colcon_core.package_identification:_identify(src/awc_msgs) by extension 'ros'
[0.115s] DEBUG:colcon.colcon_core.package_identification:Package 'src/awc_msgs' with type 'ros.ament_cmake' and name 'awc_msgs'
[0.115s] Level 1:colcon.colcon_core.package_identification:_identify(src/tf_publisher) by extensions ['ignore', 'ignore_ament_install']
[0.115s] Level 1:colcon.colcon_core.package_identification:_identify(src/tf_publisher) by extension 'ignore'
[0.115s] Level 1:colcon.colcon_core.package_identification:_identify(src/tf_publisher) by extension 'ignore_ament_install'
[0.115s] Level 1:colcon.colcon_core.package_identification:_identify(src/tf_publisher) by extensions ['colcon_pkg']
[0.115s] Level 1:colcon.colcon_core.package_identification:_identify(src/tf_publisher) by extension 'colcon_pkg'
[0.115s] Level 1:colcon.colcon_core.package_identification:_identify(src/tf_publisher) by extensions ['colcon_meta']
[0.115s] Level 1:colcon.colcon_core.package_identification:_identify(src/tf_publisher) by extension 'colcon_meta'
[0.115s] Level 1:colcon.colcon_core.package_identification:_identify(src/tf_publisher) by extensions ['ros']
[0.115s] Level 1:colcon.colcon_core.package_identification:_identify(src/tf_publisher) by extension 'ros'
[0.116s] DEBUG:colcon.colcon_core.package_identification:Package 'src/tf_publisher' with type 'ros.ament_python' and name 'tf_publisher'
[0.116s] Level 1:colcon.colcon_core.package_discovery:discover_packages(recursive) using defaults
[0.116s] Level 1:colcon.colcon_core.package_discovery:discover_packages(ignore) discover
[0.116s] Level 1:colcon.colcon_core.package_discovery:discover_packages(ignore) using defaults
[0.116s] Level 1:colcon.colcon_core.package_discovery:discover_packages(path) discover
[0.116s] Level 1:colcon.colcon_core.package_discovery:discover_packages(path) using defaults
[0.130s] Level 1:colcon.colcon_core.package_discovery:discover_packages(prefix_path) check parameters
[0.130s] Level 1:colcon.colcon_core.package_discovery:discover_packages(prefix_path) discover
[0.131s] DEBUG:colcon.colcon_installed_package_information.package_discovery:Found 317 installed packages in /opt/ros/humble
[0.132s] Level 1:colcon.colcon_core.package_discovery:discover_packages(prefix_path) using defaults
[0.160s] Level 5:colcon.colcon_core.verb:set package 'awc_description' build argument 'cmake_args' from command line to 'None'
[0.160s] Level 5:colcon.colcon_core.verb:set package 'awc_description' build argument 'cmake_target' from command line to 'None'
[0.160s] Level 5:colcon.colcon_core.verb:set package 'awc_description' build argument 'cmake_target_skip_unavailable' from command line to 'False'
[0.160s] Level 5:colcon.colcon_core.verb:set package 'awc_description' build argument 'cmake_clean_cache' from command line to 'False'
[0.160s] Level 5:colcon.colcon_core.verb:set package 'awc_description' build argument 'cmake_clean_first' from command line to 'False'
[0.160s] Level 5:colcon.colcon_core.verb:set package 'awc_description' build argument 'cmake_force_configure' from command line to 'False'
[0.160s] Level 5:colcon.colcon_core.verb:set package 'awc_description' build argument 'ament_cmake_args' from command line to 'None'
[0.160s] Level 5:colcon.colcon_core.verb:set package 'awc_description' build argument 'catkin_cmake_args' from command line to 'None'
[0.160s] Level 5:colcon.colcon_core.verb:set package 'awc_description' build argument 'catkin_skip_building_tests' from command line to 'False'
[0.160s] DEBUG:colcon.colcon_core.verb:Building package 'awc_description' with the following arguments: {'ament_cmake_args': None, 'build_base': '/home/gavin/ros2_ws/build/awc_description', 'catkin_cmake_args': None, 'catkin_skip_building_tests': False, 'cmake_args': None, 'cmake_clean_cache': False, 'cmake_clean_first': False, 'cmake_force_configure': False, 'cmake_target': None, 'cmake_target_skip_unavailable': False, 'install_base': '/home/gavin/ros2_ws/install/awc_description', 'merge_install': False, 'path': '/home/gavin/ros2_ws/src/awc_description', 'symlink_install': False, 'test_result_base': None}
[0.160s] Level 5:colcon.colcon_core.verb:set package 'awc_msgs' build argument 'cmake_args' from command line to 'None'
[0.160s] Level 5:colcon.colcon_core.verb:set package 'awc_msgs' build argument 'cmake_target' from command line to 'None'
[0.160s] Level 5:colcon.colcon_core.verb:set package 'awc_msgs' build argument 'cmake_target_skip_unavailable' from command line to 'False'
[0.160s] Level 5:colcon.colcon_core.verb:set package 'awc_msgs' build argument 'cmake_clean_cache' from command line to 'False'
[0.160s] Level 5:colcon.colcon_core.verb:set package 'awc_msgs' build argument 'cmake_clean_first' from command line to 'False'
[0.160s] Level 5:colcon.colcon_core.verb:set package 'awc_msgs' build argument 'cmake_force_configure' from command line to 'False'
[0.160s] Level 5:colcon.colcon_core.verb:set package 'awc_msgs' build argument 'ament_cmake_args' from command line to 'None'
[0.160s] Level 5:colcon.colcon_core.verb:set package 'awc_msgs' build argument 'catkin_cmake_args' from command line to 'None'
[0.160s] Level 5:colcon.colcon_core.verb:set package 'awc_msgs' build argument 'catkin_skip_building_tests' from command line to 'False'
[0.160s] DEBUG:colcon.colcon_core.verb:Building package 'awc_msgs' with the following arguments: {'ament_cmake_args': None, 'build_base': '/home/gavin/ros2_ws/build/awc_msgs', 'catkin_cmake_args': None, 'catkin_skip_building_tests': False, 'cmake_args': None, 'cmake_clean_cache': False, 'cmake_clean_first': False, 'cmake_force_configure': False, 'cmake_target': None, 'cmake_target_skip_unavailable': False, 'install_base': '/home/gavin/ros2_ws/install/awc_msgs', 'merge_install': False, 'path': '/home/gavin/ros2_ws/src/awc_msgs', 'symlink_install': False, 'test_result_base': None}
[0.160s] Level 5:colcon.colcon_core.verb:set package 'tf_publisher' build argument 'cmake_args' from command line to 'None'
[0.160s] Level 5:colcon.colcon_core.verb:set package 'tf_publisher' build argument 'cmake_target' from command line to 'None'
[0.160s] Level 5:colcon.colcon_core.verb:set package 'tf_publisher' build argument 'cmake_target_skip_unavailable' from command line to 'False'
[0.161s] Level 5:colcon.colcon_core.verb:set package 'tf_publisher' build argument 'cmake_clean_cache' from command line to 'False'
[0.161s] Level 5:colcon.colcon_core.verb:set package 'tf_publisher' build argument 'cmake_clean_first' from command line to 'False'
[0.161s] Level 5:colcon.colcon_core.verb:set package 'tf_publisher' build argument 'cmake_force_configure' from command line to 'False'
[0.161s] Level 5:colcon.colcon_core.verb:set package 'tf_publisher' build argument 'ament_cmake_args' from command line to 'None'
[0.161s] Level 5:colcon.colcon_core.verb:set package 'tf_publisher' build argument 'catkin_cmake_args' from command line to 'None'
[0.161s] Level 5:colcon.colcon_core.verb:set package 'tf_publisher' build argument 'catkin_skip_building_tests' from command line to 'False'
[0.161s] DEBUG:colcon.colcon_core.verb:Building package 'tf_publisher' with the following arguments: {'ament_cmake_args': None, 'build_base': '/home/gavin/ros2_ws/build/tf_publisher', 'catkin_cmake_args': None, 'catkin_skip_building_tests': False, 'cmake_args': None, 'cmake_clean_cache': False, 'cmake_clean_first': False, 'cmake_force_configure': False, 'cmake_target': None, 'cmake_target_skip_unavailable': False, 'install_base': '/home/gavin/ros2_ws/install/tf_publisher', 'merge_install': False, 'path': '/home/gavin/ros2_ws/src/tf_publisher', 'symlink_install': False, 'test_result_base': None}
[0.161s] INFO:colcon.colcon_core.executor:Executing jobs using 'parallel' executor
[0.162s] DEBUG:colcon.colcon_parallel_executor.executor.parallel:run_until_complete
[0.162s] INFO:colcon.colcon_ros.task.ament_cmake.build:Building ROS package in '/home/gavin/ros2_ws/src/awc_description' with build type 'ament_cmake'
[0.162s] INFO:colcon.colcon_cmake.task.cmake.build:Building CMake package in '/home/gavin/ros2_ws/src/awc_description'
[0.163s] INFO:colcon.colcon_core.plugin_system:Skipping extension 'colcon_core.shell.bat': Not used on non-Windows systems
[0.163s] INFO:colcon.colcon_core.shell:Skip shell extension 'powershell' for command environment: Not usable outside of PowerShell
[0.163s] DEBUG:colcon.colcon_core.shell:Skip shell extension 'dsv' for command environment
[0.165s] INFO:colcon.colcon_ros.task.ament_cmake.build:Building ROS package in '/home/gavin/ros2_ws/src/awc_msgs' with build type 'ament_cmake'
[0.165s] INFO:colcon.colcon_cmake.task.cmake.build:Building CMake package in '/home/gavin/ros2_ws/src/awc_msgs'
[0.165s] INFO:colcon.colcon_core.shell:Skip shell extension 'powershell' for command environment: Not usable outside of PowerShell
[0.165s] DEBUG:colcon.colcon_core.shell:Skip shell extension 'dsv' for command environment
[0.167s] INFO:colcon.colcon_ros.task.ament_python.build:Building ROS package in '/home/gavin/ros2_ws/src/tf_publisher' with build type 'ament_python'
[0.168s] Level 1:colcon.colcon_core.shell:create_environment_hook('tf_publisher', 'ament_prefix_path')
[0.168s] INFO:colcon.colcon_core.shell:Creating environment hook '/home/gavin/ros2_ws/install/tf_publisher/share/tf_publisher/hook/ament_prefix_path.ps1'
[0.168s] INFO:colcon.colcon_core.shell:Creating environment descriptor '/home/gavin/ros2_ws/install/tf_publisher/share/tf_publisher/hook/ament_prefix_path.dsv'
[0.168s] INFO:colcon.colcon_core.shell:Creating environment hook '/home/gavin/ros2_ws/install/tf_publisher/share/tf_publisher/hook/ament_prefix_path.sh'
[0.169s] INFO:colcon.colcon_core.shell:Skip shell extension 'powershell' for command environment: Not usable outside of PowerShell
[0.169s] DEBUG:colcon.colcon_core.shell:Skip shell extension 'dsv' for command environment
[0.176s] DEBUG:colcon.colcon_core.event_handler.log_command:Invoking command in '/home/gavin/ros2_ws/build/awc_description': CMAKE_PREFIX_PATH=/opt/ros/humble /usr/bin/cmake --build /home/gavin/ros2_ws/build/awc_description -- -j4 -l4
[0.178s] DEBUG:colcon.colcon_core.event_handler.log_command:Invoking command in '/home/gavin/ros2_ws/build/awc_msgs': CMAKE_PREFIX_PATH=/opt/ros/humble /usr/bin/cmake --build /home/gavin/ros2_ws/build/awc_msgs -- -j4 -l4
[0.329s] INFO:colcon.colcon_core.task.python.build:Building Python package in '/home/gavin/ros2_ws/src/tf_publisher'
[0.329s] INFO:colcon.colcon_core.shell:Skip shell extension 'powershell' for command environment: Not usable outside of PowerShell
[0.330s] DEBUG:colcon.colcon_core.shell:Skip shell extension 'dsv' for command environment
[0.332s] DEBUG:colcon.colcon_core.event_handler.log_command:Invoked command in '/home/gavin/ros2_ws/build/awc_description' returned '0': CMAKE_PREFIX_PATH=/opt/ros/humble /usr/bin/cmake --build /home/gavin/ros2_ws/build/awc_description -- -j4 -l4
[0.339s] DEBUG:colcon.colcon_core.event_handler.log_command:Invoking command in '/home/gavin/ros2_ws/build/awc_description': CMAKE_PREFIX_PATH=/opt/ros/humble /usr/bin/cmake --install /home/gavin/ros2_ws/build/awc_description
[0.341s] DEBUG:colcon.colcon_core.event_handler.log_command:Invoked command in '/home/gavin/ros2_ws/build/awc_msgs' returned '0': CMAKE_PREFIX_PATH=/opt/ros/humble /usr/bin/cmake --build /home/gavin/ros2_ws/build/awc_msgs -- -j4 -l4
[0.343s] DEBUG:colcon.colcon_core.event_handler.log_command:Invoking command in '/home/gavin/ros2_ws/build/awc_msgs': CMAKE_PREFIX_PATH=/opt/ros/humble /usr/bin/cmake --install /home/gavin/ros2_ws/build/awc_msgs
[0.349s] Level 1:colcon.colcon_core.environment:create_environment_scripts_only(awc_description)
[0.350s] DEBUG:colcon.colcon_core.event_handler.log_command:Invoked command in '/home/gavin/ros2_ws/build/awc_description' returned '0': CMAKE_PREFIX_PATH=/opt/ros/humble /usr/bin/cmake --install /home/gavin/ros2_ws/build/awc_description
[0.352s] Level 1:colcon.colcon_core.environment:checking '/home/gavin/ros2_ws/install/awc_description' for CMake module files
[0.352s] Level 1:colcon.colcon_core.environment:checking '/home/gavin/ros2_ws/install/awc_description' for CMake config files
[0.352s] Level 1:colcon.colcon_core.shell:create_environment_hook('awc_description', 'cmake_prefix_path')
[0.353s] INFO:colcon.colcon_core.shell:Creating environment hook '/home/gavin/ros2_ws/install/awc_description/share/awc_description/hook/cmake_prefix_path.ps1'
[0.353s] INFO:colcon.colcon_core.shell:Creating environment descriptor '/home/gavin/ros2_ws/install/awc_description/share/awc_description/hook/cmake_prefix_path.dsv'
[0.353s] INFO:colcon.colcon_core.shell:Creating environment hook '/home/gavin/ros2_ws/install/awc_description/share/awc_description/hook/cmake_prefix_path.sh'
[0.354s] Level 1:colcon.colcon_core.environment:checking '/home/gavin/ros2_ws/install/awc_description/bin'
[0.354s] Level 1:colcon.colcon_core.environment:checking '/home/gavin/ros2_ws/install/awc_description/lib/pkgconfig/awc_description.pc'
[0.355s] Level 1:colcon.colcon_core.environment:checking '/home/gavin/ros2_ws/install/awc_description/lib/python3.10/site-packages'
[0.355s] Level 1:colcon.colcon_core.environment:checking '/home/gavin/ros2_ws/install/awc_description/bin'
[0.355s] INFO:colcon.colcon_core.shell:Creating package script '/home/gavin/ros2_ws/install/awc_description/share/awc_description/package.ps1'
[0.356s] INFO:colcon.colcon_core.shell:Creating package descriptor '/home/gavin/ros2_ws/install/awc_description/share/awc_description/package.dsv'
[0.356s] INFO:colcon.colcon_core.shell:Creating package script '/home/gavin/ros2_ws/install/awc_description/share/awc_description/package.sh'
[0.357s] INFO:colcon.colcon_core.shell:Creating package script '/home/gavin/ros2_ws/install/awc_description/share/awc_description/package.bash'
[0.358s] INFO:colcon.colcon_core.shell:Creating package script '/home/gavin/ros2_ws/install/awc_description/share/awc_description/package.zsh'
[0.358s] Level 1:colcon.colcon_core.environment:create_file_with_runtime_dependencies(/home/gavin/ros2_ws/install/awc_description/share/colcon-core/packages/awc_description)
[0.358s] Level 1:colcon.colcon_core.environment:create_environment_scripts_only(awc_description)
[0.359s] Level 1:colcon.colcon_core.environment:checking '/home/gavin/ros2_ws/install/awc_description' for CMake module files
[0.359s] Level 1:colcon.colcon_core.environment:checking '/home/gavin/ros2_ws/install/awc_description' for CMake config files
[0.359s] Level 1:colcon.colcon_core.shell:create_environment_hook('awc_description', 'cmake_prefix_path')
[0.359s] INFO:colcon.colcon_core.shell:Creating environment hook '/home/gavin/ros2_ws/install/awc_description/share/awc_description/hook/cmake_prefix_path.ps1'
[0.359s] INFO:colcon.colcon_core.shell:Creating environment descriptor '/home/gavin/ros2_ws/install/awc_description/share/awc_description/hook/cmake_prefix_path.dsv'
[0.360s] INFO:colcon.colcon_core.shell:Creating environment hook '/home/gavin/ros2_ws/install/awc_description/share/awc_description/hook/cmake_prefix_path.sh'
[0.360s] Level 1:colcon.colcon_core.environment:checking '/home/gavin/ros2_ws/install/awc_description/bin'
[0.360s] Level 1:colcon.colcon_core.environment:checking '/home/gavin/ros2_ws/install/awc_description/lib/pkgconfig/awc_description.pc'
[0.360s] Level 1:colcon.colcon_core.environment:checking '/home/gavin/ros2_ws/install/awc_description/lib/python3.10/site-packages'
[0.360s] Level 1:colcon.colcon_core.environment:checking '/home/gavin/ros2_ws/install/awc_description/bin'
[0.361s] INFO:colcon.colcon_core.shell:Creating package script '/home/gavin/ros2_ws/install/awc_description/share/awc_description/package.ps1'
[0.361s] INFO:colcon.colcon_core.shell:Creating package descriptor '/home/gavin/ros2_ws/install/awc_description/share/awc_description/package.dsv'
[0.362s] INFO:colcon.colcon_core.shell:Creating package script '/home/gavin/ros2_ws/install/awc_description/share/awc_description/package.sh'
[0.362s] INFO:colcon.colcon_core.shell:Creating package script '/home/gavin/ros2_ws/install/awc_description/share/awc_description/package.bash'
[0.362s] INFO:colcon.colcon_core.shell:Creating package script '/home/gavin/ros2_ws/install/awc_description/share/awc_description/package.zsh'
[0.362s] Level 1:colcon.colcon_core.environment:create_file_with_runtime_dependencies(/home/gavin/ros2_ws/install/awc_description/share/colcon-core/packages/awc_description)
[0.363s] Level 1:colcon.colcon_core.environment:create_environment_scripts_only(awc_msgs)
[0.363s] Level 1:colcon.colcon_core.environment:checking '/home/gavin/ros2_ws/install/awc_msgs' for CMake module files
[0.364s] DEBUG:colcon.colcon_core.event_handler.log_command:Invoked command in '/home/gavin/ros2_ws/build/awc_msgs' returned '0': CMAKE_PREFIX_PATH=/opt/ros/humble /usr/bin/cmake --install /home/gavin/ros2_ws/build/awc_msgs
[0.364s] Level 1:colcon.colcon_core.environment:checking '/home/gavin/ros2_ws/install/awc_msgs' for CMake config files
[0.364s] Level 1:colcon.colcon_core.shell:create_environment_hook('awc_msgs', 'cmake_prefix_path')
[0.365s] INFO:colcon.colcon_core.shell:Creating environment hook '/home/gavin/ros2_ws/install/awc_msgs/share/awc_msgs/hook/cmake_prefix_path.ps1'
[0.365s] INFO:colcon.colcon_core.shell:Creating environment descriptor '/home/gavin/ros2_ws/install/awc_msgs/share/awc_msgs/hook/cmake_prefix_path.dsv'
[0.365s] INFO:colcon.colcon_core.shell:Creating environment hook '/home/gavin/ros2_ws/install/awc_msgs/share/awc_msgs/hook/cmake_prefix_path.sh'
[0.365s] Level 1:colcon.colcon_core.environment:checking '/home/gavin/ros2_ws/install/awc_msgs/bin'
[0.365s] Level 1:colcon.colcon_core.environment:checking '/home/gavin/ros2_ws/install/awc_msgs/lib/pkgconfig/awc_msgs.pc'
[0.366s] Level 1:colcon.colcon_core.environment:checking '/home/gavin/ros2_ws/install/awc_msgs/lib/python3.10/site-packages'
[0.366s] Level 1:colcon.colcon_core.environment:checking '/home/gavin/ros2_ws/install/awc_msgs/bin'
[0.366s] INFO:colcon.colcon_core.shell:Creating package script '/home/gavin/ros2_ws/install/awc_msgs/share/awc_msgs/package.ps1'
[0.366s] INFO:colcon.colcon_core.shell:Creating package descriptor '/home/gavin/ros2_ws/install/awc_msgs/share/awc_msgs/package.dsv'
[0.366s] INFO:colcon.colcon_core.shell:Creating package script '/home/gavin/ros2_ws/install/awc_msgs/share/awc_msgs/package.sh'
[0.367s] INFO:colcon.colcon_core.shell:Creating package script '/home/gavin/ros2_ws/install/awc_msgs/share/awc_msgs/package.bash'
[0.367s] INFO:colcon.colcon_core.shell:Creating package script '/home/gavin/ros2_ws/install/awc_msgs/share/awc_msgs/package.zsh'
[0.367s] Level 1:colcon.colcon_core.environment:create_file_with_runtime_dependencies(/home/gavin/ros2_ws/install/awc_msgs/share/colcon-core/packages/awc_msgs)
[0.368s] Level 1:colcon.colcon_core.environment:create_environment_scripts_only(awc_msgs)
[0.368s] Level 1:colcon.colcon_core.environment:checking '/home/gavin/ros2_ws/install/awc_msgs' for CMake module files
[0.368s] Level 1:colcon.colcon_core.environment:checking '/home/gavin/ros2_ws/install/awc_msgs' for CMake config files
[0.368s] Level 1:colcon.colcon_core.shell:create_environment_hook('awc_msgs', 'cmake_prefix_path')
[0.368s] INFO:colcon.colcon_core.shell:Creating environment hook '/home/gavin/ros2_ws/install/awc_msgs/share/awc_msgs/hook/cmake_prefix_path.ps1'
[0.369s] INFO:colcon.colcon_core.shell:Creating environment descriptor '/home/gavin/ros2_ws/install/awc_msgs/share/awc_msgs/hook/cmake_prefix_path.dsv'
[0.369s] INFO:colcon.colcon_core.shell:Creating environment hook '/home/gavin/ros2_ws/install/awc_msgs/share/awc_msgs/hook/cmake_prefix_path.sh'
[0.369s] Level 1:colcon.colcon_core.environment:checking '/home/gavin/ros2_ws/install/awc_msgs/bin'
[0.369s] Level 1:colcon.colcon_core.environment:checking '/home/gavin/ros2_ws/install/awc_msgs/lib/pkgconfig/awc_msgs.pc'
[0.370s] Level 1:colcon.colcon_core.environment:checking '/home/gavin/ros2_ws/install/awc_msgs/lib/python3.10/site-packages'
[0.370s] Level 1:colcon.colcon_core.environment:checking '/home/gavin/ros2_ws/install/awc_msgs/bin'
[0.370s] INFO:colcon.colcon_core.shell:Creating package script '/home/gavin/ros2_ws/install/awc_msgs/share/awc_msgs/package.ps1'
[0.370s] INFO:colcon.colcon_core.shell:Creating package descriptor '/home/gavin/ros2_ws/install/awc_msgs/share/awc_msgs/package.dsv'
[0.370s] INFO:colcon.colcon_core.shell:Creating package script '/home/gavin/ros2_ws/install/awc_msgs/share/awc_msgs/package.sh'
[0.371s] INFO:colcon.colcon_core.shell:Creating package script '/home/gavin/ros2_ws/install/awc_msgs/share/awc_msgs/package.bash'
[0.371s] INFO:colcon.colcon_core.shell:Creating package script '/home/gavin/ros2_ws/install/awc_msgs/share/awc_msgs/package.zsh'
[0.371s] Level 1:colcon.colcon_core.environment:create_file_with_runtime_dependencies(/home/gavin/ros2_ws/install/awc_msgs/share/colcon-core/packages/awc_msgs)
[0.701s] DEBUG:colcon.colcon_core.event_handler.log_command:Invoking command in '/home/gavin/ros2_ws/src/tf_publisher': PYTHONPATH=/home/gavin/ros2_ws/build/tf_publisher/prefix_override:/usr/lib/python3/dist-packages/colcon_core/task/python/colcon_distutils_commands:/home/gavin/ros2_ws/install/tf_publisher/lib/python3.10/site-packages:${PYTHONPATH} /usr/bin/python3 -W ignore:setup.py install is deprecated -W ignore:easy_install command is deprecated setup.py egg_info --egg-base ../../build/tf_publisher build --build-base /home/gavin/ros2_ws/build/tf_publisher/build install --record /home/gavin/ros2_ws/build/tf_publisher/install.log --single-version-externally-managed install_data
[1.050s] Level 1:colcon.colcon_core.environment:checking '/home/gavin/ros2_ws/install/tf_publisher' for CMake module files
[1.050s] DEBUG:colcon.colcon_core.event_handler.log_command:Invoked command in '/home/gavin/ros2_ws/src/tf_publisher' returned '0': PYTHONPATH=/home/gavin/ros2_ws/build/tf_publisher/prefix_override:/usr/lib/python3/dist-packages/colcon_core/task/python/colcon_distutils_commands:/home/gavin/ros2_ws/install/tf_publisher/lib/python3.10/site-packages:${PYTHONPATH} /usr/bin/python3 -W ignore:setup.py install is deprecated -W ignore:easy_install command is deprecated setup.py egg_info --egg-base ../../build/tf_publisher build --build-base /home/gavin/ros2_ws/build/tf_publisher/build install --record /home/gavin/ros2_ws/build/tf_publisher/install.log --single-version-externally-managed install_data
[1.050s] Level 1:colcon.colcon_core.environment:checking '/home/gavin/ros2_ws/install/tf_publisher' for CMake config files
[1.051s] Level 1:colcon.colcon_core.environment:checking '/home/gavin/ros2_ws/install/tf_publisher/lib'
[1.051s] Level 1:colcon.colcon_core.environment:checking '/home/gavin/ros2_ws/install/tf_publisher/bin'
[1.051s] Level 1:colcon.colcon_core.environment:checking '/home/gavin/ros2_ws/install/tf_publisher/lib/pkgconfig/tf_publisher.pc'
[1.051s] Level 1:colcon.colcon_core.environment:checking '/home/gavin/ros2_ws/install/tf_publisher/lib/python3.10/site-packages'
[1.051s] Level 1:colcon.colcon_core.shell:create_environment_hook('tf_publisher', 'pythonpath')
[1.051s] INFO:colcon.colcon_core.shell:Creating environment hook '/home/gavin/ros2_ws/install/tf_publisher/share/tf_publisher/hook/pythonpath.ps1'
[1.052s] INFO:colcon.colcon_core.shell:Creating environment descriptor '/home/gavin/ros2_ws/install/tf_publisher/share/tf_publisher/hook/pythonpath.dsv'
[1.052s] INFO:colcon.colcon_core.shell:Creating environment hook '/home/gavin/ros2_ws/install/tf_publisher/share/tf_publisher/hook/pythonpath.sh'
[1.052s] Level 1:colcon.colcon_core.environment:checking '/home/gavin/ros2_ws/install/tf_publisher/bin'
[1.052s] Level 1:colcon.colcon_core.environment:create_environment_scripts_only(tf_publisher)
[1.052s] INFO:colcon.colcon_core.shell:Creating package script '/home/gavin/ros2_ws/install/tf_publisher/share/tf_publisher/package.ps1'
[1.053s] INFO:colcon.colcon_core.shell:Creating package descriptor '/home/gavin/ros2_ws/install/tf_publisher/share/tf_publisher/package.dsv'
[1.053s] INFO:colcon.colcon_core.shell:Creating package script '/home/gavin/ros2_ws/install/tf_publisher/share/tf_publisher/package.sh'
[1.053s] INFO:colcon.colcon_core.shell:Creating package script '/home/gavin/ros2_ws/install/tf_publisher/share/tf_publisher/package.bash'
[1.053s] INFO:colcon.colcon_core.shell:Creating package script '/home/gavin/ros2_ws/install/tf_publisher/share/tf_publisher/package.zsh'
[1.054s] Level 1:colcon.colcon_core.environment:create_file_with_runtime_dependencies(/home/gavin/ros2_ws/install/tf_publisher/share/colcon-core/packages/tf_publisher)
[1.054s] DEBUG:colcon.colcon_parallel_executor.executor.parallel:closing loop
[1.054s] DEBUG:colcon.colcon_parallel_executor.executor.parallel:loop closed
[1.054s] DEBUG:colcon.colcon_parallel_executor.executor.parallel:run_until_complete finished with '0'
[1.054s] DEBUG:colcon.colcon_core.event_reactor:joining thread
[1.057s] INFO:colcon.colcon_core.plugin_system:Skipping extension 'colcon_notification.desktop_notification.terminal_notifier': Not used on non-Darwin systems
[1.058s] INFO:colcon.colcon_core.plugin_system:Skipping extension 'colcon_notification.desktop_notification.win32': Not used on non-Windows systems
[1.058s] INFO:colcon.colcon_notification.desktop_notification:Sending desktop notification using 'notify2'
[1.066s] DEBUG:colcon.colcon_core.event_reactor:joined thread
[1.067s] INFO:colcon.colcon_core.shell:Creating prefix script '/home/gavin/ros2_ws/install/local_setup.ps1'
[1.068s] INFO:colcon.colcon_core.shell:Creating prefix util module '/home/gavin/ros2_ws/install/_local_setup_util_ps1.py'
[1.069s] INFO:colcon.colcon_core.shell:Creating prefix chain script '/home/gavin/ros2_ws/install/setup.ps1'
[1.071s] INFO:colcon.colcon_core.shell:Creating prefix script '/home/gavin/ros2_ws/install/local_setup.sh'
[1.071s] INFO:colcon.colcon_core.shell:Creating prefix util module '/home/gavin/ros2_ws/install/_local_setup_util_sh.py'
[1.072s] INFO:colcon.colcon_core.shell:Creating prefix chain script '/home/gavin/ros2_ws/install/setup.sh'
[1.073s] INFO:colcon.colcon_core.shell:Creating prefix script '/home/gavin/ros2_ws/install/local_setup.bash'
[1.073s] INFO:colcon.colcon_core.shell:Creating prefix chain script '/home/gavin/ros2_ws/install/setup.bash'
[1.074s] INFO:colcon.colcon_core.shell:Creating prefix script '/home/gavin/ros2_ws/install/local_setup.zsh'
[1.074s] INFO:colcon.colcon_core.shell:Creating prefix chain script '/home/gavin/ros2_ws/install/setup.zsh'
