running egg_info
creating ../build/robot_joy/robot_joy.egg-info
writing ../build/robot_joy/robot_joy.egg-info/PKG-INFO
writing dependency_links to ../build/robot_joy/robot_joy.egg-info/dependency_links.txt
writing entry points to ../build/robot_joy/robot_joy.egg-info/entry_points.txt
writing requirements to ../build/robot_joy/robot_joy.egg-info/requires.txt
writing top-level names to ../build/robot_joy/robot_joy.egg-info/top_level.txt
writing manifest file '../build/robot_joy/robot_joy.egg-info/SOURCES.txt'
reading manifest file '../build/robot_joy/robot_joy.egg-info/SOURCES.txt'
writing manifest file '../build/robot_joy/robot_joy.egg-info/SOURCES.txt'
running build
running build_py
creating /home/gavin/AWC_control/src/build/robot_joy/build
creating /home/gavin/AWC_control/src/build/robot_joy/build/lib
creating /home/gavin/AWC_control/src/build/robot_joy/build/lib/robot_joy
copying robot_joy/wheeltec_keyboard.py -> /home/gavin/AWC_control/src/build/robot_joy/build/lib/robot_joy
copying robot_joy/__init__.py -> /home/gavin/AWC_control/src/build/robot_joy/build/lib/robot_joy
running install
running install_lib
creating /home/gavin/AWC_control/src/install/robot_joy/lib/python3.10/site-packages/robot_joy
copying /home/gavin/AWC_control/src/build/robot_joy/build/lib/robot_joy/wheeltec_keyboard.py -> /home/gavin/AWC_control/src/install/robot_joy/lib/python3.10/site-packages/robot_joy
copying /home/gavin/AWC_control/src/build/robot_joy/build/lib/robot_joy/__init__.py -> /home/gavin/AWC_control/src/install/robot_joy/lib/python3.10/site-packages/robot_joy
byte-compiling /home/gavin/AWC_control/src/install/robot_joy/lib/python3.10/site-packages/robot_joy/wheeltec_keyboard.py to wheeltec_keyboard.cpython-310.pyc
byte-compiling /home/gavin/AWC_control/src/install/robot_joy/lib/python3.10/site-packages/robot_joy/__init__.py to __init__.cpython-310.pyc
running install_data
creating /home/gavin/AWC_control/src/install/robot_joy/share/ament_index
creating /home/gavin/AWC_control/src/install/robot_joy/share/ament_index/resource_index
creating /home/gavin/AWC_control/src/install/robot_joy/share/ament_index/resource_index/packages
copying resource/robot_joy -> /home/gavin/AWC_control/src/install/robot_joy/share/ament_index/resource_index/packages
copying package.xml -> /home/gavin/AWC_control/src/install/robot_joy/share/robot_joy
running install_egg_info
Copying ../build/robot_joy/robot_joy.egg-info to /home/gavin/AWC_control/src/install/robot_joy/lib/python3.10/site-packages/robot_joy-0.0.0-py3.10.egg-info
running install_scripts
Installing wheeltec_keyboard.py script to /home/gavin/AWC_control/src/install/robot_joy/lib/robot_joy
writing list of installed files to '/home/gavin/AWC_control/src/build/robot_joy/install.log'
