[5.018s] Invoking command in '/home/gavin/AWC_control/src/joystick_ros2': CONDA_PROMPT_MODIFIER=(base) PYTHONPATH=/home/gavin/AWC_control/src/build/joystick_ros2/prefix_override:/usr/lib/python3/dist-packages/colcon_core/task/python/colcon_distutils_commands:/home/gavin/AWC_control/src/install/joystick_ros2/lib/python3.10/site-packages:${PYTHONPATH} /usr/bin/python3 -W ignore:setup.py install is deprecated -W ignore:easy_install command is deprecated setup.py egg_info --egg-base ../build/joystick_ros2 build --build-base /home/gavin/AWC_control/src/build/joystick_ros2/build install --record /home/gavin/AWC_control/src/build/joystick_ros2/install.log --single-version-externally-managed install_data
[5.827s] running egg_info
[5.828s] writing ../build/joystick_ros2/joystick_ros2.egg-info/PKG-INFO
[5.829s] writing dependency_links to ../build/joystick_ros2/joystick_ros2.egg-info/dependency_links.txt
[5.829s] writing entry points to ../build/joystick_ros2/joystick_ros2.egg-info/entry_points.txt
[5.829s] writing requirements to ../build/joystick_ros2/joystick_ros2.egg-info/requires.txt
[5.830s] writing top-level names to ../build/joystick_ros2/joystick_ros2.egg-info/top_level.txt
[5.836s] reading manifest file '../build/joystick_ros2/joystick_ros2.egg-info/SOURCES.txt'
[5.836s] adding license file 'LICENSE'
[5.837s] writing manifest file '../build/joystick_ros2/joystick_ros2.egg-info/SOURCES.txt'
[5.837s] running build
[5.837s] running build_py
[5.838s] running install
[5.842s] running install_lib
[5.844s] running install_data
[5.844s] running install_egg_info
[5.845s] removing '/home/gavin/AWC_control/src/install/joystick_ros2/lib/python3.10/site-packages/joystick_ros2-0.0.1-py3.10.egg-info' (and everything under it)
[5.845s] Copying ../build/joystick_ros2/joystick_ros2.egg-info to /home/gavin/AWC_control/src/install/joystick_ros2/lib/python3.10/site-packages/joystick_ros2-0.0.1-py3.10.egg-info
[5.845s] running install_scripts
[5.899s] Installing joystick_ros2 script to /home/gavin/AWC_control/src/install/joystick_ros2/lib/joystick_ros2
[5.901s] writing list of installed files to '/home/gavin/AWC_control/src/build/joystick_ros2/install.log'
[6.056s] Invoked command in '/home/gavin/AWC_control/src/joystick_ros2' returned '0': CONDA_PROMPT_MODIFIER=(base) PYTHONPATH=/home/gavin/AWC_control/src/build/joystick_ros2/prefix_override:/usr/lib/python3/dist-packages/colcon_core/task/python/colcon_distutils_commands:/home/gavin/AWC_control/src/install/joystick_ros2/lib/python3.10/site-packages:${PYTHONPATH} /usr/bin/python3 -W ignore:setup.py install is deprecated -W ignore:easy_install command is deprecated setup.py egg_info --egg-base ../build/joystick_ros2 build --build-base /home/gavin/AWC_control/src/build/joystick_ros2/build install --record /home/gavin/AWC_control/src/build/joystick_ros2/install.log --single-version-externally-managed install_data
