[0.074s] DEBUG:colcon:Command line arguments: ['/usr/bin/colcon', 'build']
[0.074s] DEBUG:colcon:Parsed command line arguments: Namespace(log_base=None, log_level=None, verb_name='build', build_base='build', install_base='install', merge_install=False, symlink_install=False, test_result_base=None, continue_on_error=False, executor='parallel', parallel_workers=4, event_handlers=None, ignore_user_meta=False, metas=['./colcon.meta'], base_paths=['.'], packages_ignore=None, packages_ignore_regex=None, paths=None, packages_up_to=None, packages_up_to_regex=None, packages_above=None, packages_above_and_dependencies=None, packages_above_depth=None, packages_select_by_dep=None, packages_skip_by_dep=None, packages_skip_up_to=None, packages_select_build_failed=False, packages_skip_build_finished=False, packages_select_test_failures=False, packages_skip_test_passed=False, packages_select=None, packages_skip=None, packages_select_regex=None, packages_skip_regex=None, packages_start=None, packages_end=None, allow_overriding=[], cmake_args=None, cmake_target=None, cmake_target_skip_unavailable=False, cmake_clean_cache=False, cmake_clean_first=False, cmake_force_configure=False, ament_cmake_args=None, catkin_cmake_args=None, catkin_skip_building_tests=False, mixin_files=None, mixin=None, verb_parser=<colcon_mixin.mixin.mixin_argument.MixinArgumentDecorator object at 0x7749e866e260>, verb_extension=<colcon_core.verb.build.BuildVerb object at 0x7749e876b190>, main=<bound method BuildVerb.main of <colcon_core.verb.build.BuildVerb object at 0x7749e876b190>>, mixin_verb=('build',))
[0.099s] Level 1:colcon.colcon_core.package_discovery:discover_packages(colcon_meta) check parameters
[0.099s] Level 1:colcon.colcon_core.package_discovery:discover_packages(recursive) check parameters
[0.099s] Level 1:colcon.colcon_core.package_discovery:discover_packages(ignore) check parameters
[0.099s] Level 1:colcon.colcon_core.package_discovery:discover_packages(path) check parameters
[0.099s] Level 1:colcon.colcon_core.package_discovery:discover_packages(colcon_meta) discover
[0.099s] Level 1:colcon.colcon_core.package_discovery:discover_packages(recursive) discover
[0.099s] INFO:colcon.colcon_core.package_discovery:Crawling recursively for packages in '/home/gavin/ros2_ws'
[0.099s] Level 1:colcon.colcon_core.package_identification:_identify(.) by extensions ['ignore', 'ignore_ament_install']
[0.099s] Level 1:colcon.colcon_core.package_identification:_identify(.) by extension 'ignore'
[0.099s] Level 1:colcon.colcon_core.package_identification:_identify(.) by extension 'ignore_ament_install'
[0.099s] Level 1:colcon.colcon_core.package_identification:_identify(.) by extensions ['colcon_pkg']
[0.099s] Level 1:colcon.colcon_core.package_identification:_identify(.) by extension 'colcon_pkg'
[0.099s] Level 1:colcon.colcon_core.package_identification:_identify(.) by extensions ['colcon_meta']
[0.099s] Level 1:colcon.colcon_core.package_identification:_identify(.) by extension 'colcon_meta'
[0.099s] Level 1:colcon.colcon_core.package_identification:_identify(.) by extensions ['ros']
[0.099s] Level 1:colcon.colcon_core.package_identification:_identify(.) by extension 'ros'
[0.110s] Level 1:colcon.colcon_core.package_identification:_identify(.) by extensions ['cmake', 'python']
[0.110s] Level 1:colcon.colcon_core.package_identification:_identify(.) by extension 'cmake'
[0.110s] Level 1:colcon.colcon_core.package_identification:_identify(.) by extension 'python'
[0.110s] Level 1:colcon.colcon_core.package_identification:_identify(.) by extensions ['python_setup_py']
[0.110s] Level 1:colcon.colcon_core.package_identification:_identify(.) by extension 'python_setup_py'
[0.110s] Level 1:colcon.colcon_core.package_identification:_identify(build) by extensions ['ignore', 'ignore_ament_install']
[0.110s] Level 1:colcon.colcon_core.package_identification:_identify(build) by extension 'ignore'
[0.110s] Level 1:colcon.colcon_core.package_identification:_identify(build) ignored
[0.110s] Level 1:colcon.colcon_core.package_identification:_identify(install) by extensions ['ignore', 'ignore_ament_install']
[0.110s] Level 1:colcon.colcon_core.package_identification:_identify(install) by extension 'ignore'
[0.110s] Level 1:colcon.colcon_core.package_identification:_identify(install) ignored
[0.110s] Level 1:colcon.colcon_core.package_identification:_identify(log) by extensions ['ignore', 'ignore_ament_install']
[0.110s] Level 1:colcon.colcon_core.package_identification:_identify(log) by extension 'ignore'
[0.110s] Level 1:colcon.colcon_core.package_identification:_identify(log) ignored
[0.110s] Level 1:colcon.colcon_core.package_identification:_identify(src) by extensions ['ignore', 'ignore_ament_install']
[0.110s] Level 1:colcon.colcon_core.package_identification:_identify(src) by extension 'ignore'
[0.110s] Level 1:colcon.colcon_core.package_identification:_identify(src) by extension 'ignore_ament_install'
[0.110s] Level 1:colcon.colcon_core.package_identification:_identify(src) by extensions ['colcon_pkg']
[0.110s] Level 1:colcon.colcon_core.package_identification:_identify(src) by extension 'colcon_pkg'
[0.110s] Level 1:colcon.colcon_core.package_identification:_identify(src) by extensions ['colcon_meta']
[0.110s] Level 1:colcon.colcon_core.package_identification:_identify(src) by extension 'colcon_meta'
[0.111s] Level 1:colcon.colcon_core.package_identification:_identify(src) by extensions ['ros']
[0.111s] Level 1:colcon.colcon_core.package_identification:_identify(src) by extension 'ros'
[0.111s] Level 1:colcon.colcon_core.package_identification:_identify(src) by extensions ['cmake', 'python']
[0.111s] Level 1:colcon.colcon_core.package_identification:_identify(src) by extension 'cmake'
[0.111s] Level 1:colcon.colcon_core.package_identification:_identify(src) by extension 'python'
[0.111s] Level 1:colcon.colcon_core.package_identification:_identify(src) by extensions ['python_setup_py']
[0.111s] Level 1:colcon.colcon_core.package_identification:_identify(src) by extension 'python_setup_py'
[0.111s] Level 1:colcon.colcon_core.package_identification:_identify(src/awc_msgs) by extensions ['ignore', 'ignore_ament_install']
[0.111s] Level 1:colcon.colcon_core.package_identification:_identify(src/awc_msgs) by extension 'ignore'
[0.111s] Level 1:colcon.colcon_core.package_identification:_identify(src/awc_msgs) by extension 'ignore_ament_install'
[0.111s] Level 1:colcon.colcon_core.package_identification:_identify(src/awc_msgs) by extensions ['colcon_pkg']
[0.111s] Level 1:colcon.colcon_core.package_identification:_identify(src/awc_msgs) by extension 'colcon_pkg'
[0.111s] Level 1:colcon.colcon_core.package_identification:_identify(src/awc_msgs) by extensions ['colcon_meta']
[0.111s] Level 1:colcon.colcon_core.package_identification:_identify(src/awc_msgs) by extension 'colcon_meta'
[0.111s] Level 1:colcon.colcon_core.package_identification:_identify(src/awc_msgs) by extensions ['ros']
[0.111s] Level 1:colcon.colcon_core.package_identification:_identify(src/awc_msgs) by extension 'ros'
[0.113s] DEBUG:colcon.colcon_core.package_identification:Package 'src/awc_msgs' with type 'ros.ament_cmake' and name 'awc_msgs'
[0.113s] Level 1:colcon.colcon_core.package_identification:_identify(src/robot_description) by extensions ['ignore', 'ignore_ament_install']
[0.113s] Level 1:colcon.colcon_core.package_identification:_identify(src/robot_description) by extension 'ignore'
[0.113s] Level 1:colcon.colcon_core.package_identification:_identify(src/robot_description) by extension 'ignore_ament_install'
[0.113s] Level 1:colcon.colcon_core.package_identification:_identify(src/robot_description) by extensions ['colcon_pkg']
[0.113s] Level 1:colcon.colcon_core.package_identification:_identify(src/robot_description) by extension 'colcon_pkg'
[0.113s] Level 1:colcon.colcon_core.package_identification:_identify(src/robot_description) by extensions ['colcon_meta']
[0.113s] Level 1:colcon.colcon_core.package_identification:_identify(src/robot_description) by extension 'colcon_meta'
[0.113s] Level 1:colcon.colcon_core.package_identification:_identify(src/robot_description) by extensions ['ros']
[0.113s] Level 1:colcon.colcon_core.package_identification:_identify(src/robot_description) by extension 'ros'
[0.113s] DEBUG:colcon.colcon_core.package_identification:Package 'src/robot_description' with type 'ros.ament_cmake' and name 'robot_description'
[0.113s] Level 1:colcon.colcon_core.package_identification:_identify(src/tf_publisher) by extensions ['ignore', 'ignore_ament_install']
[0.114s] Level 1:colcon.colcon_core.package_identification:_identify(src/tf_publisher) by extension 'ignore'
[0.114s] Level 1:colcon.colcon_core.package_identification:_identify(src/tf_publisher) by extension 'ignore_ament_install'
[0.114s] Level 1:colcon.colcon_core.package_identification:_identify(src/tf_publisher) by extensions ['colcon_pkg']
[0.114s] Level 1:colcon.colcon_core.package_identification:_identify(src/tf_publisher) by extension 'colcon_pkg'
[0.114s] Level 1:colcon.colcon_core.package_identification:_identify(src/tf_publisher) by extensions ['colcon_meta']
[0.114s] Level 1:colcon.colcon_core.package_identification:_identify(src/tf_publisher) by extension 'colcon_meta'
[0.114s] Level 1:colcon.colcon_core.package_identification:_identify(src/tf_publisher) by extensions ['ros']
[0.114s] Level 1:colcon.colcon_core.package_identification:_identify(src/tf_publisher) by extension 'ros'
[0.114s] DEBUG:colcon.colcon_core.package_identification:Package 'src/tf_publisher' with type 'ros.ament_python' and name 'tf_publisher'
[0.114s] Level 1:colcon.colcon_core.package_discovery:discover_packages(recursive) using defaults
[0.114s] Level 1:colcon.colcon_core.package_discovery:discover_packages(ignore) discover
[0.114s] Level 1:colcon.colcon_core.package_discovery:discover_packages(ignore) using defaults
[0.114s] Level 1:colcon.colcon_core.package_discovery:discover_packages(path) discover
[0.114s] Level 1:colcon.colcon_core.package_discovery:discover_packages(path) using defaults
[0.128s] Level 1:colcon.colcon_core.package_discovery:discover_packages(prefix_path) check parameters
[0.128s] Level 1:colcon.colcon_core.package_discovery:discover_packages(prefix_path) discover
[0.130s] DEBUG:colcon.colcon_installed_package_information.package_discovery:Found 326 installed packages in /opt/ros/humble
[0.131s] Level 1:colcon.colcon_core.package_discovery:discover_packages(prefix_path) using defaults
[0.158s] Level 5:colcon.colcon_core.verb:set package 'awc_msgs' build argument 'cmake_args' from command line to 'None'
[0.158s] Level 5:colcon.colcon_core.verb:set package 'awc_msgs' build argument 'cmake_target' from command line to 'None'
[0.158s] Level 5:colcon.colcon_core.verb:set package 'awc_msgs' build argument 'cmake_target_skip_unavailable' from command line to 'False'
[0.158s] Level 5:colcon.colcon_core.verb:set package 'awc_msgs' build argument 'cmake_clean_cache' from command line to 'False'
[0.158s] Level 5:colcon.colcon_core.verb:set package 'awc_msgs' build argument 'cmake_clean_first' from command line to 'False'
[0.158s] Level 5:colcon.colcon_core.verb:set package 'awc_msgs' build argument 'cmake_force_configure' from command line to 'False'
[0.158s] Level 5:colcon.colcon_core.verb:set package 'awc_msgs' build argument 'ament_cmake_args' from command line to 'None'
[0.158s] Level 5:colcon.colcon_core.verb:set package 'awc_msgs' build argument 'catkin_cmake_args' from command line to 'None'
[0.158s] Level 5:colcon.colcon_core.verb:set package 'awc_msgs' build argument 'catkin_skip_building_tests' from command line to 'False'
[0.158s] DEBUG:colcon.colcon_core.verb:Building package 'awc_msgs' with the following arguments: {'ament_cmake_args': None, 'build_base': '/home/gavin/ros2_ws/build/awc_msgs', 'catkin_cmake_args': None, 'catkin_skip_building_tests': False, 'cmake_args': None, 'cmake_clean_cache': False, 'cmake_clean_first': False, 'cmake_force_configure': False, 'cmake_target': None, 'cmake_target_skip_unavailable': False, 'install_base': '/home/gavin/ros2_ws/install/awc_msgs', 'merge_install': False, 'path': '/home/gavin/ros2_ws/src/awc_msgs', 'symlink_install': False, 'test_result_base': None}
[0.159s] Level 5:colcon.colcon_core.verb:set package 'robot_description' build argument 'cmake_args' from command line to 'None'
[0.159s] Level 5:colcon.colcon_core.verb:set package 'robot_description' build argument 'cmake_target' from command line to 'None'
[0.159s] Level 5:colcon.colcon_core.verb:set package 'robot_description' build argument 'cmake_target_skip_unavailable' from command line to 'False'
[0.159s] Level 5:colcon.colcon_core.verb:set package 'robot_description' build argument 'cmake_clean_cache' from command line to 'False'
[0.159s] Level 5:colcon.colcon_core.verb:set package 'robot_description' build argument 'cmake_clean_first' from command line to 'False'
[0.159s] Level 5:colcon.colcon_core.verb:set package 'robot_description' build argument 'cmake_force_configure' from command line to 'False'
[0.159s] Level 5:colcon.colcon_core.verb:set package 'robot_description' build argument 'ament_cmake_args' from command line to 'None'
[0.159s] Level 5:colcon.colcon_core.verb:set package 'robot_description' build argument 'catkin_cmake_args' from command line to 'None'
[0.159s] Level 5:colcon.colcon_core.verb:set package 'robot_description' build argument 'catkin_skip_building_tests' from command line to 'False'
[0.159s] DEBUG:colcon.colcon_core.verb:Building package 'robot_description' with the following arguments: {'ament_cmake_args': None, 'build_base': '/home/gavin/ros2_ws/build/robot_description', 'catkin_cmake_args': None, 'catkin_skip_building_tests': False, 'cmake_args': None, 'cmake_clean_cache': False, 'cmake_clean_first': False, 'cmake_force_configure': False, 'cmake_target': None, 'cmake_target_skip_unavailable': False, 'install_base': '/home/gavin/ros2_ws/install/robot_description', 'merge_install': False, 'path': '/home/gavin/ros2_ws/src/robot_description', 'symlink_install': False, 'test_result_base': None}
[0.159s] Level 5:colcon.colcon_core.verb:set package 'tf_publisher' build argument 'cmake_args' from command line to 'None'
[0.159s] Level 5:colcon.colcon_core.verb:set package 'tf_publisher' build argument 'cmake_target' from command line to 'None'
[0.159s] Level 5:colcon.colcon_core.verb:set package 'tf_publisher' build argument 'cmake_target_skip_unavailable' from command line to 'False'
[0.159s] Level 5:colcon.colcon_core.verb:set package 'tf_publisher' build argument 'cmake_clean_cache' from command line to 'False'
[0.159s] Level 5:colcon.colcon_core.verb:set package 'tf_publisher' build argument 'cmake_clean_first' from command line to 'False'
[0.159s] Level 5:colcon.colcon_core.verb:set package 'tf_publisher' build argument 'cmake_force_configure' from command line to 'False'
[0.159s] Level 5:colcon.colcon_core.verb:set package 'tf_publisher' build argument 'ament_cmake_args' from command line to 'None'
[0.159s] Level 5:colcon.colcon_core.verb:set package 'tf_publisher' build argument 'catkin_cmake_args' from command line to 'None'
[0.159s] Level 5:colcon.colcon_core.verb:set package 'tf_publisher' build argument 'catkin_skip_building_tests' from command line to 'False'
[0.159s] DEBUG:colcon.colcon_core.verb:Building package 'tf_publisher' with the following arguments: {'ament_cmake_args': None, 'build_base': '/home/gavin/ros2_ws/build/tf_publisher', 'catkin_cmake_args': None, 'catkin_skip_building_tests': False, 'cmake_args': None, 'cmake_clean_cache': False, 'cmake_clean_first': False, 'cmake_force_configure': False, 'cmake_target': None, 'cmake_target_skip_unavailable': False, 'install_base': '/home/gavin/ros2_ws/install/tf_publisher', 'merge_install': False, 'path': '/home/gavin/ros2_ws/src/tf_publisher', 'symlink_install': False, 'test_result_base': None}
[0.159s] INFO:colcon.colcon_core.executor:Executing jobs using 'parallel' executor
[0.160s] DEBUG:colcon.colcon_parallel_executor.executor.parallel:run_until_complete
[0.160s] INFO:colcon.colcon_ros.task.ament_cmake.build:Building ROS package in '/home/gavin/ros2_ws/src/awc_msgs' with build type 'ament_cmake'
[0.160s] INFO:colcon.colcon_cmake.task.cmake.build:Building CMake package in '/home/gavin/ros2_ws/src/awc_msgs'
[0.161s] INFO:colcon.colcon_core.plugin_system:Skipping extension 'colcon_core.shell.bat': Not used on non-Windows systems
[0.162s] INFO:colcon.colcon_core.shell:Skip shell extension 'powershell' for command environment: Not usable outside of PowerShell
[0.162s] DEBUG:colcon.colcon_core.shell:Skip shell extension 'dsv' for command environment
[0.164s] INFO:colcon.colcon_ros.task.ament_cmake.build:Building ROS package in '/home/gavin/ros2_ws/src/robot_description' with build type 'ament_cmake'
[0.164s] INFO:colcon.colcon_cmake.task.cmake.build:Building CMake package in '/home/gavin/ros2_ws/src/robot_description'
[0.164s] INFO:colcon.colcon_core.shell:Skip shell extension 'powershell' for command environment: Not usable outside of PowerShell
[0.164s] DEBUG:colcon.colcon_core.shell:Skip shell extension 'dsv' for command environment
[0.166s] INFO:colcon.colcon_ros.task.ament_python.build:Building ROS package in '/home/gavin/ros2_ws/src/tf_publisher' with build type 'ament_python'
[0.166s] Level 1:colcon.colcon_core.shell:create_environment_hook('tf_publisher', 'ament_prefix_path')
[0.166s] INFO:colcon.colcon_core.shell:Creating environment hook '/home/gavin/ros2_ws/install/tf_publisher/share/tf_publisher/hook/ament_prefix_path.ps1'
[0.167s] INFO:colcon.colcon_core.shell:Creating environment descriptor '/home/gavin/ros2_ws/install/tf_publisher/share/tf_publisher/hook/ament_prefix_path.dsv'
[0.167s] INFO:colcon.colcon_core.shell:Creating environment hook '/home/gavin/ros2_ws/install/tf_publisher/share/tf_publisher/hook/ament_prefix_path.sh'
[0.167s] INFO:colcon.colcon_core.shell:Skip shell extension 'powershell' for command environment: Not usable outside of PowerShell
[0.168s] DEBUG:colcon.colcon_core.shell:Skip shell extension 'dsv' for command environment
[0.173s] DEBUG:colcon.colcon_core.event_handler.log_command:Invoking command in '/home/gavin/ros2_ws/build/awc_msgs': CMAKE_PREFIX_PATH=/opt/ros/humble /usr/bin/cmake /home/gavin/ros2_ws/src/awc_msgs -DCMAKE_INSTALL_PREFIX=/home/gavin/ros2_ws/install/awc_msgs
[0.176s] DEBUG:colcon.colcon_core.event_handler.log_command:Invoking command in '/home/gavin/ros2_ws/build/robot_description': CMAKE_PREFIX_PATH=/opt/ros/humble /usr/bin/cmake --build /home/gavin/ros2_ws/build/robot_description -- -j4 -l4
[0.340s] INFO:colcon.colcon_core.task.python.build:Building Python package in '/home/gavin/ros2_ws/src/tf_publisher'
[0.340s] INFO:colcon.colcon_core.shell:Skip shell extension 'powershell' for command environment: Not usable outside of PowerShell
[0.340s] DEBUG:colcon.colcon_core.shell:Skip shell extension 'dsv' for command environment
[0.343s] DEBUG:colcon.colcon_core.event_handler.log_command:Invoked command in '/home/gavin/ros2_ws/build/robot_description' returned '0': CMAKE_PREFIX_PATH=/opt/ros/humble /usr/bin/cmake --build /home/gavin/ros2_ws/build/robot_description -- -j4 -l4
[0.350s] DEBUG:colcon.colcon_core.event_handler.log_command:Invoking command in '/home/gavin/ros2_ws/build/robot_description': CMAKE_PREFIX_PATH=/opt/ros/humble /usr/bin/cmake --install /home/gavin/ros2_ws/build/robot_description
[0.361s] Level 1:colcon.colcon_core.environment:create_environment_scripts_only(robot_description)
[0.363s] Level 1:colcon.colcon_core.environment:checking '/home/gavin/ros2_ws/install/robot_description' for CMake module files
[0.363s] Level 1:colcon.colcon_core.environment:checking '/home/gavin/ros2_ws/install/robot_description' for CMake config files
[0.364s] DEBUG:colcon.colcon_core.event_handler.log_command:Invoked command in '/home/gavin/ros2_ws/build/robot_description' returned '0': CMAKE_PREFIX_PATH=/opt/ros/humble /usr/bin/cmake --install /home/gavin/ros2_ws/build/robot_description
[0.364s] Level 1:colcon.colcon_core.shell:create_environment_hook('robot_description', 'cmake_prefix_path')
[0.364s] INFO:colcon.colcon_core.shell:Creating environment hook '/home/gavin/ros2_ws/install/robot_description/share/robot_description/hook/cmake_prefix_path.ps1'
[0.365s] INFO:colcon.colcon_core.shell:Creating environment descriptor '/home/gavin/ros2_ws/install/robot_description/share/robot_description/hook/cmake_prefix_path.dsv'
[0.365s] INFO:colcon.colcon_core.shell:Creating environment hook '/home/gavin/ros2_ws/install/robot_description/share/robot_description/hook/cmake_prefix_path.sh'
[0.366s] Level 1:colcon.colcon_core.environment:checking '/home/gavin/ros2_ws/install/robot_description/bin'
[0.366s] Level 1:colcon.colcon_core.environment:checking '/home/gavin/ros2_ws/install/robot_description/lib/pkgconfig/robot_description.pc'
[0.366s] Level 1:colcon.colcon_core.environment:checking '/home/gavin/ros2_ws/install/robot_description/lib/python3.10/site-packages'
[0.366s] Level 1:colcon.colcon_core.environment:checking '/home/gavin/ros2_ws/install/robot_description/bin'
[0.367s] INFO:colcon.colcon_core.shell:Creating package script '/home/gavin/ros2_ws/install/robot_description/share/robot_description/package.ps1'
[0.367s] INFO:colcon.colcon_core.shell:Creating package descriptor '/home/gavin/ros2_ws/install/robot_description/share/robot_description/package.dsv'
[0.368s] INFO:colcon.colcon_core.shell:Creating package script '/home/gavin/ros2_ws/install/robot_description/share/robot_description/package.sh'
[0.369s] INFO:colcon.colcon_core.shell:Creating package script '/home/gavin/ros2_ws/install/robot_description/share/robot_description/package.bash'
[0.370s] INFO:colcon.colcon_core.shell:Creating package script '/home/gavin/ros2_ws/install/robot_description/share/robot_description/package.zsh'
[0.371s] Level 1:colcon.colcon_core.environment:create_file_with_runtime_dependencies(/home/gavin/ros2_ws/install/robot_description/share/colcon-core/packages/robot_description)
[0.372s] Level 1:colcon.colcon_core.environment:create_environment_scripts_only(robot_description)
[0.372s] Level 1:colcon.colcon_core.environment:checking '/home/gavin/ros2_ws/install/robot_description' for CMake module files
[0.372s] Level 1:colcon.colcon_core.environment:checking '/home/gavin/ros2_ws/install/robot_description' for CMake config files
[0.373s] Level 1:colcon.colcon_core.shell:create_environment_hook('robot_description', 'cmake_prefix_path')
[0.373s] INFO:colcon.colcon_core.shell:Creating environment hook '/home/gavin/ros2_ws/install/robot_description/share/robot_description/hook/cmake_prefix_path.ps1'
[0.373s] INFO:colcon.colcon_core.shell:Creating environment descriptor '/home/gavin/ros2_ws/install/robot_description/share/robot_description/hook/cmake_prefix_path.dsv'
[0.374s] INFO:colcon.colcon_core.shell:Creating environment hook '/home/gavin/ros2_ws/install/robot_description/share/robot_description/hook/cmake_prefix_path.sh'
[0.374s] Level 1:colcon.colcon_core.environment:checking '/home/gavin/ros2_ws/install/robot_description/bin'
[0.374s] Level 1:colcon.colcon_core.environment:checking '/home/gavin/ros2_ws/install/robot_description/lib/pkgconfig/robot_description.pc'
[0.375s] Level 1:colcon.colcon_core.environment:checking '/home/gavin/ros2_ws/install/robot_description/lib/python3.10/site-packages'
[0.375s] Level 1:colcon.colcon_core.environment:checking '/home/gavin/ros2_ws/install/robot_description/bin'
[0.375s] INFO:colcon.colcon_core.shell:Creating package script '/home/gavin/ros2_ws/install/robot_description/share/robot_description/package.ps1'
[0.376s] INFO:colcon.colcon_core.shell:Creating package descriptor '/home/gavin/ros2_ws/install/robot_description/share/robot_description/package.dsv'
[0.376s] INFO:colcon.colcon_core.shell:Creating package script '/home/gavin/ros2_ws/install/robot_description/share/robot_description/package.sh'
[0.376s] INFO:colcon.colcon_core.shell:Creating package script '/home/gavin/ros2_ws/install/robot_description/share/robot_description/package.bash'
[0.377s] INFO:colcon.colcon_core.shell:Creating package script '/home/gavin/ros2_ws/install/robot_description/share/robot_description/package.zsh'
[0.377s] Level 1:colcon.colcon_core.environment:create_file_with_runtime_dependencies(/home/gavin/ros2_ws/install/robot_description/share/colcon-core/packages/robot_description)
[0.534s] DEBUG:colcon.colcon_core.event_handler.log_command:Invoked command in '/home/gavin/ros2_ws/build/awc_msgs' returned '1': CMAKE_PREFIX_PATH=/opt/ros/humble /usr/bin/cmake /home/gavin/ros2_ws/src/awc_msgs -DCMAKE_INSTALL_PREFIX=/home/gavin/ros2_ws/install/awc_msgs
[0.542s] Level 1:colcon.colcon_core.environment:create_environment_scripts_only(awc_msgs)
[0.542s] Level 1:colcon.colcon_core.environment:checking '/home/gavin/ros2_ws/install/awc_msgs' for CMake module files
[0.543s] Level 1:colcon.colcon_core.environment:checking '/home/gavin/ros2_ws/install/awc_msgs' for CMake config files
[0.543s] Level 1:colcon.colcon_core.environment:checking '/home/gavin/ros2_ws/install/awc_msgs/bin'
[0.543s] Level 1:colcon.colcon_core.environment:checking '/home/gavin/ros2_ws/install/awc_msgs/lib/pkgconfig/awc_msgs.pc'
[0.543s] Level 1:colcon.colcon_core.environment:checking '/home/gavin/ros2_ws/install/awc_msgs/lib/python3.10/site-packages'
[0.543s] Level 1:colcon.colcon_core.environment:checking '/home/gavin/ros2_ws/install/awc_msgs/bin'
[0.543s] INFO:colcon.colcon_core.shell:Creating package script '/home/gavin/ros2_ws/install/awc_msgs/share/awc_msgs/package.ps1'
[0.544s] INFO:colcon.colcon_core.shell:Creating package descriptor '/home/gavin/ros2_ws/install/awc_msgs/share/awc_msgs/package.dsv'
[0.544s] INFO:colcon.colcon_core.shell:Creating package script '/home/gavin/ros2_ws/install/awc_msgs/share/awc_msgs/package.sh'
[0.544s] INFO:colcon.colcon_core.shell:Creating package script '/home/gavin/ros2_ws/install/awc_msgs/share/awc_msgs/package.bash'
[0.545s] INFO:colcon.colcon_core.shell:Creating package script '/home/gavin/ros2_ws/install/awc_msgs/share/awc_msgs/package.zsh'
[0.545s] Level 1:colcon.colcon_core.environment:create_file_with_runtime_dependencies(/home/gavin/ros2_ws/install/awc_msgs/share/colcon-core/packages/awc_msgs)
[0.742s] DEBUG:colcon.colcon_parallel_executor.executor.parallel:closing loop
[0.742s] DEBUG:colcon.colcon_parallel_executor.executor.parallel:loop closed
[0.742s] DEBUG:colcon.colcon_parallel_executor.executor.parallel:run_until_complete finished with '1'
[0.742s] DEBUG:colcon.colcon_core.event_reactor:joining thread
[0.746s] INFO:colcon.colcon_core.plugin_system:Skipping extension 'colcon_notification.desktop_notification.terminal_notifier': Not used on non-Darwin systems
[0.746s] INFO:colcon.colcon_core.plugin_system:Skipping extension 'colcon_notification.desktop_notification.win32': Not used on non-Windows systems
[0.747s] INFO:colcon.colcon_notification.desktop_notification:Sending desktop notification using 'notify2'
[0.755s] DEBUG:colcon.colcon_core.event_reactor:joined thread
[0.755s] INFO:colcon.colcon_core.shell:Creating prefix script '/home/gavin/ros2_ws/install/local_setup.ps1'
[0.756s] INFO:colcon.colcon_core.shell:Creating prefix util module '/home/gavin/ros2_ws/install/_local_setup_util_ps1.py'
[0.758s] INFO:colcon.colcon_core.shell:Creating prefix chain script '/home/gavin/ros2_ws/install/setup.ps1'
[0.759s] INFO:colcon.colcon_core.shell:Creating prefix script '/home/gavin/ros2_ws/install/local_setup.sh'
[0.759s] INFO:colcon.colcon_core.shell:Creating prefix util module '/home/gavin/ros2_ws/install/_local_setup_util_sh.py'
[0.760s] INFO:colcon.colcon_core.shell:Creating prefix chain script '/home/gavin/ros2_ws/install/setup.sh'
[0.761s] INFO:colcon.colcon_core.shell:Creating prefix script '/home/gavin/ros2_ws/install/local_setup.bash'
[0.761s] INFO:colcon.colcon_core.shell:Creating prefix chain script '/home/gavin/ros2_ws/install/setup.bash'
[0.762s] INFO:colcon.colcon_core.shell:Creating prefix script '/home/gavin/ros2_ws/install/local_setup.zsh'
[0.763s] INFO:colcon.colcon_core.shell:Creating prefix chain script '/home/gavin/ros2_ws/install/setup.zsh'
