[0.754s] Invoking command in '/home/gavin/ros2_ws/awc_bringup': PYTHONPATH=/home/gavin/ros2_ws/build/awc_bringup/prefix_override:/usr/lib/python3/dist-packages/colcon_core/task/python/colcon_distutils_commands:/home/gavin/ros2_ws/install/awc_bringup/lib/python3.10/site-packages:${PYTHONPATH} /usr/bin/python3 -W ignore:setup.py install is deprecated -W ignore:easy_install command is deprecated setup.py egg_info --egg-base ../build/awc_bringup build --build-base /home/gavin/ros2_ws/build/awc_bringup/build install --record /home/gavin/ros2_ws/build/awc_bringup/install.log --single-version-externally-managed install_data
[0.935s] running egg_info
[0.947s] writing ../build/awc_bringup/awc_bringup.egg-info/PKG-INFO
[0.948s] writing dependency_links to ../build/awc_bringup/awc_bringup.egg-info/dependency_links.txt
[0.948s] writing requirements to ../build/awc_bringup/awc_bringup.egg-info/requires.txt
[0.948s] writing top-level names to ../build/awc_bringup/awc_bringup.egg-info/top_level.txt
[0.968s] reading manifest file '../build/awc_bringup/awc_bringup.egg-info/SOURCES.txt'
[0.969s] writing manifest file '../build/awc_bringup/awc_bringup.egg-info/SOURCES.txt'
[0.969s] running build
[0.970s] running build_py
[0.970s] running install
[0.974s] running install_lib
[0.984s] running install_data
[0.984s] copying launch/awc_gazebo.launch.py -> /home/gavin/ros2_ws/install/awc_bringup/share/awc_bringup/launch
[0.985s] running install_egg_info
[0.996s] removing '/home/gavin/ros2_ws/install/awc_bringup/lib/python3.10/site-packages/awc_bringup-0.0.0-py3.10.egg-info' (and everything under it)
[0.996s] Copying ../build/awc_bringup/awc_bringup.egg-info to /home/gavin/ros2_ws/install/awc_bringup/lib/python3.10/site-packages/awc_bringup-0.0.0-py3.10.egg-info
[0.997s] running install_scripts
[1.108s] writing list of installed files to '/home/gavin/ros2_ws/build/awc_bringup/install.log'
[1.134s] Invoked command in '/home/gavin/ros2_ws/awc_bringup' returned '0': PYTHONPATH=/home/gavin/ros2_ws/build/awc_bringup/prefix_override:/usr/lib/python3/dist-packages/colcon_core/task/python/colcon_distutils_commands:/home/gavin/ros2_ws/install/awc_bringup/lib/python3.10/site-packages:${PYTHONPATH} /usr/bin/python3 -W ignore:setup.py install is deprecated -W ignore:easy_install command is deprecated setup.py egg_info --egg-base ../build/awc_bringup build --build-base /home/gavin/ros2_ws/build/awc_bringup/build install --record /home/gavin/ros2_ws/build/awc_bringup/install.log --single-version-externally-managed install_data
