[5.079s] Invoking command in '/home/gavin/AWC_control/src/awc_bringup': CONDA_PROMPT_MODIFIER=(base) PYTHONPATH=/home/gavin/AWC_control/src/build/awc_bringup/prefix_override:/usr/lib/python3/dist-packages/colcon_core/task/python/colcon_distutils_commands:/home/gavin/AWC_control/src/install/awc_bringup/lib/python3.10/site-packages:${PYTHONPATH} /usr/bin/python3 -W ignore:setup.py install is deprecated -W ignore:easy_install command is deprecated setup.py egg_info --egg-base ../build/awc_bringup build --build-base /home/gavin/AWC_control/src/build/awc_bringup/build install --record /home/gavin/AWC_control/src/build/awc_bringup/install.log --single-version-externally-managed install_data
[5.872s] running egg_info
[5.875s] writing ../build/awc_bringup/awc_bringup.egg-info/PKG-INFO
[5.878s] writing dependency_links to ../build/awc_bringup/awc_bringup.egg-info/dependency_links.txt
[5.878s] writing entry points to ../build/awc_bringup/awc_bringup.egg-info/entry_points.txt
[5.878s] writing requirements to ../build/awc_bringup/awc_bringup.egg-info/requires.txt
[5.879s] writing top-level names to ../build/awc_bringup/awc_bringup.egg-info/top_level.txt
[5.887s] reading manifest file '../build/awc_bringup/awc_bringup.egg-info/SOURCES.txt'
[5.897s] writing manifest file '../build/awc_bringup/awc_bringup.egg-info/SOURCES.txt'
[5.898s] running build
[5.898s] running build_py
[5.898s] running install
[5.898s] running install_lib
[5.899s] running install_data
[5.900s] running install_egg_info
[5.904s] removing '/home/gavin/AWC_control/src/install/awc_bringup/lib/python3.10/site-packages/awc_bringup-0.0.0-py3.10.egg-info' (and everything under it)
[5.905s] Copying ../build/awc_bringup/awc_bringup.egg-info to /home/gavin/AWC_control/src/install/awc_bringup/lib/python3.10/site-packages/awc_bringup-0.0.0-py3.10.egg-info
[5.908s] running install_scripts
[5.964s] writing list of installed files to '/home/gavin/AWC_control/src/build/awc_bringup/install.log'
[6.081s] Invoked command in '/home/gavin/AWC_control/src/awc_bringup' returned '0': CONDA_PROMPT_MODIFIER=(base) PYTHONPATH=/home/gavin/AWC_control/src/build/awc_bringup/prefix_override:/usr/lib/python3/dist-packages/colcon_core/task/python/colcon_distutils_commands:/home/gavin/AWC_control/src/install/awc_bringup/lib/python3.10/site-packages:${PYTHONPATH} /usr/bin/python3 -W ignore:setup.py install is deprecated -W ignore:easy_install command is deprecated setup.py egg_info --egg-base ../build/awc_bringup build --build-base /home/gavin/AWC_control/src/build/awc_bringup/build install --record /home/gavin/AWC_control/src/build/awc_bringup/install.log --single-version-externally-managed install_data
