[3.737s] Invoking command in '/home/gavin/AWC_control/src/build/pointcloud_to_laserscan': CMAKE_PREFIX_PATH=${CMAKE_PREFIX_PATH}:/home/gavin/AWC_control/install/tf_publisher:/home/gavin/AWC_control/install/ros2arduino:/home/gavin/AWC_control/install/robot_joy:/home/gavin/AWC_control/install/nav2_commander:/home/gavin/AWC_control/install/js2fork:/home/gavin/AWC_control/install/joystick_ros2:/home/gavin/AWC_control/install/gpt:/home/gavin/AWC_control/install/awc_bringup:/home/gavin/minimec/install/wheeltec_control:/home/gavin/minimec/install/mini_mec_localization:/home/gavin/minimec/src/install/wheeltec_control:/home/gavin/minimec/src/install/mini_mec_localization:/home/gavin/install/ament_uncrustify:/home/gavin/install/tracetools_trace:/home/gavin/install/tracetools_read:/home/gavin/install/rpyutils:/home/gavin/install/rosidl_cli:/home/gavin/install/launch_pytest:/home/gavin/install/launch_testing:/home/gavin/install/launch_yaml:/home/gavin/install/launch_xml:/home/gavin/install/launch:/home/gavin/install/osrf_pycommon:/home/gavin/install/domain_coordinator:/home/gavin/install/ament_xmllint:/home/gavin/install/ament_pyflakes:/home/gavin/install/ament_pycodestyle:/home/gavin/install/ament_pep257:/home/gavin/install/ament_pclint:/home/gavin/install/ament_package:/home/gavin/install/ament_mypy:/home/gavin/install/ament_lint_cmake:/home/gavin/install/ament_flake8:/home/gavin/install/ament_copyright:/home/gavin/install/ament_lint:/home/gavin/install/ament_index_python:/home/gavin/install/ament_cpplint:/home/gavin/install/ament_cppcheck:/home/gavin/install/ament_clang_tidy:/home/gavin/install/ament_clang_format:/opt/ros/humble CONDA_PROMPT_MODIFIER=(base) /usr/bin/cmake /home/gavin/AWC_control/src/pointcloud_to_laserscan -DCMAKE_INSTALL_PREFIX=/home/gavin/AWC_control/src/install/pointcloud_to_laserscan
[3.766s] -- Found ament_cmake: 1.3.10 (/home/gavin/install/ament_cmake/share/ament_cmake/cmake)
[4.097s] -- Found laser_geometry: 2.4.0 (/opt/ros/humble/share/laser_geometry/cmake)
[4.177s] -- Found rosidl_generator_c: 3.1.5 (/home/gavin/install/rosidl_generator_c/share/rosidl_generator_c/cmake)
[4.183s] -- Found rosidl_adapter: 3.1.5 (/home/gavin/install/rosidl_adapter/share/rosidl_adapter/cmake)
[4.195s] -- Found rosidl_generator_cpp: 3.1.6 (/opt/ros/humble/share/rosidl_generator_cpp/cmake)
[4.227s] -- Using all available rosidl_typesupport_c: rosidl_typesupport_introspection_c;rosidl_typesupport_fastrtps_c
[4.281s] -- Using all available rosidl_typesupport_cpp: rosidl_typesupport_fastrtps_cpp;rosidl_typesupport_introspection_cpp
[4.389s] -- Found rmw_implementation_cmake: 6.1.2 (/home/gavin/install/rmw_implementation_cmake/share/rmw_implementation_cmake/cmake)
[4.408s] -- Found rmw_cyclonedds_cpp: 1.3.4 (/opt/ros/humble/share/rmw_cyclonedds_cpp/cmake)
[4.476s] -- Using RMW implementation 'rmw_cyclonedds_cpp' as default
[4.909s] -- Found message_filters: 4.3.7 (/opt/ros/humble/share/message_filters/cmake)
[4.925s] -- Found rclcpp_components: 16.0.12 (/opt/ros/humble/share/rclcpp_components/cmake)
[4.987s] -- Found tf2_ros: 0.25.12 (/opt/ros/humble/share/tf2_ros/cmake)
[5.291s] -- Found tf2_sensor_msgs: 0.25.12 (/opt/ros/humble/share/tf2_sensor_msgs/cmake)
[5.391s] -- Found ament_lint_auto: 0.12.11 (/home/gavin/install/ament_lint_auto/share/ament_lint_auto/cmake)
[5.750s] -- Added test 'cppcheck' to perform static code analysis on C / C++ code
[5.752s] -- Configured cppcheck include dirs: $<BUILD_INTERFACE:/home/gavin/AWC_control/src/pointcloud_to_laserscan/include>
[5.752s] -- Configured cppcheck exclude dirs and/or files: 
[5.761s] -- Added test 'cpplint' to check C / C++ code against the Google style
[5.761s] -- Configured cpplint exclude dirs and/or files: 
[5.761s] -- Added test 'flake8' to check Python code syntax and style conventions
[5.765s] -- Added test 'lint_cmake' to check CMake code style
[5.766s] -- Added test 'pep257' to check Python code against some of the docstring style conventions in PEP 257
[5.773s] -- Added test 'uncrustify' to check C / C++ code style
[5.774s] -- Configured uncrustify additional arguments: 
[5.783s] -- Added test 'xmllint' to check XML markup files
[5.783s] -- Configuring done
[5.796s] [31mCMake Error at CMakeLists.txt:15 (add_library):
[5.796s]   Target "laserscan_to_pointcloud" links to target
[5.796s]   "tf2_sensor_msgs::tf2_sensor_msgs" but the target was not found.  Perhaps a
[5.796s]   find_package() call is missing for an IMPORTED target, or an ALIAS target
[5.796s]   is missing?
[5.797s] 
[5.797s] [0m
[5.797s] [31mCMake Error at CMakeLists.txt:36 (add_library):
[5.797s]   Target "pointcloud_to_laserscan" links to target
[5.797s]   "tf2_sensor_msgs::tf2_sensor_msgs" but the target was not found.  Perhaps a
[5.797s]   find_package() call is missing for an IMPORTED target, or an ALIAS target
[5.797s]   is missing?
[5.798s] 
[5.798s] [0m
[5.871s] -- Generating done
[5.871s] [0mCMake Generate step failed.  Build files cannot be regenerated correctly.[0m
[6.648s] Invoked command in '/home/gavin/AWC_control/src/build/pointcloud_to_laserscan' returned '1': CMAKE_PREFIX_PATH=${CMAKE_PREFIX_PATH}:/home/gavin/AWC_control/install/tf_publisher:/home/gavin/AWC_control/install/ros2arduino:/home/gavin/AWC_control/install/robot_joy:/home/gavin/AWC_control/install/nav2_commander:/home/gavin/AWC_control/install/js2fork:/home/gavin/AWC_control/install/joystick_ros2:/home/gavin/AWC_control/install/gpt:/home/gavin/AWC_control/install/awc_bringup:/home/gavin/minimec/install/wheeltec_control:/home/gavin/minimec/install/mini_mec_localization:/home/gavin/minimec/src/install/wheeltec_control:/home/gavin/minimec/src/install/mini_mec_localization:/home/gavin/install/ament_uncrustify:/home/gavin/install/tracetools_trace:/home/gavin/install/tracetools_read:/home/gavin/install/rpyutils:/home/gavin/install/rosidl_cli:/home/gavin/install/launch_pytest:/home/gavin/install/launch_testing:/home/gavin/install/launch_yaml:/home/gavin/install/launch_xml:/home/gavin/install/launch:/home/gavin/install/osrf_pycommon:/home/gavin/install/domain_coordinator:/home/gavin/install/ament_xmllint:/home/gavin/install/ament_pyflakes:/home/gavin/install/ament_pycodestyle:/home/gavin/install/ament_pep257:/home/gavin/install/ament_pclint:/home/gavin/install/ament_package:/home/gavin/install/ament_mypy:/home/gavin/install/ament_lint_cmake:/home/gavin/install/ament_flake8:/home/gavin/install/ament_copyright:/home/gavin/install/ament_lint:/home/gavin/install/ament_index_python:/home/gavin/install/ament_cpplint:/home/gavin/install/ament_cppcheck:/home/gavin/install/ament_clang_tidy:/home/gavin/install/ament_clang_format:/opt/ros/humble CONDA_PROMPT_MODIFIER=(base) /usr/bin/cmake /home/gavin/AWC_control/src/pointcloud_to_laserscan -DCMAKE_INSTALL_PREFIX=/home/gavin/AWC_control/src/install/pointcloud_to_laserscan
