[2.591s] Invoking command in '/home/gavin/AWC_control/src/build/pointcloud_to_laserscan': CMAKE_PREFIX_PATH=${CMAKE_PREFIX_PATH}:/home/gavin/AWC_control/install/tf_publisher:/home/gavin/AWC_control/install/ros2arduino:/home/gavin/AWC_control/install/robot_joy:/home/gavin/AWC_control/install/nav2_commander:/home/gavin/AWC_control/install/js2fork:/home/gavin/AWC_control/install/joystick_ros2:/home/gavin/AWC_control/install/gpt:/home/gavin/AWC_control/install/awc_bringup:/home/gavin/minimec/install/wheeltec_control:/home/gavin/minimec/install/mini_mec_localization:/home/gavin/minimec/src/install/wheeltec_control:/home/gavin/minimec/src/install/mini_mec_localization:/home/gavin/install/ament_uncrustify:/home/gavin/install/tracetools_trace:/home/gavin/install/tracetools_read:/home/gavin/install/rpyutils:/home/gavin/install/rosidl_cli:/home/gavin/install/launch_pytest:/home/gavin/install/launch_testing:/home/gavin/install/launch_yaml:/home/gavin/install/launch_xml:/home/gavin/install/launch:/home/gavin/install/osrf_pycommon:/home/gavin/install/domain_coordinator:/home/gavin/install/ament_xmllint:/home/gavin/install/ament_pyflakes:/home/gavin/install/ament_pycodestyle:/home/gavin/install/ament_pep257:/home/gavin/install/ament_pclint:/home/gavin/install/ament_package:/home/gavin/install/ament_mypy:/home/gavin/install/ament_lint_cmake:/home/gavin/install/ament_flake8:/home/gavin/install/ament_copyright:/home/gavin/install/ament_lint:/home/gavin/install/ament_index_python:/home/gavin/install/ament_cpplint:/home/gavin/install/ament_cppcheck:/home/gavin/install/ament_clang_tidy:/home/gavin/install/ament_clang_format:/opt/ros/humble CONDA_PROMPT_MODIFIER=(base) /usr/bin/cmake /home/gavin/AWC_control/src/pointcloud_to_laserscan -DCMAKE_INSTALL_PREFIX=/home/gavin/AWC_control/src/install/pointcloud_to_laserscan
[2.685s] -- The C compiler identification is GNU 11.4.0
[2.769s] -- The CXX compiler identification is GNU 11.4.0
[2.779s] -- Detecting C compiler ABI info
[2.906s] -- Detecting C compiler ABI info - done
[2.920s] -- Check for working C compiler: /usr/bin/cc - skipped
[2.920s] -- Detecting C compile features
[2.920s] -- Detecting C compile features - done
[2.925s] -- Detecting CXX compiler ABI info
[3.062s] -- Detecting CXX compiler ABI info - done
[3.075s] -- Check for working CXX compiler: /usr/bin/c++ - skipped
[3.075s] -- Detecting CXX compile features
[3.076s] -- Detecting CXX compile features - done
[3.091s] -- Found ament_cmake: 1.3.10 (/home/gavin/install/ament_cmake/share/ament_cmake/cmake)
[4.186s] -- Found Python3: /home/gavin/miniconda3/bin/python3 (found version "3.12.8") found components: Interpreter 
[4.819s] -- Found laser_geometry: 2.4.0 (/opt/ros/humble/share/laser_geometry/cmake)
[5.244s] -- Found rosidl_generator_c: 3.1.5 (/home/gavin/install/rosidl_generator_c/share/rosidl_generator_c/cmake)
[5.276s] -- Found rosidl_adapter: 3.1.5 (/home/gavin/install/rosidl_adapter/share/rosidl_adapter/cmake)
[5.340s] -- Found rosidl_generator_cpp: 3.1.6 (/opt/ros/humble/share/rosidl_generator_cpp/cmake)
[5.544s] -- Using all available rosidl_typesupport_c: rosidl_typesupport_introspection_c;rosidl_typesupport_fastrtps_c
[5.624s] -- Using all available rosidl_typesupport_cpp: rosidl_typesupport_fastrtps_cpp;rosidl_typesupport_introspection_cpp
[5.872s] -- Found rmw_implementation_cmake: 6.1.2 (/home/gavin/install/rmw_implementation_cmake/share/rmw_implementation_cmake/cmake)
[5.905s] -- Found rmw_cyclonedds_cpp: 1.3.4 (/opt/ros/humble/share/rmw_cyclonedds_cpp/cmake)
[6.012s] -- Using RMW implementation 'rmw_cyclonedds_cpp' as default
[6.080s] -- Looking for pthread.h
[6.302s] -- Looking for pthread.h - found
[6.302s] -- Performing Test CMAKE_HAVE_LIBC_PTHREAD
[6.535s] -- Performing Test CMAKE_HAVE_LIBC_PTHREAD - Success
[6.537s] -- Found Threads: TRUE  
[6.922s] -- Found message_filters: 4.3.7 (/opt/ros/humble/share/message_filters/cmake)
[6.950s] -- Found rclcpp_components: 16.0.12 (/opt/ros/humble/share/rclcpp_components/cmake)
[7.068s] -- Found tf2_ros: 0.25.12 (/opt/ros/humble/share/tf2_ros/cmake)
[7.463s] -- Found tf2_sensor_msgs: 0.25.12 (/opt/ros/humble/share/tf2_sensor_msgs/cmake)
[7.692s] -- Found ament_lint_auto: 0.12.11 (/home/gavin/install/ament_lint_auto/share/ament_lint_auto/cmake)
[8.323s] -- Added test 'cppcheck' to perform static code analysis on C / C++ code
[8.323s] -- Configured cppcheck include dirs: $<BUILD_INTERFACE:/home/gavin/AWC_control/src/pointcloud_to_laserscan/include>
[8.324s] -- Configured cppcheck exclude dirs and/or files: 
[8.345s] -- Added test 'cpplint' to check C / C++ code against the Google style
[8.347s] -- Configured cpplint exclude dirs and/or files: 
[8.359s] -- Added test 'flake8' to check Python code syntax and style conventions
[8.369s] -- Added test 'lint_cmake' to check CMake code style
[8.378s] -- Added test 'pep257' to check Python code against some of the docstring style conventions in PEP 257
[8.393s] -- Added test 'uncrustify' to check C / C++ code style
[8.393s] -- Configured uncrustify additional arguments: 
[8.402s] -- Added test 'xmllint' to check XML markup files
[8.431s] -- Configuring done
[8.478s] [31mCMake Error at CMakeLists.txt:15 (add_library):
[8.479s]   Target "laserscan_to_pointcloud" links to target
[8.479s]   "tf2_sensor_msgs::tf2_sensor_msgs" but the target was not found.  Perhaps a
[8.479s]   find_package() call is missing for an IMPORTED target, or an ALIAS target
[8.480s]   is missing?
[8.480s] 
[8.480s] [0m
[8.480s] [31mCMake Error at CMakeLists.txt:36 (add_library):
[8.480s]   Target "pointcloud_to_laserscan" links to target
[8.481s]   "tf2_sensor_msgs::tf2_sensor_msgs" but the target was not found.  Perhaps a
[8.481s]   find_package() call is missing for an IMPORTED target, or an ALIAS target
[8.481s]   is missing?
[8.481s] 
[8.483s] [0m
[8.681s] -- Generating done
[8.704s] [0mCMake Generate step failed.  Build files cannot be regenerated correctly.[0m
[8.824s] Invoked command in '/home/gavin/AWC_control/src/build/pointcloud_to_laserscan' returned '1': CMAKE_PREFIX_PATH=${CMAKE_PREFIX_PATH}:/home/gavin/AWC_control/install/tf_publisher:/home/gavin/AWC_control/install/ros2arduino:/home/gavin/AWC_control/install/robot_joy:/home/gavin/AWC_control/install/nav2_commander:/home/gavin/AWC_control/install/js2fork:/home/gavin/AWC_control/install/joystick_ros2:/home/gavin/AWC_control/install/gpt:/home/gavin/AWC_control/install/awc_bringup:/home/gavin/minimec/install/wheeltec_control:/home/gavin/minimec/install/mini_mec_localization:/home/gavin/minimec/src/install/wheeltec_control:/home/gavin/minimec/src/install/mini_mec_localization:/home/gavin/install/ament_uncrustify:/home/gavin/install/tracetools_trace:/home/gavin/install/tracetools_read:/home/gavin/install/rpyutils:/home/gavin/install/rosidl_cli:/home/gavin/install/launch_pytest:/home/gavin/install/launch_testing:/home/gavin/install/launch_yaml:/home/gavin/install/launch_xml:/home/gavin/install/launch:/home/gavin/install/osrf_pycommon:/home/gavin/install/domain_coordinator:/home/gavin/install/ament_xmllint:/home/gavin/install/ament_pyflakes:/home/gavin/install/ament_pycodestyle:/home/gavin/install/ament_pep257:/home/gavin/install/ament_pclint:/home/gavin/install/ament_package:/home/gavin/install/ament_mypy:/home/gavin/install/ament_lint_cmake:/home/gavin/install/ament_flake8:/home/gavin/install/ament_copyright:/home/gavin/install/ament_lint:/home/gavin/install/ament_index_python:/home/gavin/install/ament_cpplint:/home/gavin/install/ament_cppcheck:/home/gavin/install/ament_clang_tidy:/home/gavin/install/ament_clang_format:/opt/ros/humble CONDA_PROMPT_MODIFIER=(base) /usr/bin/cmake /home/gavin/AWC_control/src/pointcloud_to_laserscan -DCMAKE_INSTALL_PREFIX=/home/gavin/AWC_control/src/install/pointcloud_to_laserscan
