[1.743s] Invoking command in '/home/gavin/AWC_control/src/ros2arduino': CONDA_PROMPT_MODIFIER=(base) PYTHONPATH=/home/gavin/AWC_control/src/build/ros2arduino/prefix_override:/usr/lib/python3/dist-packages/colcon_core/task/python/colcon_distutils_commands:/home/gavin/AWC_control/src/install/ros2arduino/lib/python3.10/site-packages:${PYTHONPATH} /usr/bin/python3 -W ignore:setup.py install is deprecated -W ignore:easy_install command is deprecated setup.py egg_info --egg-base ../build/ros2arduino build --build-base /home/gavin/AWC_control/src/build/ros2arduino/build install --record /home/gavin/AWC_control/src/build/ros2arduino/install.log --single-version-externally-managed install_data
[2.499s] running egg_info
[2.500s] writing ../build/ros2arduino/ros2arduino.egg-info/PKG-INFO
[2.500s] writing dependency_links to ../build/ros2arduino/ros2arduino.egg-info/dependency_links.txt
[2.501s] writing entry points to ../build/ros2arduino/ros2arduino.egg-info/entry_points.txt
[2.501s] writing requirements to ../build/ros2arduino/ros2arduino.egg-info/requires.txt
[2.501s] writing top-level names to ../build/ros2arduino/ros2arduino.egg-info/top_level.txt
[2.503s] reading manifest file '../build/ros2arduino/ros2arduino.egg-info/SOURCES.txt'
[2.506s] writing manifest file '../build/ros2arduino/ros2arduino.egg-info/SOURCES.txt'
[2.506s] running build
[2.506s] running build_py
[2.506s] running install
[2.507s] running install_lib
[2.507s] running install_data
[2.507s] running install_egg_info
[2.512s] removing '/home/gavin/AWC_control/src/install/ros2arduino/lib/python3.10/site-packages/ros2arduino-0.0.0-py3.10.egg-info' (and everything under it)
[2.512s] Copying ../build/ros2arduino/ros2arduino.egg-info to /home/gavin/AWC_control/src/install/ros2arduino/lib/python3.10/site-packages/ros2arduino-0.0.0-py3.10.egg-info
[2.512s] running install_scripts
[2.549s] Installing ros2arduino script to /home/gavin/AWC_control/src/install/ros2arduino/lib/ros2arduino
[2.549s] writing list of installed files to '/home/gavin/AWC_control/src/build/ros2arduino/install.log'
[2.599s] Invoked command in '/home/gavin/AWC_control/src/ros2arduino' returned '0': CONDA_PROMPT_MODIFIER=(base) PYTHONPATH=/home/gavin/AWC_control/src/build/ros2arduino/prefix_override:/usr/lib/python3/dist-packages/colcon_core/task/python/colcon_distutils_commands:/home/gavin/AWC_control/src/install/ros2arduino/lib/python3.10/site-packages:${PYTHONPATH} /usr/bin/python3 -W ignore:setup.py install is deprecated -W ignore:easy_install command is deprecated setup.py egg_info --egg-base ../build/ros2arduino build --build-base /home/gavin/AWC_control/src/build/ros2arduino/build install --record /home/gavin/AWC_control/src/build/ros2arduino/install.log --single-version-externally-managed install_data
