[0.642s] Invoking command in '/home/gavin/AWC_control/src/build/awc_interfaces': CMAKE_PREFIX_PATH=${CMAKE_PREFIX_PATH}:/home/gavin/AWC_control/install/tf_publisher:/home/gavin/AWC_control/install/ros2arduino:/home/gavin/AWC_control/install/robot_joy:/home/gavin/AWC_control/install/nav2_commander:/home/gavin/AWC_control/install/js2fork:/home/gavin/AWC_control/install/joystick_ros2:/home/gavin/AWC_control/install/gpt:/home/gavin/AWC_control/install/awc_bringup:/home/gavin/minimec/install/wheeltec_control:/home/gavin/minimec/install/mini_mec_localization:/home/gavin/minimec/src/install/wheeltec_control:/home/gavin/minimec/src/install/mini_mec_localization:/home/gavin/install/ament_uncrustify:/home/gavin/install/tracetools_trace:/home/gavin/install/tracetools_read:/home/gavin/install/rpyutils:/home/gavin/install/rosidl_cli:/home/gavin/install/launch_pytest:/home/gavin/install/launch_testing:/home/gavin/install/launch_yaml:/home/gavin/install/launch_xml:/home/gavin/install/launch:/home/gavin/install/osrf_pycommon:/home/gavin/install/domain_coordinator:/home/gavin/install/ament_xmllint:/home/gavin/install/ament_pyflakes:/home/gavin/install/ament_pycodestyle:/home/gavin/install/ament_pep257:/home/gavin/install/ament_pclint:/home/gavin/install/ament_package:/home/gavin/install/ament_mypy:/home/gavin/install/ament_lint_cmake:/home/gavin/install/ament_flake8:/home/gavin/install/ament_copyright:/home/gavin/install/ament_lint:/home/gavin/install/ament_index_python:/home/gavin/install/ament_cpplint:/home/gavin/install/ament_cppcheck:/home/gavin/install/ament_clang_tidy:/home/gavin/install/ament_clang_format:/opt/ros/humble CONDA_PROMPT_MODIFIER=(base) /usr/bin/cmake /home/gavin/AWC_control/src/awc_interfaces -DCMAKE_INSTALL_PREFIX=/home/gavin/AWC_control/src/install/awc_interfaces
[2.685s] -- The C compiler identification is GNU 11.4.0
[2.685s] -- The CXX compiler identification is GNU 11.4.0
[2.685s] -- Detecting C compiler ABI info
[2.685s] -- Detecting C compiler ABI info - done
[2.685s] -- Check for working C compiler: /usr/bin/cc - skipped
[2.685s] -- Detecting C compile features
[2.686s] -- Detecting C compile features - done
[2.686s] -- Detecting CXX compiler ABI info
[2.686s] -- Detecting CXX compiler ABI info - done
[2.686s] -- Check for working CXX compiler: /usr/bin/c++ - skipped
[2.686s] -- Detecting CXX compile features
[2.686s] -- Detecting CXX compile features - done
[2.686s] -- Found ament_cmake: 1.3.10 (/home/gavin/install/ament_cmake/share/ament_cmake/cmake)
[2.687s] -- Found Python3: /home/gavin/miniconda3/bin/python3 (found version "3.12.8") found components: Interpreter 
[2.687s] -- Found geometry_msgs: 4.8.0 (/opt/ros/humble/share/geometry_msgs/cmake)
[2.687s] -- Found rosidl_generator_c: 3.1.5 (/home/gavin/install/rosidl_generator_c/share/rosidl_generator_c/cmake)
[2.687s] -- Found rosidl_adapter: 3.1.5 (/home/gavin/install/rosidl_adapter/share/rosidl_adapter/cmake)
[2.688s] -- Found rosidl_generator_cpp: 3.1.6 (/opt/ros/humble/share/rosidl_generator_cpp/cmake)
[2.688s] -- Using all available rosidl_typesupport_c: rosidl_typesupport_introspection_c;rosidl_typesupport_fastrtps_c
[2.689s] -- Using all available rosidl_typesupport_cpp: rosidl_typesupport_fastrtps_cpp;rosidl_typesupport_introspection_cpp
[2.689s] -- Found rosidl_default_generators: 1.2.0 (/opt/ros/humble/share/rosidl_default_generators/cmake)
[3.123s] -- Found ament_cmake_ros: 0.10.0 (/home/gavin/install/ament_cmake_ros/share/ament_cmake_ros/cmake)
[4.489s] -- Using all available rosidl_typesupport_c: rosidl_typesupport_introspection_c;rosidl_typesupport_fastrtps_c
[5.017s] -- Using all available rosidl_typesupport_cpp: rosidl_typesupport_fastrtps_cpp;rosidl_typesupport_introspection_cpp
[5.077s] -- Found PythonInterp: /home/gavin/miniconda3/bin/python3 (found suitable version "3.12.8", minimum required is "3.6") 
[5.088s] -- Found python_cmake_module: 0.10.0 (/home/gavin/install/python_cmake_module/share/python_cmake_module/cmake)
[5.157s] -- Found PythonLibs: /home/gavin/miniconda3/lib/libpython3.12.so (found suitable version "3.12.8", minimum required is "3.5") 
[5.158s] -- Using PYTHON_EXECUTABLE: /home/gavin/miniconda3/bin/python3
[5.158s] -- Using PYTHON_INCLUDE_DIRS: /home/gavin/miniconda3/include/python3.12
[5.160s] -- Using PYTHON_LIBRARIES: /home/gavin/miniconda3/lib/libpython3.12.so
[5.245s] -- Found PythonExtra: .so  
[5.709s] -- Using numpy include directory: /home/gavin/miniconda3/lib/python3.12/site-packages/numpy/_core/include
[5.858s] -- Configuring done
[5.915s] -- Generating done
[5.930s] -- Build files have been written to: /home/gavin/AWC_control/src/build/awc_interfaces
[7.131s] Invoked command in '/home/gavin/AWC_control/src/build/awc_interfaces' returned '0': CMAKE_PREFIX_PATH=${CMAKE_PREFIX_PATH}:/home/gavin/AWC_control/install/tf_publisher:/home/gavin/AWC_control/install/ros2arduino:/home/gavin/AWC_control/install/robot_joy:/home/gavin/AWC_control/install/nav2_commander:/home/gavin/AWC_control/install/js2fork:/home/gavin/AWC_control/install/joystick_ros2:/home/gavin/AWC_control/install/gpt:/home/gavin/AWC_control/install/awc_bringup:/home/gavin/minimec/install/wheeltec_control:/home/gavin/minimec/install/mini_mec_localization:/home/gavin/minimec/src/install/wheeltec_control:/home/gavin/minimec/src/install/mini_mec_localization:/home/gavin/install/ament_uncrustify:/home/gavin/install/tracetools_trace:/home/gavin/install/tracetools_read:/home/gavin/install/rpyutils:/home/gavin/install/rosidl_cli:/home/gavin/install/launch_pytest:/home/gavin/install/launch_testing:/home/gavin/install/launch_yaml:/home/gavin/install/launch_xml:/home/gavin/install/launch:/home/gavin/install/osrf_pycommon:/home/gavin/install/domain_coordinator:/home/gavin/install/ament_xmllint:/home/gavin/install/ament_pyflakes:/home/gavin/install/ament_pycodestyle:/home/gavin/install/ament_pep257:/home/gavin/install/ament_pclint:/home/gavin/install/ament_package:/home/gavin/install/ament_mypy:/home/gavin/install/ament_lint_cmake:/home/gavin/install/ament_flake8:/home/gavin/install/ament_copyright:/home/gavin/install/ament_lint:/home/gavin/install/ament_index_python:/home/gavin/install/ament_cpplint:/home/gavin/install/ament_cppcheck:/home/gavin/install/ament_clang_tidy:/home/gavin/install/ament_clang_format:/opt/ros/humble CONDA_PROMPT_MODIFIER=(base) /usr/bin/cmake /home/gavin/AWC_control/src/awc_interfaces -DCMAKE_INSTALL_PREFIX=/home/gavin/AWC_control/src/install/awc_interfaces
[7.132s] Invoking command in '/home/gavin/AWC_control/src/build/awc_interfaces': CMAKE_PREFIX_PATH=${CMAKE_PREFIX_PATH}:/home/gavin/AWC_control/install/tf_publisher:/home/gavin/AWC_control/install/ros2arduino:/home/gavin/AWC_control/install/robot_joy:/home/gavin/AWC_control/install/nav2_commander:/home/gavin/AWC_control/install/js2fork:/home/gavin/AWC_control/install/joystick_ros2:/home/gavin/AWC_control/install/gpt:/home/gavin/AWC_control/install/awc_bringup:/home/gavin/minimec/install/wheeltec_control:/home/gavin/minimec/install/mini_mec_localization:/home/gavin/minimec/src/install/wheeltec_control:/home/gavin/minimec/src/install/mini_mec_localization:/home/gavin/install/ament_uncrustify:/home/gavin/install/tracetools_trace:/home/gavin/install/tracetools_read:/home/gavin/install/rpyutils:/home/gavin/install/rosidl_cli:/home/gavin/install/launch_pytest:/home/gavin/install/launch_testing:/home/gavin/install/launch_yaml:/home/gavin/install/launch_xml:/home/gavin/install/launch:/home/gavin/install/osrf_pycommon:/home/gavin/install/domain_coordinator:/home/gavin/install/ament_xmllint:/home/gavin/install/ament_pyflakes:/home/gavin/install/ament_pycodestyle:/home/gavin/install/ament_pep257:/home/gavin/install/ament_pclint:/home/gavin/install/ament_package:/home/gavin/install/ament_mypy:/home/gavin/install/ament_lint_cmake:/home/gavin/install/ament_flake8:/home/gavin/install/ament_copyright:/home/gavin/install/ament_lint:/home/gavin/install/ament_index_python:/home/gavin/install/ament_cpplint:/home/gavin/install/ament_cppcheck:/home/gavin/install/ament_clang_tidy:/home/gavin/install/ament_clang_format:/opt/ros/humble CONDA_PROMPT_MODIFIER=(base) /usr/bin/cmake --build /home/gavin/AWC_control/src/build/awc_interfaces -- -j8 -l8
[7.290s] [  3%] [34m[1mGenerating C code for ROS interfaces[0m
[7.395s] [  3%] Built target ament_cmake_python_copy_awc_interfaces
[7.404s] [  6%] [34m[1mGenerating C++ code for ROS interfaces[0m
[8.197s] [  9%] [32mBuilding C object CMakeFiles/awc_interfaces__rosidl_generator_c.dir/rosidl_generator_c/awc_interfaces/msg/detail/navigation_command__functions.c.o[0m
[8.359s] [ 12%] [32m[1mLinking C shared library libawc_interfaces__rosidl_generator_c.so[0m
[8.422s] running egg_info
[8.426s] creating awc_interfaces.egg-info
[8.477s] [ 12%] Built target awc_interfaces__cpp
[8.497s] writing awc_interfaces.egg-info/PKG-INFO
[8.498s] writing dependency_links to awc_interfaces.egg-info/dependency_links.txt
[8.498s] writing top-level names to awc_interfaces.egg-info/top_level.txt
[8.498s] writing manifest file 'awc_interfaces.egg-info/SOURCES.txt'
[8.521s] [ 12%] Built target awc_interfaces__rosidl_generator_c
[8.530s] [ 16%] [34m[1mGenerating C++ type support for eProsima Fast-RTPS[0m
[8.551s] [ 19%] [34m[1mGenerating C++ type support dispatch for ROS interfaces[0m
[8.562s] [ 22%] [34m[1mGenerating C++ introspection for ROS interfaces[0m
[8.585s] [ 25%] [34m[1mGenerating C introspection for ROS interfaces[0m
[8.597s] [ 29%] [34m[1mGenerating C type support dispatch for ROS interfaces[0m
[8.649s] [ 32%] [34m[1mGenerating C type support for eProsima Fast-RTPS[0m
[8.827s] reading manifest file 'awc_interfaces.egg-info/SOURCES.txt'
[8.828s] writing manifest file 'awc_interfaces.egg-info/SOURCES.txt'
[9.049s] [ 32%] Built target ament_cmake_python_build_awc_interfaces_egg
[9.691s] [ 35%] [32mBuilding CXX object CMakeFiles/awc_interfaces__rosidl_typesupport_cpp.dir/rosidl_typesupport_cpp/awc_interfaces/msg/navigation_command__type_support.cpp.o[0m
[9.716s] [ 38%] [32mBuilding CXX object CMakeFiles/awc_interfaces__rosidl_typesupport_c.dir/rosidl_typesupport_c/awc_interfaces/msg/navigation_command__type_support.cpp.o[0m
[9.773s] [ 41%] [32mBuilding CXX object CMakeFiles/awc_interfaces__rosidl_typesupport_introspection_cpp.dir/rosidl_typesupport_introspection_cpp/awc_interfaces/msg/detail/navigation_command__type_support.cpp.o[0m
[9.837s] [ 45%] [32mBuilding CXX object CMakeFiles/awc_interfaces__rosidl_typesupport_fastrtps_cpp.dir/rosidl_typesupport_fastrtps_cpp/awc_interfaces/msg/detail/dds_fastrtps/navigation_command__type_support.cpp.o[0m
[9.883s] [ 48%] [32m[1mLinking CXX shared library libawc_interfaces__rosidl_typesupport_c.so[0m
[10.027s] [ 51%] [32mBuilding C object CMakeFiles/awc_interfaces__rosidl_typesupport_introspection_c.dir/rosidl_typesupport_introspection_c/awc_interfaces/msg/detail/navigation_command__type_support.c.o[0m
[10.130s] [ 51%] Built target awc_interfaces__rosidl_typesupport_c
[10.164s] [ 54%] [32m[1mLinking C shared library libawc_interfaces__rosidl_typesupport_introspection_c.so[0m
[10.338s] [ 54%] Built target awc_interfaces__rosidl_typesupport_introspection_c
[10.420s] [ 58%] [32mBuilding CXX object CMakeFiles/awc_interfaces__rosidl_typesupport_fastrtps_c.dir/rosidl_typesupport_fastrtps_c/awc_interfaces/msg/detail/navigation_command__type_support_c.cpp.o[0m
[10.788s] [ 61%] [32m[1mLinking CXX shared library libawc_interfaces__rosidl_typesupport_cpp.so[0m
[10.846s] [ 64%] [32m[1mLinking CXX shared library libawc_interfaces__rosidl_typesupport_introspection_cpp.so[0m
[11.013s] [ 64%] Built target awc_interfaces__rosidl_typesupport_cpp
[11.108s] [ 64%] Built target awc_interfaces__rosidl_typesupport_introspection_cpp
[11.334s] [ 67%] [32m[1mLinking CXX shared library libawc_interfaces__rosidl_typesupport_fastrtps_cpp.so[0m
[11.571s] [ 70%] [32m[1mLinking CXX shared library libawc_interfaces__rosidl_typesupport_fastrtps_c.so[0m
[11.677s] [ 70%] Built target awc_interfaces__rosidl_typesupport_fastrtps_cpp
[11.797s] [ 70%] Built target awc_interfaces__rosidl_typesupport_fastrtps_c
[11.859s] [ 70%] Built target awc_interfaces
[11.908s] [ 74%] [34m[1mGenerating Python code for ROS interfaces[0m
[12.332s] [ 74%] Built target awc_interfaces__py
[12.381s] [ 77%] [32mBuilding C object CMakeFiles/awc_interfaces__rosidl_generator_py.dir/rosidl_generator_py/awc_interfaces/msg/_navigation_command_s.c.o[0m
[12.578s] [ 80%] [32m[1mLinking C shared library rosidl_generator_py/awc_interfaces/libawc_interfaces__rosidl_generator_py.so[0m
[12.674s] [ 80%] Built target awc_interfaces__rosidl_generator_py
[12.724s] [ 87%] [32mBuilding C object CMakeFiles/awc_interfaces__rosidl_typesupport_fastrtps_c__pyext.dir/rosidl_generator_py/awc_interfaces/_awc_interfaces_s.ep.rosidl_typesupport_fastrtps_c.c.o[0m
[12.724s] [ 87%] [32mBuilding C object CMakeFiles/awc_interfaces__rosidl_typesupport_c__pyext.dir/rosidl_generator_py/awc_interfaces/_awc_interfaces_s.ep.rosidl_typesupport_c.c.o[0m
[12.729s] [ 90%] [32mBuilding C object CMakeFiles/awc_interfaces__rosidl_typesupport_introspection_c__pyext.dir/rosidl_generator_py/awc_interfaces/_awc_interfaces_s.ep.rosidl_typesupport_introspection_c.c.o[0m
[12.936s] [ 93%] [32m[1mLinking C shared library rosidl_generator_py/awc_interfaces/awc_interfaces_s__rosidl_typesupport_fastrtps_c.cpython-312-x86_64-linux-gnu.so[0m
[12.943s] [ 96%] [32m[1mLinking C shared library rosidl_generator_py/awc_interfaces/awc_interfaces_s__rosidl_typesupport_c.cpython-312-x86_64-linux-gnu.so[0m
[12.985s] [100%] [32m[1mLinking C shared library rosidl_generator_py/awc_interfaces/awc_interfaces_s__rosidl_typesupport_introspection_c.cpython-312-x86_64-linux-gnu.so[0m
[13.042s] [100%] Built target awc_interfaces__rosidl_typesupport_c__pyext
[13.043s] [100%] Built target awc_interfaces__rosidl_typesupport_fastrtps_c__pyext
[13.090s] [100%] Built target awc_interfaces__rosidl_typesupport_introspection_c__pyext
