[0.016s] Invoking command in '/home/gavin/ros2_ws/build/awc_msgs': CMAKE_PREFIX_PATH=/opt/ros/humble /usr/bin/cmake /home/gavin/ros2_ws/src/awc_msgs -DCMAKE_INSTALL_PREFIX=/home/gavin/ros2_ws/install/awc_msgs
[0.079s] -- The C compiler identification is GNU 11.4.0
[0.146s] -- The CXX compiler identification is GNU 11.4.0
[0.159s] -- Detecting C compiler ABI info
[0.274s] -- Detecting C compiler ABI info - done
[0.287s] -- Check for working C compiler: /usr/bin/cc - skipped
[0.288s] -- Detecting C compile features
[0.288s] -- Detecting C compile features - done
[0.289s] -- Detecting CXX compiler ABI info
[0.378s] -- Detecting CXX compiler ABI info - done
[0.391s] -- Check for working CXX compiler: /usr/bin/c++ - skipped
[0.392s] -- Detecting CXX compile features
[0.392s] -- Detecting CXX compile features - done
[0.394s] -- Found ament_cmake: 1.3.11 (/opt/ros/humble/share/ament_cmake/cmake)
[0.936s] -- Found Python3: /usr/bin/python3 (found version "3.10.12") found components: Interpreter 
[1.053s] -- Found ament_lint_auto: 0.12.11 (/opt/ros/humble/share/ament_lint_auto/cmake)
[1.138s] -- Configuring incomplete, errors occurred!
[1.138s] See also "/home/gavin/ros2_ws/build/awc_msgs/CMakeFiles/CMakeOutput.log".
[1.149s] [31mCMake Error at CMakeLists.txt:25 (rosidl_generate_interfaces):
[1.150s]   Unknown CMake command "rosidl_generate_interfaces".
[1.150s] 
[1.150s] [0m
[1.153s] Invoked command in '/home/gavin/ros2_ws/build/awc_msgs' returned '1': CMAKE_PREFIX_PATH=/opt/ros/humble /usr/bin/cmake /home/gavin/ros2_ws/src/awc_msgs -DCMAKE_INSTALL_PREFIX=/home/gavin/ros2_ws/install/awc_msgs
