[0.013s] Invoking command in '/home/gavin/ros2_ws/build/robot_description': CMAKE_PREFIX_PATH=/opt/ros/humble /usr/bin/cmake /home/gavin/ros2_ws/src/robot_description -DCMAKE_INSTALL_PREFIX=/home/gavin/ros2_ws/install/robot_description
[0.058s] -- The C compiler identification is GNU 11.4.0
[0.107s] -- The CXX compiler identification is GNU 11.4.0
[0.120s] -- Detecting C compiler ABI info
[0.192s] -- Detecting C compiler ABI info - done
[0.202s] -- Check for working C compiler: /usr/bin/cc - skipped
[0.202s] -- Detecting C compile features
[0.202s] -- Detecting C compile features - done
[0.204s] -- Detecting CXX compiler ABI info
[0.274s] -- Detecting CXX compiler ABI info - done
[0.281s] -- Check for working CXX compiler: /usr/bin/c++ - skipped
[0.281s] -- Detecting CXX compile features
[0.281s] -- Detecting CXX compile features - done
[0.284s] -- Found ament_cmake: 1.3.11 (/opt/ros/humble/share/ament_cmake/cmake)
[0.626s] -- Found Python3: /usr/bin/python3 (found version "3.10.12") found components: Interpreter 
[0.725s] -- Found ament_lint_auto: 0.12.11 (/opt/ros/humble/share/ament_lint_auto/cmake)
[0.822s] -- Added test 'flake8' to check Python code syntax and style conventions
[0.823s] -- Added test 'lint_cmake' to check CMake code style
[0.824s] -- Added test 'pep257' to check Python code against some of the docstring style conventions in PEP 257
[0.825s] -- Added test 'xmllint' to check XML markup files
[0.829s] -- Configuring done
[0.832s] -- Generating done
[0.834s] -- Build files have been written to: /home/gavin/ros2_ws/build/robot_description
[0.839s] Invoked command in '/home/gavin/ros2_ws/build/robot_description' returned '0': CMAKE_PREFIX_PATH=/opt/ros/humble /usr/bin/cmake /home/gavin/ros2_ws/src/robot_description -DCMAKE_INSTALL_PREFIX=/home/gavin/ros2_ws/install/robot_description
[0.845s] Invoking command in '/home/gavin/ros2_ws/build/robot_description': CMAKE_PREFIX_PATH=/opt/ros/humble /usr/bin/cmake --build /home/gavin/ros2_ws/build/robot_description -- -j4 -l4
[0.877s] Invoked command in '/home/gavin/ros2_ws/build/robot_description' returned '0': CMAKE_PREFIX_PATH=/opt/ros/humble /usr/bin/cmake --build /home/gavin/ros2_ws/build/robot_description -- -j4 -l4
[0.886s] Invoking command in '/home/gavin/ros2_ws/build/robot_description': CMAKE_PREFIX_PATH=/opt/ros/humble /usr/bin/cmake --install /home/gavin/ros2_ws/build/robot_description
[0.894s] -- Install configuration: ""
[0.894s] -- Installing: /home/gavin/ros2_ws/install/robot_description/share/robot_description/launch
[0.894s] -- Installing: /home/gavin/ros2_ws/install/robot_description/share/robot_description/launch/gazebo.launch.py
[0.894s] -- Installing: /home/gavin/ros2_ws/install/robot_description/share/robot_description/launch/display.launch.py
[0.894s] -- Installing: /home/gavin/ros2_ws/install/robot_description/share/robot_description/meshes
[0.894s] -- Installing: /home/gavin/ros2_ws/install/robot_description/share/robot_description/meshes/part_1.part
[0.894s] -- Installing: /home/gavin/ros2_ws/install/robot_description/share/robot_description/meshes/part_1.stl
[0.895s] -- Installing: /home/gavin/ros2_ws/install/robot_description/share/robot_description/meshes/part_1.2.part
[0.895s] -- Installing: /home/gavin/ros2_ws/install/robot_description/share/robot_description/meshes/part_1.2.stl
[0.895s] -- Installing: /home/gavin/ros2_ws/install/robot_description/share/robot_description/urdf
[0.895s] -- Installing: /home/gavin/ros2_ws/install/robot_description/share/robot_description/urdf/robot_gazebo.xacro
[0.896s] -- Installing: /home/gavin/ros2_ws/install/robot_description/share/robot_description/urdf/robot.urdf.xacro
[0.896s] -- Installing: /home/gavin/ros2_ws/install/robot_description/share/robot_description/rviz
[0.896s] -- Installing: /home/gavin/ros2_ws/install/robot_description/share/robot_description/rviz/display.rviz
[0.897s] -- Installing: /home/gavin/ros2_ws/install/robot_description/share/ament_index/resource_index/package_run_dependencies/robot_description
[0.897s] -- Installing: /home/gavin/ros2_ws/install/robot_description/share/ament_index/resource_index/parent_prefix_path/robot_description
[0.897s] -- Installing: /home/gavin/ros2_ws/install/robot_description/share/robot_description/environment/ament_prefix_path.sh
[0.898s] -- Installing: /home/gavin/ros2_ws/install/robot_description/share/robot_description/environment/ament_prefix_path.dsv
[0.898s] -- Installing: /home/gavin/ros2_ws/install/robot_description/share/robot_description/environment/path.sh
[0.898s] -- Installing: /home/gavin/ros2_ws/install/robot_description/share/robot_description/environment/path.dsv
[0.898s] -- Installing: /home/gavin/ros2_ws/install/robot_description/share/robot_description/local_setup.bash
[0.898s] -- Installing: /home/gavin/ros2_ws/install/robot_description/share/robot_description/local_setup.sh
[0.899s] -- Installing: /home/gavin/ros2_ws/install/robot_description/share/robot_description/local_setup.zsh
[0.899s] -- Installing: /home/gavin/ros2_ws/install/robot_description/share/robot_description/local_setup.dsv
[0.899s] -- Installing: /home/gavin/ros2_ws/install/robot_description/share/robot_description/package.dsv
[0.899s] -- Installing: /home/gavin/ros2_ws/install/robot_description/share/ament_index/resource_index/packages/robot_description
[0.900s] -- Installing: /home/gavin/ros2_ws/install/robot_description/share/robot_description/cmake/robot_descriptionConfig.cmake
[0.900s] -- Installing: /home/gavin/ros2_ws/install/robot_description/share/robot_description/cmake/robot_descriptionConfig-version.cmake
[0.900s] -- Installing: /home/gavin/ros2_ws/install/robot_description/share/robot_description/package.xml
[0.905s] Invoked command in '/home/gavin/ros2_ws/build/robot_description' returned '0': CMAKE_PREFIX_PATH=/opt/ros/humble /usr/bin/cmake --install /home/gavin/ros2_ws/build/robot_description
