[0.023s] Invoking command in '/home/gavin/ros2_ws/build/awc_msgs': CMAKE_PREFIX_PATH=${CMAKE_PREFIX_PATH}:/home/gavin/ros2_ws/install/tf_publisher:/opt/ros/humble /usr/bin/cmake --build /home/gavin/ros2_ws/build/awc_msgs -- -j4 -l4
[0.099s] [  3%] Built target awc_msgs__cpp
[0.106s] [ 12%] Built target awc_msgs__rosidl_generator_c
[0.123s] [ 12%] Built target ament_cmake_python_copy_awc_msgs
[0.155s] [ 22%] Built target awc_msgs__rosidl_typesupport_fastrtps_cpp
[0.162s] [ 32%] Built target awc_msgs__rosidl_typesupport_introspection_cpp
[0.166s] [ 41%] Built target awc_msgs__rosidl_typesupport_cpp
[0.176s] [ 51%] Built target awc_msgs__rosidl_typesupport_fastrtps_c
[0.210s] [ 61%] Built target awc_msgs__rosidl_typesupport_introspection_c
[0.223s] [ 70%] Built target awc_msgs__rosidl_typesupport_c
[0.254s] [ 70%] Built target awc_msgs
[0.292s] [ 74%] Built target awc_msgs__py
[0.318s] [ 80%] Built target awc_msgs__rosidl_generator_py
[0.359s] [ 87%] Built target awc_msgs__rosidl_typesupport_c__pyext
[0.370s] [ 96%] Built target awc_msgs__rosidl_typesupport_fastrtps_c__pyext
[0.372s] [100%] Built target awc_msgs__rosidl_typesupport_introspection_c__pyext
[0.483s] running egg_info
[0.503s] writing awc_msgs.egg-info/PKG-INFO
[0.504s] writing dependency_links to awc_msgs.egg-info/dependency_links.txt
[0.504s] writing top-level names to awc_msgs.egg-info/top_level.txt
[0.568s] reading manifest file 'awc_msgs.egg-info/SOURCES.txt'
[0.569s] writing manifest file 'awc_msgs.egg-info/SOURCES.txt'
[0.610s] [100%] Built target ament_cmake_python_build_awc_msgs_egg
[0.631s] Invoked command in '/home/gavin/ros2_ws/build/awc_msgs' returned '0': CMAKE_PREFIX_PATH=${CMAKE_PREFIX_PATH}:/home/gavin/ros2_ws/install/tf_publisher:/opt/ros/humble /usr/bin/cmake --build /home/gavin/ros2_ws/build/awc_msgs -- -j4 -l4
[0.634s] Invoking command in '/home/gavin/ros2_ws/build/awc_msgs': CMAKE_PREFIX_PATH=${CMAKE_PREFIX_PATH}:/home/gavin/ros2_ws/install/tf_publisher:/opt/ros/humble /usr/bin/cmake --install /home/gavin/ros2_ws/build/awc_msgs
[0.650s] -- Install configuration: ""
[0.651s] -- Up-to-date: /home/gavin/ros2_ws/install/awc_msgs/share/ament_index/resource_index/rosidl_interfaces/awc_msgs
[0.651s] -- Up-to-date: /home/gavin/ros2_ws/install/awc_msgs/include/awc_msgs/awc_msgs
[0.651s] -- Up-to-date: /home/gavin/ros2_ws/install/awc_msgs/include/awc_msgs/awc_msgs/srv
[0.651s] -- Up-to-date: /home/gavin/ros2_ws/install/awc_msgs/include/awc_msgs/awc_msgs/srv/get_transform.h
[0.651s] -- Up-to-date: /home/gavin/ros2_ws/install/awc_msgs/include/awc_msgs/awc_msgs/srv/detail
[0.651s] -- Up-to-date: /home/gavin/ros2_ws/install/awc_msgs/include/awc_msgs/awc_msgs/srv/detail/get_transform__functions.c
[0.651s] -- Up-to-date: /home/gavin/ros2_ws/install/awc_msgs/include/awc_msgs/awc_msgs/srv/detail/get_transform__functions.h
[0.651s] -- Up-to-date: /home/gavin/ros2_ws/install/awc_msgs/include/awc_msgs/awc_msgs/srv/detail/get_transform__struct.h
[0.651s] -- Up-to-date: /home/gavin/ros2_ws/install/awc_msgs/include/awc_msgs/awc_msgs/srv/detail/get_transform__type_support.h
[0.652s] -- Up-to-date: /home/gavin/ros2_ws/install/awc_msgs/include/awc_msgs/awc_msgs/msg
[0.652s] -- Up-to-date: /home/gavin/ros2_ws/install/awc_msgs/include/awc_msgs/awc_msgs/msg/rosidl_generator_c__visibility_control.h
[0.652s] -- Up-to-date: /home/gavin/ros2_ws/install/awc_msgs/share/awc_msgs/environment/library_path.sh
[0.652s] -- Up-to-date: /home/gavin/ros2_ws/install/awc_msgs/share/awc_msgs/environment/library_path.dsv
[0.652s] -- Up-to-date: /home/gavin/ros2_ws/install/awc_msgs/lib/libawc_msgs__rosidl_generator_c.so
[0.652s] -- Up-to-date: /home/gavin/ros2_ws/install/awc_msgs/include/awc_msgs/awc_msgs
[0.652s] -- Up-to-date: /home/gavin/ros2_ws/install/awc_msgs/include/awc_msgs/awc_msgs/srv
[0.652s] -- Up-to-date: /home/gavin/ros2_ws/install/awc_msgs/include/awc_msgs/awc_msgs/srv/detail
[0.653s] -- Up-to-date: /home/gavin/ros2_ws/install/awc_msgs/include/awc_msgs/awc_msgs/srv/detail/get_transform__rosidl_typesupport_fastrtps_c.h
[0.653s] -- Up-to-date: /home/gavin/ros2_ws/install/awc_msgs/include/awc_msgs/awc_msgs/msg
[0.653s] -- Up-to-date: /home/gavin/ros2_ws/install/awc_msgs/include/awc_msgs/awc_msgs/msg/rosidl_typesupport_fastrtps_c__visibility_control.h
[0.653s] -- Up-to-date: /home/gavin/ros2_ws/install/awc_msgs/lib/libawc_msgs__rosidl_typesupport_fastrtps_c.so
[0.653s] -- Up-to-date: /home/gavin/ros2_ws/install/awc_msgs/include/awc_msgs/awc_msgs
[0.654s] -- Up-to-date: /home/gavin/ros2_ws/install/awc_msgs/include/awc_msgs/awc_msgs/srv
[0.654s] -- Up-to-date: /home/gavin/ros2_ws/install/awc_msgs/include/awc_msgs/awc_msgs/srv/get_transform.hpp
[0.654s] -- Up-to-date: /home/gavin/ros2_ws/install/awc_msgs/include/awc_msgs/awc_msgs/srv/detail
[0.654s] -- Up-to-date: /home/gavin/ros2_ws/install/awc_msgs/include/awc_msgs/awc_msgs/srv/detail/get_transform__type_support.hpp
[0.654s] -- Up-to-date: /home/gavin/ros2_ws/install/awc_msgs/include/awc_msgs/awc_msgs/srv/detail/get_transform__traits.hpp
[0.655s] -- Up-to-date: /home/gavin/ros2_ws/install/awc_msgs/include/awc_msgs/awc_msgs/srv/detail/get_transform__builder.hpp
[0.655s] -- Up-to-date: /home/gavin/ros2_ws/install/awc_msgs/include/awc_msgs/awc_msgs/srv/detail/get_transform__struct.hpp
[0.657s] -- Up-to-date: /home/gavin/ros2_ws/install/awc_msgs/include/awc_msgs/awc_msgs/msg
[0.657s] -- Up-to-date: /home/gavin/ros2_ws/install/awc_msgs/include/awc_msgs/awc_msgs/msg/rosidl_generator_cpp__visibility_control.hpp
[0.657s] -- Up-to-date: /home/gavin/ros2_ws/install/awc_msgs/include/awc_msgs/awc_msgs
[0.657s] -- Up-to-date: /home/gavin/ros2_ws/install/awc_msgs/include/awc_msgs/awc_msgs/srv
[0.658s] -- Up-to-date: /home/gavin/ros2_ws/install/awc_msgs/include/awc_msgs/awc_msgs/srv/detail
[0.658s] -- Up-to-date: /home/gavin/ros2_ws/install/awc_msgs/include/awc_msgs/awc_msgs/srv/detail/get_transform__rosidl_typesupport_fastrtps_cpp.hpp
[0.658s] -- Up-to-date: /home/gavin/ros2_ws/install/awc_msgs/include/awc_msgs/awc_msgs/srv/detail/dds_fastrtps
[0.658s] -- Up-to-date: /home/gavin/ros2_ws/install/awc_msgs/include/awc_msgs/awc_msgs/msg
[0.658s] -- Up-to-date: /home/gavin/ros2_ws/install/awc_msgs/include/awc_msgs/awc_msgs/msg/rosidl_typesupport_fastrtps_cpp__visibility_control.h
[0.659s] -- Up-to-date: /home/gavin/ros2_ws/install/awc_msgs/lib/libawc_msgs__rosidl_typesupport_fastrtps_cpp.so
[0.659s] -- Up-to-date: /home/gavin/ros2_ws/install/awc_msgs/include/awc_msgs/awc_msgs
[0.659s] -- Up-to-date: /home/gavin/ros2_ws/install/awc_msgs/include/awc_msgs/awc_msgs/srv
[0.662s] -- Up-to-date: /home/gavin/ros2_ws/install/awc_msgs/include/awc_msgs/awc_msgs/srv/detail
[0.662s] -- Up-to-date: /home/gavin/ros2_ws/install/awc_msgs/include/awc_msgs/awc_msgs/srv/detail/get_transform__rosidl_typesupport_introspection_c.h
[0.663s] -- Up-to-date: /home/gavin/ros2_ws/install/awc_msgs/include/awc_msgs/awc_msgs/srv/detail/get_transform__type_support.c
[0.663s] -- Up-to-date: /home/gavin/ros2_ws/install/awc_msgs/include/awc_msgs/awc_msgs/msg
[0.663s] -- Up-to-date: /home/gavin/ros2_ws/install/awc_msgs/include/awc_msgs/awc_msgs/msg/rosidl_typesupport_introspection_c__visibility_control.h
[0.663s] -- Up-to-date: /home/gavin/ros2_ws/install/awc_msgs/lib/libawc_msgs__rosidl_typesupport_introspection_c.so
[0.663s] -- Up-to-date: /home/gavin/ros2_ws/install/awc_msgs/lib/libawc_msgs__rosidl_typesupport_c.so
[0.664s] -- Up-to-date: /home/gavin/ros2_ws/install/awc_msgs/include/awc_msgs/awc_msgs
[0.664s] -- Up-to-date: /home/gavin/ros2_ws/install/awc_msgs/include/awc_msgs/awc_msgs/srv
[0.664s] -- Up-to-date: /home/gavin/ros2_ws/install/awc_msgs/include/awc_msgs/awc_msgs/srv/detail
[0.664s] -- Up-to-date: /home/gavin/ros2_ws/install/awc_msgs/include/awc_msgs/awc_msgs/srv/detail/get_transform__rosidl_typesupport_introspection_cpp.hpp
[0.664s] -- Up-to-date: /home/gavin/ros2_ws/install/awc_msgs/include/awc_msgs/awc_msgs/srv/detail/get_transform__type_support.cpp
[0.664s] -- Up-to-date: /home/gavin/ros2_ws/install/awc_msgs/lib/libawc_msgs__rosidl_typesupport_introspection_cpp.so
[0.664s] -- Up-to-date: /home/gavin/ros2_ws/install/awc_msgs/lib/libawc_msgs__rosidl_typesupport_cpp.so
[0.664s] -- Up-to-date: /home/gavin/ros2_ws/install/awc_msgs/share/awc_msgs/environment/pythonpath.sh
[0.664s] -- Up-to-date: /home/gavin/ros2_ws/install/awc_msgs/share/awc_msgs/environment/pythonpath.dsv
[0.664s] -- Up-to-date: /home/gavin/ros2_ws/install/awc_msgs/local/lib/python3.10/dist-packages/awc_msgs-0.0.0-py3.10.egg-info
[0.664s] -- Installing: /home/gavin/ros2_ws/install/awc_msgs/local/lib/python3.10/dist-packages/awc_msgs-0.0.0-py3.10.egg-info/top_level.txt
[0.664s] -- Installing: /home/gavin/ros2_ws/install/awc_msgs/local/lib/python3.10/dist-packages/awc_msgs-0.0.0-py3.10.egg-info/dependency_links.txt
[0.664s] -- Installing: /home/gavin/ros2_ws/install/awc_msgs/local/lib/python3.10/dist-packages/awc_msgs-0.0.0-py3.10.egg-info/SOURCES.txt
[0.664s] -- Installing: /home/gavin/ros2_ws/install/awc_msgs/local/lib/python3.10/dist-packages/awc_msgs-0.0.0-py3.10.egg-info/PKG-INFO
[0.664s] -- Up-to-date: /home/gavin/ros2_ws/install/awc_msgs/local/lib/python3.10/dist-packages/awc_msgs
[0.664s] -- Up-to-date: /home/gavin/ros2_ws/install/awc_msgs/local/lib/python3.10/dist-packages/awc_msgs/_awc_msgs_s.ep.rosidl_typesupport_introspection_c.c
[0.664s] -- Up-to-date: /home/gavin/ros2_ws/install/awc_msgs/local/lib/python3.10/dist-packages/awc_msgs/__init__.py
[0.665s] -- Up-to-date: /home/gavin/ros2_ws/install/awc_msgs/local/lib/python3.10/dist-packages/awc_msgs/_awc_msgs_s.ep.rosidl_typesupport_fastrtps_c.c
[0.665s] -- Up-to-date: /home/gavin/ros2_ws/install/awc_msgs/local/lib/python3.10/dist-packages/awc_msgs/awc_msgs_s__rosidl_typesupport_introspection_c.cpython-310-x86_64-linux-gnu.so
[0.665s] -- Up-to-date: /home/gavin/ros2_ws/install/awc_msgs/local/lib/python3.10/dist-packages/awc_msgs/awc_msgs_s__rosidl_typesupport_c.cpython-310-x86_64-linux-gnu.so
[0.665s] -- Up-to-date: /home/gavin/ros2_ws/install/awc_msgs/local/lib/python3.10/dist-packages/awc_msgs/_awc_msgs_s.ep.rosidl_typesupport_c.c
[0.665s] -- Up-to-date: /home/gavin/ros2_ws/install/awc_msgs/local/lib/python3.10/dist-packages/awc_msgs/srv
[0.665s] -- Up-to-date: /home/gavin/ros2_ws/install/awc_msgs/local/lib/python3.10/dist-packages/awc_msgs/srv/_get_transform.py
[0.665s] -- Up-to-date: /home/gavin/ros2_ws/install/awc_msgs/local/lib/python3.10/dist-packages/awc_msgs/srv/__init__.py
[0.665s] -- Up-to-date: /home/gavin/ros2_ws/install/awc_msgs/local/lib/python3.10/dist-packages/awc_msgs/srv/_get_transform_s.c
[0.665s] -- Up-to-date: /home/gavin/ros2_ws/install/awc_msgs/local/lib/python3.10/dist-packages/awc_msgs/libawc_msgs__rosidl_generator_py.so
[0.665s] -- Up-to-date: /home/gavin/ros2_ws/install/awc_msgs/local/lib/python3.10/dist-packages/awc_msgs/awc_msgs_s__rosidl_typesupport_fastrtps_c.cpython-310-x86_64-linux-gnu.so
[0.728s] Listing '/home/gavin/ros2_ws/install/awc_msgs/local/lib/python3.10/dist-packages/awc_msgs'...
[0.728s] Listing '/home/gavin/ros2_ws/install/awc_msgs/local/lib/python3.10/dist-packages/awc_msgs/srv'...
[0.735s] -- Up-to-date: /home/gavin/ros2_ws/install/awc_msgs/local/lib/python3.10/dist-packages/awc_msgs/awc_msgs_s__rosidl_typesupport_fastrtps_c.cpython-310-x86_64-linux-gnu.so
[0.737s] -- Up-to-date: /home/gavin/ros2_ws/install/awc_msgs/local/lib/python3.10/dist-packages/awc_msgs/awc_msgs_s__rosidl_typesupport_introspection_c.cpython-310-x86_64-linux-gnu.so
[0.739s] -- Up-to-date: /home/gavin/ros2_ws/install/awc_msgs/local/lib/python3.10/dist-packages/awc_msgs/awc_msgs_s__rosidl_typesupport_c.cpython-310-x86_64-linux-gnu.so
[0.741s] -- Up-to-date: /home/gavin/ros2_ws/install/awc_msgs/lib/libawc_msgs__rosidl_generator_py.so
[0.742s] -- Up-to-date: /home/gavin/ros2_ws/install/awc_msgs/share/awc_msgs/srv/GetTransform.idl
[0.742s] -- Up-to-date: /home/gavin/ros2_ws/install/awc_msgs/share/awc_msgs/srv/GetTransform.srv
[0.742s] -- Up-to-date: /home/gavin/ros2_ws/install/awc_msgs/share/awc_msgs/srv/GetTransform_Request.msg
[0.742s] -- Up-to-date: /home/gavin/ros2_ws/install/awc_msgs/share/awc_msgs/srv/GetTransform_Response.msg
[0.742s] -- Up-to-date: /home/gavin/ros2_ws/install/awc_msgs/share/ament_index/resource_index/package_run_dependencies/awc_msgs
[0.742s] -- Up-to-date: /home/gavin/ros2_ws/install/awc_msgs/share/ament_index/resource_index/parent_prefix_path/awc_msgs
[0.742s] -- Up-to-date: /home/gavin/ros2_ws/install/awc_msgs/share/awc_msgs/environment/ament_prefix_path.sh
[0.742s] -- Up-to-date: /home/gavin/ros2_ws/install/awc_msgs/share/awc_msgs/environment/ament_prefix_path.dsv
[0.742s] -- Up-to-date: /home/gavin/ros2_ws/install/awc_msgs/share/awc_msgs/environment/path.sh
[0.742s] -- Up-to-date: /home/gavin/ros2_ws/install/awc_msgs/share/awc_msgs/environment/path.dsv
[0.743s] -- Up-to-date: /home/gavin/ros2_ws/install/awc_msgs/share/awc_msgs/local_setup.bash
[0.743s] -- Up-to-date: /home/gavin/ros2_ws/install/awc_msgs/share/awc_msgs/local_setup.sh
[0.743s] -- Up-to-date: /home/gavin/ros2_ws/install/awc_msgs/share/awc_msgs/local_setup.zsh
[0.743s] -- Up-to-date: /home/gavin/ros2_ws/install/awc_msgs/share/awc_msgs/local_setup.dsv
[0.745s] -- Installing: /home/gavin/ros2_ws/install/awc_msgs/share/awc_msgs/package.dsv
[0.745s] -- Up-to-date: /home/gavin/ros2_ws/install/awc_msgs/share/ament_index/resource_index/packages/awc_msgs
[0.745s] -- Up-to-date: /home/gavin/ros2_ws/install/awc_msgs/share/awc_msgs/cmake/export_awc_msgs__rosidl_generator_cExport.cmake
[0.745s] -- Up-to-date: /home/gavin/ros2_ws/install/awc_msgs/share/awc_msgs/cmake/export_awc_msgs__rosidl_generator_cExport-noconfig.cmake
[0.745s] -- Up-to-date: /home/gavin/ros2_ws/install/awc_msgs/share/awc_msgs/cmake/export_awc_msgs__rosidl_typesupport_fastrtps_cExport.cmake
[0.745s] -- Up-to-date: /home/gavin/ros2_ws/install/awc_msgs/share/awc_msgs/cmake/export_awc_msgs__rosidl_typesupport_fastrtps_cExport-noconfig.cmake
[0.745s] -- Up-to-date: /home/gavin/ros2_ws/install/awc_msgs/share/awc_msgs/cmake/export_awc_msgs__rosidl_generator_cppExport.cmake
[0.745s] -- Up-to-date: /home/gavin/ros2_ws/install/awc_msgs/share/awc_msgs/cmake/export_awc_msgs__rosidl_typesupport_fastrtps_cppExport.cmake
[0.746s] -- Up-to-date: /home/gavin/ros2_ws/install/awc_msgs/share/awc_msgs/cmake/export_awc_msgs__rosidl_typesupport_fastrtps_cppExport-noconfig.cmake
[0.746s] -- Up-to-date: /home/gavin/ros2_ws/install/awc_msgs/share/awc_msgs/cmake/awc_msgs__rosidl_typesupport_introspection_cExport.cmake
[0.746s] -- Up-to-date: /home/gavin/ros2_ws/install/awc_msgs/share/awc_msgs/cmake/awc_msgs__rosidl_typesupport_introspection_cExport-noconfig.cmake
[0.746s] -- Up-to-date: /home/gavin/ros2_ws/install/awc_msgs/share/awc_msgs/cmake/awc_msgs__rosidl_typesupport_cExport.cmake
[0.747s] -- Up-to-date: /home/gavin/ros2_ws/install/awc_msgs/share/awc_msgs/cmake/awc_msgs__rosidl_typesupport_cExport-noconfig.cmake
[0.748s] -- Up-to-date: /home/gavin/ros2_ws/install/awc_msgs/share/awc_msgs/cmake/awc_msgs__rosidl_typesupport_introspection_cppExport.cmake
[0.748s] -- Up-to-date: /home/gavin/ros2_ws/install/awc_msgs/share/awc_msgs/cmake/awc_msgs__rosidl_typesupport_introspection_cppExport-noconfig.cmake
[0.748s] -- Up-to-date: /home/gavin/ros2_ws/install/awc_msgs/share/awc_msgs/cmake/awc_msgs__rosidl_typesupport_cppExport.cmake
[0.749s] -- Up-to-date: /home/gavin/ros2_ws/install/awc_msgs/share/awc_msgs/cmake/awc_msgs__rosidl_typesupport_cppExport-noconfig.cmake
[0.749s] -- Up-to-date: /home/gavin/ros2_ws/install/awc_msgs/share/awc_msgs/cmake/export_awc_msgs__rosidl_generator_pyExport.cmake
[0.749s] -- Up-to-date: /home/gavin/ros2_ws/install/awc_msgs/share/awc_msgs/cmake/export_awc_msgs__rosidl_generator_pyExport-noconfig.cmake
[0.749s] -- Up-to-date: /home/gavin/ros2_ws/install/awc_msgs/share/awc_msgs/cmake/rosidl_cmake-extras.cmake
[0.749s] -- Up-to-date: /home/gavin/ros2_ws/install/awc_msgs/share/awc_msgs/cmake/ament_cmake_export_dependencies-extras.cmake
[0.749s] -- Up-to-date: /home/gavin/ros2_ws/install/awc_msgs/share/awc_msgs/cmake/ament_cmake_export_include_directories-extras.cmake
[0.749s] -- Up-to-date: /home/gavin/ros2_ws/install/awc_msgs/share/awc_msgs/cmake/ament_cmake_export_libraries-extras.cmake
[0.749s] -- Up-to-date: /home/gavin/ros2_ws/install/awc_msgs/share/awc_msgs/cmake/ament_cmake_export_targets-extras.cmake
[0.749s] -- Up-to-date: /home/gavin/ros2_ws/install/awc_msgs/share/awc_msgs/cmake/rosidl_cmake_export_typesupport_targets-extras.cmake
[0.749s] -- Up-to-date: /home/gavin/ros2_ws/install/awc_msgs/share/awc_msgs/cmake/rosidl_cmake_export_typesupport_libraries-extras.cmake
[0.749s] -- Up-to-date: /home/gavin/ros2_ws/install/awc_msgs/share/awc_msgs/cmake/awc_msgsConfig.cmake
[0.749s] -- Up-to-date: /home/gavin/ros2_ws/install/awc_msgs/share/awc_msgs/cmake/awc_msgsConfig-version.cmake
[0.749s] -- Up-to-date: /home/gavin/ros2_ws/install/awc_msgs/share/awc_msgs/package.xml
[0.753s] Invoked command in '/home/gavin/ros2_ws/build/awc_msgs' returned '0': CMAKE_PREFIX_PATH=${CMAKE_PREFIX_PATH}:/home/gavin/ros2_ws/install/tf_publisher:/opt/ros/humble /usr/bin/cmake --install /home/gavin/ros2_ws/build/awc_msgs
