[0.156s] Invoking command in '/home/gavin/ros2_ws/build/awc_description': CMAKE_PREFIX_PATH=${CMAKE_PREFIX_PATH}:/home/gavin/ros2_ws/install/awc_bringup:/home/gavin/ros2_ws/install/tf_publisher:/opt/ros/humble /usr/bin/cmake /home/gavin/ros2_ws/src/awc_description -DCMAKE_INSTALL_PREFIX=/home/gavin/ros2_ws/install/awc_description
[0.201s] -- The C compiler identification is GNU 11.4.0
[0.264s] -- The CXX compiler identification is GNU 11.4.0
[0.271s] -- Detecting C compiler ABI info
[0.336s] -- Detecting C compiler ABI info - done
[0.344s] -- Check for working C compiler: /usr/bin/cc - skipped
[0.344s] -- Detecting C compile features
[0.346s] -- Detecting C compile features - done
[0.348s] -- Detecting CXX compiler ABI info
[0.431s] -- Detecting CXX compiler ABI info - done
[0.440s] -- Check for working CXX compiler: /usr/bin/c++ - skipped
[0.441s] -- Detecting CXX compile features
[0.442s] -- Detecting CXX compile features - done
[0.447s] -- Found ament_cmake: 1.3.11 (/opt/ros/humble/share/ament_cmake/cmake)
[1.060s] -- Found Python3: /usr/bin/python3 (found version "3.10.12") found components: Interpreter 
[1.171s] -- Found ament_lint_auto: 0.12.11 (/opt/ros/humble/share/ament_lint_auto/cmake)
[1.267s] -- Added test 'lint_cmake' to check CMake code style
[1.270s] -- Added test 'xmllint' to check XML markup files
[1.273s] -- Configuring done
[1.277s] -- Generating done
[1.278s] -- Build files have been written to: /home/gavin/ros2_ws/build/awc_description
[1.286s] Invoked command in '/home/gavin/ros2_ws/build/awc_description' returned '0': CMAKE_PREFIX_PATH=${CMAKE_PREFIX_PATH}:/home/gavin/ros2_ws/install/awc_bringup:/home/gavin/ros2_ws/install/tf_publisher:/opt/ros/humble /usr/bin/cmake /home/gavin/ros2_ws/src/awc_description -DCMAKE_INSTALL_PREFIX=/home/gavin/ros2_ws/install/awc_description
[1.292s] Invoking command in '/home/gavin/ros2_ws/build/awc_description': CMAKE_PREFIX_PATH=${CMAKE_PREFIX_PATH}:/home/gavin/ros2_ws/install/awc_bringup:/home/gavin/ros2_ws/install/tf_publisher:/opt/ros/humble /usr/bin/cmake --build /home/gavin/ros2_ws/build/awc_description -- -j4 -l4
[1.358s] Invoked command in '/home/gavin/ros2_ws/build/awc_description' returned '0': CMAKE_PREFIX_PATH=${CMAKE_PREFIX_PATH}:/home/gavin/ros2_ws/install/awc_bringup:/home/gavin/ros2_ws/install/tf_publisher:/opt/ros/humble /usr/bin/cmake --build /home/gavin/ros2_ws/build/awc_description -- -j4 -l4
[1.359s] Invoking command in '/home/gavin/ros2_ws/build/awc_description': CMAKE_PREFIX_PATH=${CMAKE_PREFIX_PATH}:/home/gavin/ros2_ws/install/awc_bringup:/home/gavin/ros2_ws/install/tf_publisher:/opt/ros/humble /usr/bin/cmake --install /home/gavin/ros2_ws/build/awc_description
[1.365s] -- Install configuration: ""
[1.366s] -- Installing: /home/gavin/ros2_ws/install/awc_description/share/ament_index/resource_index/package_run_dependencies/awc_description
[1.368s] -- Installing: /home/gavin/ros2_ws/install/awc_description/share/ament_index/resource_index/parent_prefix_path/awc_description
[1.371s] -- Installing: /home/gavin/ros2_ws/install/awc_description/share/awc_description/environment/ament_prefix_path.sh
[1.372s] -- Installing: /home/gavin/ros2_ws/install/awc_description/share/awc_description/environment/ament_prefix_path.dsv
[1.373s] -- Installing: /home/gavin/ros2_ws/install/awc_description/share/awc_description/environment/path.sh
[1.374s] -- Installing: /home/gavin/ros2_ws/install/awc_description/share/awc_description/environment/path.dsv
[1.374s] -- Installing: /home/gavin/ros2_ws/install/awc_description/share/awc_description/local_setup.bash
[1.376s] -- Installing: /home/gavin/ros2_ws/install/awc_description/share/awc_description/local_setup.sh
[1.379s] -- Installing: /home/gavin/ros2_ws/install/awc_description/share/awc_description/local_setup.zsh
[1.379s] -- Installing: /home/gavin/ros2_ws/install/awc_description/share/awc_description/local_setup.dsv
[1.381s] -- Installing: /home/gavin/ros2_ws/install/awc_description/share/awc_description/package.dsv
[1.381s] -- Installing: /home/gavin/ros2_ws/install/awc_description/share/ament_index/resource_index/packages/awc_description
[1.381s] -- Installing: /home/gavin/ros2_ws/install/awc_description/share/awc_description/cmake/awc_descriptionConfig.cmake
[1.381s] -- Installing: /home/gavin/ros2_ws/install/awc_description/share/awc_description/cmake/awc_descriptionConfig-version.cmake
[1.383s] -- Installing: /home/gavin/ros2_ws/install/awc_description/share/awc_description/package.xml
[1.389s] Invoked command in '/home/gavin/ros2_ws/build/awc_description' returned '0': CMAKE_PREFIX_PATH=${CMAKE_PREFIX_PATH}:/home/gavin/ros2_ws/install/awc_bringup:/home/gavin/ros2_ws/install/tf_publisher:/opt/ros/humble /usr/bin/cmake --install /home/gavin/ros2_ws/build/awc_description
