[0.012s] Invoking command in '/home/gavin/ros2_ws/build/robot_description': CMAKE_PREFIX_PATH=${CMAKE_PREFIX_PATH}:/home/gavin/ros2_ws/install/tf_publisher:/opt/ros/humble /usr/bin/cmake /home/gavin/ros2_ws/src/robot_description -DCMAKE_INSTALL_PREFIX=/home/gavin/ros2_ws/install/robot_description
[0.139s] -- The C compiler identification is GNU 11.4.0
[0.192s] -- The CXX compiler identification is GNU 11.4.0
[0.199s] -- Detecting C compiler ABI info
[0.259s] -- Detecting C compiler ABI info - done
[0.267s] -- Check for working C compiler: /usr/bin/cc - skipped
[0.267s] -- Detecting C compile features
[0.267s] -- Detecting C compile features - done
[0.271s] -- Detecting CXX compiler ABI info
[0.335s] -- Detecting CXX compiler ABI info - done
[0.341s] -- Check for working CXX compiler: /usr/bin/c++ - skipped
[0.342s] -- Detecting CXX compile features
[0.343s] -- Detecting CXX compile features - done
[0.344s] -- Found ament_cmake: 1.3.11 (/opt/ros/humble/share/ament_cmake/cmake)
[0.690s] -- Found Python3: /usr/bin/python3 (found version "3.10.12") found components: Interpreter 
[0.786s] -- Found ament_lint_auto: 0.12.11 (/opt/ros/humble/share/ament_lint_auto/cmake)
[0.851s] -- Added test 'flake8' to check Python code syntax and style conventions
[0.852s] -- Added test 'lint_cmake' to check CMake code style
[0.852s] -- Added test 'pep257' to check Python code against some of the docstring style conventions in PEP 257
[0.853s] -- Added test 'xmllint' to check XML markup files
[0.854s] -- Configuring done
[0.857s] -- Generating done
[0.859s] -- Build files have been written to: /home/gavin/ros2_ws/build/robot_description
[0.863s] Invoked command in '/home/gavin/ros2_ws/build/robot_description' returned '0': CMAKE_PREFIX_PATH=${CMAKE_PREFIX_PATH}:/home/gavin/ros2_ws/install/tf_publisher:/opt/ros/humble /usr/bin/cmake /home/gavin/ros2_ws/src/robot_description -DCMAKE_INSTALL_PREFIX=/home/gavin/ros2_ws/install/robot_description
[0.865s] Invoking command in '/home/gavin/ros2_ws/build/robot_description': CMAKE_PREFIX_PATH=${CMAKE_PREFIX_PATH}:/home/gavin/ros2_ws/install/tf_publisher:/opt/ros/humble /usr/bin/cmake --build /home/gavin/ros2_ws/build/robot_description -- -j4 -l4
[0.890s] Invoked command in '/home/gavin/ros2_ws/build/robot_description' returned '0': CMAKE_PREFIX_PATH=${CMAKE_PREFIX_PATH}:/home/gavin/ros2_ws/install/tf_publisher:/opt/ros/humble /usr/bin/cmake --build /home/gavin/ros2_ws/build/robot_description -- -j4 -l4
[0.898s] Invoking command in '/home/gavin/ros2_ws/build/robot_description': CMAKE_PREFIX_PATH=${CMAKE_PREFIX_PATH}:/home/gavin/ros2_ws/install/tf_publisher:/opt/ros/humble /usr/bin/cmake --install /home/gavin/ros2_ws/build/robot_description
[0.903s] -- Install configuration: ""
[0.903s] -- Installing: /home/gavin/ros2_ws/install/robot_description/share/robot_description/launch
[0.903s] -- Installing: /home/gavin/ros2_ws/install/robot_description/share/robot_description/launch/gazebo.launch.py
[0.904s] -- Installing: /home/gavin/ros2_ws/install/robot_description/share/robot_description/launch/display.launch.py
[0.904s] -- Installing: /home/gavin/ros2_ws/install/robot_description/share/robot_description/meshes
[0.904s] -- Installing: /home/gavin/ros2_ws/install/robot_description/share/robot_description/meshes/part_1.part
[0.904s] -- Installing: /home/gavin/ros2_ws/install/robot_description/share/robot_description/meshes/part_1.stl
[0.904s] -- Installing: /home/gavin/ros2_ws/install/robot_description/share/robot_description/meshes/part_1.2.part
[0.904s] -- Installing: /home/gavin/ros2_ws/install/robot_description/share/robot_description/meshes/part_1.2.stl
[0.904s] -- Installing: /home/gavin/ros2_ws/install/robot_description/share/robot_description/urdf
[0.904s] -- Installing: /home/gavin/ros2_ws/install/robot_description/share/robot_description/urdf/bumperbot.urdf.xacro
[0.905s] -- Installing: /home/gavin/ros2_ws/install/robot_description/share/robot_description/urdf/bumperbot_gazebo.xacro
[0.905s] -- Installing: /home/gavin/ros2_ws/install/robot_description/share/robot_description/urdf/robot_gazebo.xacro
[0.905s] -- Installing: /home/gavin/ros2_ws/install/robot_description/share/robot_description/urdf/robot.urdf.xacro
[0.905s] -- Installing: /home/gavin/ros2_ws/install/robot_description/share/robot_description/rviz
[0.906s] -- Installing: /home/gavin/ros2_ws/install/robot_description/share/robot_description/rviz/display.rviz
[0.906s] -- Installing: /home/gavin/ros2_ws/install/robot_description/share/ament_index/resource_index/package_run_dependencies/robot_description
[0.906s] -- Installing: /home/gavin/ros2_ws/install/robot_description/share/ament_index/resource_index/parent_prefix_path/robot_description
[0.906s] -- Installing: /home/gavin/ros2_ws/install/robot_description/share/robot_description/environment/ament_prefix_path.sh
[0.906s] -- Installing: /home/gavin/ros2_ws/install/robot_description/share/robot_description/environment/ament_prefix_path.dsv
[0.906s] -- Installing: /home/gavin/ros2_ws/install/robot_description/share/robot_description/environment/path.sh
[0.906s] -- Installing: /home/gavin/ros2_ws/install/robot_description/share/robot_description/environment/path.dsv
[0.906s] -- Installing: /home/gavin/ros2_ws/install/robot_description/share/robot_description/local_setup.bash
[0.906s] -- Installing: /home/gavin/ros2_ws/install/robot_description/share/robot_description/local_setup.sh
[0.906s] -- Installing: /home/gavin/ros2_ws/install/robot_description/share/robot_description/local_setup.zsh
[0.907s] -- Installing: /home/gavin/ros2_ws/install/robot_description/share/robot_description/local_setup.dsv
[0.907s] -- Installing: /home/gavin/ros2_ws/install/robot_description/share/robot_description/package.dsv
[0.907s] -- Installing: /home/gavin/ros2_ws/install/robot_description/share/ament_index/resource_index/packages/robot_description
[0.907s] -- Installing: /home/gavin/ros2_ws/install/robot_description/share/robot_description/cmake/robot_descriptionConfig.cmake
[0.907s] -- Installing: /home/gavin/ros2_ws/install/robot_description/share/robot_description/cmake/robot_descriptionConfig-version.cmake
[0.907s] -- Installing: /home/gavin/ros2_ws/install/robot_description/share/robot_description/package.xml
[0.909s] Invoked command in '/home/gavin/ros2_ws/build/robot_description' returned '0': CMAKE_PREFIX_PATH=${CMAKE_PREFIX_PATH}:/home/gavin/ros2_ws/install/tf_publisher:/opt/ros/humble /usr/bin/cmake --install /home/gavin/ros2_ws/build/robot_description
