[2.361s] Invoking command in '/home/gavin/AWC_control/src/build/pointcloud_to_laserscan': CMAKE_PREFIX_PATH=${CMAKE_PREFIX_PATH}:/home/gavin/minimec/install/wheeltec_control:/home/gavin/minimec/install/mini_mec_localization:/home/gavin/minimec/src/install/wheeltec_control:/home/gavin/minimec/src/install/mini_mec_localization:/home/gavin/install/ament_uncrustify:/home/gavin/install/tracetools_trace:/home/gavin/install/tracetools_read:/home/gavin/install/rpyutils:/home/gavin/install/rosidl_cli:/home/gavin/install/launch_pytest:/home/gavin/install/launch_testing:/home/gavin/install/launch_yaml:/home/gavin/install/launch_xml:/home/gavin/install/launch:/home/gavin/install/osrf_pycommon:/home/gavin/install/domain_coordinator:/home/gavin/install/ament_xmllint:/home/gavin/install/ament_pyflakes:/home/gavin/install/ament_pycodestyle:/home/gavin/install/ament_pep257:/home/gavin/install/ament_pclint:/home/gavin/install/ament_package:/home/gavin/install/ament_mypy:/home/gavin/install/ament_lint_cmake:/home/gavin/install/ament_flake8:/home/gavin/install/ament_copyright:/home/gavin/install/ament_lint:/home/gavin/install/ament_index_python:/home/gavin/install/ament_cpplint:/home/gavin/install/ament_cppcheck:/home/gavin/install/ament_clang_tidy:/home/gavin/install/ament_clang_format:/opt/ros/humble CONDA_PROMPT_MODIFIER=(base) /usr/bin/cmake /home/gavin/AWC_control/src/pointcloud_to_laserscan -DCMAKE_INSTALL_PREFIX=/home/gavin/AWC_control/src/install/pointcloud_to_laserscan
[2.475s] -- The C compiler identification is GNU 11.4.0
[2.558s] -- The CXX compiler identification is GNU 11.4.0
[2.578s] -- Detecting C compiler ABI info
[2.703s] -- Detecting C compiler ABI info - done
[2.713s] -- Check for working C compiler: /usr/bin/cc - skipped
[2.713s] -- Detecting C compile features
[2.713s] -- Detecting C compile features - done
[2.717s] -- Detecting CXX compiler ABI info
[2.848s] -- Detecting CXX compiler ABI info - done
[2.859s] -- Check for working CXX compiler: /usr/bin/c++ - skipped
[2.860s] -- Detecting CXX compile features
[2.860s] -- Detecting CXX compile features - done
[2.876s] -- Found ament_cmake_auto: 1.3.10 (/home/gavin/install/ament_cmake_auto/share/ament_cmake_auto/cmake)
[3.940s] -- Found Python3: /home/gavin/miniconda3/bin/python3 (found version "3.12.8") found components: Interpreter 
[5.201s] -- Found rosidl_generator_c: 3.1.5 (/home/gavin/install/rosidl_generator_c/share/rosidl_generator_c/cmake)
[5.213s] -- Found rosidl_adapter: 3.1.5 (/home/gavin/install/rosidl_adapter/share/rosidl_adapter/cmake)
[5.256s] -- Found rosidl_generator_cpp: 3.1.6 (/opt/ros/humble/share/rosidl_generator_cpp/cmake)
[5.318s] -- Using all available rosidl_typesupport_c: rosidl_typesupport_introspection_c;rosidl_typesupport_fastrtps_c
[5.402s] -- Using all available rosidl_typesupport_cpp: rosidl_typesupport_fastrtps_cpp;rosidl_typesupport_introspection_cpp
[5.726s] -- Found rmw_implementation_cmake: 6.1.2 (/home/gavin/install/rmw_implementation_cmake/share/rmw_implementation_cmake/cmake)
[5.802s] -- Found rmw_cyclonedds_cpp: 1.3.4 (/opt/ros/humble/share/rmw_cyclonedds_cpp/cmake)
[5.971s] -- Using RMW implementation 'rmw_cyclonedds_cpp' as default
[6.042s] -- Looking for pthread.h
[6.202s] -- Looking for pthread.h - found
[6.202s] -- Performing Test CMAKE_HAVE_LIBC_PTHREAD
[6.394s] -- Performing Test CMAKE_HAVE_LIBC_PTHREAD - Success
[6.398s] -- Found Threads: TRUE  
[9.737s] -- Found ament_lint_auto: 0.12.11 (/home/gavin/install/ament_lint_auto/share/ament_lint_auto/cmake)
[10.156s] -- Added test 'cppcheck' to perform static code analysis on C / C++ code
[10.156s] -- Configured cppcheck include dirs: /home/gavin/AWC_control/src/pointcloud_to_laserscan/include
[10.156s] -- Configured cppcheck exclude dirs and/or files: 
[10.175s] -- Added test 'cpplint' to check C / C++ code against the Google style
[10.175s] -- Configured cpplint exclude dirs and/or files: 
[10.193s] -- Added test 'flake8' to check Python code syntax and style conventions
[10.215s] -- Added test 'lint_cmake' to check CMake code style
[10.229s] -- Added test 'pep257' to check Python code against some of the docstring style conventions in PEP 257
[10.247s] -- Added test 'uncrustify' to check C / C++ code style
[10.248s] -- Configured uncrustify additional arguments: 
[10.269s] -- Added test 'xmllint' to check XML markup files
[10.323s] -- Configuring done
[10.602s] -- Generating done
[10.667s] -- Build files have been written to: /home/gavin/AWC_control/src/build/pointcloud_to_laserscan
[10.737s] Invoked command in '/home/gavin/AWC_control/src/build/pointcloud_to_laserscan' returned '0': CMAKE_PREFIX_PATH=${CMAKE_PREFIX_PATH}:/home/gavin/minimec/install/wheeltec_control:/home/gavin/minimec/install/mini_mec_localization:/home/gavin/minimec/src/install/wheeltec_control:/home/gavin/minimec/src/install/mini_mec_localization:/home/gavin/install/ament_uncrustify:/home/gavin/install/tracetools_trace:/home/gavin/install/tracetools_read:/home/gavin/install/rpyutils:/home/gavin/install/rosidl_cli:/home/gavin/install/launch_pytest:/home/gavin/install/launch_testing:/home/gavin/install/launch_yaml:/home/gavin/install/launch_xml:/home/gavin/install/launch:/home/gavin/install/osrf_pycommon:/home/gavin/install/domain_coordinator:/home/gavin/install/ament_xmllint:/home/gavin/install/ament_pyflakes:/home/gavin/install/ament_pycodestyle:/home/gavin/install/ament_pep257:/home/gavin/install/ament_pclint:/home/gavin/install/ament_package:/home/gavin/install/ament_mypy:/home/gavin/install/ament_lint_cmake:/home/gavin/install/ament_flake8:/home/gavin/install/ament_copyright:/home/gavin/install/ament_lint:/home/gavin/install/ament_index_python:/home/gavin/install/ament_cpplint:/home/gavin/install/ament_cppcheck:/home/gavin/install/ament_clang_tidy:/home/gavin/install/ament_clang_format:/opt/ros/humble CONDA_PROMPT_MODIFIER=(base) /usr/bin/cmake /home/gavin/AWC_control/src/pointcloud_to_laserscan -DCMAKE_INSTALL_PREFIX=/home/gavin/AWC_control/src/install/pointcloud_to_laserscan
[10.738s] Invoking command in '/home/gavin/AWC_control/src/build/pointcloud_to_laserscan': CMAKE_PREFIX_PATH=${CMAKE_PREFIX_PATH}:/home/gavin/minimec/install/wheeltec_control:/home/gavin/minimec/install/mini_mec_localization:/home/gavin/minimec/src/install/wheeltec_control:/home/gavin/minimec/src/install/mini_mec_localization:/home/gavin/install/ament_uncrustify:/home/gavin/install/tracetools_trace:/home/gavin/install/tracetools_read:/home/gavin/install/rpyutils:/home/gavin/install/rosidl_cli:/home/gavin/install/launch_pytest:/home/gavin/install/launch_testing:/home/gavin/install/launch_yaml:/home/gavin/install/launch_xml:/home/gavin/install/launch:/home/gavin/install/osrf_pycommon:/home/gavin/install/domain_coordinator:/home/gavin/install/ament_xmllint:/home/gavin/install/ament_pyflakes:/home/gavin/install/ament_pycodestyle:/home/gavin/install/ament_pep257:/home/gavin/install/ament_pclint:/home/gavin/install/ament_package:/home/gavin/install/ament_mypy:/home/gavin/install/ament_lint_cmake:/home/gavin/install/ament_flake8:/home/gavin/install/ament_copyright:/home/gavin/install/ament_lint:/home/gavin/install/ament_index_python:/home/gavin/install/ament_cpplint:/home/gavin/install/ament_cppcheck:/home/gavin/install/ament_clang_tidy:/home/gavin/install/ament_clang_format:/opt/ros/humble CONDA_PROMPT_MODIFIER=(base) /usr/bin/cmake --build /home/gavin/AWC_control/src/build/pointcloud_to_laserscan -- -j8 -l8
[11.116s] [ 10%] [32mBuilding CXX object CMakeFiles/laserscan_to_pointcloud_node.dir/rclcpp_components/node_main_laserscan_to_pointcloud_node.cpp.o[0m
[11.122s] [ 20%] [32mBuilding CXX object CMakeFiles/pointcloud_to_laserscan_node.dir/rclcpp_components/node_main_pointcloud_to_laserscan_node.cpp.o[0m
[11.152s] [ 30%] [32mBuilding CXX object CMakeFiles/laserscan_to_pointcloud.dir/src/laserscan_to_pointcloud_node.cpp.o[0m
[18.375s] [ 40%] [32m[1mLinking CXX executable laserscan_to_pointcloud_node[0m
[18.505s] [ 50%] [32m[1mLinking CXX executable pointcloud_to_laserscan_node[0m
[18.739s] [ 50%] Built target laserscan_to_pointcloud_node
[18.838s] [ 50%] Built target pointcloud_to_laserscan_node
[30.767s] [ 60%] [32m[1mLinking CXX shared library liblaserscan_to_pointcloud.so[0m
[31.788s] [ 60%] Built target laserscan_to_pointcloud
[31.837s] [ 70%] [32mBuilding CXX object CMakeFiles/pointcloud_to_laserscan.dir/src/pointcloud_to_laserscan_node.cpp.o[0m
[46.128s] [ 80%] [32m[1mLinking CXX shared library libpointcloud_to_laserscan.so[0m
[47.049s] [ 80%] Built target pointcloud_to_laserscan
[47.108s] [ 90%] [32mBuilding CXX object CMakeFiles/dummy_pointcloud_publisher.dir/src/dummy_pointcloud_publisher.cpp.o[0m
[52.415s] [100%] [32m[1mLinking CXX executable dummy_pointcloud_publisher[0m
[52.751s] [100%] Built target dummy_pointcloud_publisher
[52.772s] Invoked command in '/home/gavin/AWC_control/src/build/pointcloud_to_laserscan' returned '0': CMAKE_PREFIX_PATH=${CMAKE_PREFIX_PATH}:/home/gavin/minimec/install/wheeltec_control:/home/gavin/minimec/install/mini_mec_localization:/home/gavin/minimec/src/install/wheeltec_control:/home/gavin/minimec/src/install/mini_mec_localization:/home/gavin/install/ament_uncrustify:/home/gavin/install/tracetools_trace:/home/gavin/install/tracetools_read:/home/gavin/install/rpyutils:/home/gavin/install/rosidl_cli:/home/gavin/install/launch_pytest:/home/gavin/install/launch_testing:/home/gavin/install/launch_yaml:/home/gavin/install/launch_xml:/home/gavin/install/launch:/home/gavin/install/osrf_pycommon:/home/gavin/install/domain_coordinator:/home/gavin/install/ament_xmllint:/home/gavin/install/ament_pyflakes:/home/gavin/install/ament_pycodestyle:/home/gavin/install/ament_pep257:/home/gavin/install/ament_pclint:/home/gavin/install/ament_package:/home/gavin/install/ament_mypy:/home/gavin/install/ament_lint_cmake:/home/gavin/install/ament_flake8:/home/gavin/install/ament_copyright:/home/gavin/install/ament_lint:/home/gavin/install/ament_index_python:/home/gavin/install/ament_cpplint:/home/gavin/install/ament_cppcheck:/home/gavin/install/ament_clang_tidy:/home/gavin/install/ament_clang_format:/opt/ros/humble CONDA_PROMPT_MODIFIER=(base) /usr/bin/cmake --build /home/gavin/AWC_control/src/build/pointcloud_to_laserscan -- -j8 -l8
[52.775s] Invoking command in '/home/gavin/AWC_control/src/build/pointcloud_to_laserscan': CMAKE_PREFIX_PATH=${CMAKE_PREFIX_PATH}:/home/gavin/minimec/install/wheeltec_control:/home/gavin/minimec/install/mini_mec_localization:/home/gavin/minimec/src/install/wheeltec_control:/home/gavin/minimec/src/install/mini_mec_localization:/home/gavin/install/ament_uncrustify:/home/gavin/install/tracetools_trace:/home/gavin/install/tracetools_read:/home/gavin/install/rpyutils:/home/gavin/install/rosidl_cli:/home/gavin/install/launch_pytest:/home/gavin/install/launch_testing:/home/gavin/install/launch_yaml:/home/gavin/install/launch_xml:/home/gavin/install/launch:/home/gavin/install/osrf_pycommon:/home/gavin/install/domain_coordinator:/home/gavin/install/ament_xmllint:/home/gavin/install/ament_pyflakes:/home/gavin/install/ament_pycodestyle:/home/gavin/install/ament_pep257:/home/gavin/install/ament_pclint:/home/gavin/install/ament_package:/home/gavin/install/ament_mypy:/home/gavin/install/ament_lint_cmake:/home/gavin/install/ament_flake8:/home/gavin/install/ament_copyright:/home/gavin/install/ament_lint:/home/gavin/install/ament_index_python:/home/gavin/install/ament_cpplint:/home/gavin/install/ament_cppcheck:/home/gavin/install/ament_clang_tidy:/home/gavin/install/ament_clang_format:/opt/ros/humble CONDA_PROMPT_MODIFIER=(base) /usr/bin/cmake --install /home/gavin/AWC_control/src/build/pointcloud_to_laserscan
[52.787s] -- Install configuration: ""
[52.788s] -- Installing: /home/gavin/AWC_control/src/install/pointcloud_to_laserscan/lib/pointcloud_to_laserscan/laserscan_to_pointcloud_node
[52.788s] -- Set runtime path of "/home/gavin/AWC_control/src/install/pointcloud_to_laserscan/lib/pointcloud_to_laserscan/laserscan_to_pointcloud_node" to ""
[52.788s] -- Installing: /home/gavin/AWC_control/src/install/pointcloud_to_laserscan/lib/pointcloud_to_laserscan/pointcloud_to_laserscan_node
[52.789s] -- Set runtime path of "/home/gavin/AWC_control/src/install/pointcloud_to_laserscan/lib/pointcloud_to_laserscan/pointcloud_to_laserscan_node" to ""
[52.789s] -- Installing: /home/gavin/AWC_control/src/install/pointcloud_to_laserscan/include
[52.789s] -- Installing: /home/gavin/AWC_control/src/install/pointcloud_to_laserscan/include/pointcloud_to_laserscan
[52.790s] -- Installing: /home/gavin/AWC_control/src/install/pointcloud_to_laserscan/include/pointcloud_to_laserscan/visibility_control.h
[52.790s] -- Installing: /home/gavin/AWC_control/src/install/pointcloud_to_laserscan/include/pointcloud_to_laserscan/pointcloud_to_laserscan_node.hpp
[52.790s] -- Installing: /home/gavin/AWC_control/src/install/pointcloud_to_laserscan/include/pointcloud_to_laserscan/laserscan_to_pointcloud_node.hpp
[52.790s] -- Installing: /home/gavin/AWC_control/src/install/pointcloud_to_laserscan/share/pointcloud_to_laserscan/environment/library_path.sh
[52.791s] -- Installing: /home/gavin/AWC_control/src/install/pointcloud_to_laserscan/share/pointcloud_to_laserscan/environment/library_path.dsv
[52.791s] -- Installing: /home/gavin/AWC_control/src/install/pointcloud_to_laserscan/lib/liblaserscan_to_pointcloud.so
[52.800s] -- Set runtime path of "/home/gavin/AWC_control/src/install/pointcloud_to_laserscan/lib/liblaserscan_to_pointcloud.so" to ""
[52.800s] -- Installing: /home/gavin/AWC_control/src/install/pointcloud_to_laserscan/lib/libpointcloud_to_laserscan.so
[52.809s] -- Set runtime path of "/home/gavin/AWC_control/src/install/pointcloud_to_laserscan/lib/libpointcloud_to_laserscan.so" to ""
[52.810s] -- Installing: /home/gavin/AWC_control/src/install/pointcloud_to_laserscan/lib/pointcloud_to_laserscan/dummy_pointcloud_publisher
[52.811s] -- Set runtime path of "/home/gavin/AWC_control/src/install/pointcloud_to_laserscan/lib/pointcloud_to_laserscan/dummy_pointcloud_publisher" to ""
[52.811s] -- Installing: /home/gavin/AWC_control/src/install/pointcloud_to_laserscan/share/pointcloud_to_laserscan/launch
[52.811s] -- Installing: /home/gavin/AWC_control/src/install/pointcloud_to_laserscan/share/pointcloud_to_laserscan/launch/sample_laserscan_to_pointcloud_launch.py
[52.812s] -- Installing: /home/gavin/AWC_control/src/install/pointcloud_to_laserscan/share/pointcloud_to_laserscan/launch/sample_pointcloud_to_laserscan_launch.py
[52.812s] -- Installing: /home/gavin/AWC_control/src/install/pointcloud_to_laserscan/share/ament_index/resource_index/package_run_dependencies/pointcloud_to_laserscan
[52.812s] -- Installing: /home/gavin/AWC_control/src/install/pointcloud_to_laserscan/share/ament_index/resource_index/parent_prefix_path/pointcloud_to_laserscan
[52.812s] -- Installing: /home/gavin/AWC_control/src/install/pointcloud_to_laserscan/share/pointcloud_to_laserscan/environment/ament_prefix_path.sh
[52.812s] -- Installing: /home/gavin/AWC_control/src/install/pointcloud_to_laserscan/share/pointcloud_to_laserscan/environment/ament_prefix_path.dsv
[52.813s] -- Installing: /home/gavin/AWC_control/src/install/pointcloud_to_laserscan/share/pointcloud_to_laserscan/environment/path.sh
[52.813s] -- Installing: /home/gavin/AWC_control/src/install/pointcloud_to_laserscan/share/pointcloud_to_laserscan/environment/path.dsv
[52.813s] -- Installing: /home/gavin/AWC_control/src/install/pointcloud_to_laserscan/share/pointcloud_to_laserscan/local_setup.bash
[52.813s] -- Installing: /home/gavin/AWC_control/src/install/pointcloud_to_laserscan/share/pointcloud_to_laserscan/local_setup.sh
[52.813s] -- Installing: /home/gavin/AWC_control/src/install/pointcloud_to_laserscan/share/pointcloud_to_laserscan/local_setup.zsh
[52.814s] -- Installing: /home/gavin/AWC_control/src/install/pointcloud_to_laserscan/share/pointcloud_to_laserscan/local_setup.dsv
[52.814s] -- Installing: /home/gavin/AWC_control/src/install/pointcloud_to_laserscan/share/pointcloud_to_laserscan/package.dsv
[52.814s] -- Installing: /home/gavin/AWC_control/src/install/pointcloud_to_laserscan/share/ament_index/resource_index/packages/pointcloud_to_laserscan
[52.814s] -- Installing: /home/gavin/AWC_control/src/install/pointcloud_to_laserscan/share/ament_index/resource_index/rclcpp_components/pointcloud_to_laserscan
[52.814s] -- Installing: /home/gavin/AWC_control/src/install/pointcloud_to_laserscan/share/pointcloud_to_laserscan/cmake/ament_cmake_export_dependencies-extras.cmake
[52.815s] -- Installing: /home/gavin/AWC_control/src/install/pointcloud_to_laserscan/share/pointcloud_to_laserscan/cmake/ament_cmake_export_include_directories-extras.cmake
[52.815s] -- Installing: /home/gavin/AWC_control/src/install/pointcloud_to_laserscan/share/pointcloud_to_laserscan/cmake/ament_cmake_export_libraries-extras.cmake
[52.815s] -- Installing: /home/gavin/AWC_control/src/install/pointcloud_to_laserscan/share/pointcloud_to_laserscan/cmake/pointcloud_to_laserscanConfig.cmake
[52.815s] -- Installing: /home/gavin/AWC_control/src/install/pointcloud_to_laserscan/share/pointcloud_to_laserscan/cmake/pointcloud_to_laserscanConfig-version.cmake
[52.816s] -- Installing: /home/gavin/AWC_control/src/install/pointcloud_to_laserscan/share/pointcloud_to_laserscan/package.xml
[52.819s] Invoked command in '/home/gavin/AWC_control/src/build/pointcloud_to_laserscan' returned '0': CMAKE_PREFIX_PATH=${CMAKE_PREFIX_PATH}:/home/gavin/minimec/install/wheeltec_control:/home/gavin/minimec/install/mini_mec_localization:/home/gavin/minimec/src/install/wheeltec_control:/home/gavin/minimec/src/install/mini_mec_localization:/home/gavin/install/ament_uncrustify:/home/gavin/install/tracetools_trace:/home/gavin/install/tracetools_read:/home/gavin/install/rpyutils:/home/gavin/install/rosidl_cli:/home/gavin/install/launch_pytest:/home/gavin/install/launch_testing:/home/gavin/install/launch_yaml:/home/gavin/install/launch_xml:/home/gavin/install/launch:/home/gavin/install/osrf_pycommon:/home/gavin/install/domain_coordinator:/home/gavin/install/ament_xmllint:/home/gavin/install/ament_pyflakes:/home/gavin/install/ament_pycodestyle:/home/gavin/install/ament_pep257:/home/gavin/install/ament_pclint:/home/gavin/install/ament_package:/home/gavin/install/ament_mypy:/home/gavin/install/ament_lint_cmake:/home/gavin/install/ament_flake8:/home/gavin/install/ament_copyright:/home/gavin/install/ament_lint:/home/gavin/install/ament_index_python:/home/gavin/install/ament_cpplint:/home/gavin/install/ament_cppcheck:/home/gavin/install/ament_clang_tidy:/home/gavin/install/ament_clang_format:/opt/ros/humble CONDA_PROMPT_MODIFIER=(base) /usr/bin/cmake --install /home/gavin/AWC_control/src/build/pointcloud_to_laserscan
