[6.699s] Invoking command in '/home/gavin/AWC_control/src/js2fork': CONDA_PROMPT_MODIFIER=(base) PYTHONPATH=/home/gavin/AWC_control/src/build/js2fork/prefix_override:/usr/lib/python3/dist-packages/colcon_core/task/python/colcon_distutils_commands:/home/gavin/AWC_control/src/install/js2fork/lib/python3.10/site-packages:${PYTHONPATH} /usr/bin/python3 -W ignore:setup.py install is deprecated -W ignore:easy_install command is deprecated setup.py egg_info --egg-base ../build/js2fork build --build-base /home/gavin/AWC_control/src/build/js2fork/build install --record /home/gavin/AWC_control/src/build/js2fork/install.log --single-version-externally-managed install_data
[7.909s] running egg_info
[7.911s] writing ../build/js2fork/js2fork.egg-info/PKG-INFO
[7.911s] writing dependency_links to ../build/js2fork/js2fork.egg-info/dependency_links.txt
[7.912s] writing entry points to ../build/js2fork/js2fork.egg-info/entry_points.txt
[7.914s] writing requirements to ../build/js2fork/js2fork.egg-info/requires.txt
[7.914s] writing top-level names to ../build/js2fork/js2fork.egg-info/top_level.txt
[7.926s] reading manifest file '../build/js2fork/js2fork.egg-info/SOURCES.txt'
[7.927s] writing manifest file '../build/js2fork/js2fork.egg-info/SOURCES.txt'
[7.927s] running build
[7.928s] running build_py
[7.928s] running install
[7.930s] running install_lib
[7.936s] running install_data
[7.937s] running install_egg_info
[7.945s] removing '/home/gavin/AWC_control/src/install/js2fork/lib/python3.10/site-packages/js2fork-0.0.0-py3.10.egg-info' (and everything under it)
[7.948s] Copying ../build/js2fork/js2fork.egg-info to /home/gavin/AWC_control/src/install/js2fork/lib/python3.10/site-packages/js2fork-0.0.0-py3.10.egg-info
[7.950s] running install_scripts
[8.009s] Installing js2fork script to /home/gavin/AWC_control/src/install/js2fork/lib/js2fork
[8.015s] writing list of installed files to '/home/gavin/AWC_control/src/build/js2fork/install.log'
