[4.943s] Invoking command in '/home/gavin/AWC_control/src/robot_joy': CONDA_PROMPT_MODIFIER=(base) PYTHONPATH=/home/gavin/AWC_control/src/build/robot_joy/prefix_override:/usr/lib/python3/dist-packages/colcon_core/task/python/colcon_distutils_commands:/home/gavin/AWC_control/src/install/robot_joy/lib/python3.10/site-packages:${PYTHONPATH} /usr/bin/python3 -W ignore:setup.py install is deprecated -W ignore:easy_install command is deprecated setup.py egg_info --egg-base ../build/robot_joy build --build-base /home/gavin/AWC_control/src/build/robot_joy/build install --record /home/gavin/AWC_control/src/build/robot_joy/install.log --single-version-externally-managed install_data
[5.718s] running egg_info
[5.719s] writing ../build/robot_joy/robot_joy.egg-info/PKG-INFO
[5.719s] writing dependency_links to ../build/robot_joy/robot_joy.egg-info/dependency_links.txt
[5.719s] writing entry points to ../build/robot_joy/robot_joy.egg-info/entry_points.txt
[5.722s] writing requirements to ../build/robot_joy/robot_joy.egg-info/requires.txt
[5.723s] writing top-level names to ../build/robot_joy/robot_joy.egg-info/top_level.txt
[5.742s] reading manifest file '../build/robot_joy/robot_joy.egg-info/SOURCES.txt'
[5.751s] writing manifest file '../build/robot_joy/robot_joy.egg-info/SOURCES.txt'
[5.752s] running build
[5.752s] running build_py
[5.752s] running install
[5.757s] running install_lib
[5.758s] running install_data
[5.758s] running install_egg_info
[5.759s] removing '/home/gavin/AWC_control/src/install/robot_joy/lib/python3.10/site-packages/robot_joy-0.0.0-py3.10.egg-info' (and everything under it)
[5.760s] Copying ../build/robot_joy/robot_joy.egg-info to /home/gavin/AWC_control/src/install/robot_joy/lib/python3.10/site-packages/robot_joy-0.0.0-py3.10.egg-info
[5.766s] running install_scripts
[5.819s] Installing wheeltec_keyboard.py script to /home/gavin/AWC_control/src/install/robot_joy/lib/robot_joy
[5.820s] writing list of installed files to '/home/gavin/AWC_control/src/build/robot_joy/install.log'
[5.998s] Invoked command in '/home/gavin/AWC_control/src/robot_joy' returned '0': CONDA_PROMPT_MODIFIER=(base) PYTHONPATH=/home/gavin/AWC_control/src/build/robot_joy/prefix_override:/usr/lib/python3/dist-packages/colcon_core/task/python/colcon_distutils_commands:/home/gavin/AWC_control/src/install/robot_joy/lib/python3.10/site-packages:${PYTHONPATH} /usr/bin/python3 -W ignore:setup.py install is deprecated -W ignore:easy_install command is deprecated setup.py egg_info --egg-base ../build/robot_joy build --build-base /home/gavin/AWC_control/src/build/robot_joy/build install --record /home/gavin/AWC_control/src/build/robot_joy/install.log --single-version-externally-managed install_data
